[2022-06-13 13:17:32,798] {taskinstance.py:1160} INFO - Dependencies all met for <TaskInstance: green_taxi_ingestion_gcs_dag.download_dataset_task scheduled__2019-07-01T06:00:00+00:00 [queued]>
[2022-06-13 13:17:32,815] {taskinstance.py:1160} INFO - Dependencies all met for <TaskInstance: green_taxi_ingestion_gcs_dag.download_dataset_task scheduled__2019-07-01T06:00:00+00:00 [queued]>
[2022-06-13 13:17:32,818] {taskinstance.py:1357} INFO - 
--------------------------------------------------------------------------------
[2022-06-13 13:17:32,820] {taskinstance.py:1358} INFO - Starting attempt 1 of 1
[2022-06-13 13:17:32,822] {taskinstance.py:1359} INFO - 
--------------------------------------------------------------------------------
[2022-06-13 13:17:32,837] {taskinstance.py:1378} INFO - Executing <Task(BashOperator): download_dataset_task> on 2019-07-01 06:00:00+00:00
[2022-06-13 13:17:32,850] {standard_task_runner.py:52} INFO - Started process 240 to run task
[2022-06-13 13:17:32,858] {standard_task_runner.py:79} INFO - Running: ['***', 'tasks', 'run', 'green_taxi_ingestion_gcs_dag', 'download_dataset_task', 'scheduled__2019-07-01T06:00:00+00:00', '--job-id', '687', '--raw', '--subdir', 'DAGS_FOLDER/green_taxi_ingestion.py', '--cfg-path', '/tmp/tmp1m5kndkq', '--error-file', '/tmp/tmptbw64lq6']
[2022-06-13 13:17:32,861] {standard_task_runner.py:80} INFO - Job 687: Subtask download_dataset_task
[2022-06-13 13:17:32,973] {task_command.py:370} INFO - Running <TaskInstance: green_taxi_ingestion_gcs_dag.download_dataset_task scheduled__2019-07-01T06:00:00+00:00 [running]> on host 0825143a1170
[2022-06-13 13:17:33,079] {warnings.py:110} WARNING - /home/***/.local/lib/python3.7/site-packages/***/utils/context.py:202: AirflowContextDeprecationWarning: Accessing 'execution_date' from the template is deprecated and will be removed in a future version. Please use 'data_interval_start' or 'logical_date' instead.
  warnings.warn(_create_deprecation_warning(key, self._deprecation_replacements[key]))

[2022-06-13 13:17:33,117] {taskinstance.py:1572} INFO - Exporting the following env vars:
AIRFLOW_CTX_DAG_OWNER=***
AIRFLOW_CTX_DAG_ID=green_taxi_ingestion_gcs_dag
AIRFLOW_CTX_TASK_ID=download_dataset_task
AIRFLOW_CTX_EXECUTION_DATE=2019-07-01T06:00:00+00:00
AIRFLOW_CTX_TRY_NUMBER=1
AIRFLOW_CTX_DAG_RUN_ID=scheduled__2019-07-01T06:00:00+00:00
[2022-06-13 13:17:33,122] {subprocess.py:62} INFO - Tmp dir root location: 
 /tmp
[2022-06-13 13:17:33,124] {subprocess.py:74} INFO - Running command: ['bash', '-c', 'curl -sSL https://s3.amazonaws.com/nyc-tlc/trip+data/green_tripdata_2019-07.parquet > /opt/***/output_green_taxi_2019-07.parquet']
[2022-06-13 13:17:33,141] {subprocess.py:85} INFO - Output:
[2022-06-13 13:17:35,304] {subprocess.py:96} INFO - Command exited with return code 0
[2022-06-13 13:17:35,383] {taskinstance.py:1401} INFO - Marking task as SUCCESS. dag_id=green_taxi_ingestion_gcs_dag, task_id=download_dataset_task, execution_date=20190701T060000, start_date=20220613T131732, end_date=20220613T131735
[2022-06-13 13:17:35,476] {local_task_job.py:156} INFO - Task exited with return code 0
[2022-06-13 13:17:35,542] {local_task_job.py:273} INFO - 0 downstream tasks scheduled from follow-on schedule check
[2022-06-13 13:29:27,223] {taskinstance.py:1160} INFO - Dependencies all met for <TaskInstance: green_taxi_ingestion_gcs_dag.download_dataset_task scheduled__2019-07-01T06:00:00+00:00 [queued]>
[2022-06-13 13:29:27,240] {taskinstance.py:1160} INFO - Dependencies all met for <TaskInstance: green_taxi_ingestion_gcs_dag.download_dataset_task scheduled__2019-07-01T06:00:00+00:00 [queued]>
[2022-06-13 13:29:27,242] {taskinstance.py:1357} INFO - 
--------------------------------------------------------------------------------
[2022-06-13 13:29:27,245] {taskinstance.py:1358} INFO - Starting attempt 1 of 1
[2022-06-13 13:29:27,247] {taskinstance.py:1359} INFO - 
--------------------------------------------------------------------------------
[2022-06-13 13:29:27,264] {taskinstance.py:1378} INFO - Executing <Task(BashOperator): download_dataset_task> on 2019-07-01 06:00:00+00:00
[2022-06-13 13:29:27,278] {standard_task_runner.py:52} INFO - Started process 1309 to run task
[2022-06-13 13:29:27,285] {standard_task_runner.py:79} INFO - Running: ['***', 'tasks', 'run', 'green_taxi_ingestion_gcs_dag', 'download_dataset_task', 'scheduled__2019-07-01T06:00:00+00:00', '--job-id', '784', '--raw', '--subdir', 'DAGS_FOLDER/green_taxi_ingestion.py', '--cfg-path', '/tmp/tmp3n0edlbk', '--error-file', '/tmp/tmp5g72g3gi']
[2022-06-13 13:29:27,288] {standard_task_runner.py:80} INFO - Job 784: Subtask download_dataset_task
[2022-06-13 13:29:27,400] {task_command.py:370} INFO - Running <TaskInstance: green_taxi_ingestion_gcs_dag.download_dataset_task scheduled__2019-07-01T06:00:00+00:00 [running]> on host 0825143a1170
[2022-06-13 13:29:27,448] {warnings.py:110} WARNING - /home/***/.local/lib/python3.7/site-packages/***/utils/context.py:202: AirflowContextDeprecationWarning: Accessing 'execution_date' from the template is deprecated and will be removed in a future version. Please use 'data_interval_start' or 'logical_date' instead.
  warnings.warn(_create_deprecation_warning(key, self._deprecation_replacements[key]))

[2022-06-13 13:29:27,496] {taskinstance.py:1572} INFO - Exporting the following env vars:
AIRFLOW_CTX_DAG_OWNER=***
AIRFLOW_CTX_DAG_ID=green_taxi_ingestion_gcs_dag
AIRFLOW_CTX_TASK_ID=download_dataset_task
AIRFLOW_CTX_EXECUTION_DATE=2019-07-01T06:00:00+00:00
AIRFLOW_CTX_TRY_NUMBER=1
AIRFLOW_CTX_DAG_RUN_ID=scheduled__2019-07-01T06:00:00+00:00
[2022-06-13 13:29:27,499] {subprocess.py:62} INFO - Tmp dir root location: 
 /tmp
[2022-06-13 13:29:27,503] {subprocess.py:74} INFO - Running command: ['bash', '-c', 'curl -sSL https://s3.amazonaws.com/nyc-tlc/trip+data/green_tripdata_2019-07.parquet > /opt/***/output_green_taxi_2019-07.parquet']
[2022-06-13 13:29:27,528] {subprocess.py:85} INFO - Output:
[2022-06-13 13:29:29,651] {subprocess.py:96} INFO - Command exited with return code 0
[2022-06-13 13:29:29,682] {taskinstance.py:1401} INFO - Marking task as SUCCESS. dag_id=green_taxi_ingestion_gcs_dag, task_id=download_dataset_task, execution_date=20190701T060000, start_date=20220613T132927, end_date=20220613T132929
[2022-06-13 13:29:29,738] {local_task_job.py:156} INFO - Task exited with return code 0
[2022-06-13 13:29:29,791] {local_task_job.py:273} INFO - 0 downstream tasks scheduled from follow-on schedule check
