[2022-06-13 13:07:29,082] {taskinstance.py:1160} INFO - Dependencies all met for <TaskInstance: gcs_2_bq_dag.bq_yellow_taxi_tripdata_external_table_task manual__2022-06-13T13:07:17.200607+00:00 [queued]>
[2022-06-13 13:07:29,109] {taskinstance.py:1160} INFO - Dependencies all met for <TaskInstance: gcs_2_bq_dag.bq_yellow_taxi_tripdata_external_table_task manual__2022-06-13T13:07:17.200607+00:00 [queued]>
[2022-06-13 13:07:29,112] {taskinstance.py:1357} INFO - 
--------------------------------------------------------------------------------
[2022-06-13 13:07:29,115] {taskinstance.py:1358} INFO - Starting attempt 1 of 2
[2022-06-13 13:07:29,117] {taskinstance.py:1359} INFO - 
--------------------------------------------------------------------------------
[2022-06-13 13:07:29,139] {taskinstance.py:1378} INFO - Executing <Task(BigQueryCreateExternalTableOperator): bq_yellow_taxi_tripdata_external_table_task> on 2022-06-13 13:07:17.200607+00:00
[2022-06-13 13:07:29,153] {standard_task_runner.py:52} INFO - Started process 16336 to run task
[2022-06-13 13:07:29,159] {standard_task_runner.py:79} INFO - Running: ['***', 'tasks', 'run', 'gcs_2_bq_dag', 'bq_yellow_taxi_tripdata_external_table_task', 'manual__2022-06-13T13:07:17.200607+00:00', '--job-id', '668', '--raw', '--subdir', 'DAGS_FOLDER/gcs_to_bq_dag.py', '--cfg-path', '/tmp/tmp376gxv8f', '--error-file', '/tmp/tmp3vgtkov4']
[2022-06-13 13:07:29,163] {standard_task_runner.py:80} INFO - Job 668: Subtask bq_yellow_taxi_tripdata_external_table_task
[2022-06-13 13:07:29,265] {task_command.py:370} INFO - Running <TaskInstance: gcs_2_bq_dag.bq_yellow_taxi_tripdata_external_table_task manual__2022-06-13T13:07:17.200607+00:00 [running]> on host 0825143a1170
[2022-06-13 13:07:29,408] {taskinstance.py:1572} INFO - Exporting the following env vars:
AIRFLOW_CTX_DAG_OWNER=***
AIRFLOW_CTX_DAG_ID=gcs_2_bq_dag
AIRFLOW_CTX_TASK_ID=bq_yellow_taxi_tripdata_external_table_task
AIRFLOW_CTX_EXECUTION_DATE=2022-06-13T13:07:17.200607+00:00
AIRFLOW_CTX_TRY_NUMBER=1
AIRFLOW_CTX_DAG_RUN_ID=manual__2022-06-13T13:07:17.200607+00:00
[2022-06-13 13:07:29,415] {crypto.py:82} WARNING - empty cryptography key - values will not be stored encrypted.
[2022-06-13 13:07:29,417] {base.py:68} INFO - Using connection ID 'google_cloud_default' for task execution.
[2022-06-13 13:07:30,566] {taskinstance.py:1401} INFO - Marking task as SUCCESS. dag_id=gcs_2_bq_dag, task_id=bq_yellow_taxi_tripdata_external_table_task, execution_date=20220613T130717, start_date=20220613T130729, end_date=20220613T130730
[2022-06-13 13:07:30,637] {local_task_job.py:156} INFO - Task exited with return code 0
[2022-06-13 13:07:30,747] {local_task_job.py:273} INFO - 1 downstream tasks scheduled from follow-on schedule check
