[2022-06-13 13:18:41,922] {taskinstance.py:1160} INFO - Dependencies all met for <TaskInstance: green_taxi_ingestion_gcs_dag.local_to_gcs_task scheduled__2021-07-01T06:00:00+00:00 [queued]>
[2022-06-13 13:18:41,929] {taskinstance.py:1160} INFO - Dependencies all met for <TaskInstance: green_taxi_ingestion_gcs_dag.local_to_gcs_task scheduled__2021-07-01T06:00:00+00:00 [queued]>
[2022-06-13 13:18:41,930] {taskinstance.py:1357} INFO - 
--------------------------------------------------------------------------------
[2022-06-13 13:18:41,931] {taskinstance.py:1358} INFO - Starting attempt 1 of 1
[2022-06-13 13:18:41,932] {taskinstance.py:1359} INFO - 
--------------------------------------------------------------------------------
[2022-06-13 13:18:41,939] {taskinstance.py:1378} INFO - Executing <Task(PythonOperator): local_to_gcs_task> on 2021-07-01 06:00:00+00:00
[2022-06-13 13:18:41,947] {standard_task_runner.py:52} INFO - Started process 566 to run task
[2022-06-13 13:18:41,949] {standard_task_runner.py:79} INFO - Running: ['***', 'tasks', 'run', 'green_taxi_ingestion_gcs_dag', 'local_to_gcs_task', 'scheduled__2021-07-01T06:00:00+00:00', '--job-id', '745', '--raw', '--subdir', 'DAGS_FOLDER/green_taxi_ingestion.py', '--cfg-path', '/tmp/tmpsm9kvwsk', '--error-file', '/tmp/tmpxawku_ai']
[2022-06-13 13:18:41,953] {standard_task_runner.py:80} INFO - Job 745: Subtask local_to_gcs_task
[2022-06-13 13:18:41,999] {task_command.py:370} INFO - Running <TaskInstance: green_taxi_ingestion_gcs_dag.local_to_gcs_task scheduled__2021-07-01T06:00:00+00:00 [running]> on host 0825143a1170
[2022-06-13 13:18:42,025] {warnings.py:110} WARNING - /home/***/.local/lib/python3.7/site-packages/***/utils/context.py:202: AirflowContextDeprecationWarning: Accessing 'execution_date' from the template is deprecated and will be removed in a future version. Please use 'data_interval_start' or 'logical_date' instead.
  warnings.warn(_create_deprecation_warning(key, self._deprecation_replacements[key]))

[2022-06-13 13:18:42,056] {taskinstance.py:1572} INFO - Exporting the following env vars:
AIRFLOW_CTX_DAG_OWNER=***
AIRFLOW_CTX_DAG_ID=green_taxi_ingestion_gcs_dag
AIRFLOW_CTX_TASK_ID=local_to_gcs_task
AIRFLOW_CTX_EXECUTION_DATE=2021-07-01T06:00:00+00:00
AIRFLOW_CTX_TRY_NUMBER=1
AIRFLOW_CTX_DAG_RUN_ID=scheduled__2021-07-01T06:00:00+00:00
[2022-06-13 13:18:42,507] {python.py:173} INFO - Done. Returned value was: None
[2022-06-13 13:18:42,536] {taskinstance.py:1401} INFO - Marking task as SUCCESS. dag_id=green_taxi_ingestion_gcs_dag, task_id=local_to_gcs_task, execution_date=20210701T060000, start_date=20220613T131841, end_date=20220613T131842
[2022-06-13 13:18:42,587] {local_task_job.py:156} INFO - Task exited with return code 0
[2022-06-13 13:18:42,625] {local_task_job.py:273} INFO - 0 downstream tasks scheduled from follow-on schedule check
[2022-06-13 13:30:30,436] {taskinstance.py:1160} INFO - Dependencies all met for <TaskInstance: green_taxi_ingestion_gcs_dag.local_to_gcs_task scheduled__2021-07-01T06:00:00+00:00 [queued]>
[2022-06-13 13:30:30,451] {taskinstance.py:1160} INFO - Dependencies all met for <TaskInstance: green_taxi_ingestion_gcs_dag.local_to_gcs_task scheduled__2021-07-01T06:00:00+00:00 [queued]>
[2022-06-13 13:30:30,453] {taskinstance.py:1357} INFO - 
--------------------------------------------------------------------------------
[2022-06-13 13:30:30,454] {taskinstance.py:1358} INFO - Starting attempt 1 of 1
[2022-06-13 13:30:30,455] {taskinstance.py:1359} INFO - 
--------------------------------------------------------------------------------
[2022-06-13 13:30:30,464] {taskinstance.py:1378} INFO - Executing <Task(PythonOperator): local_to_gcs_task> on 2021-07-01 06:00:00+00:00
[2022-06-13 13:30:30,473] {standard_task_runner.py:52} INFO - Started process 1601 to run task
[2022-06-13 13:30:30,476] {standard_task_runner.py:79} INFO - Running: ['***', 'tasks', 'run', 'green_taxi_ingestion_gcs_dag', 'local_to_gcs_task', 'scheduled__2021-07-01T06:00:00+00:00', '--job-id', '836', '--raw', '--subdir', 'DAGS_FOLDER/green_taxi_ingestion.py', '--cfg-path', '/tmp/tmpu83ef2fp', '--error-file', '/tmp/tmpaeiuv4lg']
[2022-06-13 13:30:30,479] {standard_task_runner.py:80} INFO - Job 836: Subtask local_to_gcs_task
[2022-06-13 13:30:30,538] {task_command.py:370} INFO - Running <TaskInstance: green_taxi_ingestion_gcs_dag.local_to_gcs_task scheduled__2021-07-01T06:00:00+00:00 [running]> on host 0825143a1170
[2022-06-13 13:30:30,567] {warnings.py:110} WARNING - /home/***/.local/lib/python3.7/site-packages/***/utils/context.py:202: AirflowContextDeprecationWarning: Accessing 'execution_date' from the template is deprecated and will be removed in a future version. Please use 'data_interval_start' or 'logical_date' instead.
  warnings.warn(_create_deprecation_warning(key, self._deprecation_replacements[key]))

[2022-06-13 13:30:30,600] {taskinstance.py:1572} INFO - Exporting the following env vars:
AIRFLOW_CTX_DAG_OWNER=***
AIRFLOW_CTX_DAG_ID=green_taxi_ingestion_gcs_dag
AIRFLOW_CTX_TASK_ID=local_to_gcs_task
AIRFLOW_CTX_EXECUTION_DATE=2021-07-01T06:00:00+00:00
AIRFLOW_CTX_TRY_NUMBER=1
AIRFLOW_CTX_DAG_RUN_ID=scheduled__2021-07-01T06:00:00+00:00
[2022-06-13 13:30:31,104] {python.py:173} INFO - Done. Returned value was: None
[2022-06-13 13:30:31,131] {taskinstance.py:1401} INFO - Marking task as SUCCESS. dag_id=green_taxi_ingestion_gcs_dag, task_id=local_to_gcs_task, execution_date=20210701T060000, start_date=20220613T133030, end_date=20220613T133031
[2022-06-13 13:30:31,198] {local_task_job.py:156} INFO - Task exited with return code 0
[2022-06-13 13:30:31,253] {local_task_job.py:273} INFO - 0 downstream tasks scheduled from follow-on schedule check
