[2022-06-13 13:18:47,811] {taskinstance.py:1160} INFO - Dependencies all met for <TaskInstance: green_taxi_ingestion_gcs_dag.local_to_gcs_task scheduled__2022-01-01T06:00:00+00:00 [queued]>
[2022-06-13 13:18:47,822] {taskinstance.py:1160} INFO - Dependencies all met for <TaskInstance: green_taxi_ingestion_gcs_dag.local_to_gcs_task scheduled__2022-01-01T06:00:00+00:00 [queued]>
[2022-06-13 13:18:47,823] {taskinstance.py:1357} INFO - 
--------------------------------------------------------------------------------
[2022-06-13 13:18:47,824] {taskinstance.py:1358} INFO - Starting attempt 1 of 1
[2022-06-13 13:18:47,825] {taskinstance.py:1359} INFO - 
--------------------------------------------------------------------------------
[2022-06-13 13:18:47,836] {taskinstance.py:1378} INFO - Executing <Task(PythonOperator): local_to_gcs_task> on 2022-01-01 06:00:00+00:00
[2022-06-13 13:18:47,841] {standard_task_runner.py:52} INFO - Started process 596 to run task
[2022-06-13 13:18:47,845] {standard_task_runner.py:79} INFO - Running: ['***', 'tasks', 'run', 'green_taxi_ingestion_gcs_dag', 'local_to_gcs_task', 'scheduled__2022-01-01T06:00:00+00:00', '--job-id', '749', '--raw', '--subdir', 'DAGS_FOLDER/green_taxi_ingestion.py', '--cfg-path', '/tmp/tmp82rq8fzj', '--error-file', '/tmp/tmp5vh0j2jf']
[2022-06-13 13:18:47,847] {standard_task_runner.py:80} INFO - Job 749: Subtask local_to_gcs_task
[2022-06-13 13:18:47,897] {task_command.py:370} INFO - Running <TaskInstance: green_taxi_ingestion_gcs_dag.local_to_gcs_task scheduled__2022-01-01T06:00:00+00:00 [running]> on host 0825143a1170
[2022-06-13 13:18:47,933] {warnings.py:110} WARNING - /home/***/.local/lib/python3.7/site-packages/***/utils/context.py:202: AirflowContextDeprecationWarning: Accessing 'execution_date' from the template is deprecated and will be removed in a future version. Please use 'data_interval_start' or 'logical_date' instead.
  warnings.warn(_create_deprecation_warning(key, self._deprecation_replacements[key]))

[2022-06-13 13:18:47,961] {taskinstance.py:1572} INFO - Exporting the following env vars:
AIRFLOW_CTX_DAG_OWNER=***
AIRFLOW_CTX_DAG_ID=green_taxi_ingestion_gcs_dag
AIRFLOW_CTX_TASK_ID=local_to_gcs_task
AIRFLOW_CTX_EXECUTION_DATE=2022-01-01T06:00:00+00:00
AIRFLOW_CTX_TRY_NUMBER=1
AIRFLOW_CTX_DAG_RUN_ID=scheduled__2022-01-01T06:00:00+00:00
[2022-06-13 13:18:48,451] {python.py:173} INFO - Done. Returned value was: None
[2022-06-13 13:18:48,468] {taskinstance.py:1401} INFO - Marking task as SUCCESS. dag_id=green_taxi_ingestion_gcs_dag, task_id=local_to_gcs_task, execution_date=20220101T060000, start_date=20220613T131847, end_date=20220613T131848
[2022-06-13 13:18:48,520] {local_task_job.py:156} INFO - Task exited with return code 0
[2022-06-13 13:18:48,560] {local_task_job.py:273} INFO - 0 downstream tasks scheduled from follow-on schedule check
[2022-06-13 13:30:45,658] {taskinstance.py:1160} INFO - Dependencies all met for <TaskInstance: green_taxi_ingestion_gcs_dag.local_to_gcs_task scheduled__2022-01-01T06:00:00+00:00 [queued]>
[2022-06-13 13:30:45,678] {taskinstance.py:1160} INFO - Dependencies all met for <TaskInstance: green_taxi_ingestion_gcs_dag.local_to_gcs_task scheduled__2022-01-01T06:00:00+00:00 [queued]>
[2022-06-13 13:30:45,679] {taskinstance.py:1357} INFO - 
--------------------------------------------------------------------------------
[2022-06-13 13:30:45,681] {taskinstance.py:1358} INFO - Starting attempt 1 of 1
[2022-06-13 13:30:45,682] {taskinstance.py:1359} INFO - 
--------------------------------------------------------------------------------
[2022-06-13 13:30:45,696] {taskinstance.py:1378} INFO - Executing <Task(PythonOperator): local_to_gcs_task> on 2022-01-01 06:00:00+00:00
[2022-06-13 13:30:45,703] {standard_task_runner.py:52} INFO - Started process 1667 to run task
[2022-06-13 13:30:45,713] {standard_task_runner.py:79} INFO - Running: ['***', 'tasks', 'run', 'green_taxi_ingestion_gcs_dag', 'local_to_gcs_task', 'scheduled__2022-01-01T06:00:00+00:00', '--job-id', '848', '--raw', '--subdir', 'DAGS_FOLDER/green_taxi_ingestion.py', '--cfg-path', '/tmp/tmpgt506pmj', '--error-file', '/tmp/tmp4m8x72iy']
[2022-06-13 13:30:45,719] {standard_task_runner.py:80} INFO - Job 848: Subtask local_to_gcs_task
[2022-06-13 13:30:45,787] {task_command.py:370} INFO - Running <TaskInstance: green_taxi_ingestion_gcs_dag.local_to_gcs_task scheduled__2022-01-01T06:00:00+00:00 [running]> on host 0825143a1170
[2022-06-13 13:30:45,827] {warnings.py:110} WARNING - /home/***/.local/lib/python3.7/site-packages/***/utils/context.py:202: AirflowContextDeprecationWarning: Accessing 'execution_date' from the template is deprecated and will be removed in a future version. Please use 'data_interval_start' or 'logical_date' instead.
  warnings.warn(_create_deprecation_warning(key, self._deprecation_replacements[key]))

[2022-06-13 13:30:45,865] {taskinstance.py:1572} INFO - Exporting the following env vars:
AIRFLOW_CTX_DAG_OWNER=***
AIRFLOW_CTX_DAG_ID=green_taxi_ingestion_gcs_dag
AIRFLOW_CTX_TASK_ID=local_to_gcs_task
AIRFLOW_CTX_EXECUTION_DATE=2022-01-01T06:00:00+00:00
AIRFLOW_CTX_TRY_NUMBER=1
AIRFLOW_CTX_DAG_RUN_ID=scheduled__2022-01-01T06:00:00+00:00
[2022-06-13 13:30:46,317] {python.py:173} INFO - Done. Returned value was: None
[2022-06-13 13:30:46,337] {taskinstance.py:1401} INFO - Marking task as SUCCESS. dag_id=green_taxi_ingestion_gcs_dag, task_id=local_to_gcs_task, execution_date=20220101T060000, start_date=20220613T133045, end_date=20220613T133046
[2022-06-13 13:30:46,376] {local_task_job.py:156} INFO - Task exited with return code 0
[2022-06-13 13:30:46,422] {local_task_job.py:273} INFO - 0 downstream tasks scheduled from follow-on schedule check
