[2022-06-13 13:18:45,445] {taskinstance.py:1160} INFO - Dependencies all met for <TaskInstance: green_taxi_ingestion_gcs_dag.download_dataset_task scheduled__2022-01-01T06:00:00+00:00 [queued]>
[2022-06-13 13:18:45,455] {taskinstance.py:1160} INFO - Dependencies all met for <TaskInstance: green_taxi_ingestion_gcs_dag.download_dataset_task scheduled__2022-01-01T06:00:00+00:00 [queued]>
[2022-06-13 13:18:45,456] {taskinstance.py:1357} INFO - 
--------------------------------------------------------------------------------
[2022-06-13 13:18:45,457] {taskinstance.py:1358} INFO - Starting attempt 1 of 1
[2022-06-13 13:18:45,458] {taskinstance.py:1359} INFO - 
--------------------------------------------------------------------------------
[2022-06-13 13:18:45,469] {taskinstance.py:1378} INFO - Executing <Task(BashOperator): download_dataset_task> on 2022-01-01 06:00:00+00:00
[2022-06-13 13:18:45,484] {standard_task_runner.py:52} INFO - Started process 584 to run task
[2022-06-13 13:18:45,491] {standard_task_runner.py:79} INFO - Running: ['***', 'tasks', 'run', 'green_taxi_ingestion_gcs_dag', 'download_dataset_task', 'scheduled__2022-01-01T06:00:00+00:00', '--job-id', '747', '--raw', '--subdir', 'DAGS_FOLDER/green_taxi_ingestion.py', '--cfg-path', '/tmp/tmpl75b7rh0', '--error-file', '/tmp/tmpp2vd3duc']
[2022-06-13 13:18:45,493] {standard_task_runner.py:80} INFO - Job 747: Subtask download_dataset_task
[2022-06-13 13:18:45,569] {task_command.py:370} INFO - Running <TaskInstance: green_taxi_ingestion_gcs_dag.download_dataset_task scheduled__2022-01-01T06:00:00+00:00 [running]> on host 0825143a1170
[2022-06-13 13:18:45,610] {warnings.py:110} WARNING - /home/***/.local/lib/python3.7/site-packages/***/utils/context.py:202: AirflowContextDeprecationWarning: Accessing 'execution_date' from the template is deprecated and will be removed in a future version. Please use 'data_interval_start' or 'logical_date' instead.
  warnings.warn(_create_deprecation_warning(key, self._deprecation_replacements[key]))

[2022-06-13 13:18:45,641] {taskinstance.py:1572} INFO - Exporting the following env vars:
AIRFLOW_CTX_DAG_OWNER=***
AIRFLOW_CTX_DAG_ID=green_taxi_ingestion_gcs_dag
AIRFLOW_CTX_TASK_ID=download_dataset_task
AIRFLOW_CTX_EXECUTION_DATE=2022-01-01T06:00:00+00:00
AIRFLOW_CTX_TRY_NUMBER=1
AIRFLOW_CTX_DAG_RUN_ID=scheduled__2022-01-01T06:00:00+00:00
[2022-06-13 13:18:45,646] {subprocess.py:62} INFO - Tmp dir root location: 
 /tmp
[2022-06-13 13:18:45,648] {subprocess.py:74} INFO - Running command: ['bash', '-c', 'curl -sSL https://s3.amazonaws.com/nyc-tlc/trip+data/green_tripdata_2022-01.parquet > /opt/***/output_green_taxi_2022-01.parquet']
[2022-06-13 13:18:45,667] {subprocess.py:85} INFO - Output:
[2022-06-13 13:18:47,248] {subprocess.py:96} INFO - Command exited with return code 0
[2022-06-13 13:18:47,300] {taskinstance.py:1401} INFO - Marking task as SUCCESS. dag_id=green_taxi_ingestion_gcs_dag, task_id=download_dataset_task, execution_date=20220101T060000, start_date=20220613T131845, end_date=20220613T131847
[2022-06-13 13:18:47,375] {local_task_job.py:156} INFO - Task exited with return code 0
[2022-06-13 13:18:47,482] {local_task_job.py:273} INFO - 0 downstream tasks scheduled from follow-on schedule check
[2022-06-13 13:30:41,725] {taskinstance.py:1160} INFO - Dependencies all met for <TaskInstance: green_taxi_ingestion_gcs_dag.download_dataset_task scheduled__2022-01-01T06:00:00+00:00 [queued]>
[2022-06-13 13:30:41,735] {taskinstance.py:1160} INFO - Dependencies all met for <TaskInstance: green_taxi_ingestion_gcs_dag.download_dataset_task scheduled__2022-01-01T06:00:00+00:00 [queued]>
[2022-06-13 13:30:41,737] {taskinstance.py:1357} INFO - 
--------------------------------------------------------------------------------
[2022-06-13 13:30:41,739] {taskinstance.py:1358} INFO - Starting attempt 1 of 1
[2022-06-13 13:30:41,744] {taskinstance.py:1359} INFO - 
--------------------------------------------------------------------------------
[2022-06-13 13:30:41,769] {taskinstance.py:1378} INFO - Executing <Task(BashOperator): download_dataset_task> on 2022-01-01 06:00:00+00:00
[2022-06-13 13:30:41,780] {standard_task_runner.py:52} INFO - Started process 1652 to run task
[2022-06-13 13:30:41,790] {standard_task_runner.py:79} INFO - Running: ['***', 'tasks', 'run', 'green_taxi_ingestion_gcs_dag', 'download_dataset_task', 'scheduled__2022-01-01T06:00:00+00:00', '--job-id', '845', '--raw', '--subdir', 'DAGS_FOLDER/green_taxi_ingestion.py', '--cfg-path', '/tmp/tmppwhq_vj5', '--error-file', '/tmp/tmpgjqisli6']
[2022-06-13 13:30:41,808] {standard_task_runner.py:80} INFO - Job 845: Subtask download_dataset_task
[2022-06-13 13:30:41,875] {task_command.py:370} INFO - Running <TaskInstance: green_taxi_ingestion_gcs_dag.download_dataset_task scheduled__2022-01-01T06:00:00+00:00 [running]> on host 0825143a1170
[2022-06-13 13:30:41,936] {warnings.py:110} WARNING - /home/***/.local/lib/python3.7/site-packages/***/utils/context.py:202: AirflowContextDeprecationWarning: Accessing 'execution_date' from the template is deprecated and will be removed in a future version. Please use 'data_interval_start' or 'logical_date' instead.
  warnings.warn(_create_deprecation_warning(key, self._deprecation_replacements[key]))

[2022-06-13 13:30:42,032] {taskinstance.py:1572} INFO - Exporting the following env vars:
AIRFLOW_CTX_DAG_OWNER=***
AIRFLOW_CTX_DAG_ID=green_taxi_ingestion_gcs_dag
AIRFLOW_CTX_TASK_ID=download_dataset_task
AIRFLOW_CTX_EXECUTION_DATE=2022-01-01T06:00:00+00:00
AIRFLOW_CTX_TRY_NUMBER=1
AIRFLOW_CTX_DAG_RUN_ID=scheduled__2022-01-01T06:00:00+00:00
[2022-06-13 13:30:42,039] {subprocess.py:62} INFO - Tmp dir root location: 
 /tmp
[2022-06-13 13:30:42,046] {subprocess.py:74} INFO - Running command: ['bash', '-c', 'curl -sSL https://s3.amazonaws.com/nyc-tlc/trip+data/green_tripdata_2022-01.parquet > /opt/***/output_green_taxi_2022-01.parquet']
[2022-06-13 13:30:42,102] {subprocess.py:85} INFO - Output:
[2022-06-13 13:30:43,935] {subprocess.py:96} INFO - Command exited with return code 0
[2022-06-13 13:30:44,048] {taskinstance.py:1401} INFO - Marking task as SUCCESS. dag_id=green_taxi_ingestion_gcs_dag, task_id=download_dataset_task, execution_date=20220101T060000, start_date=20220613T133041, end_date=20220613T133044
[2022-06-13 13:30:44,128] {local_task_job.py:156} INFO - Task exited with return code 0
[2022-06-13 13:30:44,195] {local_task_job.py:273} INFO - 1 downstream tasks scheduled from follow-on schedule check
