[2022-06-13 13:26:29,152] {taskinstance.py:1160} INFO - Dependencies all met for <TaskInstance: gcs_2_bq_dag.move_fhvhv_files_task move_green_taxi_files_task [queued]>
[2022-06-13 13:26:29,168] {taskinstance.py:1160} INFO - Dependencies all met for <TaskInstance: gcs_2_bq_dag.move_fhvhv_files_task move_green_taxi_files_task [queued]>
[2022-06-13 13:26:29,170] {taskinstance.py:1357} INFO - 
--------------------------------------------------------------------------------
[2022-06-13 13:26:29,172] {taskinstance.py:1358} INFO - Starting attempt 1 of 2
[2022-06-13 13:26:29,173] {taskinstance.py:1359} INFO - 
--------------------------------------------------------------------------------
[2022-06-13 13:26:29,191] {taskinstance.py:1378} INFO - Executing <Task(GCSToGCSOperator): move_fhvhv_files_task> on 2022-06-13 13:26:16+00:00
[2022-06-13 13:26:29,204] {standard_task_runner.py:52} INFO - Started process 1047 to run task
[2022-06-13 13:26:29,208] {standard_task_runner.py:79} INFO - Running: ['***', 'tasks', 'run', 'gcs_2_bq_dag', 'move_fhvhv_files_task', 'move_green_taxi_files_task', '--job-id', '760', '--raw', '--subdir', 'DAGS_FOLDER/gcs_to_bq_dag.py', '--cfg-path', '/tmp/tmp5qe_5_w0', '--error-file', '/tmp/tmp_jm_xsjq']
[2022-06-13 13:26:29,211] {standard_task_runner.py:80} INFO - Job 760: Subtask move_fhvhv_files_task
[2022-06-13 13:26:29,324] {task_command.py:370} INFO - Running <TaskInstance: gcs_2_bq_dag.move_fhvhv_files_task move_green_taxi_files_task [running]> on host 0825143a1170
[2022-06-13 13:26:29,500] {taskinstance.py:1572} INFO - Exporting the following env vars:
AIRFLOW_CTX_DAG_OWNER=***
AIRFLOW_CTX_DAG_ID=gcs_2_bq_dag
AIRFLOW_CTX_TASK_ID=move_fhvhv_files_task
AIRFLOW_CTX_EXECUTION_DATE=2022-06-13T13:26:16+00:00
AIRFLOW_CTX_TRY_NUMBER=1
AIRFLOW_CTX_DAG_RUN_ID=move_green_taxi_files_task
[2022-06-13 13:26:29,514] {crypto.py:82} WARNING - empty cryptography key - values will not be stored encrypted.
[2022-06-13 13:26:29,516] {base.py:68} INFO - Using connection ID 'google_cloud_default' for task execution.
[2022-06-13 13:26:29,520] {gcs_to_gcs.py:361} INFO - Delimiter ignored because wildcard is in prefix
[2022-06-13 13:26:30,187] {taskinstance.py:1401} INFO - Marking task as SUCCESS. dag_id=gcs_2_bq_dag, task_id=move_fhvhv_files_task, execution_date=20220613T132616, start_date=20220613T132629, end_date=20220613T132630
[2022-06-13 13:26:30,289] {local_task_job.py:156} INFO - Task exited with return code 0
[2022-06-13 13:26:30,542] {local_task_job.py:273} INFO - 1 downstream tasks scheduled from follow-on schedule check
