[2022-06-13 13:07:27,512] {taskinstance.py:1160} INFO - Dependencies all met for <TaskInstance: gcs_2_bq_dag.bq_taxi_zones_tripdata_external_table_task manual__2022-06-13T13:07:17.200607+00:00 [queued]>
[2022-06-13 13:07:27,630] {taskinstance.py:1160} INFO - Dependencies all met for <TaskInstance: gcs_2_bq_dag.bq_taxi_zones_tripdata_external_table_task manual__2022-06-13T13:07:17.200607+00:00 [queued]>
[2022-06-13 13:07:27,638] {taskinstance.py:1357} INFO - 
--------------------------------------------------------------------------------
[2022-06-13 13:07:27,641] {taskinstance.py:1358} INFO - Starting attempt 1 of 2
[2022-06-13 13:07:27,650] {taskinstance.py:1359} INFO - 
--------------------------------------------------------------------------------
[2022-06-13 13:07:27,773] {taskinstance.py:1378} INFO - Executing <Task(BigQueryCreateExternalTableOperator): bq_taxi_zones_tripdata_external_table_task> on 2022-06-13 13:07:17.200607+00:00
[2022-06-13 13:07:27,873] {standard_task_runner.py:52} INFO - Started process 16334 to run task
[2022-06-13 13:07:27,931] {standard_task_runner.py:79} INFO - Running: ['***', 'tasks', 'run', 'gcs_2_bq_dag', 'bq_taxi_zones_tripdata_external_table_task', 'manual__2022-06-13T13:07:17.200607+00:00', '--job-id', '666', '--raw', '--subdir', 'DAGS_FOLDER/gcs_to_bq_dag.py', '--cfg-path', '/tmp/tmpwrikezhv', '--error-file', '/tmp/tmphqu4aflj']
[2022-06-13 13:07:27,953] {standard_task_runner.py:80} INFO - Job 666: Subtask bq_taxi_zones_tripdata_external_table_task
[2022-06-13 13:07:28,174] {task_command.py:370} INFO - Running <TaskInstance: gcs_2_bq_dag.bq_taxi_zones_tripdata_external_table_task manual__2022-06-13T13:07:17.200607+00:00 [running]> on host 0825143a1170
[2022-06-13 13:07:28,591] {taskinstance.py:1572} INFO - Exporting the following env vars:
AIRFLOW_CTX_DAG_OWNER=***
AIRFLOW_CTX_DAG_ID=gcs_2_bq_dag
AIRFLOW_CTX_TASK_ID=bq_taxi_zones_tripdata_external_table_task
AIRFLOW_CTX_EXECUTION_DATE=2022-06-13T13:07:17.200607+00:00
AIRFLOW_CTX_TRY_NUMBER=1
AIRFLOW_CTX_DAG_RUN_ID=manual__2022-06-13T13:07:17.200607+00:00
[2022-06-13 13:07:28,607] {crypto.py:82} WARNING - empty cryptography key - values will not be stored encrypted.
[2022-06-13 13:07:28,613] {base.py:68} INFO - Using connection ID 'google_cloud_default' for task execution.
[2022-06-13 13:07:29,665] {taskinstance.py:1401} INFO - Marking task as SUCCESS. dag_id=gcs_2_bq_dag, task_id=bq_taxi_zones_tripdata_external_table_task, execution_date=20220613T130717, start_date=20220613T130727, end_date=20220613T130729
[2022-06-13 13:07:29,782] {local_task_job.py:156} INFO - Task exited with return code 0
[2022-06-13 13:07:29,956] {local_task_job.py:273} INFO - 1 downstream tasks scheduled from follow-on schedule check
