[2022-06-13 13:17:25,761] {taskinstance.py:1160} INFO - Dependencies all met for <TaskInstance: green_taxi_ingestion_gcs_dag.download_dataset_task scheduled__2019-04-01T06:00:00+00:00 [queued]>
[2022-06-13 13:17:25,778] {taskinstance.py:1160} INFO - Dependencies all met for <TaskInstance: green_taxi_ingestion_gcs_dag.download_dataset_task scheduled__2019-04-01T06:00:00+00:00 [queued]>
[2022-06-13 13:17:25,781] {taskinstance.py:1357} INFO - 
--------------------------------------------------------------------------------
[2022-06-13 13:17:25,783] {taskinstance.py:1358} INFO - Starting attempt 1 of 1
[2022-06-13 13:17:25,785] {taskinstance.py:1359} INFO - 
--------------------------------------------------------------------------------
[2022-06-13 13:17:25,801] {taskinstance.py:1378} INFO - Executing <Task(BashOperator): download_dataset_task> on 2019-04-01 06:00:00+00:00
[2022-06-13 13:17:25,814] {standard_task_runner.py:52} INFO - Started process 215 to run task
[2022-06-13 13:17:25,823] {standard_task_runner.py:79} INFO - Running: ['***', 'tasks', 'run', 'green_taxi_ingestion_gcs_dag', 'download_dataset_task', 'scheduled__2019-04-01T06:00:00+00:00', '--job-id', '681', '--raw', '--subdir', 'DAGS_FOLDER/green_taxi_ingestion.py', '--cfg-path', '/tmp/tmp1463lrm5', '--error-file', '/tmp/tmpzj4cnnnb']
[2022-06-13 13:17:25,828] {standard_task_runner.py:80} INFO - Job 681: Subtask download_dataset_task
[2022-06-13 13:17:25,901] {task_command.py:370} INFO - Running <TaskInstance: green_taxi_ingestion_gcs_dag.download_dataset_task scheduled__2019-04-01T06:00:00+00:00 [running]> on host 0825143a1170
[2022-06-13 13:17:25,936] {warnings.py:110} WARNING - /home/***/.local/lib/python3.7/site-packages/***/utils/context.py:202: AirflowContextDeprecationWarning: Accessing 'execution_date' from the template is deprecated and will be removed in a future version. Please use 'data_interval_start' or 'logical_date' instead.
  warnings.warn(_create_deprecation_warning(key, self._deprecation_replacements[key]))

[2022-06-13 13:17:25,976] {taskinstance.py:1572} INFO - Exporting the following env vars:
AIRFLOW_CTX_DAG_OWNER=***
AIRFLOW_CTX_DAG_ID=green_taxi_ingestion_gcs_dag
AIRFLOW_CTX_TASK_ID=download_dataset_task
AIRFLOW_CTX_EXECUTION_DATE=2019-04-01T06:00:00+00:00
AIRFLOW_CTX_TRY_NUMBER=1
AIRFLOW_CTX_DAG_RUN_ID=scheduled__2019-04-01T06:00:00+00:00
[2022-06-13 13:17:25,979] {subprocess.py:62} INFO - Tmp dir root location: 
 /tmp
[2022-06-13 13:17:25,982] {subprocess.py:74} INFO - Running command: ['bash', '-c', 'curl -sSL https://s3.amazonaws.com/nyc-tlc/trip+data/green_tripdata_2019-04.parquet > /opt/***/output_green_taxi_2019-04.parquet']
[2022-06-13 13:17:26,002] {subprocess.py:85} INFO - Output:
[2022-06-13 13:17:28,449] {subprocess.py:96} INFO - Command exited with return code 0
[2022-06-13 13:17:28,512] {taskinstance.py:1401} INFO - Marking task as SUCCESS. dag_id=green_taxi_ingestion_gcs_dag, task_id=download_dataset_task, execution_date=20190401T060000, start_date=20220613T131725, end_date=20220613T131728
[2022-06-13 13:17:28,599] {local_task_job.py:156} INFO - Task exited with return code 0
[2022-06-13 13:17:28,667] {local_task_job.py:273} INFO - 1 downstream tasks scheduled from follow-on schedule check
[2022-06-13 13:29:17,294] {taskinstance.py:1160} INFO - Dependencies all met for <TaskInstance: green_taxi_ingestion_gcs_dag.download_dataset_task scheduled__2019-04-01T06:00:00+00:00 [queued]>
[2022-06-13 13:29:17,337] {taskinstance.py:1160} INFO - Dependencies all met for <TaskInstance: green_taxi_ingestion_gcs_dag.download_dataset_task scheduled__2019-04-01T06:00:00+00:00 [queued]>
[2022-06-13 13:29:17,343] {taskinstance.py:1357} INFO - 
--------------------------------------------------------------------------------
[2022-06-13 13:29:17,353] {taskinstance.py:1358} INFO - Starting attempt 1 of 1
[2022-06-13 13:29:17,374] {taskinstance.py:1359} INFO - 
--------------------------------------------------------------------------------
[2022-06-13 13:29:17,393] {taskinstance.py:1378} INFO - Executing <Task(BashOperator): download_dataset_task> on 2019-04-01 06:00:00+00:00
[2022-06-13 13:29:17,427] {standard_task_runner.py:52} INFO - Started process 1274 to run task
[2022-06-13 13:29:17,441] {standard_task_runner.py:79} INFO - Running: ['***', 'tasks', 'run', 'green_taxi_ingestion_gcs_dag', 'download_dataset_task', 'scheduled__2019-04-01T06:00:00+00:00', '--job-id', '778', '--raw', '--subdir', 'DAGS_FOLDER/green_taxi_ingestion.py', '--cfg-path', '/tmp/tmpqewohubs', '--error-file', '/tmp/tmpxisxknse']
[2022-06-13 13:29:17,455] {standard_task_runner.py:80} INFO - Job 778: Subtask download_dataset_task
[2022-06-13 13:29:17,547] {task_command.py:370} INFO - Running <TaskInstance: green_taxi_ingestion_gcs_dag.download_dataset_task scheduled__2019-04-01T06:00:00+00:00 [running]> on host 0825143a1170
[2022-06-13 13:29:17,592] {warnings.py:110} WARNING - /home/***/.local/lib/python3.7/site-packages/***/utils/context.py:202: AirflowContextDeprecationWarning: Accessing 'execution_date' from the template is deprecated and will be removed in a future version. Please use 'data_interval_start' or 'logical_date' instead.
  warnings.warn(_create_deprecation_warning(key, self._deprecation_replacements[key]))

[2022-06-13 13:29:17,634] {taskinstance.py:1572} INFO - Exporting the following env vars:
AIRFLOW_CTX_DAG_OWNER=***
AIRFLOW_CTX_DAG_ID=green_taxi_ingestion_gcs_dag
AIRFLOW_CTX_TASK_ID=download_dataset_task
AIRFLOW_CTX_EXECUTION_DATE=2019-04-01T06:00:00+00:00
AIRFLOW_CTX_TRY_NUMBER=1
AIRFLOW_CTX_DAG_RUN_ID=scheduled__2019-04-01T06:00:00+00:00
[2022-06-13 13:29:17,636] {subprocess.py:62} INFO - Tmp dir root location: 
 /tmp
[2022-06-13 13:29:17,638] {subprocess.py:74} INFO - Running command: ['bash', '-c', 'curl -sSL https://s3.amazonaws.com/nyc-tlc/trip+data/green_tripdata_2019-04.parquet > /opt/***/output_green_taxi_2019-04.parquet']
[2022-06-13 13:29:17,664] {subprocess.py:85} INFO - Output:
[2022-06-13 13:29:20,241] {subprocess.py:96} INFO - Command exited with return code 0
[2022-06-13 13:29:20,391] {taskinstance.py:1401} INFO - Marking task as SUCCESS. dag_id=green_taxi_ingestion_gcs_dag, task_id=download_dataset_task, execution_date=20190401T060000, start_date=20220613T132917, end_date=20220613T132920
[2022-06-13 13:29:20,613] {local_task_job.py:156} INFO - Task exited with return code 0
[2022-06-13 13:29:21,142] {local_task_job.py:273} INFO - 0 downstream tasks scheduled from follow-on schedule check
