[2022-07-18 23:20:13,994] {taskinstance.py:1160} INFO - Dependencies all met for <TaskInstance: local_to_gcs.format_to_parquet_task scheduled__2004-01-10T06:00:00+00:00 [queued]>
[2022-07-18 23:20:14,020] {taskinstance.py:1160} INFO - Dependencies all met for <TaskInstance: local_to_gcs.format_to_parquet_task scheduled__2004-01-10T06:00:00+00:00 [queued]>
[2022-07-18 23:20:14,023] {taskinstance.py:1357} INFO - 
--------------------------------------------------------------------------------
[2022-07-18 23:20:14,025] {taskinstance.py:1358} INFO - Starting attempt 1 of 1
[2022-07-18 23:20:14,028] {taskinstance.py:1359} INFO - 
--------------------------------------------------------------------------------
[2022-07-18 23:20:14,055] {taskinstance.py:1378} INFO - Executing <Task(PythonOperator): format_to_parquet_task> on 2004-01-10 06:00:00+00:00
[2022-07-18 23:20:14,084] {standard_task_runner.py:52} INFO - Started process 38982 to run task
[2022-07-18 23:20:14,097] {standard_task_runner.py:79} INFO - Running: ['***', 'tasks', 'run', 'local_to_gcs', 'format_to_parquet_task', 'scheduled__2004-01-10T06:00:00+00:00', '--job-id', '40', '--raw', '--subdir', 'DAGS_FOLDER/local_to_gcs.py', '--cfg-path', '/tmp/tmpeawklz5d', '--error-file', '/tmp/tmp9xde9fjr']
[2022-07-18 23:20:14,100] {standard_task_runner.py:80} INFO - Job 40: Subtask format_to_parquet_task
[2022-07-18 23:20:14,228] {task_command.py:370} INFO - Running <TaskInstance: local_to_gcs.format_to_parquet_task scheduled__2004-01-10T06:00:00+00:00 [running]> on host 32d1f26135d5
[2022-07-18 23:20:14,416] {taskinstance.py:1572} INFO - Exporting the following env vars:
AIRFLOW_CTX_DAG_OWNER=***
AIRFLOW_CTX_DAG_ID=local_to_gcs
AIRFLOW_CTX_TASK_ID=format_to_parquet_task
AIRFLOW_CTX_EXECUTION_DATE=2004-01-10T06:00:00+00:00
AIRFLOW_CTX_TRY_NUMBER=1
AIRFLOW_CTX_DAG_RUN_ID=scheduled__2004-01-10T06:00:00+00:00
[2022-07-18 23:21:33,723] {python.py:173} INFO - Done. Returned value was: None
[2022-07-18 23:21:34,141] {taskinstance.py:1401} INFO - Marking task as SUCCESS. dag_id=local_to_gcs, task_id=format_to_parquet_task, execution_date=20040110T060000, start_date=20220718T232013, end_date=20220718T232134
[2022-07-18 23:21:38,033] {local_task_job.py:221} WARNING - State of this instance has been externally set to success. Terminating instance.
[2022-07-18 23:21:38,253] {process_utils.py:129} INFO - Sending Signals.SIGTERM to group 38982. PIDs of all processes in the group: [38982]
[2022-07-18 23:21:38,299] {process_utils.py:80} INFO - Sending the signal Signals.SIGTERM to group 38982
[2022-07-18 23:21:43,039] {process_utils.py:75} INFO - Process psutil.Process(pid=38982, status='terminated', exitcode=0, started='23:20:13') (38982) terminated with exit code 0
