[2022-06-06 00:19:28,121] {taskinstance.py:1160} INFO - Dependencies all met for <TaskInstance: gcs_2_bq_dag.bq_fhvhv_tripdata_external_table_task scheduled__2022-06-05T00:00:00+00:00 [queued]>
[2022-06-06 00:19:28,207] {taskinstance.py:1160} INFO - Dependencies all met for <TaskInstance: gcs_2_bq_dag.bq_fhvhv_tripdata_external_table_task scheduled__2022-06-05T00:00:00+00:00 [queued]>
[2022-06-06 00:19:28,213] {taskinstance.py:1357} INFO - 
--------------------------------------------------------------------------------
[2022-06-06 00:19:28,215] {taskinstance.py:1358} INFO - Starting attempt 1 of 2
[2022-06-06 00:19:28,216] {taskinstance.py:1359} INFO - 
--------------------------------------------------------------------------------
[2022-06-06 00:19:28,310] {taskinstance.py:1378} INFO - Executing <Task(BigQueryCreateExternalTableOperator): bq_fhvhv_tripdata_external_table_task> on 2022-06-05 00:00:00+00:00
[2022-06-06 00:19:28,437] {standard_task_runner.py:52} INFO - Started process 22782 to run task
[2022-06-06 00:45:42,534] {standard_task_runner.py:79} INFO - Running: ['***', 'tasks', 'run', 'gcs_2_bq_dag', 'bq_fhvhv_tripdata_external_table_task', 'scheduled__2022-06-05T00:00:00+00:00', '--job-id', '562', '--raw', '--subdir', 'DAGS_FOLDER/gcs_to_bq_dag.py', '--cfg-path', '/tmp/tmpgtx2vkgi', '--error-file', '/tmp/tmpgctgnsul']
[2022-06-06 00:45:42,540] {standard_task_runner.py:80} INFO - Job 562: Subtask bq_fhvhv_tripdata_external_table_task
[2022-06-06 00:45:42,753] {task_command.py:370} INFO - Running <TaskInstance: gcs_2_bq_dag.bq_fhvhv_tripdata_external_table_task scheduled__2022-06-05T00:00:00+00:00 [running]> on host 80b81dda36ea
[2022-06-06 00:45:43,305] {taskinstance.py:1572} INFO - Exporting the following env vars:
AIRFLOW_CTX_DAG_OWNER=***
AIRFLOW_CTX_DAG_ID=gcs_2_bq_dag
AIRFLOW_CTX_TASK_ID=bq_fhvhv_tripdata_external_table_task
AIRFLOW_CTX_EXECUTION_DATE=2022-06-05T00:00:00+00:00
AIRFLOW_CTX_TRY_NUMBER=1
AIRFLOW_CTX_DAG_RUN_ID=scheduled__2022-06-05T00:00:00+00:00
[2022-06-06 00:45:43,539] {crypto.py:82} WARNING - empty cryptography key - values will not be stored encrypted.
[2022-06-06 00:45:43,679] {base.py:68} INFO - Using connection ID 'google_cloud_default' for task execution.
[2022-06-06 00:45:46,649] {taskinstance.py:1401} INFO - Marking task as SUCCESS. dag_id=gcs_2_bq_dag, task_id=bq_fhvhv_tripdata_external_table_task, execution_date=20220605T000000, start_date=20220606T001928, end_date=20220606T004546
[2022-06-06 00:45:46,909] {local_task_job.py:156} INFO - Task exited with return code 0
[2022-06-06 00:45:47,293] {local_task_job.py:273} INFO - 1 downstream tasks scheduled from follow-on schedule check
