[2022-06-13 13:17:40,939] {taskinstance.py:1160} INFO - Dependencies all met for <TaskInstance: green_taxi_ingestion_gcs_dag.download_dataset_task scheduled__2019-09-01T06:00:00+00:00 [queued]>
[2022-06-13 13:17:40,947] {taskinstance.py:1160} INFO - Dependencies all met for <TaskInstance: green_taxi_ingestion_gcs_dag.download_dataset_task scheduled__2019-09-01T06:00:00+00:00 [queued]>
[2022-06-13 13:17:40,948] {taskinstance.py:1357} INFO - 
--------------------------------------------------------------------------------
[2022-06-13 13:17:40,949] {taskinstance.py:1358} INFO - Starting attempt 1 of 1
[2022-06-13 13:17:40,949] {taskinstance.py:1359} INFO - 
--------------------------------------------------------------------------------
[2022-06-13 13:17:40,962] {taskinstance.py:1378} INFO - Executing <Task(BashOperator): download_dataset_task> on 2019-09-01 06:00:00+00:00
[2022-06-13 13:17:40,967] {standard_task_runner.py:52} INFO - Started process 273 to run task
[2022-06-13 13:17:40,973] {standard_task_runner.py:79} INFO - Running: ['***', 'tasks', 'run', 'green_taxi_ingestion_gcs_dag', 'download_dataset_task', 'scheduled__2019-09-01T06:00:00+00:00', '--job-id', '691', '--raw', '--subdir', 'DAGS_FOLDER/green_taxi_ingestion.py', '--cfg-path', '/tmp/tmp9vyg4bun', '--error-file', '/tmp/tmpq1xzp0av']
[2022-06-13 13:17:40,975] {standard_task_runner.py:80} INFO - Job 691: Subtask download_dataset_task
[2022-06-13 13:17:41,038] {task_command.py:370} INFO - Running <TaskInstance: green_taxi_ingestion_gcs_dag.download_dataset_task scheduled__2019-09-01T06:00:00+00:00 [running]> on host 0825143a1170
[2022-06-13 13:17:41,069] {warnings.py:110} WARNING - /home/***/.local/lib/python3.7/site-packages/***/utils/context.py:202: AirflowContextDeprecationWarning: Accessing 'execution_date' from the template is deprecated and will be removed in a future version. Please use 'data_interval_start' or 'logical_date' instead.
  warnings.warn(_create_deprecation_warning(key, self._deprecation_replacements[key]))

[2022-06-13 13:17:41,111] {taskinstance.py:1572} INFO - Exporting the following env vars:
AIRFLOW_CTX_DAG_OWNER=***
AIRFLOW_CTX_DAG_ID=green_taxi_ingestion_gcs_dag
AIRFLOW_CTX_TASK_ID=download_dataset_task
AIRFLOW_CTX_EXECUTION_DATE=2019-09-01T06:00:00+00:00
AIRFLOW_CTX_TRY_NUMBER=1
AIRFLOW_CTX_DAG_RUN_ID=scheduled__2019-09-01T06:00:00+00:00
[2022-06-13 13:17:41,114] {subprocess.py:62} INFO - Tmp dir root location: 
 /tmp
[2022-06-13 13:17:41,117] {subprocess.py:74} INFO - Running command: ['bash', '-c', 'curl -sSL https://s3.amazonaws.com/nyc-tlc/trip+data/green_tripdata_2019-09.parquet > /opt/***/output_green_taxi_2019-09.parquet']
[2022-06-13 13:17:41,133] {subprocess.py:85} INFO - Output:
[2022-06-13 13:17:43,485] {subprocess.py:96} INFO - Command exited with return code 0
[2022-06-13 13:17:43,576] {taskinstance.py:1401} INFO - Marking task as SUCCESS. dag_id=green_taxi_ingestion_gcs_dag, task_id=download_dataset_task, execution_date=20190901T060000, start_date=20220613T131740, end_date=20220613T131743
[2022-06-13 13:17:43,615] {local_task_job.py:156} INFO - Task exited with return code 0
[2022-06-13 13:17:43,692] {local_task_job.py:273} INFO - 1 downstream tasks scheduled from follow-on schedule check
[2022-06-13 13:29:35,320] {taskinstance.py:1160} INFO - Dependencies all met for <TaskInstance: green_taxi_ingestion_gcs_dag.download_dataset_task scheduled__2019-09-01T06:00:00+00:00 [queued]>
[2022-06-13 13:29:35,346] {taskinstance.py:1160} INFO - Dependencies all met for <TaskInstance: green_taxi_ingestion_gcs_dag.download_dataset_task scheduled__2019-09-01T06:00:00+00:00 [queued]>
[2022-06-13 13:29:35,349] {taskinstance.py:1357} INFO - 
--------------------------------------------------------------------------------
[2022-06-13 13:29:35,351] {taskinstance.py:1358} INFO - Starting attempt 1 of 1
[2022-06-13 13:29:35,353] {taskinstance.py:1359} INFO - 
--------------------------------------------------------------------------------
[2022-06-13 13:29:35,387] {taskinstance.py:1378} INFO - Executing <Task(BashOperator): download_dataset_task> on 2019-09-01 06:00:00+00:00
[2022-06-13 13:29:35,400] {standard_task_runner.py:52} INFO - Started process 1342 to run task
[2022-06-13 13:29:35,415] {standard_task_runner.py:79} INFO - Running: ['***', 'tasks', 'run', 'green_taxi_ingestion_gcs_dag', 'download_dataset_task', 'scheduled__2019-09-01T06:00:00+00:00', '--job-id', '789', '--raw', '--subdir', 'DAGS_FOLDER/green_taxi_ingestion.py', '--cfg-path', '/tmp/tmpit1d7gn3', '--error-file', '/tmp/tmpan3yht07']
[2022-06-13 13:29:35,421] {standard_task_runner.py:80} INFO - Job 789: Subtask download_dataset_task
[2022-06-13 13:29:35,542] {task_command.py:370} INFO - Running <TaskInstance: green_taxi_ingestion_gcs_dag.download_dataset_task scheduled__2019-09-01T06:00:00+00:00 [running]> on host 0825143a1170
[2022-06-13 13:29:35,653] {warnings.py:110} WARNING - /home/***/.local/lib/python3.7/site-packages/***/utils/context.py:202: AirflowContextDeprecationWarning: Accessing 'execution_date' from the template is deprecated and will be removed in a future version. Please use 'data_interval_start' or 'logical_date' instead.
  warnings.warn(_create_deprecation_warning(key, self._deprecation_replacements[key]))

[2022-06-13 13:29:35,752] {taskinstance.py:1572} INFO - Exporting the following env vars:
AIRFLOW_CTX_DAG_OWNER=***
AIRFLOW_CTX_DAG_ID=green_taxi_ingestion_gcs_dag
AIRFLOW_CTX_TASK_ID=download_dataset_task
AIRFLOW_CTX_EXECUTION_DATE=2019-09-01T06:00:00+00:00
AIRFLOW_CTX_TRY_NUMBER=1
AIRFLOW_CTX_DAG_RUN_ID=scheduled__2019-09-01T06:00:00+00:00
[2022-06-13 13:29:35,776] {subprocess.py:62} INFO - Tmp dir root location: 
 /tmp
[2022-06-13 13:29:35,781] {subprocess.py:74} INFO - Running command: ['bash', '-c', 'curl -sSL https://s3.amazonaws.com/nyc-tlc/trip+data/green_tripdata_2019-09.parquet > /opt/***/output_green_taxi_2019-09.parquet']
[2022-06-13 13:29:35,855] {subprocess.py:85} INFO - Output:
[2022-06-13 13:29:38,140] {subprocess.py:96} INFO - Command exited with return code 0
[2022-06-13 13:29:38,207] {taskinstance.py:1401} INFO - Marking task as SUCCESS. dag_id=green_taxi_ingestion_gcs_dag, task_id=download_dataset_task, execution_date=20190901T060000, start_date=20220613T132935, end_date=20220613T132938
[2022-06-13 13:29:38,283] {local_task_job.py:156} INFO - Task exited with return code 0
[2022-06-13 13:29:38,363] {local_task_job.py:273} INFO - 1 downstream tasks scheduled from follow-on schedule check
