[2022-06-13 13:18:13,966] {taskinstance.py:1160} INFO - Dependencies all met for <TaskInstance: green_taxi_ingestion_gcs_dag.download_dataset_task scheduled__2020-09-01T06:00:00+00:00 [queued]>
[2022-06-13 13:18:13,980] {taskinstance.py:1160} INFO - Dependencies all met for <TaskInstance: green_taxi_ingestion_gcs_dag.download_dataset_task scheduled__2020-09-01T06:00:00+00:00 [queued]>
[2022-06-13 13:18:13,981] {taskinstance.py:1357} INFO - 
--------------------------------------------------------------------------------
[2022-06-13 13:18:13,987] {taskinstance.py:1358} INFO - Starting attempt 1 of 1
[2022-06-13 13:18:13,992] {taskinstance.py:1359} INFO - 
--------------------------------------------------------------------------------
[2022-06-13 13:18:14,008] {taskinstance.py:1378} INFO - Executing <Task(BashOperator): download_dataset_task> on 2020-09-01 06:00:00+00:00
[2022-06-13 13:18:14,016] {standard_task_runner.py:52} INFO - Started process 415 to run task
[2022-06-13 13:18:14,021] {standard_task_runner.py:79} INFO - Running: ['***', 'tasks', 'run', 'green_taxi_ingestion_gcs_dag', 'download_dataset_task', 'scheduled__2020-09-01T06:00:00+00:00', '--job-id', '716', '--raw', '--subdir', 'DAGS_FOLDER/green_taxi_ingestion.py', '--cfg-path', '/tmp/tmp0clxkthw', '--error-file', '/tmp/tmp0kzyucfk']
[2022-06-13 13:18:14,023] {standard_task_runner.py:80} INFO - Job 716: Subtask download_dataset_task
[2022-06-13 13:18:14,099] {task_command.py:370} INFO - Running <TaskInstance: green_taxi_ingestion_gcs_dag.download_dataset_task scheduled__2020-09-01T06:00:00+00:00 [running]> on host 0825143a1170
[2022-06-13 13:18:14,140] {warnings.py:110} WARNING - /home/***/.local/lib/python3.7/site-packages/***/utils/context.py:202: AirflowContextDeprecationWarning: Accessing 'execution_date' from the template is deprecated and will be removed in a future version. Please use 'data_interval_start' or 'logical_date' instead.
  warnings.warn(_create_deprecation_warning(key, self._deprecation_replacements[key]))

[2022-06-13 13:18:14,179] {taskinstance.py:1572} INFO - Exporting the following env vars:
AIRFLOW_CTX_DAG_OWNER=***
AIRFLOW_CTX_DAG_ID=green_taxi_ingestion_gcs_dag
AIRFLOW_CTX_TASK_ID=download_dataset_task
AIRFLOW_CTX_EXECUTION_DATE=2020-09-01T06:00:00+00:00
AIRFLOW_CTX_TRY_NUMBER=1
AIRFLOW_CTX_DAG_RUN_ID=scheduled__2020-09-01T06:00:00+00:00
[2022-06-13 13:18:14,186] {subprocess.py:62} INFO - Tmp dir root location: 
 /tmp
[2022-06-13 13:18:14,188] {subprocess.py:74} INFO - Running command: ['bash', '-c', 'curl -sSL https://s3.amazonaws.com/nyc-tlc/trip+data/green_tripdata_2020-09.parquet > /opt/***/output_green_taxi_2020-09.parquet']
[2022-06-13 13:18:14,227] {subprocess.py:85} INFO - Output:
[2022-06-13 13:18:16,096] {subprocess.py:96} INFO - Command exited with return code 0
[2022-06-13 13:18:16,167] {taskinstance.py:1401} INFO - Marking task as SUCCESS. dag_id=green_taxi_ingestion_gcs_dag, task_id=download_dataset_task, execution_date=20200901T060000, start_date=20220613T131813, end_date=20220613T131816
[2022-06-13 13:18:16,241] {local_task_job.py:156} INFO - Task exited with return code 0
[2022-06-13 13:18:16,298] {local_task_job.py:273} INFO - 1 downstream tasks scheduled from follow-on schedule check
[2022-06-13 13:30:03,554] {taskinstance.py:1160} INFO - Dependencies all met for <TaskInstance: green_taxi_ingestion_gcs_dag.download_dataset_task scheduled__2020-09-01T06:00:00+00:00 [queued]>
[2022-06-13 13:30:03,567] {taskinstance.py:1160} INFO - Dependencies all met for <TaskInstance: green_taxi_ingestion_gcs_dag.download_dataset_task scheduled__2020-09-01T06:00:00+00:00 [queued]>
[2022-06-13 13:30:03,571] {taskinstance.py:1357} INFO - 
--------------------------------------------------------------------------------
[2022-06-13 13:30:03,574] {taskinstance.py:1358} INFO - Starting attempt 1 of 1
[2022-06-13 13:30:03,577] {taskinstance.py:1359} INFO - 
--------------------------------------------------------------------------------
[2022-06-13 13:30:03,601] {taskinstance.py:1378} INFO - Executing <Task(BashOperator): download_dataset_task> on 2020-09-01 06:00:00+00:00
[2022-06-13 13:30:03,614] {standard_task_runner.py:52} INFO - Started process 1474 to run task
[2022-06-13 13:30:03,620] {standard_task_runner.py:79} INFO - Running: ['***', 'tasks', 'run', 'green_taxi_ingestion_gcs_dag', 'download_dataset_task', 'scheduled__2020-09-01T06:00:00+00:00', '--job-id', '813', '--raw', '--subdir', 'DAGS_FOLDER/green_taxi_ingestion.py', '--cfg-path', '/tmp/tmpawmvx3xy', '--error-file', '/tmp/tmpf4avyb2z']
[2022-06-13 13:30:03,624] {standard_task_runner.py:80} INFO - Job 813: Subtask download_dataset_task
[2022-06-13 13:30:03,706] {task_command.py:370} INFO - Running <TaskInstance: green_taxi_ingestion_gcs_dag.download_dataset_task scheduled__2020-09-01T06:00:00+00:00 [running]> on host 0825143a1170
[2022-06-13 13:30:03,767] {warnings.py:110} WARNING - /home/***/.local/lib/python3.7/site-packages/***/utils/context.py:202: AirflowContextDeprecationWarning: Accessing 'execution_date' from the template is deprecated and will be removed in a future version. Please use 'data_interval_start' or 'logical_date' instead.
  warnings.warn(_create_deprecation_warning(key, self._deprecation_replacements[key]))

[2022-06-13 13:30:03,818] {taskinstance.py:1572} INFO - Exporting the following env vars:
AIRFLOW_CTX_DAG_OWNER=***
AIRFLOW_CTX_DAG_ID=green_taxi_ingestion_gcs_dag
AIRFLOW_CTX_TASK_ID=download_dataset_task
AIRFLOW_CTX_EXECUTION_DATE=2020-09-01T06:00:00+00:00
AIRFLOW_CTX_TRY_NUMBER=1
AIRFLOW_CTX_DAG_RUN_ID=scheduled__2020-09-01T06:00:00+00:00
[2022-06-13 13:30:03,821] {subprocess.py:62} INFO - Tmp dir root location: 
 /tmp
[2022-06-13 13:30:03,824] {subprocess.py:74} INFO - Running command: ['bash', '-c', 'curl -sSL https://s3.amazonaws.com/nyc-tlc/trip+data/green_tripdata_2020-09.parquet > /opt/***/output_green_taxi_2020-09.parquet']
[2022-06-13 13:30:03,846] {subprocess.py:85} INFO - Output:
[2022-06-13 13:30:05,767] {subprocess.py:96} INFO - Command exited with return code 0
[2022-06-13 13:30:05,911] {taskinstance.py:1401} INFO - Marking task as SUCCESS. dag_id=green_taxi_ingestion_gcs_dag, task_id=download_dataset_task, execution_date=20200901T060000, start_date=20220613T133003, end_date=20220613T133005
[2022-06-13 13:30:06,002] {local_task_job.py:156} INFO - Task exited with return code 0
[2022-06-13 13:30:06,085] {local_task_job.py:273} INFO - 0 downstream tasks scheduled from follow-on schedule check
