[2022-06-01 12:08:23,665] {taskinstance.py:1160} INFO - Dependencies all met for <TaskInstance: gcs_2_bq_dag.bq_create_yellow_taxi_tripdata_partitioned_table_task scheduled__2022-05-31T00:00:00+00:00 [queued]>
[2022-06-01 12:08:23,675] {taskinstance.py:1160} INFO - Dependencies all met for <TaskInstance: gcs_2_bq_dag.bq_create_yellow_taxi_tripdata_partitioned_table_task scheduled__2022-05-31T00:00:00+00:00 [queued]>
[2022-06-01 12:08:23,676] {taskinstance.py:1357} INFO - 
--------------------------------------------------------------------------------
[2022-06-01 12:08:23,677] {taskinstance.py:1358} INFO - Starting attempt 4 of 5
[2022-06-01 12:08:23,678] {taskinstance.py:1359} INFO - 
--------------------------------------------------------------------------------
[2022-06-01 12:08:23,690] {taskinstance.py:1378} INFO - Executing <Task(BigQueryInsertJobOperator): bq_create_yellow_taxi_tripdata_partitioned_table_task> on 2022-05-31 00:00:00+00:00
[2022-06-01 12:08:23,699] {standard_task_runner.py:52} INFO - Started process 3755 to run task
[2022-06-01 12:08:23,704] {standard_task_runner.py:79} INFO - Running: ['***', 'tasks', 'run', 'gcs_2_bq_dag', 'bq_create_yellow_taxi_tripdata_partitioned_table_task', 'scheduled__2022-05-31T00:00:00+00:00', '--job-id', '514', '--raw', '--subdir', 'DAGS_FOLDER/gcs_to_bq_dag.py', '--cfg-path', '/tmp/tmpl18slgbo', '--error-file', '/tmp/tmp3w4tfwa5']
[2022-06-01 12:08:23,706] {standard_task_runner.py:80} INFO - Job 514: Subtask bq_create_yellow_taxi_tripdata_partitioned_table_task
[2022-06-01 12:08:23,772] {task_command.py:370} INFO - Running <TaskInstance: gcs_2_bq_dag.bq_create_yellow_taxi_tripdata_partitioned_table_task scheduled__2022-05-31T00:00:00+00:00 [running]> on host 80b81dda36ea
[2022-06-01 12:08:23,843] {taskinstance.py:1572} INFO - Exporting the following env vars:
AIRFLOW_CTX_DAG_OWNER=***
AIRFLOW_CTX_DAG_ID=gcs_2_bq_dag
AIRFLOW_CTX_TASK_ID=bq_create_yellow_taxi_tripdata_partitioned_table_task
AIRFLOW_CTX_EXECUTION_DATE=2022-05-31T00:00:00+00:00
AIRFLOW_CTX_TRY_NUMBER=4
AIRFLOW_CTX_DAG_RUN_ID=scheduled__2022-05-31T00:00:00+00:00
[2022-06-01 12:08:23,847] {crypto.py:82} WARNING - empty cryptography key - values will not be stored encrypted.
[2022-06-01 12:08:23,848] {base.py:68} INFO - Using connection ID 'google_cloud_default' for task execution.
[2022-06-01 12:08:23,851] {warnings.py:110} WARNING - /home/***/.local/lib/python3.7/site-packages/***/utils/context.py:202: AirflowContextDeprecationWarning: Accessing 'execution_date' from the template is deprecated and will be removed in a future version. Please use 'data_interval_start' or 'logical_date' instead.
  warnings.warn(_create_deprecation_warning(key, self._deprecation_replacements[key]))

[2022-06-01 12:08:23,853] {bigquery.py:2148} INFO - Executing: {'query': {'query': 'CREATE OR REPLACE TABLE trips_data_all.yellow_taxi_tripdata             PARTITION BY DATE(tpep_pickup_datetime)             AS             SELECT * REPLACE(NULL AS airport_fee)                FROM trips_data_all.yellow_taxi_tripdata_external_table;', 'useLegacySql': False}}
[2022-06-01 12:08:23,864] {bigquery.py:1538} INFO - Inserting job ***_gcs_2_bq_dag_bq_create_yellow_taxi_tripdata_partitioned_table_task_2022_05_31T00_00_00_00_00_0c929d609f0a18db8ab98658e585fb73
[2022-06-01 12:08:52,051] {taskinstance.py:1401} INFO - Marking task as SUCCESS. dag_id=gcs_2_bq_dag, task_id=bq_create_yellow_taxi_tripdata_partitioned_table_task, execution_date=20220531T000000, start_date=20220601T120823, end_date=20220601T120852
[2022-06-01 12:08:52,202] {local_task_job.py:156} INFO - Task exited with return code 0
[2022-06-01 12:08:52,330] {local_task_job.py:273} INFO - 0 downstream tasks scheduled from follow-on schedule check
