[2022-06-11 19:20:39,731] {taskinstance.py:1160} INFO - Dependencies all met for <TaskInstance: gcs_2_bq_dag.move_fhvhv_files_task manual__2022-06-11T16:20:30-03:00 [queued]>
[2022-06-11 19:20:39,906] {taskinstance.py:1160} INFO - Dependencies all met for <TaskInstance: gcs_2_bq_dag.move_fhvhv_files_task manual__2022-06-11T16:20:30-03:00 [queued]>
[2022-06-11 19:20:39,915] {taskinstance.py:1357} INFO - 
--------------------------------------------------------------------------------
[2022-06-11 19:20:39,924] {taskinstance.py:1358} INFO - Starting attempt 1 of 2
[2022-06-11 19:20:39,946] {taskinstance.py:1359} INFO - 
--------------------------------------------------------------------------------
[2022-06-11 19:20:40,138] {taskinstance.py:1378} INFO - Executing <Task(GCSToGCSOperator): move_fhvhv_files_task> on 2022-06-11 19:20:30+00:00
[2022-06-11 19:20:40,393] {standard_task_runner.py:52} INFO - Started process 1086 to run task
[2022-06-11 19:20:40,441] {standard_task_runner.py:79} INFO - Running: ['***', 'tasks', 'run', 'gcs_2_bq_dag', 'move_fhvhv_files_task', 'manual__2022-06-11T16:20:30-03:00', '--job-id', '619', '--raw', '--subdir', 'DAGS_FOLDER/gcs_to_bq_dag.py', '--cfg-path', '/tmp/tmpq3veceoh', '--error-file', '/tmp/tmpr7yaok8z']
[2022-06-11 19:20:40,456] {standard_task_runner.py:80} INFO - Job 619: Subtask move_fhvhv_files_task
[2022-06-11 19:20:41,225] {task_command.py:370} INFO - Running <TaskInstance: gcs_2_bq_dag.move_fhvhv_files_task manual__2022-06-11T16:20:30-03:00 [running]> on host 0825143a1170
[2022-06-11 19:20:41,946] {taskinstance.py:1572} INFO - Exporting the following env vars:
AIRFLOW_CTX_DAG_OWNER=***
AIRFLOW_CTX_DAG_ID=gcs_2_bq_dag
AIRFLOW_CTX_TASK_ID=move_fhvhv_files_task
AIRFLOW_CTX_EXECUTION_DATE=2022-06-11T19:20:30+00:00
AIRFLOW_CTX_TRY_NUMBER=1
AIRFLOW_CTX_DAG_RUN_ID=manual__2022-06-11T16:20:30-03:00
[2022-06-11 19:20:41,959] {crypto.py:82} WARNING - empty cryptography key - values will not be stored encrypted.
[2022-06-11 19:20:41,962] {base.py:68} INFO - Using connection ID 'google_cloud_default' for task execution.
[2022-06-11 19:20:41,966] {gcs_to_gcs.py:361} INFO - Delimiter ignored because wildcard is in prefix
[2022-06-11 19:20:42,918] {taskinstance.py:1401} INFO - Marking task as SUCCESS. dag_id=gcs_2_bq_dag, task_id=move_fhvhv_files_task, execution_date=20220611T192030, start_date=20220611T192039, end_date=20220611T192042
[2022-06-11 19:20:43,114] {local_task_job.py:156} INFO - Task exited with return code 0
[2022-06-11 19:20:43,285] {local_task_job.py:273} INFO - 0 downstream tasks scheduled from follow-on schedule check
