[2022-06-13 13:18:16,882] {taskinstance.py:1160} INFO - Dependencies all met for <TaskInstance: green_taxi_ingestion_gcs_dag.local_to_gcs_task scheduled__2020-11-01T06:00:00+00:00 [queued]>
[2022-06-13 13:18:16,900] {taskinstance.py:1160} INFO - Dependencies all met for <TaskInstance: green_taxi_ingestion_gcs_dag.local_to_gcs_task scheduled__2020-11-01T06:00:00+00:00 [queued]>
[2022-06-13 13:18:16,901] {taskinstance.py:1357} INFO - 
--------------------------------------------------------------------------------
[2022-06-13 13:18:16,902] {taskinstance.py:1358} INFO - Starting attempt 1 of 1
[2022-06-13 13:18:16,904] {taskinstance.py:1359} INFO - 
--------------------------------------------------------------------------------
[2022-06-13 13:18:16,920] {taskinstance.py:1378} INFO - Executing <Task(PythonOperator): local_to_gcs_task> on 2020-11-01 06:00:00+00:00
[2022-06-13 13:18:16,929] {standard_task_runner.py:52} INFO - Started process 433 to run task
[2022-06-13 13:18:16,937] {standard_task_runner.py:79} INFO - Running: ['***', 'tasks', 'run', 'green_taxi_ingestion_gcs_dag', 'local_to_gcs_task', 'scheduled__2020-11-01T06:00:00+00:00', '--job-id', '719', '--raw', '--subdir', 'DAGS_FOLDER/green_taxi_ingestion.py', '--cfg-path', '/tmp/tmpzvjxpiag', '--error-file', '/tmp/tmplnogkjsc']
[2022-06-13 13:18:16,939] {standard_task_runner.py:80} INFO - Job 719: Subtask local_to_gcs_task
[2022-06-13 13:18:16,993] {task_command.py:370} INFO - Running <TaskInstance: green_taxi_ingestion_gcs_dag.local_to_gcs_task scheduled__2020-11-01T06:00:00+00:00 [running]> on host 0825143a1170
[2022-06-13 13:18:17,044] {warnings.py:110} WARNING - /home/***/.local/lib/python3.7/site-packages/***/utils/context.py:202: AirflowContextDeprecationWarning: Accessing 'execution_date' from the template is deprecated and will be removed in a future version. Please use 'data_interval_start' or 'logical_date' instead.
  warnings.warn(_create_deprecation_warning(key, self._deprecation_replacements[key]))

[2022-06-13 13:18:17,157] {taskinstance.py:1572} INFO - Exporting the following env vars:
AIRFLOW_CTX_DAG_OWNER=***
AIRFLOW_CTX_DAG_ID=green_taxi_ingestion_gcs_dag
AIRFLOW_CTX_TASK_ID=local_to_gcs_task
AIRFLOW_CTX_EXECUTION_DATE=2020-11-01T06:00:00+00:00
AIRFLOW_CTX_TRY_NUMBER=1
AIRFLOW_CTX_DAG_RUN_ID=scheduled__2020-11-01T06:00:00+00:00
[2022-06-13 13:18:17,741] {python.py:173} INFO - Done. Returned value was: None
[2022-06-13 13:18:17,798] {taskinstance.py:1401} INFO - Marking task as SUCCESS. dag_id=green_taxi_ingestion_gcs_dag, task_id=local_to_gcs_task, execution_date=20201101T060000, start_date=20220613T131816, end_date=20220613T131817
[2022-06-13 13:18:17,893] {local_task_job.py:156} INFO - Task exited with return code 0
[2022-06-13 13:18:17,999] {local_task_job.py:273} INFO - 0 downstream tasks scheduled from follow-on schedule check
[2022-06-13 13:30:09,451] {taskinstance.py:1160} INFO - Dependencies all met for <TaskInstance: green_taxi_ingestion_gcs_dag.local_to_gcs_task scheduled__2020-11-01T06:00:00+00:00 [queued]>
[2022-06-13 13:30:09,469] {taskinstance.py:1160} INFO - Dependencies all met for <TaskInstance: green_taxi_ingestion_gcs_dag.local_to_gcs_task scheduled__2020-11-01T06:00:00+00:00 [queued]>
[2022-06-13 13:30:09,471] {taskinstance.py:1357} INFO - 
--------------------------------------------------------------------------------
[2022-06-13 13:30:09,472] {taskinstance.py:1358} INFO - Starting attempt 1 of 1
[2022-06-13 13:30:09,473] {taskinstance.py:1359} INFO - 
--------------------------------------------------------------------------------
[2022-06-13 13:30:09,484] {taskinstance.py:1378} INFO - Executing <Task(PythonOperator): local_to_gcs_task> on 2020-11-01 06:00:00+00:00
[2022-06-13 13:30:09,500] {standard_task_runner.py:52} INFO - Started process 1498 to run task
[2022-06-13 13:30:09,518] {standard_task_runner.py:79} INFO - Running: ['***', 'tasks', 'run', 'green_taxi_ingestion_gcs_dag', 'local_to_gcs_task', 'scheduled__2020-11-01T06:00:00+00:00', '--job-id', '818', '--raw', '--subdir', 'DAGS_FOLDER/green_taxi_ingestion.py', '--cfg-path', '/tmp/tmpfkqvh_y0', '--error-file', '/tmp/tmpa1qq9vow']
[2022-06-13 13:30:09,526] {standard_task_runner.py:80} INFO - Job 818: Subtask local_to_gcs_task
[2022-06-13 13:30:09,645] {task_command.py:370} INFO - Running <TaskInstance: green_taxi_ingestion_gcs_dag.local_to_gcs_task scheduled__2020-11-01T06:00:00+00:00 [running]> on host 0825143a1170
[2022-06-13 13:30:09,707] {warnings.py:110} WARNING - /home/***/.local/lib/python3.7/site-packages/***/utils/context.py:202: AirflowContextDeprecationWarning: Accessing 'execution_date' from the template is deprecated and will be removed in a future version. Please use 'data_interval_start' or 'logical_date' instead.
  warnings.warn(_create_deprecation_warning(key, self._deprecation_replacements[key]))

[2022-06-13 13:30:09,785] {taskinstance.py:1572} INFO - Exporting the following env vars:
AIRFLOW_CTX_DAG_OWNER=***
AIRFLOW_CTX_DAG_ID=green_taxi_ingestion_gcs_dag
AIRFLOW_CTX_TASK_ID=local_to_gcs_task
AIRFLOW_CTX_EXECUTION_DATE=2020-11-01T06:00:00+00:00
AIRFLOW_CTX_TRY_NUMBER=1
AIRFLOW_CTX_DAG_RUN_ID=scheduled__2020-11-01T06:00:00+00:00
[2022-06-13 13:30:10,344] {python.py:173} INFO - Done. Returned value was: None
[2022-06-13 13:30:10,407] {taskinstance.py:1401} INFO - Marking task as SUCCESS. dag_id=green_taxi_ingestion_gcs_dag, task_id=local_to_gcs_task, execution_date=20201101T060000, start_date=20220613T133009, end_date=20220613T133010
[2022-06-13 13:30:10,515] {local_task_job.py:156} INFO - Task exited with return code 0
[2022-06-13 13:30:10,626] {local_task_job.py:273} INFO - 0 downstream tasks scheduled from follow-on schedule check
