[2022-06-13 13:26:29,257] {taskinstance.py:1160} INFO - Dependencies all met for <TaskInstance: gcs_2_bq_dag.move_green_taxi_files_task move_green_taxi_files_task [queued]>
[2022-06-13 13:26:29,278] {taskinstance.py:1160} INFO - Dependencies all met for <TaskInstance: gcs_2_bq_dag.move_green_taxi_files_task move_green_taxi_files_task [queued]>
[2022-06-13 13:26:29,281] {taskinstance.py:1357} INFO - 
--------------------------------------------------------------------------------
[2022-06-13 13:26:29,284] {taskinstance.py:1358} INFO - Starting attempt 1 of 2
[2022-06-13 13:26:29,286] {taskinstance.py:1359} INFO - 
--------------------------------------------------------------------------------
[2022-06-13 13:26:29,310] {taskinstance.py:1378} INFO - Executing <Task(GCSToGCSOperator): move_green_taxi_files_task> on 2022-06-13 13:26:16+00:00
[2022-06-13 13:26:29,325] {standard_task_runner.py:52} INFO - Started process 1049 to run task
[2022-06-13 13:26:29,339] {standard_task_runner.py:79} INFO - Running: ['***', 'tasks', 'run', 'gcs_2_bq_dag', 'move_green_taxi_files_task', 'move_green_taxi_files_task', '--job-id', '761', '--raw', '--subdir', 'DAGS_FOLDER/gcs_to_bq_dag.py', '--cfg-path', '/tmp/tmp9u7ieyd5', '--error-file', '/tmp/tmpws2zm2u1']
[2022-06-13 13:26:29,345] {standard_task_runner.py:80} INFO - Job 761: Subtask move_green_taxi_files_task
[2022-06-13 13:26:29,454] {task_command.py:370} INFO - Running <TaskInstance: gcs_2_bq_dag.move_green_taxi_files_task move_green_taxi_files_task [running]> on host 0825143a1170
[2022-06-13 13:26:29,860] {taskinstance.py:1572} INFO - Exporting the following env vars:
AIRFLOW_CTX_DAG_OWNER=***
AIRFLOW_CTX_DAG_ID=gcs_2_bq_dag
AIRFLOW_CTX_TASK_ID=move_green_taxi_files_task
AIRFLOW_CTX_EXECUTION_DATE=2022-06-13T13:26:16+00:00
AIRFLOW_CTX_TRY_NUMBER=1
AIRFLOW_CTX_DAG_RUN_ID=move_green_taxi_files_task
[2022-06-13 13:26:29,877] {crypto.py:82} WARNING - empty cryptography key - values will not be stored encrypted.
[2022-06-13 13:26:29,881] {base.py:68} INFO - Using connection ID 'google_cloud_default' for task execution.
[2022-06-13 13:26:29,887] {gcs_to_gcs.py:361} INFO - Delimiter ignored because wildcard is in prefix
[2022-06-13 13:26:30,268] {gcs_to_gcs.py:428} INFO - Executing copy of gs://dtc_data_lake_united-electron-351323/raw/output_green_taxi_2022-01.parquet to gs://dtc_data_lake_united-electron-351323/green_taxi/green_taxi_tripdata2022-01.parquet
[2022-06-13 13:26:30,331] {gcs.py:238} INFO - Total Bytes: 1254291 | Bytes Written: 1254291
[2022-06-13 13:26:30,335] {gcs.py:251} INFO - Object raw/output_green_taxi_2022-01.parquet in bucket dtc_data_lake_united-electron-351323 rewritten to object green_taxi/green_taxi_tripdata2022-01.parquet in bucket dtc_data_lake_united-electron-351323
[2022-06-13 13:26:30,371] {gcs.py:653} INFO - Blob raw/output_green_taxi_2022-01.parquet deleted.
[2022-06-13 13:26:30,374] {gcs_to_gcs.py:428} INFO - Executing copy of gs://dtc_data_lake_united-electron-351323/raw/output_green_taxi_2019-05.parquet to gs://dtc_data_lake_united-electron-351323/green_taxi/green_taxi_tripdata2019-05.parquet
[2022-06-13 13:26:30,425] {gcs.py:238} INFO - Total Bytes: 9050672 | Bytes Written: 9050672
[2022-06-13 13:26:30,428] {gcs.py:251} INFO - Object raw/output_green_taxi_2019-05.parquet in bucket dtc_data_lake_united-electron-351323 rewritten to object green_taxi/green_taxi_tripdata2019-05.parquet in bucket dtc_data_lake_united-electron-351323
[2022-06-13 13:26:30,466] {gcs.py:653} INFO - Blob raw/output_green_taxi_2019-05.parquet deleted.
[2022-06-13 13:26:30,469] {gcs_to_gcs.py:428} INFO - Executing copy of gs://dtc_data_lake_united-electron-351323/raw/output_green_taxi_2022-04.parquet to gs://dtc_data_lake_united-electron-351323/green_taxi/green_taxi_tripdata2022-04.parquet
[2022-06-13 13:26:30,512] {gcs.py:238} INFO - Total Bytes: 311 | Bytes Written: 311
[2022-06-13 13:26:30,516] {gcs.py:251} INFO - Object raw/output_green_taxi_2022-04.parquet in bucket dtc_data_lake_united-electron-351323 rewritten to object green_taxi/green_taxi_tripdata2022-04.parquet in bucket dtc_data_lake_united-electron-351323
[2022-06-13 13:26:30,557] {gcs.py:653} INFO - Blob raw/output_green_taxi_2022-04.parquet deleted.
[2022-06-13 13:26:30,559] {gcs_to_gcs.py:428} INFO - Executing copy of gs://dtc_data_lake_united-electron-351323/raw/output_green_taxi_2019-12.parquet to gs://dtc_data_lake_united-electron-351323/green_taxi/green_taxi_tripdata2019-12.parquet
[2022-06-13 13:26:30,607] {gcs.py:238} INFO - Total Bytes: 7523110 | Bytes Written: 7523110
[2022-06-13 13:26:30,609] {gcs.py:251} INFO - Object raw/output_green_taxi_2019-12.parquet in bucket dtc_data_lake_united-electron-351323 rewritten to object green_taxi/green_taxi_tripdata2019-12.parquet in bucket dtc_data_lake_united-electron-351323
[2022-06-13 13:26:30,656] {gcs.py:653} INFO - Blob raw/output_green_taxi_2019-12.parquet deleted.
[2022-06-13 13:26:30,660] {gcs_to_gcs.py:428} INFO - Executing copy of gs://dtc_data_lake_united-electron-351323/raw/output_green_taxi_2019-02.parquet to gs://dtc_data_lake_united-electron-351323/green_taxi/green_taxi_tripdata2019-02.parquet
[2022-06-13 13:26:30,749] {gcs.py:238} INFO - Total Bytes: 10316792 | Bytes Written: 10316792
[2022-06-13 13:26:30,753] {gcs.py:251} INFO - Object raw/output_green_taxi_2019-02.parquet in bucket dtc_data_lake_united-electron-351323 rewritten to object green_taxi/green_taxi_tripdata2019-02.parquet in bucket dtc_data_lake_united-electron-351323
[2022-06-13 13:26:30,800] {gcs.py:653} INFO - Blob raw/output_green_taxi_2019-02.parquet deleted.
[2022-06-13 13:26:30,804] {gcs_to_gcs.py:428} INFO - Executing copy of gs://dtc_data_lake_united-electron-351323/raw/output_green_taxi_2020-12.parquet to gs://dtc_data_lake_united-electron-351323/green_taxi/green_taxi_tripdata2020-12.parquet
[2022-06-13 13:26:30,874] {gcs.py:238} INFO - Total Bytes: 1458436 | Bytes Written: 1458436
[2022-06-13 13:26:30,886] {gcs.py:251} INFO - Object raw/output_green_taxi_2020-12.parquet in bucket dtc_data_lake_united-electron-351323 rewritten to object green_taxi/green_taxi_tripdata2020-12.parquet in bucket dtc_data_lake_united-electron-351323
[2022-06-13 13:26:30,925] {gcs.py:653} INFO - Blob raw/output_green_taxi_2020-12.parquet deleted.
[2022-06-13 13:26:30,936] {gcs_to_gcs.py:428} INFO - Executing copy of gs://dtc_data_lake_united-electron-351323/raw/output_green_taxi_2020-06.parquet to gs://dtc_data_lake_united-electron-351323/green_taxi/green_taxi_tripdata2020-06.parquet
[2022-06-13 13:26:30,989] {gcs.py:238} INFO - Total Bytes: 1205174 | Bytes Written: 1205174
[2022-06-13 13:26:30,995] {gcs.py:251} INFO - Object raw/output_green_taxi_2020-06.parquet in bucket dtc_data_lake_united-electron-351323 rewritten to object green_taxi/green_taxi_tripdata2020-06.parquet in bucket dtc_data_lake_united-electron-351323
[2022-06-13 13:26:31,065] {gcs.py:653} INFO - Blob raw/output_green_taxi_2020-06.parquet deleted.
[2022-06-13 13:26:31,079] {gcs_to_gcs.py:428} INFO - Executing copy of gs://dtc_data_lake_united-electron-351323/raw/output_green_taxi_2020-10.parquet to gs://dtc_data_lake_united-electron-351323/green_taxi/green_taxi_tripdata2020-10.parquet
[2022-06-13 13:26:31,155] {gcs.py:238} INFO - Total Bytes: 1731109 | Bytes Written: 1731109
[2022-06-13 13:26:31,165] {gcs.py:251} INFO - Object raw/output_green_taxi_2020-10.parquet in bucket dtc_data_lake_united-electron-351323 rewritten to object green_taxi/green_taxi_tripdata2020-10.parquet in bucket dtc_data_lake_united-electron-351323
[2022-06-13 13:26:31,239] {gcs.py:653} INFO - Blob raw/output_green_taxi_2020-10.parquet deleted.
[2022-06-13 13:26:31,242] {gcs_to_gcs.py:428} INFO - Executing copy of gs://dtc_data_lake_united-electron-351323/raw/output_green_taxi_2021-07.parquet to gs://dtc_data_lake_united-electron-351323/green_taxi/green_taxi_tripdata2021-07.parquet
[2022-06-13 13:26:31,284] {gcs.py:238} INFO - Total Bytes: 1618130 | Bytes Written: 1618130
[2022-06-13 13:26:31,290] {gcs.py:251} INFO - Object raw/output_green_taxi_2021-07.parquet in bucket dtc_data_lake_united-electron-351323 rewritten to object green_taxi/green_taxi_tripdata2021-07.parquet in bucket dtc_data_lake_united-electron-351323
[2022-06-13 13:26:31,344] {gcs.py:653} INFO - Blob raw/output_green_taxi_2021-07.parquet deleted.
[2022-06-13 13:26:31,347] {gcs_to_gcs.py:428} INFO - Executing copy of gs://dtc_data_lake_united-electron-351323/raw/output_green_taxi_2020-08.parquet to gs://dtc_data_lake_united-electron-351323/green_taxi/green_taxi_tripdata2020-08.parquet
[2022-06-13 13:26:31,420] {gcs.py:238} INFO - Total Bytes: 1503105 | Bytes Written: 1503105
[2022-06-13 13:26:31,434] {gcs.py:251} INFO - Object raw/output_green_taxi_2020-08.parquet in bucket dtc_data_lake_united-electron-351323 rewritten to object green_taxi/green_taxi_tripdata2020-08.parquet in bucket dtc_data_lake_united-electron-351323
[2022-06-13 13:26:31,471] {gcs.py:653} INFO - Blob raw/output_green_taxi_2020-08.parquet deleted.
[2022-06-13 13:26:31,473] {gcs_to_gcs.py:428} INFO - Executing copy of gs://dtc_data_lake_united-electron-351323/raw/output_green_taxi_2022-02.parquet to gs://dtc_data_lake_united-electron-351323/green_taxi/green_taxi_tripdata2022-02.parquet
[2022-06-13 13:26:31,509] {gcs.py:238} INFO - Total Bytes: 1428262 | Bytes Written: 1428262
[2022-06-13 13:26:31,511] {gcs.py:251} INFO - Object raw/output_green_taxi_2022-02.parquet in bucket dtc_data_lake_united-electron-351323 rewritten to object green_taxi/green_taxi_tripdata2022-02.parquet in bucket dtc_data_lake_united-electron-351323
[2022-06-13 13:26:31,542] {gcs.py:653} INFO - Blob raw/output_green_taxi_2022-02.parquet deleted.
[2022-06-13 13:26:31,545] {gcs_to_gcs.py:428} INFO - Executing copy of gs://dtc_data_lake_united-electron-351323/raw/output_green_taxi_2020-05.parquet to gs://dtc_data_lake_united-electron-351323/green_taxi/green_taxi_tripdata2020-05.parquet
[2022-06-13 13:26:31,590] {gcs.py:238} INFO - Total Bytes: 1082586 | Bytes Written: 1082586
[2022-06-13 13:26:31,592] {gcs.py:251} INFO - Object raw/output_green_taxi_2020-05.parquet in bucket dtc_data_lake_united-electron-351323 rewritten to object green_taxi/green_taxi_tripdata2020-05.parquet in bucket dtc_data_lake_united-electron-351323
[2022-06-13 13:26:31,626] {gcs.py:653} INFO - Blob raw/output_green_taxi_2020-05.parquet deleted.
[2022-06-13 13:26:31,628] {gcs_to_gcs.py:428} INFO - Executing copy of gs://dtc_data_lake_united-electron-351323/raw/output_green_taxi_2019-10.parquet to gs://dtc_data_lake_united-electron-351323/green_taxi/green_taxi_tripdata2019-10.parquet
[2022-06-13 13:26:31,668] {gcs.py:238} INFO - Total Bytes: 7864969 | Bytes Written: 7864969
[2022-06-13 13:26:31,671] {gcs.py:251} INFO - Object raw/output_green_taxi_2019-10.parquet in bucket dtc_data_lake_united-electron-351323 rewritten to object green_taxi/green_taxi_tripdata2019-10.parquet in bucket dtc_data_lake_united-electron-351323
[2022-06-13 13:26:31,702] {gcs.py:653} INFO - Blob raw/output_green_taxi_2019-10.parquet deleted.
[2022-06-13 13:26:31,705] {gcs_to_gcs.py:428} INFO - Executing copy of gs://dtc_data_lake_united-electron-351323/raw/output_green_taxi_2019-11.parquet to gs://dtc_data_lake_united-electron-351323/green_taxi/green_taxi_tripdata2019-11.parquet
[2022-06-13 13:26:31,743] {gcs.py:238} INFO - Total Bytes: 7584466 | Bytes Written: 7584466
[2022-06-13 13:26:31,746] {gcs.py:251} INFO - Object raw/output_green_taxi_2019-11.parquet in bucket dtc_data_lake_united-electron-351323 rewritten to object green_taxi/green_taxi_tripdata2019-11.parquet in bucket dtc_data_lake_united-electron-351323
[2022-06-13 13:26:31,779] {gcs.py:653} INFO - Blob raw/output_green_taxi_2019-11.parquet deleted.
[2022-06-13 13:26:31,782] {gcs_to_gcs.py:428} INFO - Executing copy of gs://dtc_data_lake_united-electron-351323/raw/output_green_taxi_2020-11.parquet to gs://dtc_data_lake_united-electron-351323/green_taxi/green_taxi_tripdata2020-11.parquet
[2022-06-13 13:26:31,821] {gcs.py:238} INFO - Total Bytes: 1616478 | Bytes Written: 1616478
[2022-06-13 13:26:31,825] {gcs.py:251} INFO - Object raw/output_green_taxi_2020-11.parquet in bucket dtc_data_lake_united-electron-351323 rewritten to object green_taxi/green_taxi_tripdata2020-11.parquet in bucket dtc_data_lake_united-electron-351323
[2022-06-13 13:26:31,866] {gcs.py:653} INFO - Blob raw/output_green_taxi_2020-11.parquet deleted.
[2022-06-13 13:26:31,869] {gcs_to_gcs.py:428} INFO - Executing copy of gs://dtc_data_lake_united-electron-351323/raw/output_green_taxi_2021-04.parquet to gs://dtc_data_lake_united-electron-351323/green_taxi/green_taxi_tripdata2021-04.parquet
[2022-06-13 13:26:31,908] {gcs.py:238} INFO - Total Bytes: 1534964 | Bytes Written: 1534964
[2022-06-13 13:26:31,911] {gcs.py:251} INFO - Object raw/output_green_taxi_2021-04.parquet in bucket dtc_data_lake_united-electron-351323 rewritten to object green_taxi/green_taxi_tripdata2021-04.parquet in bucket dtc_data_lake_united-electron-351323
[2022-06-13 13:26:31,941] {gcs.py:653} INFO - Blob raw/output_green_taxi_2021-04.parquet deleted.
[2022-06-13 13:26:31,943] {gcs_to_gcs.py:428} INFO - Executing copy of gs://dtc_data_lake_united-electron-351323/raw/output_green_taxi_2019-04.parquet to gs://dtc_data_lake_united-electron-351323/green_taxi/green_taxi_tripdata2019-04.parquet
[2022-06-13 13:26:31,983] {gcs.py:238} INFO - Total Bytes: 9412998 | Bytes Written: 9412998
[2022-06-13 13:26:31,986] {gcs.py:251} INFO - Object raw/output_green_taxi_2019-04.parquet in bucket dtc_data_lake_united-electron-351323 rewritten to object green_taxi/green_taxi_tripdata2019-04.parquet in bucket dtc_data_lake_united-electron-351323
[2022-06-13 13:26:32,020] {gcs.py:653} INFO - Blob raw/output_green_taxi_2019-04.parquet deleted.
[2022-06-13 13:26:32,024] {gcs_to_gcs.py:428} INFO - Executing copy of gs://dtc_data_lake_united-electron-351323/raw/output_green_taxi_2020-04.parquet to gs://dtc_data_lake_united-electron-351323/green_taxi/green_taxi_tripdata2020-04.parquet
[2022-06-13 13:26:32,066] {gcs.py:238} INFO - Total Bytes: 713573 | Bytes Written: 713573
[2022-06-13 13:26:32,075] {gcs.py:251} INFO - Object raw/output_green_taxi_2020-04.parquet in bucket dtc_data_lake_united-electron-351323 rewritten to object green_taxi/green_taxi_tripdata2020-04.parquet in bucket dtc_data_lake_united-electron-351323
[2022-06-13 13:26:32,116] {gcs.py:653} INFO - Blob raw/output_green_taxi_2020-04.parquet deleted.
[2022-06-13 13:26:32,120] {gcs_to_gcs.py:428} INFO - Executing copy of gs://dtc_data_lake_united-electron-351323/raw/output_green_taxi_2019-03.parquet to gs://dtc_data_lake_united-electron-351323/green_taxi/green_taxi_tripdata2019-03.parquet
[2022-06-13 13:26:32,165] {gcs.py:238} INFO - Total Bytes: 10760872 | Bytes Written: 10760872
[2022-06-13 13:26:32,172] {gcs.py:251} INFO - Object raw/output_green_taxi_2019-03.parquet in bucket dtc_data_lake_united-electron-351323 rewritten to object green_taxi/green_taxi_tripdata2019-03.parquet in bucket dtc_data_lake_united-electron-351323
[2022-06-13 13:26:32,205] {gcs.py:653} INFO - Blob raw/output_green_taxi_2019-03.parquet deleted.
[2022-06-13 13:26:32,209] {gcs_to_gcs.py:428} INFO - Executing copy of gs://dtc_data_lake_united-electron-351323/raw/output_green_taxi_2021-12.parquet to gs://dtc_data_lake_united-electron-351323/green_taxi/green_taxi_tripdata2021-12.parquet
[2022-06-13 13:26:32,251] {gcs.py:238} INFO - Total Bytes: 2008137 | Bytes Written: 2008137
[2022-06-13 13:26:32,257] {gcs.py:251} INFO - Object raw/output_green_taxi_2021-12.parquet in bucket dtc_data_lake_united-electron-351323 rewritten to object green_taxi/green_taxi_tripdata2021-12.parquet in bucket dtc_data_lake_united-electron-351323
[2022-06-13 13:26:32,297] {gcs.py:653} INFO - Blob raw/output_green_taxi_2021-12.parquet deleted.
[2022-06-13 13:26:32,299] {gcs_to_gcs.py:428} INFO - Executing copy of gs://dtc_data_lake_united-electron-351323/raw/output_green_taxi_2021-03.parquet to gs://dtc_data_lake_united-electron-351323/green_taxi/green_taxi_tripdata2021-03.parquet
[2022-06-13 13:26:32,343] {gcs.py:238} INFO - Total Bytes: 1474538 | Bytes Written: 1474538
[2022-06-13 13:26:32,347] {gcs.py:251} INFO - Object raw/output_green_taxi_2021-03.parquet in bucket dtc_data_lake_united-electron-351323 rewritten to object green_taxi/green_taxi_tripdata2021-03.parquet in bucket dtc_data_lake_united-electron-351323
[2022-06-13 13:26:32,388] {gcs.py:653} INFO - Blob raw/output_green_taxi_2021-03.parquet deleted.
[2022-06-13 13:26:32,391] {gcs_to_gcs.py:428} INFO - Executing copy of gs://dtc_data_lake_united-electron-351323/raw/output_green_taxi_2019-06.parquet to gs://dtc_data_lake_united-electron-351323/green_taxi/green_taxi_tripdata2019-06.parquet
[2022-06-13 13:26:32,432] {gcs.py:238} INFO - Total Bytes: 8548670 | Bytes Written: 8548670
[2022-06-13 13:26:32,436] {gcs.py:251} INFO - Object raw/output_green_taxi_2019-06.parquet in bucket dtc_data_lake_united-electron-351323 rewritten to object green_taxi/green_taxi_tripdata2019-06.parquet in bucket dtc_data_lake_united-electron-351323
[2022-06-13 13:26:32,472] {gcs.py:653} INFO - Blob raw/output_green_taxi_2019-06.parquet deleted.
[2022-06-13 13:26:32,474] {gcs_to_gcs.py:428} INFO - Executing copy of gs://dtc_data_lake_united-electron-351323/raw/output_green_taxi_2021-01.parquet to gs://dtc_data_lake_united-electron-351323/green_taxi/green_taxi_tripdata2021-01.parquet
[2022-06-13 13:26:32,517] {gcs.py:238} INFO - Total Bytes: 1333519 | Bytes Written: 1333519
[2022-06-13 13:26:32,520] {gcs.py:251} INFO - Object raw/output_green_taxi_2021-01.parquet in bucket dtc_data_lake_united-electron-351323 rewritten to object green_taxi/green_taxi_tripdata2021-01.parquet in bucket dtc_data_lake_united-electron-351323
[2022-06-13 13:26:32,596] {gcs.py:653} INFO - Blob raw/output_green_taxi_2021-01.parquet deleted.
[2022-06-13 13:26:32,600] {gcs_to_gcs.py:428} INFO - Executing copy of gs://dtc_data_lake_united-electron-351323/raw/output_green_taxi_2020-03.parquet to gs://dtc_data_lake_united-electron-351323/green_taxi/green_taxi_tripdata2020-03.parquet
[2022-06-13 13:26:32,649] {gcs.py:238} INFO - Total Bytes: 4019591 | Bytes Written: 4019591
[2022-06-13 13:26:32,660] {gcs.py:251} INFO - Object raw/output_green_taxi_2020-03.parquet in bucket dtc_data_lake_united-electron-351323 rewritten to object green_taxi/green_taxi_tripdata2020-03.parquet in bucket dtc_data_lake_united-electron-351323
[2022-06-13 13:26:32,704] {gcs.py:653} INFO - Blob raw/output_green_taxi_2020-03.parquet deleted.
[2022-06-13 13:26:32,709] {gcs_to_gcs.py:428} INFO - Executing copy of gs://dtc_data_lake_united-electron-351323/raw/output_green_taxi_2021-09.parquet to gs://dtc_data_lake_united-electron-351323/green_taxi/green_taxi_tripdata2021-09.parquet
[2022-06-13 13:26:32,757] {gcs.py:238} INFO - Total Bytes: 1883216 | Bytes Written: 1883216
[2022-06-13 13:26:32,759] {gcs.py:251} INFO - Object raw/output_green_taxi_2021-09.parquet in bucket dtc_data_lake_united-electron-351323 rewritten to object green_taxi/green_taxi_tripdata2021-09.parquet in bucket dtc_data_lake_united-electron-351323
[2022-06-13 13:26:32,791] {gcs.py:653} INFO - Blob raw/output_green_taxi_2021-09.parquet deleted.
[2022-06-13 13:26:32,794] {gcs_to_gcs.py:428} INFO - Executing copy of gs://dtc_data_lake_united-electron-351323/raw/output_green_taxi_2022-03.parquet to gs://dtc_data_lake_united-electron-351323/green_taxi/green_taxi_tripdata2022-03.parquet
[2022-06-13 13:26:32,830] {gcs.py:238} INFO - Total Bytes: 1615562 | Bytes Written: 1615562
[2022-06-13 13:26:32,833] {gcs.py:251} INFO - Object raw/output_green_taxi_2022-03.parquet in bucket dtc_data_lake_united-electron-351323 rewritten to object green_taxi/green_taxi_tripdata2022-03.parquet in bucket dtc_data_lake_united-electron-351323
[2022-06-13 13:26:32,868] {gcs.py:653} INFO - Blob raw/output_green_taxi_2022-03.parquet deleted.
[2022-06-13 13:26:32,870] {gcs_to_gcs.py:428} INFO - Executing copy of gs://dtc_data_lake_united-electron-351323/raw/output_green_taxi_2019-01.parquet to gs://dtc_data_lake_united-electron-351323/green_taxi/green_taxi_tripdata2019-01.parquet
[2022-06-13 13:26:32,913] {gcs.py:238} INFO - Total Bytes: 11071980 | Bytes Written: 11071980
[2022-06-13 13:26:32,922] {gcs.py:251} INFO - Object raw/output_green_taxi_2019-01.parquet in bucket dtc_data_lake_united-electron-351323 rewritten to object green_taxi/green_taxi_tripdata2019-01.parquet in bucket dtc_data_lake_united-electron-351323
[2022-06-13 13:26:32,975] {gcs.py:653} INFO - Blob raw/output_green_taxi_2019-01.parquet deleted.
[2022-06-13 13:26:32,978] {gcs_to_gcs.py:428} INFO - Executing copy of gs://dtc_data_lake_united-electron-351323/raw/output_green_taxi_2020-01.parquet to gs://dtc_data_lake_united-electron-351323/green_taxi/green_taxi_tripdata2020-01.parquet
[2022-06-13 13:26:33,018] {gcs.py:238} INFO - Total Bytes: 7183298 | Bytes Written: 7183298
[2022-06-13 13:26:33,020] {gcs.py:251} INFO - Object raw/output_green_taxi_2020-01.parquet in bucket dtc_data_lake_united-electron-351323 rewritten to object green_taxi/green_taxi_tripdata2020-01.parquet in bucket dtc_data_lake_united-electron-351323
[2022-06-13 13:26:33,055] {gcs.py:653} INFO - Blob raw/output_green_taxi_2020-01.parquet deleted.
[2022-06-13 13:26:33,057] {gcs_to_gcs.py:428} INFO - Executing copy of gs://dtc_data_lake_united-electron-351323/raw/output_green_taxi_2020-09.parquet to gs://dtc_data_lake_united-electron-351323/green_taxi/green_taxi_tripdata2020-09.parquet
[2022-06-13 13:26:33,103] {gcs.py:238} INFO - Total Bytes: 1586731 | Bytes Written: 1586731
[2022-06-13 13:26:33,108] {gcs.py:251} INFO - Object raw/output_green_taxi_2020-09.parquet in bucket dtc_data_lake_united-electron-351323 rewritten to object green_taxi/green_taxi_tripdata2020-09.parquet in bucket dtc_data_lake_united-electron-351323
[2022-06-13 13:26:33,148] {gcs.py:653} INFO - Blob raw/output_green_taxi_2020-09.parquet deleted.
[2022-06-13 13:26:33,153] {gcs_to_gcs.py:428} INFO - Executing copy of gs://dtc_data_lake_united-electron-351323/raw/output_green_taxi_2021-02.parquet to gs://dtc_data_lake_united-electron-351323/green_taxi/green_taxi_tripdata2021-02.parquet
[2022-06-13 13:26:33,192] {gcs.py:238} INFO - Total Bytes: 1145679 | Bytes Written: 1145679
[2022-06-13 13:26:33,193] {gcs.py:251} INFO - Object raw/output_green_taxi_2021-02.parquet in bucket dtc_data_lake_united-electron-351323 rewritten to object green_taxi/green_taxi_tripdata2021-02.parquet in bucket dtc_data_lake_united-electron-351323
[2022-06-13 13:26:33,224] {gcs.py:653} INFO - Blob raw/output_green_taxi_2021-02.parquet deleted.
[2022-06-13 13:26:33,227] {gcs_to_gcs.py:428} INFO - Executing copy of gs://dtc_data_lake_united-electron-351323/raw/output_green_taxi_2020-02.parquet to gs://dtc_data_lake_united-electron-351323/green_taxi/green_taxi_tripdata2020-02.parquet
[2022-06-13 13:26:33,269] {gcs.py:238} INFO - Total Bytes: 6649395 | Bytes Written: 6649395
[2022-06-13 13:26:33,270] {gcs.py:251} INFO - Object raw/output_green_taxi_2020-02.parquet in bucket dtc_data_lake_united-electron-351323 rewritten to object green_taxi/green_taxi_tripdata2020-02.parquet in bucket dtc_data_lake_united-electron-351323
[2022-06-13 13:26:33,303] {gcs.py:653} INFO - Blob raw/output_green_taxi_2020-02.parquet deleted.
[2022-06-13 13:26:33,304] {gcs_to_gcs.py:428} INFO - Executing copy of gs://dtc_data_lake_united-electron-351323/raw/output_green_taxi_2021-10.parquet to gs://dtc_data_lake_united-electron-351323/green_taxi/green_taxi_tripdata2021-10.parquet
[2022-06-13 13:26:33,339] {gcs.py:238} INFO - Total Bytes: 2167393 | Bytes Written: 2167393
[2022-06-13 13:26:33,341] {gcs.py:251} INFO - Object raw/output_green_taxi_2021-10.parquet in bucket dtc_data_lake_united-electron-351323 rewritten to object green_taxi/green_taxi_tripdata2021-10.parquet in bucket dtc_data_lake_united-electron-351323
[2022-06-13 13:26:33,374] {gcs.py:653} INFO - Blob raw/output_green_taxi_2021-10.parquet deleted.
[2022-06-13 13:26:33,375] {gcs_to_gcs.py:428} INFO - Executing copy of gs://dtc_data_lake_united-electron-351323/raw/output_green_taxi_2020-07.parquet to gs://dtc_data_lake_united-electron-351323/green_taxi/green_taxi_tripdata2020-07.parquet
[2022-06-13 13:26:33,407] {gcs.py:238} INFO - Total Bytes: 1308197 | Bytes Written: 1308197
[2022-06-13 13:26:33,408] {gcs.py:251} INFO - Object raw/output_green_taxi_2020-07.parquet in bucket dtc_data_lake_united-electron-351323 rewritten to object green_taxi/green_taxi_tripdata2020-07.parquet in bucket dtc_data_lake_united-electron-351323
[2022-06-13 13:26:33,435] {gcs.py:653} INFO - Blob raw/output_green_taxi_2020-07.parquet deleted.
[2022-06-13 13:26:33,436] {gcs_to_gcs.py:428} INFO - Executing copy of gs://dtc_data_lake_united-electron-351323/raw/output_green_taxi_2019-08.parquet to gs://dtc_data_lake_united-electron-351323/green_taxi/green_taxi_tripdata2019-08.parquet
[2022-06-13 13:26:33,468] {gcs.py:238} INFO - Total Bytes: 7554849 | Bytes Written: 7554849
[2022-06-13 13:26:33,469] {gcs.py:251} INFO - Object raw/output_green_taxi_2019-08.parquet in bucket dtc_data_lake_united-electron-351323 rewritten to object green_taxi/green_taxi_tripdata2019-08.parquet in bucket dtc_data_lake_united-electron-351323
[2022-06-13 13:26:33,500] {gcs.py:653} INFO - Blob raw/output_green_taxi_2019-08.parquet deleted.
[2022-06-13 13:26:33,503] {gcs_to_gcs.py:428} INFO - Executing copy of gs://dtc_data_lake_united-electron-351323/raw/output_green_taxi_2021-11.parquet to gs://dtc_data_lake_united-electron-351323/green_taxi/green_taxi_tripdata2021-11.parquet
[2022-06-13 13:26:33,537] {gcs.py:238} INFO - Total Bytes: 2129145 | Bytes Written: 2129145
[2022-06-13 13:26:33,539] {gcs.py:251} INFO - Object raw/output_green_taxi_2021-11.parquet in bucket dtc_data_lake_united-electron-351323 rewritten to object green_taxi/green_taxi_tripdata2021-11.parquet in bucket dtc_data_lake_united-electron-351323
[2022-06-13 13:26:33,569] {gcs.py:653} INFO - Blob raw/output_green_taxi_2021-11.parquet deleted.
[2022-06-13 13:26:33,574] {gcs_to_gcs.py:428} INFO - Executing copy of gs://dtc_data_lake_united-electron-351323/raw/output_green_taxi_2019-07.parquet to gs://dtc_data_lake_united-electron-351323/green_taxi/green_taxi_tripdata2019-07.parquet
[2022-06-13 13:26:33,606] {gcs.py:238} INFO - Total Bytes: 7921122 | Bytes Written: 7921122
[2022-06-13 13:26:33,609] {gcs.py:251} INFO - Object raw/output_green_taxi_2019-07.parquet in bucket dtc_data_lake_united-electron-351323 rewritten to object green_taxi/green_taxi_tripdata2019-07.parquet in bucket dtc_data_lake_united-electron-351323
[2022-06-13 13:26:33,646] {gcs.py:653} INFO - Blob raw/output_green_taxi_2019-07.parquet deleted.
[2022-06-13 13:26:33,647] {gcs_to_gcs.py:428} INFO - Executing copy of gs://dtc_data_lake_united-electron-351323/raw/output_green_taxi_2021-06.parquet to gs://dtc_data_lake_united-electron-351323/green_taxi/green_taxi_tripdata2021-06.parquet
[2022-06-13 13:26:33,687] {gcs.py:238} INFO - Total Bytes: 1676692 | Bytes Written: 1676692
[2022-06-13 13:26:33,688] {gcs.py:251} INFO - Object raw/output_green_taxi_2021-06.parquet in bucket dtc_data_lake_united-electron-351323 rewritten to object green_taxi/green_taxi_tripdata2021-06.parquet in bucket dtc_data_lake_united-electron-351323
[2022-06-13 13:26:33,720] {gcs.py:653} INFO - Blob raw/output_green_taxi_2021-06.parquet deleted.
[2022-06-13 13:26:33,721] {gcs_to_gcs.py:428} INFO - Executing copy of gs://dtc_data_lake_united-electron-351323/raw/output_green_taxi_2021-05.parquet to gs://dtc_data_lake_united-electron-351323/green_taxi/green_taxi_tripdata2021-05.parquet
[2022-06-13 13:26:33,754] {gcs.py:238} INFO - Total Bytes: 1660008 | Bytes Written: 1660008
[2022-06-13 13:26:33,755] {gcs.py:251} INFO - Object raw/output_green_taxi_2021-05.parquet in bucket dtc_data_lake_united-electron-351323 rewritten to object green_taxi/green_taxi_tripdata2021-05.parquet in bucket dtc_data_lake_united-electron-351323
[2022-06-13 13:26:33,782] {gcs.py:653} INFO - Blob raw/output_green_taxi_2021-05.parquet deleted.
[2022-06-13 13:26:33,783] {gcs_to_gcs.py:428} INFO - Executing copy of gs://dtc_data_lake_united-electron-351323/raw/output_green_taxi_2022-05.parquet to gs://dtc_data_lake_united-electron-351323/green_taxi/green_taxi_tripdata2022-05.parquet
[2022-06-13 13:26:33,817] {gcs.py:238} INFO - Total Bytes: 311 | Bytes Written: 311
[2022-06-13 13:26:33,818] {gcs.py:251} INFO - Object raw/output_green_taxi_2022-05.parquet in bucket dtc_data_lake_united-electron-351323 rewritten to object green_taxi/green_taxi_tripdata2022-05.parquet in bucket dtc_data_lake_united-electron-351323
[2022-06-13 13:26:33,846] {gcs.py:653} INFO - Blob raw/output_green_taxi_2022-05.parquet deleted.
[2022-06-13 13:26:33,848] {gcs_to_gcs.py:428} INFO - Executing copy of gs://dtc_data_lake_united-electron-351323/raw/output_green_taxi_2022-06.parquet to gs://dtc_data_lake_united-electron-351323/green_taxi/green_taxi_tripdata2022-06.parquet
[2022-06-13 13:26:33,883] {gcs.py:238} INFO - Total Bytes: 311 | Bytes Written: 311
[2022-06-13 13:26:33,885] {gcs.py:251} INFO - Object raw/output_green_taxi_2022-06.parquet in bucket dtc_data_lake_united-electron-351323 rewritten to object green_taxi/green_taxi_tripdata2022-06.parquet in bucket dtc_data_lake_united-electron-351323
[2022-06-13 13:26:33,920] {gcs.py:653} INFO - Blob raw/output_green_taxi_2022-06.parquet deleted.
[2022-06-13 13:26:33,921] {gcs_to_gcs.py:428} INFO - Executing copy of gs://dtc_data_lake_united-electron-351323/raw/output_green_taxi_2021-08.parquet to gs://dtc_data_lake_united-electron-351323/green_taxi/green_taxi_tripdata2021-08.parquet
[2022-06-13 13:26:33,952] {gcs.py:238} INFO - Total Bytes: 1614286 | Bytes Written: 1614286
[2022-06-13 13:26:33,954] {gcs.py:251} INFO - Object raw/output_green_taxi_2021-08.parquet in bucket dtc_data_lake_united-electron-351323 rewritten to object green_taxi/green_taxi_tripdata2021-08.parquet in bucket dtc_data_lake_united-electron-351323
[2022-06-13 13:26:33,979] {gcs.py:653} INFO - Blob raw/output_green_taxi_2021-08.parquet deleted.
[2022-06-13 13:26:33,982] {gcs_to_gcs.py:428} INFO - Executing copy of gs://dtc_data_lake_united-electron-351323/raw/output_green_taxi_2019-09.parquet to gs://dtc_data_lake_united-electron-351323/green_taxi/green_taxi_tripdata2019-09.parquet
[2022-06-13 13:26:34,015] {gcs.py:238} INFO - Total Bytes: 7692006 | Bytes Written: 7692006
[2022-06-13 13:26:34,017] {gcs.py:251} INFO - Object raw/output_green_taxi_2019-09.parquet in bucket dtc_data_lake_united-electron-351323 rewritten to object green_taxi/green_taxi_tripdata2019-09.parquet in bucket dtc_data_lake_united-electron-351323
[2022-06-13 13:26:34,044] {gcs.py:653} INFO - Blob raw/output_green_taxi_2019-09.parquet deleted.
[2022-06-13 13:26:34,067] {taskinstance.py:1401} INFO - Marking task as SUCCESS. dag_id=gcs_2_bq_dag, task_id=move_green_taxi_files_task, execution_date=20220613T132616, start_date=20220613T132629, end_date=20220613T132634
[2022-06-13 13:26:34,138] {local_task_job.py:156} INFO - Task exited with return code 0
[2022-06-13 13:26:34,189] {local_task_job.py:273} INFO - 1 downstream tasks scheduled from follow-on schedule check
