[2022-07-18 23:55:21,715] {taskinstance.py:1160} INFO - Dependencies all met for <TaskInstance: local_to_gcs.local_to_gcs_task scheduled__1999-01-10T06:00:00+00:00 [queued]>
[2022-07-18 23:55:21,752] {taskinstance.py:1160} INFO - Dependencies all met for <TaskInstance: local_to_gcs.local_to_gcs_task scheduled__1999-01-10T06:00:00+00:00 [queued]>
[2022-07-18 23:55:21,754] {taskinstance.py:1357} INFO - 
--------------------------------------------------------------------------------
[2022-07-18 23:55:21,760] {taskinstance.py:1358} INFO - Starting attempt 1 of 1
[2022-07-18 23:55:21,762] {taskinstance.py:1359} INFO - 
--------------------------------------------------------------------------------
[2022-07-18 23:55:21,796] {taskinstance.py:1378} INFO - Executing <Task(PythonOperator): local_to_gcs_task> on 1999-01-10 06:00:00+00:00
[2022-07-18 23:55:21,807] {standard_task_runner.py:52} INFO - Started process 40631 to run task
[2022-07-18 23:55:21,812] {standard_task_runner.py:79} INFO - Running: ['***', 'tasks', 'run', 'local_to_gcs', 'local_to_gcs_task', 'scheduled__1999-01-10T06:00:00+00:00', '--job-id', '88', '--raw', '--subdir', 'DAGS_FOLDER/local_to_gcs.py', '--cfg-path', '/tmp/tmp3n8u244x', '--error-file', '/tmp/tmpk6avyz8x']
[2022-07-18 23:55:21,817] {standard_task_runner.py:80} INFO - Job 88: Subtask local_to_gcs_task
[2022-07-18 23:55:21,922] {task_command.py:370} INFO - Running <TaskInstance: local_to_gcs.local_to_gcs_task scheduled__1999-01-10T06:00:00+00:00 [running]> on host 32d1f26135d5
[2022-07-18 23:55:22,061] {taskinstance.py:1572} INFO - Exporting the following env vars:
AIRFLOW_CTX_DAG_OWNER=***
AIRFLOW_CTX_DAG_ID=local_to_gcs
AIRFLOW_CTX_TASK_ID=local_to_gcs_task
AIRFLOW_CTX_EXECUTION_DATE=1999-01-10T06:00:00+00:00
AIRFLOW_CTX_TRY_NUMBER=1
AIRFLOW_CTX_DAG_RUN_ID=scheduled__1999-01-10T06:00:00+00:00
[2022-07-18 23:55:29,688] {python.py:173} INFO - Done. Returned value was: None
[2022-07-18 23:55:29,755] {taskinstance.py:1401} INFO - Marking task as SUCCESS. dag_id=local_to_gcs, task_id=local_to_gcs_task, execution_date=19990110T060000, start_date=20220718T235521, end_date=20220718T235529
[2022-07-18 23:55:29,878] {local_task_job.py:156} INFO - Task exited with return code 0
[2022-07-18 23:55:29,949] {local_task_job.py:273} INFO - 0 downstream tasks scheduled from follow-on schedule check
