[2022-06-01 13:04:47,961] {taskinstance.py:1160} INFO - Dependencies all met for <TaskInstance: gcs_2_bq_dag.move_yellow_taxi_files_task scheduled__2022-05-31T00:00:00+00:00 [queued]>
[2022-06-01 13:04:47,980] {taskinstance.py:1160} INFO - Dependencies all met for <TaskInstance: gcs_2_bq_dag.move_yellow_taxi_files_task scheduled__2022-05-31T00:00:00+00:00 [queued]>
[2022-06-01 13:04:47,982] {taskinstance.py:1357} INFO - 
--------------------------------------------------------------------------------
[2022-06-01 13:04:47,985] {taskinstance.py:1358} INFO - Starting attempt 3 of 4
[2022-06-01 13:04:47,986] {taskinstance.py:1359} INFO - 
--------------------------------------------------------------------------------
[2022-06-01 13:04:48,008] {taskinstance.py:1378} INFO - Executing <Task(GCSToGCSOperator): move_yellow_taxi_files_task> on 2022-05-31 00:00:00+00:00
[2022-06-01 13:04:48,027] {standard_task_runner.py:52} INFO - Started process 6691 to run task
[2022-06-01 13:04:48,034] {standard_task_runner.py:79} INFO - Running: ['***', 'tasks', 'run', 'gcs_2_bq_dag', 'move_yellow_taxi_files_task', 'scheduled__2022-05-31T00:00:00+00:00', '--job-id', '530', '--raw', '--subdir', 'DAGS_FOLDER/gcs_to_bq_dag.py', '--cfg-path', '/tmp/tmp8yp8c8y_', '--error-file', '/tmp/tmppae6n_hu']
[2022-06-01 13:04:48,037] {standard_task_runner.py:80} INFO - Job 530: Subtask move_yellow_taxi_files_task
[2022-06-01 13:04:48,151] {task_command.py:370} INFO - Running <TaskInstance: gcs_2_bq_dag.move_yellow_taxi_files_task scheduled__2022-05-31T00:00:00+00:00 [running]> on host 80b81dda36ea
[2022-06-01 13:04:48,264] {taskinstance.py:1572} INFO - Exporting the following env vars:
AIRFLOW_CTX_DAG_OWNER=***
AIRFLOW_CTX_DAG_ID=gcs_2_bq_dag
AIRFLOW_CTX_TASK_ID=move_yellow_taxi_files_task
AIRFLOW_CTX_EXECUTION_DATE=2022-05-31T00:00:00+00:00
AIRFLOW_CTX_TRY_NUMBER=3
AIRFLOW_CTX_DAG_RUN_ID=scheduled__2022-05-31T00:00:00+00:00
[2022-06-01 13:04:48,269] {crypto.py:82} WARNING - empty cryptography key - values will not be stored encrypted.
[2022-06-01 13:04:48,271] {base.py:68} INFO - Using connection ID 'google_cloud_default' for task execution.
[2022-06-01 13:04:48,273] {gcs_to_gcs.py:361} INFO - Delimiter ignored because wildcard is in prefix
[2022-06-01 13:04:48,678] {taskinstance.py:1401} INFO - Marking task as SUCCESS. dag_id=gcs_2_bq_dag, task_id=move_yellow_taxi_files_task, execution_date=20220531T000000, start_date=20220601T130447, end_date=20220601T130448
[2022-06-01 13:04:48,751] {local_task_job.py:156} INFO - Task exited with return code 0
[2022-06-01 13:04:48,867] {local_task_job.py:273} INFO - 1 downstream tasks scheduled from follow-on schedule check
