[2022-07-19 23:42:55,830] {taskinstance.py:1160} INFO - Dependencies all met for <TaskInstance: gcs_to_bq.move_country_product_trade_files_task manual__2022-07-19T23:42:49.341835+00:00 [queued]>
[2022-07-19 23:42:55,842] {taskinstance.py:1160} INFO - Dependencies all met for <TaskInstance: gcs_to_bq.move_country_product_trade_files_task manual__2022-07-19T23:42:49.341835+00:00 [queued]>
[2022-07-19 23:42:55,844] {taskinstance.py:1357} INFO - 
--------------------------------------------------------------------------------
[2022-07-19 23:42:55,845] {taskinstance.py:1358} INFO - Starting attempt 1 of 2
[2022-07-19 23:42:55,850] {taskinstance.py:1359} INFO - 
--------------------------------------------------------------------------------
[2022-07-19 23:43:00,412] {taskinstance.py:1378} INFO - Executing <Task(GCSToGCSOperator): move_country_product_trade_files_task> on 2022-07-19 23:42:49.341835+00:00
[2022-07-19 23:43:00,501] {standard_task_runner.py:52} INFO - Started process 73830 to run task
[2022-07-19 23:43:00,518] {standard_task_runner.py:79} INFO - Running: ['***', 'tasks', 'run', 'gcs_to_bq', 'move_country_product_trade_files_task', 'manual__2022-07-19T23:42:49.341835+00:00', '--job-id', '89', '--raw', '--subdir', 'DAGS_FOLDER/gcs_to_bq_dag.py', '--cfg-path', '/tmp/tmpacgukq1w', '--error-file', '/tmp/tmp0wn7gq6y']
[2022-07-19 23:43:00,526] {standard_task_runner.py:80} INFO - Job 89: Subtask move_country_product_trade_files_task
[2022-07-19 23:43:01,162] {task_command.py:370} INFO - Running <TaskInstance: gcs_to_bq.move_country_product_trade_files_task manual__2022-07-19T23:42:49.341835+00:00 [running]> on host 32d1f26135d5
[2022-07-19 23:43:01,406] {taskinstance.py:1572} INFO - Exporting the following env vars:
AIRFLOW_CTX_DAG_OWNER=***
AIRFLOW_CTX_DAG_ID=gcs_to_bq
AIRFLOW_CTX_TASK_ID=move_country_product_trade_files_task
AIRFLOW_CTX_EXECUTION_DATE=2022-07-19T23:42:49.341835+00:00
AIRFLOW_CTX_TRY_NUMBER=1
AIRFLOW_CTX_DAG_RUN_ID=manual__2022-07-19T23:42:49.341835+00:00
[2022-07-19 23:43:01,424] {crypto.py:82} WARNING - empty cryptography key - values will not be stored encrypted.
[2022-07-19 23:43:01,429] {base.py:68} INFO - Using connection ID 'google_cloud_default' for task execution.
[2022-07-19 23:43:01,433] {gcs_to_gcs.py:361} INFO - Delimiter ignored because wildcard is in prefix
[2022-07-19 23:43:02,118] {taskinstance.py:1401} INFO - Marking task as SUCCESS. dag_id=gcs_to_bq, task_id=move_country_product_trade_files_task, execution_date=20220719T234249, start_date=20220719T234255, end_date=20220719T234302
[2022-07-19 23:43:02,376] {local_task_job.py:156} INFO - Task exited with return code 0
[2022-07-19 23:43:02,790] {local_task_job.py:273} INFO - 0 downstream tasks scheduled from follow-on schedule check
