[2022-07-18 23:03:49,318] {taskinstance.py:1160} INFO - Dependencies all met for <TaskInstance: local_to_gcs.format_to_parquet_task manual__2022-07-18T23:03:47.954819+00:00 [queued]>
[2022-07-18 23:03:49,337] {taskinstance.py:1160} INFO - Dependencies all met for <TaskInstance: local_to_gcs.format_to_parquet_task manual__2022-07-18T23:03:47.954819+00:00 [queued]>
[2022-07-18 23:03:49,339] {taskinstance.py:1357} INFO - 
--------------------------------------------------------------------------------
[2022-07-18 23:03:49,342] {taskinstance.py:1358} INFO - Starting attempt 1 of 1
[2022-07-18 23:03:49,346] {taskinstance.py:1359} INFO - 
--------------------------------------------------------------------------------
[2022-07-18 23:03:49,369] {taskinstance.py:1378} INFO - Executing <Task(PythonOperator): format_to_parquet_task> on 2022-07-18 23:03:47.954819+00:00
[2022-07-18 23:03:49,391] {standard_task_runner.py:52} INFO - Started process 38118 to run task
[2022-07-18 23:03:49,397] {standard_task_runner.py:79} INFO - Running: ['***', 'tasks', 'run', 'local_to_gcs', 'format_to_parquet_task', 'manual__2022-07-18T23:03:47.954819+00:00', '--job-id', '31', '--raw', '--subdir', 'DAGS_FOLDER/local_to_gcs.py', '--cfg-path', '/tmp/tmp4tec0sd3', '--error-file', '/tmp/tmpn3zxulsn']
[2022-07-18 23:03:49,400] {standard_task_runner.py:80} INFO - Job 31: Subtask format_to_parquet_task
[2022-07-18 23:03:49,477] {task_command.py:370} INFO - Running <TaskInstance: local_to_gcs.format_to_parquet_task manual__2022-07-18T23:03:47.954819+00:00 [running]> on host 32d1f26135d5
[2022-07-18 23:03:49,554] {taskinstance.py:1572} INFO - Exporting the following env vars:
AIRFLOW_CTX_DAG_OWNER=***
AIRFLOW_CTX_DAG_ID=local_to_gcs
AIRFLOW_CTX_TASK_ID=format_to_parquet_task
AIRFLOW_CTX_EXECUTION_DATE=2022-07-18T23:03:47.954819+00:00
AIRFLOW_CTX_TRY_NUMBER=1
AIRFLOW_CTX_DAG_RUN_ID=manual__2022-07-18T23:03:47.954819+00:00
[2022-07-18 23:04:07,408] {python.py:173} INFO - Done. Returned value was: None
[2022-07-18 23:04:07,467] {taskinstance.py:1401} INFO - Marking task as SUCCESS. dag_id=local_to_gcs, task_id=format_to_parquet_task, execution_date=20220718T230347, start_date=20220718T230349, end_date=20220718T230407
[2022-07-18 23:04:08,697] {local_task_job.py:156} INFO - Task exited with return code 0
[2022-07-18 23:04:08,820] {local_task_job.py:273} INFO - 0 downstream tasks scheduled from follow-on schedule check
