[2022-06-13 13:18:53,370] {taskinstance.py:1160} INFO - Dependencies all met for <TaskInstance: green_taxi_ingestion_gcs_dag.download_dataset_task scheduled__2022-05-01T06:00:00+00:00 [queued]>
[2022-06-13 13:18:53,377] {taskinstance.py:1160} INFO - Dependencies all met for <TaskInstance: green_taxi_ingestion_gcs_dag.download_dataset_task scheduled__2022-05-01T06:00:00+00:00 [queued]>
[2022-06-13 13:18:53,378] {taskinstance.py:1357} INFO - 
--------------------------------------------------------------------------------
[2022-06-13 13:18:53,379] {taskinstance.py:1358} INFO - Starting attempt 1 of 1
[2022-06-13 13:18:53,380] {taskinstance.py:1359} INFO - 
--------------------------------------------------------------------------------
[2022-06-13 13:18:53,388] {taskinstance.py:1378} INFO - Executing <Task(BashOperator): download_dataset_task> on 2022-05-01 06:00:00+00:00
[2022-06-13 13:18:53,398] {standard_task_runner.py:52} INFO - Started process 618 to run task
[2022-06-13 13:18:53,403] {standard_task_runner.py:79} INFO - Running: ['***', 'tasks', 'run', 'green_taxi_ingestion_gcs_dag', 'download_dataset_task', 'scheduled__2022-05-01T06:00:00+00:00', '--job-id', '755', '--raw', '--subdir', 'DAGS_FOLDER/green_taxi_ingestion.py', '--cfg-path', '/tmp/tmplgq2vblk', '--error-file', '/tmp/tmpd99_yki9']
[2022-06-13 13:18:53,405] {standard_task_runner.py:80} INFO - Job 755: Subtask download_dataset_task
[2022-06-13 13:18:53,459] {task_command.py:370} INFO - Running <TaskInstance: green_taxi_ingestion_gcs_dag.download_dataset_task scheduled__2022-05-01T06:00:00+00:00 [running]> on host 0825143a1170
[2022-06-13 13:18:53,491] {warnings.py:110} WARNING - /home/***/.local/lib/python3.7/site-packages/***/utils/context.py:202: AirflowContextDeprecationWarning: Accessing 'execution_date' from the template is deprecated and will be removed in a future version. Please use 'data_interval_start' or 'logical_date' instead.
  warnings.warn(_create_deprecation_warning(key, self._deprecation_replacements[key]))

[2022-06-13 13:18:53,518] {taskinstance.py:1572} INFO - Exporting the following env vars:
AIRFLOW_CTX_DAG_OWNER=***
AIRFLOW_CTX_DAG_ID=green_taxi_ingestion_gcs_dag
AIRFLOW_CTX_TASK_ID=download_dataset_task
AIRFLOW_CTX_EXECUTION_DATE=2022-05-01T06:00:00+00:00
AIRFLOW_CTX_TRY_NUMBER=1
AIRFLOW_CTX_DAG_RUN_ID=scheduled__2022-05-01T06:00:00+00:00
[2022-06-13 13:18:53,520] {subprocess.py:62} INFO - Tmp dir root location: 
 /tmp
[2022-06-13 13:18:53,522] {subprocess.py:74} INFO - Running command: ['bash', '-c', 'curl -sSL https://s3.amazonaws.com/nyc-tlc/trip+data/green_tripdata_2022-05.parquet > /opt/***/output_green_taxi_2022-05.parquet']
[2022-06-13 13:18:53,541] {subprocess.py:85} INFO - Output:
[2022-06-13 13:18:54,239] {subprocess.py:96} INFO - Command exited with return code 0
[2022-06-13 13:18:54,307] {taskinstance.py:1401} INFO - Marking task as SUCCESS. dag_id=green_taxi_ingestion_gcs_dag, task_id=download_dataset_task, execution_date=20220501T060000, start_date=20220613T131853, end_date=20220613T131854
[2022-06-13 13:18:54,384] {local_task_job.py:156} INFO - Task exited with return code 0
[2022-06-13 13:18:54,423] {local_task_job.py:273} INFO - 1 downstream tasks scheduled from follow-on schedule check
[2022-06-13 13:30:48,654] {taskinstance.py:1160} INFO - Dependencies all met for <TaskInstance: green_taxi_ingestion_gcs_dag.download_dataset_task scheduled__2022-05-01T06:00:00+00:00 [queued]>
[2022-06-13 13:30:48,674] {taskinstance.py:1160} INFO - Dependencies all met for <TaskInstance: green_taxi_ingestion_gcs_dag.download_dataset_task scheduled__2022-05-01T06:00:00+00:00 [queued]>
[2022-06-13 13:30:48,676] {taskinstance.py:1357} INFO - 
--------------------------------------------------------------------------------
[2022-06-13 13:30:48,678] {taskinstance.py:1358} INFO - Starting attempt 1 of 1
[2022-06-13 13:30:48,681] {taskinstance.py:1359} INFO - 
--------------------------------------------------------------------------------
[2022-06-13 13:30:48,699] {taskinstance.py:1378} INFO - Executing <Task(BashOperator): download_dataset_task> on 2022-05-01 06:00:00+00:00
[2022-06-13 13:30:48,717] {standard_task_runner.py:52} INFO - Started process 1691 to run task
[2022-06-13 13:30:48,725] {standard_task_runner.py:79} INFO - Running: ['***', 'tasks', 'run', 'green_taxi_ingestion_gcs_dag', 'download_dataset_task', 'scheduled__2022-05-01T06:00:00+00:00', '--job-id', '852', '--raw', '--subdir', 'DAGS_FOLDER/green_taxi_ingestion.py', '--cfg-path', '/tmp/tmpw_8l6_h3', '--error-file', '/tmp/tmp4d7m6b6d']
[2022-06-13 13:30:48,728] {standard_task_runner.py:80} INFO - Job 852: Subtask download_dataset_task
[2022-06-13 13:30:48,823] {task_command.py:370} INFO - Running <TaskInstance: green_taxi_ingestion_gcs_dag.download_dataset_task scheduled__2022-05-01T06:00:00+00:00 [running]> on host 0825143a1170
[2022-06-13 13:30:48,882] {warnings.py:110} WARNING - /home/***/.local/lib/python3.7/site-packages/***/utils/context.py:202: AirflowContextDeprecationWarning: Accessing 'execution_date' from the template is deprecated and will be removed in a future version. Please use 'data_interval_start' or 'logical_date' instead.
  warnings.warn(_create_deprecation_warning(key, self._deprecation_replacements[key]))

[2022-06-13 13:30:48,918] {taskinstance.py:1572} INFO - Exporting the following env vars:
AIRFLOW_CTX_DAG_OWNER=***
AIRFLOW_CTX_DAG_ID=green_taxi_ingestion_gcs_dag
AIRFLOW_CTX_TASK_ID=download_dataset_task
AIRFLOW_CTX_EXECUTION_DATE=2022-05-01T06:00:00+00:00
AIRFLOW_CTX_TRY_NUMBER=1
AIRFLOW_CTX_DAG_RUN_ID=scheduled__2022-05-01T06:00:00+00:00
[2022-06-13 13:30:48,920] {subprocess.py:62} INFO - Tmp dir root location: 
 /tmp
[2022-06-13 13:30:48,921] {subprocess.py:74} INFO - Running command: ['bash', '-c', 'curl -sSL https://s3.amazonaws.com/nyc-tlc/trip+data/green_tripdata_2022-05.parquet > /opt/***/output_green_taxi_2022-05.parquet']
[2022-06-13 13:30:48,937] {subprocess.py:85} INFO - Output:
[2022-06-13 13:30:49,572] {subprocess.py:96} INFO - Command exited with return code 0
[2022-06-13 13:30:49,612] {taskinstance.py:1401} INFO - Marking task as SUCCESS. dag_id=green_taxi_ingestion_gcs_dag, task_id=download_dataset_task, execution_date=20220501T060000, start_date=20220613T133048, end_date=20220613T133049
[2022-06-13 13:30:49,645] {local_task_job.py:156} INFO - Task exited with return code 0
[2022-06-13 13:30:49,686] {local_task_job.py:273} INFO - 1 downstream tasks scheduled from follow-on schedule check
