[2022-06-13 13:28:29,685] {taskinstance.py:1160} INFO - Dependencies all met for <TaskInstance: green_taxi_ingestion_gcs_dag.local_to_gcs_task manual__2022-06-13T13:28:26.174897+00:00 [queued]>
[2022-06-13 13:28:29,692] {taskinstance.py:1160} INFO - Dependencies all met for <TaskInstance: green_taxi_ingestion_gcs_dag.local_to_gcs_task manual__2022-06-13T13:28:26.174897+00:00 [queued]>
[2022-06-13 13:28:29,693] {taskinstance.py:1357} INFO - 
--------------------------------------------------------------------------------
[2022-06-13 13:28:29,694] {taskinstance.py:1358} INFO - Starting attempt 1 of 1
[2022-06-13 13:28:29,695] {taskinstance.py:1359} INFO - 
--------------------------------------------------------------------------------
[2022-06-13 13:28:29,702] {taskinstance.py:1378} INFO - Executing <Task(PythonOperator): local_to_gcs_task> on 2022-06-13 13:28:26.174897+00:00
[2022-06-13 13:28:29,708] {standard_task_runner.py:52} INFO - Started process 1192 to run task
[2022-06-13 13:28:29,711] {standard_task_runner.py:79} INFO - Running: ['***', 'tasks', 'run', 'green_taxi_ingestion_gcs_dag', 'local_to_gcs_task', 'manual__2022-06-13T13:28:26.174897+00:00', '--job-id', '770', '--raw', '--subdir', 'DAGS_FOLDER/green_taxi_ingestion.py', '--cfg-path', '/tmp/tmpeyrfr0t8', '--error-file', '/tmp/tmpzqxpr0o_']
[2022-06-13 13:28:29,712] {standard_task_runner.py:80} INFO - Job 770: Subtask local_to_gcs_task
[2022-06-13 13:28:29,785] {task_command.py:370} INFO - Running <TaskInstance: green_taxi_ingestion_gcs_dag.local_to_gcs_task manual__2022-06-13T13:28:26.174897+00:00 [running]> on host 0825143a1170
[2022-06-13 13:28:29,817] {warnings.py:110} WARNING - /home/***/.local/lib/python3.7/site-packages/***/utils/context.py:202: AirflowContextDeprecationWarning: Accessing 'execution_date' from the template is deprecated and will be removed in a future version. Please use 'data_interval_start' or 'logical_date' instead.
  warnings.warn(_create_deprecation_warning(key, self._deprecation_replacements[key]))

[2022-06-13 13:28:29,848] {taskinstance.py:1572} INFO - Exporting the following env vars:
AIRFLOW_CTX_DAG_OWNER=***
AIRFLOW_CTX_DAG_ID=green_taxi_ingestion_gcs_dag
AIRFLOW_CTX_TASK_ID=local_to_gcs_task
AIRFLOW_CTX_EXECUTION_DATE=2022-06-13T13:28:26.174897+00:00
AIRFLOW_CTX_TRY_NUMBER=1
AIRFLOW_CTX_DAG_RUN_ID=manual__2022-06-13T13:28:26.174897+00:00
[2022-06-13 13:28:30,191] {python.py:173} INFO - Done. Returned value was: None
[2022-06-13 13:28:30,206] {taskinstance.py:1401} INFO - Marking task as SUCCESS. dag_id=green_taxi_ingestion_gcs_dag, task_id=local_to_gcs_task, execution_date=20220613T132826, start_date=20220613T132829, end_date=20220613T132830
[2022-06-13 13:28:30,269] {local_task_job.py:156} INFO - Task exited with return code 0
[2022-06-13 13:28:30,316] {local_task_job.py:273} INFO - 0 downstream tasks scheduled from follow-on schedule check
