[2022-06-13 13:17:51,352] {taskinstance.py:1160} INFO - Dependencies all met for <TaskInstance: green_taxi_ingestion_gcs_dag.local_to_gcs_task scheduled__2019-11-01T06:00:00+00:00 [queued]>
[2022-06-13 13:17:51,359] {taskinstance.py:1160} INFO - Dependencies all met for <TaskInstance: green_taxi_ingestion_gcs_dag.local_to_gcs_task scheduled__2019-11-01T06:00:00+00:00 [queued]>
[2022-06-13 13:17:51,360] {taskinstance.py:1357} INFO - 
--------------------------------------------------------------------------------
[2022-06-13 13:17:51,362] {taskinstance.py:1358} INFO - Starting attempt 1 of 1
[2022-06-13 13:17:51,362] {taskinstance.py:1359} INFO - 
--------------------------------------------------------------------------------
[2022-06-13 13:17:51,371] {taskinstance.py:1378} INFO - Executing <Task(PythonOperator): local_to_gcs_task> on 2019-11-01 06:00:00+00:00
[2022-06-13 13:17:51,377] {standard_task_runner.py:52} INFO - Started process 319 to run task
[2022-06-13 13:17:51,380] {standard_task_runner.py:79} INFO - Running: ['***', 'tasks', 'run', 'green_taxi_ingestion_gcs_dag', 'local_to_gcs_task', 'scheduled__2019-11-01T06:00:00+00:00', '--job-id', '699', '--raw', '--subdir', 'DAGS_FOLDER/green_taxi_ingestion.py', '--cfg-path', '/tmp/tmpi8qxkzym', '--error-file', '/tmp/tmpj6_39gd8']
[2022-06-13 13:17:51,382] {standard_task_runner.py:80} INFO - Job 699: Subtask local_to_gcs_task
[2022-06-13 13:17:51,426] {task_command.py:370} INFO - Running <TaskInstance: green_taxi_ingestion_gcs_dag.local_to_gcs_task scheduled__2019-11-01T06:00:00+00:00 [running]> on host 0825143a1170
[2022-06-13 13:17:51,449] {warnings.py:110} WARNING - /home/***/.local/lib/python3.7/site-packages/***/utils/context.py:202: AirflowContextDeprecationWarning: Accessing 'execution_date' from the template is deprecated and will be removed in a future version. Please use 'data_interval_start' or 'logical_date' instead.
  warnings.warn(_create_deprecation_warning(key, self._deprecation_replacements[key]))

[2022-06-13 13:17:51,475] {taskinstance.py:1572} INFO - Exporting the following env vars:
AIRFLOW_CTX_DAG_OWNER=***
AIRFLOW_CTX_DAG_ID=green_taxi_ingestion_gcs_dag
AIRFLOW_CTX_TASK_ID=local_to_gcs_task
AIRFLOW_CTX_EXECUTION_DATE=2019-11-01T06:00:00+00:00
AIRFLOW_CTX_TRY_NUMBER=1
AIRFLOW_CTX_DAG_RUN_ID=scheduled__2019-11-01T06:00:00+00:00
[2022-06-13 13:17:52,532] {python.py:173} INFO - Done. Returned value was: None
[2022-06-13 13:17:52,561] {taskinstance.py:1401} INFO - Marking task as SUCCESS. dag_id=green_taxi_ingestion_gcs_dag, task_id=local_to_gcs_task, execution_date=20191101T060000, start_date=20220613T131751, end_date=20220613T131752
[2022-06-13 13:17:52,603] {local_task_job.py:156} INFO - Task exited with return code 0
[2022-06-13 13:17:52,654] {local_task_job.py:273} INFO - 0 downstream tasks scheduled from follow-on schedule check
[2022-06-13 13:29:39,581] {taskinstance.py:1160} INFO - Dependencies all met for <TaskInstance: green_taxi_ingestion_gcs_dag.local_to_gcs_task scheduled__2019-11-01T06:00:00+00:00 [queued]>
[2022-06-13 13:29:39,596] {taskinstance.py:1160} INFO - Dependencies all met for <TaskInstance: green_taxi_ingestion_gcs_dag.local_to_gcs_task scheduled__2019-11-01T06:00:00+00:00 [queued]>
[2022-06-13 13:29:39,598] {taskinstance.py:1357} INFO - 
--------------------------------------------------------------------------------
[2022-06-13 13:29:39,599] {taskinstance.py:1358} INFO - Starting attempt 1 of 1
[2022-06-13 13:29:39,604] {taskinstance.py:1359} INFO - 
--------------------------------------------------------------------------------
[2022-06-13 13:29:39,617] {taskinstance.py:1378} INFO - Executing <Task(PythonOperator): local_to_gcs_task> on 2019-11-01 06:00:00+00:00
[2022-06-13 13:29:39,633] {standard_task_runner.py:52} INFO - Started process 1363 to run task
[2022-06-13 13:29:39,639] {standard_task_runner.py:79} INFO - Running: ['***', 'tasks', 'run', 'green_taxi_ingestion_gcs_dag', 'local_to_gcs_task', 'scheduled__2019-11-01T06:00:00+00:00', '--job-id', '794', '--raw', '--subdir', 'DAGS_FOLDER/green_taxi_ingestion.py', '--cfg-path', '/tmp/tmprtfx_mjx', '--error-file', '/tmp/tmpgykjpy2o']
[2022-06-13 13:29:39,648] {standard_task_runner.py:80} INFO - Job 794: Subtask local_to_gcs_task
[2022-06-13 13:29:39,727] {task_command.py:370} INFO - Running <TaskInstance: green_taxi_ingestion_gcs_dag.local_to_gcs_task scheduled__2019-11-01T06:00:00+00:00 [running]> on host 0825143a1170
[2022-06-13 13:29:39,765] {warnings.py:110} WARNING - /home/***/.local/lib/python3.7/site-packages/***/utils/context.py:202: AirflowContextDeprecationWarning: Accessing 'execution_date' from the template is deprecated and will be removed in a future version. Please use 'data_interval_start' or 'logical_date' instead.
  warnings.warn(_create_deprecation_warning(key, self._deprecation_replacements[key]))

[2022-06-13 13:29:39,817] {taskinstance.py:1572} INFO - Exporting the following env vars:
AIRFLOW_CTX_DAG_OWNER=***
AIRFLOW_CTX_DAG_ID=green_taxi_ingestion_gcs_dag
AIRFLOW_CTX_TASK_ID=local_to_gcs_task
AIRFLOW_CTX_EXECUTION_DATE=2019-11-01T06:00:00+00:00
AIRFLOW_CTX_TRY_NUMBER=1
AIRFLOW_CTX_DAG_RUN_ID=scheduled__2019-11-01T06:00:00+00:00
[2022-06-13 13:29:41,336] {python.py:173} INFO - Done. Returned value was: None
[2022-06-13 13:29:41,398] {taskinstance.py:1401} INFO - Marking task as SUCCESS. dag_id=green_taxi_ingestion_gcs_dag, task_id=local_to_gcs_task, execution_date=20191101T060000, start_date=20220613T132939, end_date=20220613T132941
[2022-06-13 13:29:41,489] {local_task_job.py:156} INFO - Task exited with return code 0
[2022-06-13 13:29:41,568] {local_task_job.py:273} INFO - 0 downstream tasks scheduled from follow-on schedule check
