[2022-06-13 00:13:22,846] {taskinstance.py:1160} INFO - Dependencies all met for <TaskInstance: gcs_2_bq_dag.bq_fhvhv_tripdata_external_table_task scheduled__2022-06-12T00:00:00+00:00 [queued]>
[2022-06-13 00:13:22,880] {taskinstance.py:1160} INFO - Dependencies all met for <TaskInstance: gcs_2_bq_dag.bq_fhvhv_tripdata_external_table_task scheduled__2022-06-12T00:00:00+00:00 [queued]>
[2022-06-13 00:13:22,893] {taskinstance.py:1357} INFO - 
--------------------------------------------------------------------------------
[2022-06-13 00:13:22,895] {taskinstance.py:1358} INFO - Starting attempt 1 of 2
[2022-06-13 00:13:22,901] {taskinstance.py:1359} INFO - 
--------------------------------------------------------------------------------
[2022-06-13 00:13:22,947] {taskinstance.py:1378} INFO - Executing <Task(BigQueryCreateExternalTableOperator): bq_fhvhv_tripdata_external_table_task> on 2022-06-12 00:00:00+00:00
[2022-06-13 00:13:22,996] {standard_task_runner.py:52} INFO - Started process 8636 to run task
[2022-06-13 00:13:23,014] {standard_task_runner.py:79} INFO - Running: ['***', 'tasks', 'run', 'gcs_2_bq_dag', 'bq_fhvhv_tripdata_external_table_task', 'scheduled__2022-06-12T00:00:00+00:00', '--job-id', '641', '--raw', '--subdir', 'DAGS_FOLDER/gcs_to_bq_dag.py', '--cfg-path', '/tmp/tmpjgr94yzy', '--error-file', '/tmp/tmpviuannf7']
[2022-06-13 00:13:23,023] {standard_task_runner.py:80} INFO - Job 641: Subtask bq_fhvhv_tripdata_external_table_task
[2022-06-13 00:13:23,192] {task_command.py:370} INFO - Running <TaskInstance: gcs_2_bq_dag.bq_fhvhv_tripdata_external_table_task scheduled__2022-06-12T00:00:00+00:00 [running]> on host 0825143a1170
[2022-06-13 00:13:23,736] {taskinstance.py:1572} INFO - Exporting the following env vars:
AIRFLOW_CTX_DAG_OWNER=***
AIRFLOW_CTX_DAG_ID=gcs_2_bq_dag
AIRFLOW_CTX_TASK_ID=bq_fhvhv_tripdata_external_table_task
AIRFLOW_CTX_EXECUTION_DATE=2022-06-12T00:00:00+00:00
AIRFLOW_CTX_TRY_NUMBER=1
AIRFLOW_CTX_DAG_RUN_ID=scheduled__2022-06-12T00:00:00+00:00
[2022-06-13 00:13:23,810] {crypto.py:82} WARNING - empty cryptography key - values will not be stored encrypted.
[2022-06-13 00:13:23,820] {base.py:68} INFO - Using connection ID 'google_cloud_default' for task execution.
[2022-06-13 00:13:26,117] {taskinstance.py:1401} INFO - Marking task as SUCCESS. dag_id=gcs_2_bq_dag, task_id=bq_fhvhv_tripdata_external_table_task, execution_date=20220612T000000, start_date=20220613T001322, end_date=20220613T001326
[2022-06-13 00:13:26,229] {local_task_job.py:156} INFO - Task exited with return code 0
[2022-06-13 00:13:26,344] {local_task_job.py:273} INFO - 1 downstream tasks scheduled from follow-on schedule check
