[2022-06-13 13:32:39,393] {taskinstance.py:1160} INFO - Dependencies all met for <TaskInstance: gcs_2_bq_dag.bq_green_taxi_tripdata_external_table_task move_green_taxi_files_task [queued]>
[2022-06-13 13:32:39,401] {taskinstance.py:1160} INFO - Dependencies all met for <TaskInstance: gcs_2_bq_dag.bq_green_taxi_tripdata_external_table_task move_green_taxi_files_task [queued]>
[2022-06-13 13:32:39,401] {taskinstance.py:1357} INFO - 
--------------------------------------------------------------------------------
[2022-06-13 13:32:39,403] {taskinstance.py:1358} INFO - Starting attempt 2 of 3
[2022-06-13 13:32:39,403] {taskinstance.py:1359} INFO - 
--------------------------------------------------------------------------------
[2022-06-13 13:32:39,411] {taskinstance.py:1378} INFO - Executing <Task(BigQueryCreateExternalTableOperator): bq_green_taxi_tripdata_external_table_task> on 2022-06-13 13:26:16+00:00
[2022-06-13 13:32:39,419] {standard_task_runner.py:52} INFO - Started process 1797 to run task
[2022-06-13 13:32:39,422] {standard_task_runner.py:79} INFO - Running: ['***', 'tasks', 'run', 'gcs_2_bq_dag', 'bq_green_taxi_tripdata_external_table_task', 'move_green_taxi_files_task', '--job-id', '856', '--raw', '--subdir', 'DAGS_FOLDER/gcs_to_bq_dag.py', '--cfg-path', '/tmp/tmpbjimfxhb', '--error-file', '/tmp/tmpsxhg611i']
[2022-06-13 13:32:39,424] {standard_task_runner.py:80} INFO - Job 856: Subtask bq_green_taxi_tripdata_external_table_task
[2022-06-13 13:32:39,480] {task_command.py:370} INFO - Running <TaskInstance: gcs_2_bq_dag.bq_green_taxi_tripdata_external_table_task move_green_taxi_files_task [running]> on host 0825143a1170
[2022-06-13 13:32:39,532] {taskinstance.py:1572} INFO - Exporting the following env vars:
AIRFLOW_CTX_DAG_OWNER=***
AIRFLOW_CTX_DAG_ID=gcs_2_bq_dag
AIRFLOW_CTX_TASK_ID=bq_green_taxi_tripdata_external_table_task
AIRFLOW_CTX_EXECUTION_DATE=2022-06-13T13:26:16+00:00
AIRFLOW_CTX_TRY_NUMBER=2
AIRFLOW_CTX_DAG_RUN_ID=move_green_taxi_files_task
[2022-06-13 13:32:39,535] {crypto.py:82} WARNING - empty cryptography key - values will not be stored encrypted.
[2022-06-13 13:32:39,537] {base.py:68} INFO - Using connection ID 'google_cloud_default' for task execution.
[2022-06-13 13:32:40,392] {taskinstance.py:1401} INFO - Marking task as SUCCESS. dag_id=gcs_2_bq_dag, task_id=bq_green_taxi_tripdata_external_table_task, execution_date=20220613T132616, start_date=20220613T133239, end_date=20220613T133240
[2022-06-13 13:32:40,450] {local_task_job.py:156} INFO - Task exited with return code 0
[2022-06-13 13:32:40,483] {local_task_job.py:273} INFO - 1 downstream tasks scheduled from follow-on schedule check
