[2022-06-06 00:19:14,029] {taskinstance.py:1160} INFO - Dependencies all met for <TaskInstance: gcs_2_bq_dag.move_yellow_taxi_files_task scheduled__2022-06-05T00:00:00+00:00 [queued]>
[2022-06-06 00:19:14,169] {taskinstance.py:1160} INFO - Dependencies all met for <TaskInstance: gcs_2_bq_dag.move_yellow_taxi_files_task scheduled__2022-06-05T00:00:00+00:00 [queued]>
[2022-06-06 00:19:14,180] {taskinstance.py:1357} INFO - 
--------------------------------------------------------------------------------
[2022-06-06 00:19:14,251] {taskinstance.py:1358} INFO - Starting attempt 1 of 2
[2022-06-06 00:19:14,253] {taskinstance.py:1359} INFO - 
--------------------------------------------------------------------------------
[2022-06-06 00:19:14,344] {taskinstance.py:1378} INFO - Executing <Task(GCSToGCSOperator): move_yellow_taxi_files_task> on 2022-06-05 00:00:00+00:00
[2022-06-06 00:19:14,552] {standard_task_runner.py:52} INFO - Started process 22767 to run task
[2022-06-06 00:19:14,643] {standard_task_runner.py:79} INFO - Running: ['***', 'tasks', 'run', 'gcs_2_bq_dag', 'move_yellow_taxi_files_task', 'scheduled__2022-06-05T00:00:00+00:00', '--job-id', '560', '--raw', '--subdir', 'DAGS_FOLDER/gcs_to_bq_dag.py', '--cfg-path', '/tmp/tmpzn6f6div', '--error-file', '/tmp/tmponmb78cy']
[2022-06-06 00:19:14,661] {standard_task_runner.py:80} INFO - Job 560: Subtask move_yellow_taxi_files_task
[2022-06-06 00:19:16,287] {task_command.py:370} INFO - Running <TaskInstance: gcs_2_bq_dag.move_yellow_taxi_files_task scheduled__2022-06-05T00:00:00+00:00 [running]> on host 80b81dda36ea
[2022-06-06 00:19:16,844] {taskinstance.py:1572} INFO - Exporting the following env vars:
AIRFLOW_CTX_DAG_OWNER=***
AIRFLOW_CTX_DAG_ID=gcs_2_bq_dag
AIRFLOW_CTX_TASK_ID=move_yellow_taxi_files_task
AIRFLOW_CTX_EXECUTION_DATE=2022-06-05T00:00:00+00:00
AIRFLOW_CTX_TRY_NUMBER=1
AIRFLOW_CTX_DAG_RUN_ID=scheduled__2022-06-05T00:00:00+00:00
[2022-06-06 00:19:16,873] {crypto.py:82} WARNING - empty cryptography key - values will not be stored encrypted.
[2022-06-06 00:19:16,877] {base.py:68} INFO - Using connection ID 'google_cloud_default' for task execution.
[2022-06-06 00:19:16,882] {gcs_to_gcs.py:361} INFO - Delimiter ignored because wildcard is in prefix
[2022-06-06 00:19:18,185] {taskinstance.py:1401} INFO - Marking task as SUCCESS. dag_id=gcs_2_bq_dag, task_id=move_yellow_taxi_files_task, execution_date=20220605T000000, start_date=20220606T001914, end_date=20220606T001918
[2022-06-06 00:19:18,695] {local_task_job.py:156} INFO - Task exited with return code 0
[2022-06-06 00:19:19,416] {local_task_job.py:273} INFO - 1 downstream tasks scheduled from follow-on schedule check
