[2022-06-05 00:30:05,898] {processor.py:153} INFO - Started process (PID=63680) to work on /opt/airflow/dags/gcs_to_bq_dag.py
[2022-06-05 00:30:05,903] {processor.py:641} INFO - Processing file /opt/airflow/dags/gcs_to_bq_dag.py for tasks to queue
[2022-06-05 00:30:05,908] {logging_mixin.py:115} INFO - [2022-06-05 00:30:05,908] {dagbag.py:507} INFO - Filling up the DagBag from /opt/airflow/dags/gcs_to_bq_dag.py
[2022-06-05 00:30:10,957] {processor.py:651} INFO - DAG(s) dict_keys(['gcs_2_bq_dag']) retrieved from /opt/airflow/dags/gcs_to_bq_dag.py
[2022-06-05 00:30:11,850] {logging_mixin.py:115} INFO - [2022-06-05 00:30:11,823] {dag.py:2379} INFO - Sync 1 DAGs
[2022-06-05 00:30:16,195] {processor.py:161} INFO - Processing /opt/airflow/dags/gcs_to_bq_dag.py took 10.307 seconds
[2022-06-05 01:52:11,907] {processor.py:153} INFO - Started process (PID=63697) to work on /opt/airflow/dags/gcs_to_bq_dag.py
[2022-06-05 01:52:11,923] {processor.py:641} INFO - Processing file /opt/airflow/dags/gcs_to_bq_dag.py for tasks to queue
[2022-06-05 01:52:11,933] {logging_mixin.py:115} INFO - [2022-06-05 01:52:11,933] {dagbag.py:507} INFO - Filling up the DagBag from /opt/airflow/dags/gcs_to_bq_dag.py
[2022-06-05 01:52:17,167] {processor.py:651} INFO - DAG(s) dict_keys(['gcs_2_bq_dag']) retrieved from /opt/airflow/dags/gcs_to_bq_dag.py
[2022-06-05 01:52:17,865] {logging_mixin.py:115} INFO - [2022-06-05 01:52:17,816] {dag.py:2379} INFO - Sync 1 DAGs
[2022-06-05 01:52:18,102] {processor.py:161} INFO - Processing /opt/airflow/dags/gcs_to_bq_dag.py took 6.241 seconds
[2022-06-05 02:28:06,365] {processor.py:153} INFO - Started process (PID=63723) to work on /opt/airflow/dags/gcs_to_bq_dag.py
[2022-06-05 02:28:06,387] {processor.py:641} INFO - Processing file /opt/airflow/dags/gcs_to_bq_dag.py for tasks to queue
[2022-06-05 02:28:06,391] {logging_mixin.py:115} INFO - [2022-06-05 02:28:06,391] {dagbag.py:507} INFO - Filling up the DagBag from /opt/airflow/dags/gcs_to_bq_dag.py
[2022-06-05 02:28:09,964] {processor.py:651} INFO - DAG(s) dict_keys(['gcs_2_bq_dag']) retrieved from /opt/airflow/dags/gcs_to_bq_dag.py
[2022-06-05 02:28:10,180] {logging_mixin.py:115} INFO - [2022-06-05 02:28:10,147] {dag.py:2379} INFO - Sync 1 DAGs
[2022-06-05 02:28:10,343] {processor.py:161} INFO - Processing /opt/airflow/dags/gcs_to_bq_dag.py took 3.994 seconds
[2022-06-05 02:59:05,788] {processor.py:153} INFO - Started process (PID=63749) to work on /opt/airflow/dags/gcs_to_bq_dag.py
[2022-06-05 02:59:05,796] {processor.py:641} INFO - Processing file /opt/airflow/dags/gcs_to_bq_dag.py for tasks to queue
[2022-06-05 02:59:05,803] {logging_mixin.py:115} INFO - [2022-06-05 02:59:05,802] {dagbag.py:507} INFO - Filling up the DagBag from /opt/airflow/dags/gcs_to_bq_dag.py
[2022-06-05 02:59:08,125] {processor.py:651} INFO - DAG(s) dict_keys(['gcs_2_bq_dag']) retrieved from /opt/airflow/dags/gcs_to_bq_dag.py
[2022-06-05 02:59:08,289] {logging_mixin.py:115} INFO - [2022-06-05 02:59:08,287] {dag.py:2379} INFO - Sync 1 DAGs
[2022-06-05 02:59:08,362] {logging_mixin.py:115} INFO - [2022-06-05 02:59:08,361] {dag.py:2927} INFO - Setting next_dagrun for gcs_2_bq_dag to 2022-06-05T00:00:00+00:00, run_after=2022-06-06T00:00:00+00:00
[2022-06-05 02:59:08,410] {processor.py:161} INFO - Processing /opt/airflow/dags/gcs_to_bq_dag.py took 2.642 seconds
[2022-06-05 03:50:36,420] {processor.py:153} INFO - Started process (PID=63775) to work on /opt/airflow/dags/gcs_to_bq_dag.py
[2022-06-05 03:50:36,449] {processor.py:641} INFO - Processing file /opt/airflow/dags/gcs_to_bq_dag.py for tasks to queue
[2022-06-05 03:50:36,452] {logging_mixin.py:115} INFO - [2022-06-05 03:50:36,452] {dagbag.py:507} INFO - Filling up the DagBag from /opt/airflow/dags/gcs_to_bq_dag.py
[2022-06-05 03:50:37,814] {processor.py:651} INFO - DAG(s) dict_keys(['gcs_2_bq_dag']) retrieved from /opt/airflow/dags/gcs_to_bq_dag.py
[2022-06-05 03:50:37,928] {logging_mixin.py:115} INFO - [2022-06-05 03:50:37,925] {dag.py:2379} INFO - Sync 1 DAGs
[2022-06-05 03:50:38,002] {logging_mixin.py:115} INFO - [2022-06-05 03:50:38,002] {dag.py:2927} INFO - Setting next_dagrun for gcs_2_bq_dag to 2022-06-05T00:00:00+00:00, run_after=2022-06-06T00:00:00+00:00
[2022-06-05 03:50:38,036] {processor.py:161} INFO - Processing /opt/airflow/dags/gcs_to_bq_dag.py took 1.638 seconds
[2022-06-05 04:39:43,054] {processor.py:153} INFO - Started process (PID=63804) to work on /opt/airflow/dags/gcs_to_bq_dag.py
[2022-06-05 04:39:43,063] {processor.py:641} INFO - Processing file /opt/airflow/dags/gcs_to_bq_dag.py for tasks to queue
[2022-06-05 04:39:43,070] {logging_mixin.py:115} INFO - [2022-06-05 04:39:43,069] {dagbag.py:507} INFO - Filling up the DagBag from /opt/airflow/dags/gcs_to_bq_dag.py
[2022-06-05 04:39:44,981] {processor.py:651} INFO - DAG(s) dict_keys(['gcs_2_bq_dag']) retrieved from /opt/airflow/dags/gcs_to_bq_dag.py
[2022-06-05 04:39:45,587] {logging_mixin.py:115} INFO - [2022-06-05 04:39:45,585] {dag.py:2379} INFO - Sync 1 DAGs
[2022-06-05 04:39:45,759] {logging_mixin.py:115} INFO - [2022-06-05 04:39:45,758] {dag.py:2927} INFO - Setting next_dagrun for gcs_2_bq_dag to 2022-06-05T00:00:00+00:00, run_after=2022-06-06T00:00:00+00:00
[2022-06-05 04:39:45,880] {processor.py:161} INFO - Processing /opt/airflow/dags/gcs_to_bq_dag.py took 2.862 seconds
[2022-06-05 04:43:53,199] {processor.py:153} INFO - Started process (PID=63832) to work on /opt/airflow/dags/gcs_to_bq_dag.py
[2022-06-05 04:43:53,204] {processor.py:641} INFO - Processing file /opt/airflow/dags/gcs_to_bq_dag.py for tasks to queue
[2022-06-05 04:43:53,213] {logging_mixin.py:115} INFO - [2022-06-05 04:43:53,212] {dagbag.py:507} INFO - Filling up the DagBag from /opt/airflow/dags/gcs_to_bq_dag.py
[2022-06-05 04:43:55,161] {processor.py:651} INFO - DAG(s) dict_keys(['gcs_2_bq_dag']) retrieved from /opt/airflow/dags/gcs_to_bq_dag.py
[2022-06-05 04:43:55,277] {logging_mixin.py:115} INFO - [2022-06-05 04:43:55,275] {dag.py:2379} INFO - Sync 1 DAGs
[2022-06-05 04:43:55,393] {logging_mixin.py:115} INFO - [2022-06-05 04:43:55,392] {dag.py:2927} INFO - Setting next_dagrun for gcs_2_bq_dag to 2022-06-05T00:00:00+00:00, run_after=2022-06-06T00:00:00+00:00
[2022-06-05 04:43:55,435] {processor.py:161} INFO - Processing /opt/airflow/dags/gcs_to_bq_dag.py took 2.253 seconds
[2022-06-05 05:38:13,261] {processor.py:153} INFO - Started process (PID=63869) to work on /opt/airflow/dags/gcs_to_bq_dag.py
[2022-06-05 05:38:13,268] {processor.py:641} INFO - Processing file /opt/airflow/dags/gcs_to_bq_dag.py for tasks to queue
[2022-06-05 05:38:13,271] {logging_mixin.py:115} INFO - [2022-06-05 05:38:13,271] {dagbag.py:507} INFO - Filling up the DagBag from /opt/airflow/dags/gcs_to_bq_dag.py
[2022-06-05 05:38:16,093] {processor.py:651} INFO - DAG(s) dict_keys(['gcs_2_bq_dag']) retrieved from /opt/airflow/dags/gcs_to_bq_dag.py
[2022-06-05 05:38:16,664] {logging_mixin.py:115} INFO - [2022-06-05 05:38:16,620] {dag.py:2379} INFO - Sync 1 DAGs
[2022-06-05 05:38:16,755] {logging_mixin.py:115} INFO - [2022-06-05 05:38:16,755] {dag.py:2927} INFO - Setting next_dagrun for gcs_2_bq_dag to 2022-06-05T00:00:00+00:00, run_after=2022-06-06T00:00:00+00:00
[2022-06-05 05:38:16,879] {processor.py:161} INFO - Processing /opt/airflow/dags/gcs_to_bq_dag.py took 3.628 seconds
[2022-06-05 06:08:00,700] {processor.py:153} INFO - Started process (PID=63897) to work on /opt/airflow/dags/gcs_to_bq_dag.py
[2022-06-05 06:08:00,703] {processor.py:641} INFO - Processing file /opt/airflow/dags/gcs_to_bq_dag.py for tasks to queue
[2022-06-05 06:08:00,705] {logging_mixin.py:115} INFO - [2022-06-05 06:08:00,705] {dagbag.py:507} INFO - Filling up the DagBag from /opt/airflow/dags/gcs_to_bq_dag.py
[2022-06-05 06:08:01,602] {processor.py:651} INFO - DAG(s) dict_keys(['gcs_2_bq_dag']) retrieved from /opt/airflow/dags/gcs_to_bq_dag.py
[2022-06-05 06:08:01,740] {logging_mixin.py:115} INFO - [2022-06-05 06:08:01,736] {dag.py:2379} INFO - Sync 1 DAGs
[2022-06-05 06:08:01,833] {logging_mixin.py:115} INFO - [2022-06-05 06:08:01,832] {dag.py:2927} INFO - Setting next_dagrun for gcs_2_bq_dag to 2022-06-05T00:00:00+00:00, run_after=2022-06-06T00:00:00+00:00
[2022-06-05 06:08:01,882] {processor.py:161} INFO - Processing /opt/airflow/dags/gcs_to_bq_dag.py took 1.188 seconds
[2022-06-05 06:43:46,274] {processor.py:153} INFO - Started process (PID=63923) to work on /opt/airflow/dags/gcs_to_bq_dag.py
[2022-06-05 06:43:46,309] {processor.py:641} INFO - Processing file /opt/airflow/dags/gcs_to_bq_dag.py for tasks to queue
[2022-06-05 06:43:46,313] {logging_mixin.py:115} INFO - [2022-06-05 06:43:46,313] {dagbag.py:507} INFO - Filling up the DagBag from /opt/airflow/dags/gcs_to_bq_dag.py
[2022-06-05 06:43:48,420] {processor.py:651} INFO - DAG(s) dict_keys(['gcs_2_bq_dag']) retrieved from /opt/airflow/dags/gcs_to_bq_dag.py
[2022-06-05 06:43:48,652] {logging_mixin.py:115} INFO - [2022-06-05 06:43:48,648] {dag.py:2379} INFO - Sync 1 DAGs
[2022-06-05 06:43:48,888] {logging_mixin.py:115} INFO - [2022-06-05 06:43:48,887] {dag.py:2927} INFO - Setting next_dagrun for gcs_2_bq_dag to 2022-06-05T00:00:00+00:00, run_after=2022-06-06T00:00:00+00:00
[2022-06-05 06:43:48,940] {processor.py:161} INFO - Processing /opt/airflow/dags/gcs_to_bq_dag.py took 2.695 seconds
[2022-06-05 08:08:49,129] {processor.py:153} INFO - Started process (PID=63956) to work on /opt/airflow/dags/gcs_to_bq_dag.py
[2022-06-05 08:08:49,144] {processor.py:641} INFO - Processing file /opt/airflow/dags/gcs_to_bq_dag.py for tasks to queue
[2022-06-05 08:08:49,155] {logging_mixin.py:115} INFO - [2022-06-05 08:08:49,155] {dagbag.py:507} INFO - Filling up the DagBag from /opt/airflow/dags/gcs_to_bq_dag.py
[2022-06-05 08:08:51,747] {processor.py:651} INFO - DAG(s) dict_keys(['gcs_2_bq_dag']) retrieved from /opt/airflow/dags/gcs_to_bq_dag.py
[2022-06-05 08:08:51,870] {logging_mixin.py:115} INFO - [2022-06-05 08:08:51,867] {dag.py:2379} INFO - Sync 1 DAGs
[2022-06-05 08:08:51,964] {logging_mixin.py:115} INFO - [2022-06-05 08:08:51,963] {dag.py:2927} INFO - Setting next_dagrun for gcs_2_bq_dag to 2022-06-05T00:00:00+00:00, run_after=2022-06-06T00:00:00+00:00
[2022-06-05 08:08:52,014] {processor.py:161} INFO - Processing /opt/airflow/dags/gcs_to_bq_dag.py took 2.897 seconds
[2022-06-05 09:17:35,505] {processor.py:153} INFO - Started process (PID=63984) to work on /opt/airflow/dags/gcs_to_bq_dag.py
[2022-06-05 09:17:35,509] {processor.py:641} INFO - Processing file /opt/airflow/dags/gcs_to_bq_dag.py for tasks to queue
[2022-06-05 09:17:35,511] {logging_mixin.py:115} INFO - [2022-06-05 09:17:35,511] {dagbag.py:507} INFO - Filling up the DagBag from /opt/airflow/dags/gcs_to_bq_dag.py
[2022-06-05 09:17:36,612] {processor.py:651} INFO - DAG(s) dict_keys(['gcs_2_bq_dag']) retrieved from /opt/airflow/dags/gcs_to_bq_dag.py
[2022-06-05 09:17:36,665] {logging_mixin.py:115} INFO - [2022-06-05 09:17:36,664] {dag.py:2379} INFO - Sync 1 DAGs
[2022-06-05 09:17:36,707] {logging_mixin.py:115} INFO - [2022-06-05 09:17:36,707] {dag.py:2927} INFO - Setting next_dagrun for gcs_2_bq_dag to 2022-06-05T00:00:00+00:00, run_after=2022-06-06T00:00:00+00:00
[2022-06-05 09:17:36,725] {processor.py:161} INFO - Processing /opt/airflow/dags/gcs_to_bq_dag.py took 1.229 seconds
[2022-06-05 09:38:44,931] {processor.py:153} INFO - Started process (PID=64014) to work on /opt/airflow/dags/gcs_to_bq_dag.py
[2022-06-05 09:38:44,934] {processor.py:641} INFO - Processing file /opt/airflow/dags/gcs_to_bq_dag.py for tasks to queue
[2022-06-05 09:38:44,936] {logging_mixin.py:115} INFO - [2022-06-05 09:38:44,936] {dagbag.py:507} INFO - Filling up the DagBag from /opt/airflow/dags/gcs_to_bq_dag.py
[2022-06-05 09:38:48,044] {processor.py:651} INFO - DAG(s) dict_keys(['gcs_2_bq_dag']) retrieved from /opt/airflow/dags/gcs_to_bq_dag.py
[2022-06-05 09:38:48,234] {logging_mixin.py:115} INFO - [2022-06-05 09:38:48,226] {dag.py:2379} INFO - Sync 1 DAGs
[2022-06-05 09:38:48,422] {logging_mixin.py:115} INFO - [2022-06-05 09:38:48,422] {dag.py:2927} INFO - Setting next_dagrun for gcs_2_bq_dag to 2022-06-05T00:00:00+00:00, run_after=2022-06-06T00:00:00+00:00
[2022-06-05 09:38:48,514] {processor.py:161} INFO - Processing /opt/airflow/dags/gcs_to_bq_dag.py took 3.592 seconds
[2022-06-05 10:30:09,417] {processor.py:153} INFO - Started process (PID=64041) to work on /opt/airflow/dags/gcs_to_bq_dag.py
[2022-06-05 10:30:09,428] {processor.py:641} INFO - Processing file /opt/airflow/dags/gcs_to_bq_dag.py for tasks to queue
[2022-06-05 10:30:09,432] {logging_mixin.py:115} INFO - [2022-06-05 10:30:09,431] {dagbag.py:507} INFO - Filling up the DagBag from /opt/airflow/dags/gcs_to_bq_dag.py
[2022-06-05 10:30:11,245] {processor.py:651} INFO - DAG(s) dict_keys(['gcs_2_bq_dag']) retrieved from /opt/airflow/dags/gcs_to_bq_dag.py
[2022-06-05 10:30:11,616] {logging_mixin.py:115} INFO - [2022-06-05 10:30:11,609] {dag.py:2379} INFO - Sync 1 DAGs
[2022-06-05 10:30:11,801] {logging_mixin.py:115} INFO - [2022-06-05 10:30:11,800] {dag.py:2927} INFO - Setting next_dagrun for gcs_2_bq_dag to 2022-06-05T00:00:00+00:00, run_after=2022-06-06T00:00:00+00:00
[2022-06-05 10:30:11,874] {processor.py:161} INFO - Processing /opt/airflow/dags/gcs_to_bq_dag.py took 2.482 seconds
[2022-06-05 11:57:39,946] {processor.py:153} INFO - Started process (PID=64069) to work on /opt/airflow/dags/gcs_to_bq_dag.py
[2022-06-05 11:57:39,951] {processor.py:641} INFO - Processing file /opt/airflow/dags/gcs_to_bq_dag.py for tasks to queue
[2022-06-05 11:57:39,959] {logging_mixin.py:115} INFO - [2022-06-05 11:57:39,958] {dagbag.py:507} INFO - Filling up the DagBag from /opt/airflow/dags/gcs_to_bq_dag.py
[2022-06-05 11:57:42,683] {processor.py:651} INFO - DAG(s) dict_keys(['gcs_2_bq_dag']) retrieved from /opt/airflow/dags/gcs_to_bq_dag.py
[2022-06-05 11:57:42,901] {logging_mixin.py:115} INFO - [2022-06-05 11:57:42,900] {dag.py:2379} INFO - Sync 1 DAGs
[2022-06-05 11:57:43,051] {logging_mixin.py:115} INFO - [2022-06-05 11:57:43,051] {dag.py:2927} INFO - Setting next_dagrun for gcs_2_bq_dag to 2022-06-05T00:00:00+00:00, run_after=2022-06-06T00:00:00+00:00
[2022-06-05 11:57:43,082] {processor.py:161} INFO - Processing /opt/airflow/dags/gcs_to_bq_dag.py took 3.156 seconds
[2022-06-05 13:06:02,108] {processor.py:153} INFO - Started process (PID=64098) to work on /opt/airflow/dags/gcs_to_bq_dag.py
[2022-06-05 13:06:02,145] {processor.py:641} INFO - Processing file /opt/airflow/dags/gcs_to_bq_dag.py for tasks to queue
[2022-06-05 13:06:02,150] {logging_mixin.py:115} INFO - [2022-06-05 13:06:02,149] {dagbag.py:507} INFO - Filling up the DagBag from /opt/airflow/dags/gcs_to_bq_dag.py
[2022-06-05 13:06:03,836] {processor.py:651} INFO - DAG(s) dict_keys(['gcs_2_bq_dag']) retrieved from /opt/airflow/dags/gcs_to_bq_dag.py
[2022-06-05 13:06:03,937] {logging_mixin.py:115} INFO - [2022-06-05 13:06:03,935] {dag.py:2379} INFO - Sync 1 DAGs
[2022-06-05 13:06:04,026] {logging_mixin.py:115} INFO - [2022-06-05 13:06:04,026] {dag.py:2927} INFO - Setting next_dagrun for gcs_2_bq_dag to 2022-06-05T00:00:00+00:00, run_after=2022-06-06T00:00:00+00:00
[2022-06-05 13:06:04,077] {processor.py:161} INFO - Processing /opt/airflow/dags/gcs_to_bq_dag.py took 1.979 seconds
[2022-06-05 13:41:39,804] {processor.py:153} INFO - Started process (PID=64134) to work on /opt/airflow/dags/gcs_to_bq_dag.py
[2022-06-05 13:41:39,824] {processor.py:641} INFO - Processing file /opt/airflow/dags/gcs_to_bq_dag.py for tasks to queue
[2022-06-05 13:41:39,831] {logging_mixin.py:115} INFO - [2022-06-05 13:41:39,831] {dagbag.py:507} INFO - Filling up the DagBag from /opt/airflow/dags/gcs_to_bq_dag.py
[2022-06-05 13:41:41,838] {processor.py:651} INFO - DAG(s) dict_keys(['gcs_2_bq_dag']) retrieved from /opt/airflow/dags/gcs_to_bq_dag.py
[2022-06-05 13:41:42,025] {logging_mixin.py:115} INFO - [2022-06-05 13:41:42,019] {dag.py:2379} INFO - Sync 1 DAGs
[2022-06-05 13:41:42,133] {logging_mixin.py:115} INFO - [2022-06-05 13:41:42,133] {dag.py:2927} INFO - Setting next_dagrun for gcs_2_bq_dag to 2022-06-05T00:00:00+00:00, run_after=2022-06-06T00:00:00+00:00
[2022-06-05 13:41:42,173] {processor.py:161} INFO - Processing /opt/airflow/dags/gcs_to_bq_dag.py took 2.427 seconds
[2022-06-05 15:03:38,462] {processor.py:153} INFO - Started process (PID=64161) to work on /opt/airflow/dags/gcs_to_bq_dag.py
[2022-06-05 15:03:38,464] {processor.py:641} INFO - Processing file /opt/airflow/dags/gcs_to_bq_dag.py for tasks to queue
[2022-06-05 15:03:38,469] {logging_mixin.py:115} INFO - [2022-06-05 15:03:38,468] {dagbag.py:507} INFO - Filling up the DagBag from /opt/airflow/dags/gcs_to_bq_dag.py
[2022-06-05 15:03:40,224] {processor.py:651} INFO - DAG(s) dict_keys(['gcs_2_bq_dag']) retrieved from /opt/airflow/dags/gcs_to_bq_dag.py
[2022-06-05 15:03:40,359] {logging_mixin.py:115} INFO - [2022-06-05 15:03:40,355] {dag.py:2379} INFO - Sync 1 DAGs
[2022-06-05 15:03:40,415] {logging_mixin.py:115} INFO - [2022-06-05 15:03:40,415] {dag.py:2927} INFO - Setting next_dagrun for gcs_2_bq_dag to 2022-06-05T00:00:00+00:00, run_after=2022-06-06T00:00:00+00:00
[2022-06-05 15:03:40,485] {processor.py:161} INFO - Processing /opt/airflow/dags/gcs_to_bq_dag.py took 2.029 seconds
[2022-06-05 15:27:57,379] {processor.py:153} INFO - Started process (PID=64188) to work on /opt/airflow/dags/gcs_to_bq_dag.py
[2022-06-05 15:27:57,381] {processor.py:641} INFO - Processing file /opt/airflow/dags/gcs_to_bq_dag.py for tasks to queue
[2022-06-05 15:27:57,383] {logging_mixin.py:115} INFO - [2022-06-05 15:27:57,382] {dagbag.py:507} INFO - Filling up the DagBag from /opt/airflow/dags/gcs_to_bq_dag.py
[2022-06-05 15:27:59,262] {processor.py:651} INFO - DAG(s) dict_keys(['gcs_2_bq_dag']) retrieved from /opt/airflow/dags/gcs_to_bq_dag.py
[2022-06-05 15:27:59,334] {logging_mixin.py:115} INFO - [2022-06-05 15:27:59,332] {dag.py:2379} INFO - Sync 1 DAGs
[2022-06-05 15:27:59,473] {logging_mixin.py:115} INFO - [2022-06-05 15:27:59,473] {dag.py:2927} INFO - Setting next_dagrun for gcs_2_bq_dag to 2022-06-05T00:00:00+00:00, run_after=2022-06-06T00:00:00+00:00
[2022-06-05 15:27:59,570] {processor.py:161} INFO - Processing /opt/airflow/dags/gcs_to_bq_dag.py took 2.200 seconds
[2022-06-05 15:57:12,522] {processor.py:153} INFO - Started process (PID=64217) to work on /opt/airflow/dags/gcs_to_bq_dag.py
[2022-06-05 15:57:12,525] {processor.py:641} INFO - Processing file /opt/airflow/dags/gcs_to_bq_dag.py for tasks to queue
[2022-06-05 15:57:12,527] {logging_mixin.py:115} INFO - [2022-06-05 15:57:12,527] {dagbag.py:507} INFO - Filling up the DagBag from /opt/airflow/dags/gcs_to_bq_dag.py
[2022-06-05 15:57:15,092] {processor.py:651} INFO - DAG(s) dict_keys(['gcs_2_bq_dag']) retrieved from /opt/airflow/dags/gcs_to_bq_dag.py
[2022-06-05 15:57:15,224] {logging_mixin.py:115} INFO - [2022-06-05 15:57:15,221] {dag.py:2379} INFO - Sync 1 DAGs
[2022-06-05 15:57:15,365] {logging_mixin.py:115} INFO - [2022-06-05 15:57:15,365] {dag.py:2927} INFO - Setting next_dagrun for gcs_2_bq_dag to 2022-06-05T00:00:00+00:00, run_after=2022-06-06T00:00:00+00:00
[2022-06-05 15:57:15,419] {processor.py:161} INFO - Processing /opt/airflow/dags/gcs_to_bq_dag.py took 2.909 seconds
[2022-06-05 16:31:56,392] {processor.py:153} INFO - Started process (PID=64255) to work on /opt/airflow/dags/gcs_to_bq_dag.py
[2022-06-05 16:31:56,397] {processor.py:641} INFO - Processing file /opt/airflow/dags/gcs_to_bq_dag.py for tasks to queue
[2022-06-05 16:31:56,399] {logging_mixin.py:115} INFO - [2022-06-05 16:31:56,399] {dagbag.py:507} INFO - Filling up the DagBag from /opt/airflow/dags/gcs_to_bq_dag.py
[2022-06-05 16:31:57,475] {processor.py:651} INFO - DAG(s) dict_keys(['gcs_2_bq_dag']) retrieved from /opt/airflow/dags/gcs_to_bq_dag.py
[2022-06-05 16:31:57,525] {logging_mixin.py:115} INFO - [2022-06-05 16:31:57,524] {dag.py:2379} INFO - Sync 1 DAGs
[2022-06-05 16:31:57,563] {logging_mixin.py:115} INFO - [2022-06-05 16:31:57,563] {dag.py:2927} INFO - Setting next_dagrun for gcs_2_bq_dag to 2022-06-05T00:00:00+00:00, run_after=2022-06-06T00:00:00+00:00
[2022-06-05 16:31:57,588] {processor.py:161} INFO - Processing /opt/airflow/dags/gcs_to_bq_dag.py took 1.206 seconds
[2022-06-05 17:25:53,289] {processor.py:153} INFO - Started process (PID=64281) to work on /opt/airflow/dags/gcs_to_bq_dag.py
[2022-06-05 17:25:53,296] {processor.py:641} INFO - Processing file /opt/airflow/dags/gcs_to_bq_dag.py for tasks to queue
[2022-06-05 17:25:53,301] {logging_mixin.py:115} INFO - [2022-06-05 17:25:53,301] {dagbag.py:507} INFO - Filling up the DagBag from /opt/airflow/dags/gcs_to_bq_dag.py
[2022-06-05 17:25:56,710] {processor.py:651} INFO - DAG(s) dict_keys(['gcs_2_bq_dag']) retrieved from /opt/airflow/dags/gcs_to_bq_dag.py
[2022-06-05 17:25:56,967] {logging_mixin.py:115} INFO - [2022-06-05 17:25:56,964] {dag.py:2379} INFO - Sync 1 DAGs
[2022-06-05 17:25:57,089] {logging_mixin.py:115} INFO - [2022-06-05 17:25:57,089] {dag.py:2927} INFO - Setting next_dagrun for gcs_2_bq_dag to 2022-06-05T00:00:00+00:00, run_after=2022-06-06T00:00:00+00:00
[2022-06-05 17:25:59,127] {processor.py:161} INFO - Processing /opt/airflow/dags/gcs_to_bq_dag.py took 5.873 seconds
[2022-06-05 17:32:21,150] {processor.py:153} INFO - Started process (PID=64309) to work on /opt/airflow/dags/gcs_to_bq_dag.py
[2022-06-05 17:32:21,157] {processor.py:641} INFO - Processing file /opt/airflow/dags/gcs_to_bq_dag.py for tasks to queue
[2022-06-05 17:32:21,166] {logging_mixin.py:115} INFO - [2022-06-05 17:32:21,166] {dagbag.py:507} INFO - Filling up the DagBag from /opt/airflow/dags/gcs_to_bq_dag.py
[2022-06-05 17:32:23,012] {processor.py:651} INFO - DAG(s) dict_keys(['gcs_2_bq_dag']) retrieved from /opt/airflow/dags/gcs_to_bq_dag.py
[2022-06-05 17:32:23,130] {logging_mixin.py:115} INFO - [2022-06-05 17:32:23,123] {dag.py:2379} INFO - Sync 1 DAGs
[2022-06-05 17:32:23,351] {logging_mixin.py:115} INFO - [2022-06-05 17:32:23,351] {dag.py:2927} INFO - Setting next_dagrun for gcs_2_bq_dag to 2022-06-05T00:00:00+00:00, run_after=2022-06-06T00:00:00+00:00
[2022-06-05 17:32:24,124] {processor.py:161} INFO - Processing /opt/airflow/dags/gcs_to_bq_dag.py took 3.010 seconds
[2022-06-05 17:58:04,285] {processor.py:153} INFO - Started process (PID=64345) to work on /opt/airflow/dags/gcs_to_bq_dag.py
[2022-06-05 17:58:04,295] {processor.py:641} INFO - Processing file /opt/airflow/dags/gcs_to_bq_dag.py for tasks to queue
[2022-06-05 17:58:04,311] {logging_mixin.py:115} INFO - [2022-06-05 17:58:04,310] {dagbag.py:507} INFO - Filling up the DagBag from /opt/airflow/dags/gcs_to_bq_dag.py
[2022-06-05 17:58:06,068] {processor.py:651} INFO - DAG(s) dict_keys(['gcs_2_bq_dag']) retrieved from /opt/airflow/dags/gcs_to_bq_dag.py
[2022-06-05 17:58:06,242] {logging_mixin.py:115} INFO - [2022-06-05 17:58:06,239] {dag.py:2379} INFO - Sync 1 DAGs
[2022-06-05 17:58:06,323] {logging_mixin.py:115} INFO - [2022-06-05 17:58:06,323] {dag.py:2927} INFO - Setting next_dagrun for gcs_2_bq_dag to 2022-06-05T00:00:00+00:00, run_after=2022-06-06T00:00:00+00:00
[2022-06-05 17:58:06,813] {processor.py:161} INFO - Processing /opt/airflow/dags/gcs_to_bq_dag.py took 2.598 seconds
[2022-06-05 18:25:21,799] {processor.py:153} INFO - Started process (PID=64374) to work on /opt/airflow/dags/gcs_to_bq_dag.py
[2022-06-05 18:25:21,806] {processor.py:641} INFO - Processing file /opt/airflow/dags/gcs_to_bq_dag.py for tasks to queue
[2022-06-05 18:25:21,813] {logging_mixin.py:115} INFO - [2022-06-05 18:25:21,813] {dagbag.py:507} INFO - Filling up the DagBag from /opt/airflow/dags/gcs_to_bq_dag.py
[2022-06-05 18:25:23,540] {processor.py:651} INFO - DAG(s) dict_keys(['gcs_2_bq_dag']) retrieved from /opt/airflow/dags/gcs_to_bq_dag.py
[2022-06-05 18:25:23,647] {logging_mixin.py:115} INFO - [2022-06-05 18:25:23,646] {dag.py:2379} INFO - Sync 1 DAGs
[2022-06-05 18:25:23,777] {logging_mixin.py:115} INFO - [2022-06-05 18:25:23,777] {dag.py:2927} INFO - Setting next_dagrun for gcs_2_bq_dag to 2022-06-05T00:00:00+00:00, run_after=2022-06-06T00:00:00+00:00
[2022-06-05 18:25:24,329] {processor.py:161} INFO - Processing /opt/airflow/dags/gcs_to_bq_dag.py took 2.594 seconds
[2022-06-05 18:43:03,149] {processor.py:153} INFO - Started process (PID=64401) to work on /opt/airflow/dags/gcs_to_bq_dag.py
[2022-06-05 18:43:03,158] {processor.py:641} INFO - Processing file /opt/airflow/dags/gcs_to_bq_dag.py for tasks to queue
[2022-06-05 18:43:03,161] {logging_mixin.py:115} INFO - [2022-06-05 18:43:03,161] {dagbag.py:507} INFO - Filling up the DagBag from /opt/airflow/dags/gcs_to_bq_dag.py
[2022-06-05 18:43:04,590] {processor.py:651} INFO - DAG(s) dict_keys(['gcs_2_bq_dag']) retrieved from /opt/airflow/dags/gcs_to_bq_dag.py
[2022-06-05 18:43:04,671] {logging_mixin.py:115} INFO - [2022-06-05 18:43:04,660] {dag.py:2379} INFO - Sync 1 DAGs
[2022-06-05 18:43:04,866] {logging_mixin.py:115} INFO - [2022-06-05 18:43:04,866] {dag.py:2927} INFO - Setting next_dagrun for gcs_2_bq_dag to 2022-06-05T00:00:00+00:00, run_after=2022-06-06T00:00:00+00:00
[2022-06-05 18:43:06,451] {processor.py:161} INFO - Processing /opt/airflow/dags/gcs_to_bq_dag.py took 3.308 seconds
[2022-06-05 19:34:26,469] {processor.py:153} INFO - Started process (PID=64439) to work on /opt/airflow/dags/gcs_to_bq_dag.py
[2022-06-05 19:34:26,473] {processor.py:641} INFO - Processing file /opt/airflow/dags/gcs_to_bq_dag.py for tasks to queue
[2022-06-05 19:34:26,475] {logging_mixin.py:115} INFO - [2022-06-05 19:34:26,475] {dagbag.py:507} INFO - Filling up the DagBag from /opt/airflow/dags/gcs_to_bq_dag.py
[2022-06-05 19:34:27,634] {processor.py:651} INFO - DAG(s) dict_keys(['gcs_2_bq_dag']) retrieved from /opt/airflow/dags/gcs_to_bq_dag.py
[2022-06-05 19:34:27,702] {logging_mixin.py:115} INFO - [2022-06-05 19:34:27,700] {dag.py:2379} INFO - Sync 1 DAGs
[2022-06-05 19:34:27,741] {logging_mixin.py:115} INFO - [2022-06-05 19:34:27,741] {dag.py:2927} INFO - Setting next_dagrun for gcs_2_bq_dag to 2022-06-05T00:00:00+00:00, run_after=2022-06-06T00:00:00+00:00
[2022-06-05 19:34:28,324] {processor.py:161} INFO - Processing /opt/airflow/dags/gcs_to_bq_dag.py took 1.866 seconds
[2022-06-05 20:24:37,711] {processor.py:153} INFO - Started process (PID=64466) to work on /opt/airflow/dags/gcs_to_bq_dag.py
[2022-06-05 20:24:37,719] {processor.py:641} INFO - Processing file /opt/airflow/dags/gcs_to_bq_dag.py for tasks to queue
[2022-06-05 20:24:37,724] {logging_mixin.py:115} INFO - [2022-06-05 20:24:37,724] {dagbag.py:507} INFO - Filling up the DagBag from /opt/airflow/dags/gcs_to_bq_dag.py
[2022-06-05 20:24:39,795] {processor.py:651} INFO - DAG(s) dict_keys(['gcs_2_bq_dag']) retrieved from /opt/airflow/dags/gcs_to_bq_dag.py
[2022-06-05 20:24:40,081] {logging_mixin.py:115} INFO - [2022-06-05 20:24:40,057] {dag.py:2379} INFO - Sync 1 DAGs
[2022-06-05 20:24:40,841] {logging_mixin.py:115} INFO - [2022-06-05 20:24:40,841] {dag.py:2927} INFO - Setting next_dagrun for gcs_2_bq_dag to 2022-06-05T00:00:00+00:00, run_after=2022-06-06T00:00:00+00:00
[2022-06-05 20:24:40,879] {processor.py:161} INFO - Processing /opt/airflow/dags/gcs_to_bq_dag.py took 3.194 seconds
[2022-06-05 21:24:43,223] {processor.py:153} INFO - Started process (PID=64494) to work on /opt/airflow/dags/gcs_to_bq_dag.py
[2022-06-05 21:24:43,239] {processor.py:641} INFO - Processing file /opt/airflow/dags/gcs_to_bq_dag.py for tasks to queue
[2022-06-05 21:24:43,243] {logging_mixin.py:115} INFO - [2022-06-05 21:24:43,243] {dagbag.py:507} INFO - Filling up the DagBag from /opt/airflow/dags/gcs_to_bq_dag.py
[2022-06-05 21:24:44,783] {processor.py:651} INFO - DAG(s) dict_keys(['gcs_2_bq_dag']) retrieved from /opt/airflow/dags/gcs_to_bq_dag.py
[2022-06-05 21:24:44,880] {logging_mixin.py:115} INFO - [2022-06-05 21:24:44,877] {dag.py:2379} INFO - Sync 1 DAGs
[2022-06-05 21:24:46,816] {logging_mixin.py:115} INFO - [2022-06-05 21:24:46,771] {dag.py:2927} INFO - Setting next_dagrun for gcs_2_bq_dag to 2022-06-05T00:00:00+00:00, run_after=2022-06-06T00:00:00+00:00
[2022-06-05 21:24:46,923] {processor.py:161} INFO - Processing /opt/airflow/dags/gcs_to_bq_dag.py took 3.711 seconds
[2022-06-05 22:02:51,542] {processor.py:153} INFO - Started process (PID=64520) to work on /opt/airflow/dags/gcs_to_bq_dag.py
[2022-06-05 22:02:51,557] {processor.py:641} INFO - Processing file /opt/airflow/dags/gcs_to_bq_dag.py for tasks to queue
[2022-06-05 22:02:51,560] {logging_mixin.py:115} INFO - [2022-06-05 22:02:51,559] {dagbag.py:507} INFO - Filling up the DagBag from /opt/airflow/dags/gcs_to_bq_dag.py
[2022-06-05 22:02:53,319] {processor.py:651} INFO - DAG(s) dict_keys(['gcs_2_bq_dag']) retrieved from /opt/airflow/dags/gcs_to_bq_dag.py
[2022-06-05 22:02:53,412] {logging_mixin.py:115} INFO - [2022-06-05 22:02:53,411] {dag.py:2379} INFO - Sync 1 DAGs
[2022-06-05 22:02:55,747] {logging_mixin.py:115} INFO - [2022-06-05 22:02:55,746] {dag.py:2927} INFO - Setting next_dagrun for gcs_2_bq_dag to 2022-06-05T00:00:00+00:00, run_after=2022-06-06T00:00:00+00:00
[2022-06-05 22:02:55,799] {processor.py:161} INFO - Processing /opt/airflow/dags/gcs_to_bq_dag.py took 4.280 seconds
[2022-06-05 22:31:04,712] {processor.py:153} INFO - Started process (PID=64549) to work on /opt/airflow/dags/gcs_to_bq_dag.py
[2022-06-05 22:31:04,714] {processor.py:641} INFO - Processing file /opt/airflow/dags/gcs_to_bq_dag.py for tasks to queue
[2022-06-05 22:31:04,716] {logging_mixin.py:115} INFO - [2022-06-05 22:31:04,716] {dagbag.py:507} INFO - Filling up the DagBag from /opt/airflow/dags/gcs_to_bq_dag.py
[2022-06-05 22:31:06,452] {processor.py:651} INFO - DAG(s) dict_keys(['gcs_2_bq_dag']) retrieved from /opt/airflow/dags/gcs_to_bq_dag.py
[2022-06-05 22:31:06,718] {logging_mixin.py:115} INFO - [2022-06-05 22:31:06,703] {dag.py:2379} INFO - Sync 1 DAGs
[2022-06-05 22:31:11,380] {logging_mixin.py:115} INFO - [2022-06-05 22:31:11,380] {dag.py:2927} INFO - Setting next_dagrun for gcs_2_bq_dag to 2022-06-05T00:00:00+00:00, run_after=2022-06-06T00:00:00+00:00
[2022-06-05 22:31:11,457] {processor.py:161} INFO - Processing /opt/airflow/dags/gcs_to_bq_dag.py took 6.751 seconds
[2022-06-05 23:19:42,142] {processor.py:153} INFO - Started process (PID=64585) to work on /opt/airflow/dags/gcs_to_bq_dag.py
[2022-06-05 23:19:42,166] {processor.py:641} INFO - Processing file /opt/airflow/dags/gcs_to_bq_dag.py for tasks to queue
[2022-06-05 23:19:42,188] {logging_mixin.py:115} INFO - [2022-06-05 23:19:42,187] {dagbag.py:507} INFO - Filling up the DagBag from /opt/airflow/dags/gcs_to_bq_dag.py
[2022-06-05 23:19:46,695] {processor.py:651} INFO - DAG(s) dict_keys(['gcs_2_bq_dag']) retrieved from /opt/airflow/dags/gcs_to_bq_dag.py
[2022-06-05 23:19:47,346] {logging_mixin.py:115} INFO - [2022-06-05 23:19:47,302] {dag.py:2379} INFO - Sync 1 DAGs
[2022-06-05 23:19:51,987] {logging_mixin.py:115} INFO - [2022-06-05 23:19:51,986] {dag.py:2927} INFO - Setting next_dagrun for gcs_2_bq_dag to 2022-06-05T00:00:00+00:00, run_after=2022-06-06T00:00:00+00:00
[2022-06-05 23:19:52,061] {processor.py:161} INFO - Processing /opt/airflow/dags/gcs_to_bq_dag.py took 9.997 seconds
