[2022-07-18 23:30:49,052] {taskinstance.py:1160} INFO - Dependencies all met for <TaskInstance: local_to_gcs.format_to_parquet_task scheduled__2014-01-10T06:00:00+00:00 [queued]>
[2022-07-18 23:30:49,131] {taskinstance.py:1160} INFO - Dependencies all met for <TaskInstance: local_to_gcs.format_to_parquet_task scheduled__2014-01-10T06:00:00+00:00 [queued]>
[2022-07-18 23:30:49,138] {taskinstance.py:1357} INFO - 
--------------------------------------------------------------------------------
[2022-07-18 23:30:49,151] {taskinstance.py:1358} INFO - Starting attempt 1 of 1
[2022-07-18 23:30:49,158] {taskinstance.py:1359} INFO - 
--------------------------------------------------------------------------------
[2022-07-18 23:30:49,246] {taskinstance.py:1378} INFO - Executing <Task(PythonOperator): format_to_parquet_task> on 2014-01-10 06:00:00+00:00
[2022-07-18 23:30:49,313] {standard_task_runner.py:52} INFO - Started process 39507 to run task
[2022-07-18 23:30:49,339] {standard_task_runner.py:79} INFO - Running: ['***', 'tasks', 'run', 'local_to_gcs', 'format_to_parquet_task', 'scheduled__2014-01-10T06:00:00+00:00', '--job-id', '60', '--raw', '--subdir', 'DAGS_FOLDER/local_to_gcs.py', '--cfg-path', '/tmp/tmptyy4qgl9', '--error-file', '/tmp/tmpr4jjszky']
[2022-07-18 23:30:49,345] {standard_task_runner.py:80} INFO - Job 60: Subtask format_to_parquet_task
[2022-07-18 23:30:50,058] {task_command.py:370} INFO - Running <TaskInstance: local_to_gcs.format_to_parquet_task scheduled__2014-01-10T06:00:00+00:00 [running]> on host 32d1f26135d5
[2022-07-18 23:30:50,935] {taskinstance.py:1572} INFO - Exporting the following env vars:
AIRFLOW_CTX_DAG_OWNER=***
AIRFLOW_CTX_DAG_ID=local_to_gcs
AIRFLOW_CTX_TASK_ID=format_to_parquet_task
AIRFLOW_CTX_EXECUTION_DATE=2014-01-10T06:00:00+00:00
AIRFLOW_CTX_TRY_NUMBER=1
AIRFLOW_CTX_DAG_RUN_ID=scheduled__2014-01-10T06:00:00+00:00
[2022-07-18 23:31:45,708] {python.py:173} INFO - Done. Returned value was: None
[2022-07-18 23:31:45,764] {taskinstance.py:1401} INFO - Marking task as SUCCESS. dag_id=local_to_gcs, task_id=format_to_parquet_task, execution_date=20140110T060000, start_date=20220718T233049, end_date=20220718T233145
[2022-07-18 23:31:46,996] {local_task_job.py:221} WARNING - State of this instance has been externally set to success. Terminating instance.
[2022-07-18 23:31:47,028] {process_utils.py:129} INFO - Sending Signals.SIGTERM to group 39507. PIDs of all processes in the group: [39507]
[2022-07-18 23:31:47,040] {process_utils.py:80} INFO - Sending the signal Signals.SIGTERM to group 39507
[2022-07-18 23:31:48,131] {process_utils.py:75} INFO - Process psutil.Process(pid=39507, status='terminated', exitcode=0, started='23:30:48') (39507) terminated with exit code 0
