[2022-06-13 13:29:08,208] {taskinstance.py:1160} INFO - Dependencies all met for <TaskInstance: green_taxi_ingestion_gcs_dag.download_dataset_task manual__2022-06-13T13:29:07.144448+00:00 [queued]>
[2022-06-13 13:29:08,217] {taskinstance.py:1160} INFO - Dependencies all met for <TaskInstance: green_taxi_ingestion_gcs_dag.download_dataset_task manual__2022-06-13T13:29:07.144448+00:00 [queued]>
[2022-06-13 13:29:08,219] {taskinstance.py:1357} INFO - 
--------------------------------------------------------------------------------
[2022-06-13 13:29:08,225] {taskinstance.py:1358} INFO - Starting attempt 1 of 1
[2022-06-13 13:29:08,226] {taskinstance.py:1359} INFO - 
--------------------------------------------------------------------------------
[2022-06-13 13:29:08,242] {taskinstance.py:1378} INFO - Executing <Task(BashOperator): download_dataset_task> on 2022-06-13 13:29:07.144448+00:00
[2022-06-13 13:29:08,254] {standard_task_runner.py:52} INFO - Started process 1233 to run task
[2022-06-13 13:29:08,264] {standard_task_runner.py:79} INFO - Running: ['***', 'tasks', 'run', 'green_taxi_ingestion_gcs_dag', 'download_dataset_task', 'manual__2022-06-13T13:29:07.144448+00:00', '--job-id', '772', '--raw', '--subdir', 'DAGS_FOLDER/green_taxi_ingestion.py', '--cfg-path', '/tmp/tmp9_qtab6l', '--error-file', '/tmp/tmpwet0z4oy']
[2022-06-13 13:29:08,267] {standard_task_runner.py:80} INFO - Job 772: Subtask download_dataset_task
[2022-06-13 13:29:08,326] {task_command.py:370} INFO - Running <TaskInstance: green_taxi_ingestion_gcs_dag.download_dataset_task manual__2022-06-13T13:29:07.144448+00:00 [running]> on host 0825143a1170
[2022-06-13 13:29:08,368] {warnings.py:110} WARNING - /home/***/.local/lib/python3.7/site-packages/***/utils/context.py:202: AirflowContextDeprecationWarning: Accessing 'execution_date' from the template is deprecated and will be removed in a future version. Please use 'data_interval_start' or 'logical_date' instead.
  warnings.warn(_create_deprecation_warning(key, self._deprecation_replacements[key]))

[2022-06-13 13:29:08,407] {taskinstance.py:1572} INFO - Exporting the following env vars:
AIRFLOW_CTX_DAG_OWNER=***
AIRFLOW_CTX_DAG_ID=green_taxi_ingestion_gcs_dag
AIRFLOW_CTX_TASK_ID=download_dataset_task
AIRFLOW_CTX_EXECUTION_DATE=2022-06-13T13:29:07.144448+00:00
AIRFLOW_CTX_TRY_NUMBER=1
AIRFLOW_CTX_DAG_RUN_ID=manual__2022-06-13T13:29:07.144448+00:00
[2022-06-13 13:29:08,410] {subprocess.py:62} INFO - Tmp dir root location: 
 /tmp
[2022-06-13 13:29:08,412] {subprocess.py:74} INFO - Running command: ['bash', '-c', 'curl -sSL https://s3.amazonaws.com/nyc-tlc/trip+data/green_tripdata_2022-06.parquet > /opt/***/output_green_taxi_2022-06.parquet']
[2022-06-13 13:29:08,432] {subprocess.py:85} INFO - Output:
[2022-06-13 13:29:09,113] {subprocess.py:96} INFO - Command exited with return code 0
[2022-06-13 13:29:09,178] {taskinstance.py:1401} INFO - Marking task as SUCCESS. dag_id=green_taxi_ingestion_gcs_dag, task_id=download_dataset_task, execution_date=20220613T132907, start_date=20220613T132908, end_date=20220613T132909
[2022-06-13 13:29:09,228] {local_task_job.py:156} INFO - Task exited with return code 0
[2022-06-13 13:29:09,356] {local_task_job.py:273} INFO - 1 downstream tasks scheduled from follow-on schedule check
