[2022-07-18 23:32:58,819] {taskinstance.py:1160} INFO - Dependencies all met for <TaskInstance: local_to_gcs.format_to_parquet_task scheduled__2018-01-10T06:00:00+00:00 [queued]>
[2022-07-18 23:32:58,856] {taskinstance.py:1160} INFO - Dependencies all met for <TaskInstance: local_to_gcs.format_to_parquet_task scheduled__2018-01-10T06:00:00+00:00 [queued]>
[2022-07-18 23:32:58,866] {taskinstance.py:1357} INFO - 
--------------------------------------------------------------------------------
[2022-07-18 23:32:58,876] {taskinstance.py:1358} INFO - Starting attempt 1 of 1
[2022-07-18 23:32:58,890] {taskinstance.py:1359} INFO - 
--------------------------------------------------------------------------------
[2022-07-18 23:32:58,957] {taskinstance.py:1378} INFO - Executing <Task(PythonOperator): format_to_parquet_task> on 2018-01-10 06:00:00+00:00
[2022-07-18 23:32:58,994] {standard_task_runner.py:52} INFO - Started process 39647 to run task
[2022-07-18 23:32:59,034] {standard_task_runner.py:79} INFO - Running: ['***', 'tasks', 'run', 'local_to_gcs', 'format_to_parquet_task', 'scheduled__2018-01-10T06:00:00+00:00', '--job-id', '69', '--raw', '--subdir', 'DAGS_FOLDER/local_to_gcs.py', '--cfg-path', '/tmp/tmp_yleqcqz', '--error-file', '/tmp/tmpemywxktd']
[2022-07-18 23:32:59,066] {standard_task_runner.py:80} INFO - Job 69: Subtask format_to_parquet_task
[2022-07-18 23:32:59,522] {task_command.py:370} INFO - Running <TaskInstance: local_to_gcs.format_to_parquet_task scheduled__2018-01-10T06:00:00+00:00 [running]> on host 32d1f26135d5
[2022-07-18 23:33:00,031] {taskinstance.py:1572} INFO - Exporting the following env vars:
AIRFLOW_CTX_DAG_OWNER=***
AIRFLOW_CTX_DAG_ID=local_to_gcs
AIRFLOW_CTX_TASK_ID=format_to_parquet_task
AIRFLOW_CTX_EXECUTION_DATE=2018-01-10T06:00:00+00:00
AIRFLOW_CTX_TRY_NUMBER=1
AIRFLOW_CTX_DAG_RUN_ID=scheduled__2018-01-10T06:00:00+00:00
[2022-07-18 23:33:44,619] {python.py:173} INFO - Done. Returned value was: None
[2022-07-18 23:33:44,759] {taskinstance.py:1401} INFO - Marking task as SUCCESS. dag_id=local_to_gcs, task_id=format_to_parquet_task, execution_date=20180110T060000, start_date=20220718T233258, end_date=20220718T233344
[2022-07-18 23:33:46,227] {local_task_job.py:221} WARNING - State of this instance has been externally set to success. Terminating instance.
[2022-07-18 23:33:46,268] {process_utils.py:129} INFO - Sending Signals.SIGTERM to group 39647. PIDs of all processes in the group: [39647]
[2022-07-18 23:33:46,282] {process_utils.py:80} INFO - Sending the signal Signals.SIGTERM to group 39647
[2022-07-18 23:33:47,140] {process_utils.py:75} INFO - Process psutil.Process(pid=39647, status='terminated', exitcode=0, started='23:32:58') (39647) terminated with exit code 0
