[2022-06-13 13:17:58,037] {taskinstance.py:1160} INFO - Dependencies all met for <TaskInstance: green_taxi_ingestion_gcs_dag.download_dataset_task scheduled__2020-03-01T06:00:00+00:00 [queued]>
[2022-06-13 13:17:58,048] {taskinstance.py:1160} INFO - Dependencies all met for <TaskInstance: green_taxi_ingestion_gcs_dag.download_dataset_task scheduled__2020-03-01T06:00:00+00:00 [queued]>
[2022-06-13 13:17:58,049] {taskinstance.py:1357} INFO - 
--------------------------------------------------------------------------------
[2022-06-13 13:17:58,053] {taskinstance.py:1358} INFO - Starting attempt 1 of 1
[2022-06-13 13:17:58,054] {taskinstance.py:1359} INFO - 
--------------------------------------------------------------------------------
[2022-06-13 13:17:58,076] {taskinstance.py:1378} INFO - Executing <Task(BashOperator): download_dataset_task> on 2020-03-01 06:00:00+00:00
[2022-06-13 13:17:58,090] {standard_task_runner.py:52} INFO - Started process 350 to run task
[2022-06-13 13:17:58,095] {standard_task_runner.py:79} INFO - Running: ['***', 'tasks', 'run', 'green_taxi_ingestion_gcs_dag', 'download_dataset_task', 'scheduled__2020-03-01T06:00:00+00:00', '--job-id', '704', '--raw', '--subdir', 'DAGS_FOLDER/green_taxi_ingestion.py', '--cfg-path', '/tmp/tmpc5yoai0_', '--error-file', '/tmp/tmp5rs3c2bv']
[2022-06-13 13:17:58,099] {standard_task_runner.py:80} INFO - Job 704: Subtask download_dataset_task
[2022-06-13 13:17:58,177] {task_command.py:370} INFO - Running <TaskInstance: green_taxi_ingestion_gcs_dag.download_dataset_task scheduled__2020-03-01T06:00:00+00:00 [running]> on host 0825143a1170
[2022-06-13 13:17:58,221] {warnings.py:110} WARNING - /home/***/.local/lib/python3.7/site-packages/***/utils/context.py:202: AirflowContextDeprecationWarning: Accessing 'execution_date' from the template is deprecated and will be removed in a future version. Please use 'data_interval_start' or 'logical_date' instead.
  warnings.warn(_create_deprecation_warning(key, self._deprecation_replacements[key]))

[2022-06-13 13:17:58,250] {taskinstance.py:1572} INFO - Exporting the following env vars:
AIRFLOW_CTX_DAG_OWNER=***
AIRFLOW_CTX_DAG_ID=green_taxi_ingestion_gcs_dag
AIRFLOW_CTX_TASK_ID=download_dataset_task
AIRFLOW_CTX_EXECUTION_DATE=2020-03-01T06:00:00+00:00
AIRFLOW_CTX_TRY_NUMBER=1
AIRFLOW_CTX_DAG_RUN_ID=scheduled__2020-03-01T06:00:00+00:00
[2022-06-13 13:17:58,254] {subprocess.py:62} INFO - Tmp dir root location: 
 /tmp
[2022-06-13 13:17:58,258] {subprocess.py:74} INFO - Running command: ['bash', '-c', 'curl -sSL https://s3.amazonaws.com/nyc-tlc/trip+data/green_tripdata_2020-03.parquet > /opt/***/output_green_taxi_2020-03.parquet']
[2022-06-13 13:17:58,278] {subprocess.py:85} INFO - Output:
[2022-06-13 13:18:08,570] {subprocess.py:96} INFO - Command exited with return code 0
[2022-06-13 13:18:08,648] {taskinstance.py:1401} INFO - Marking task as SUCCESS. dag_id=green_taxi_ingestion_gcs_dag, task_id=download_dataset_task, execution_date=20200301T060000, start_date=20220613T131758, end_date=20220613T131808
[2022-06-13 13:18:08,713] {local_task_job.py:156} INFO - Task exited with return code 0
[2022-06-13 13:18:08,769] {local_task_job.py:273} INFO - 1 downstream tasks scheduled from follow-on schedule check
[2022-06-13 13:29:51,596] {taskinstance.py:1160} INFO - Dependencies all met for <TaskInstance: green_taxi_ingestion_gcs_dag.download_dataset_task scheduled__2020-03-01T06:00:00+00:00 [queued]>
[2022-06-13 13:29:51,606] {taskinstance.py:1160} INFO - Dependencies all met for <TaskInstance: green_taxi_ingestion_gcs_dag.download_dataset_task scheduled__2020-03-01T06:00:00+00:00 [queued]>
[2022-06-13 13:29:51,608] {taskinstance.py:1357} INFO - 
--------------------------------------------------------------------------------
[2022-06-13 13:29:51,610] {taskinstance.py:1358} INFO - Starting attempt 1 of 1
[2022-06-13 13:29:51,611] {taskinstance.py:1359} INFO - 
--------------------------------------------------------------------------------
[2022-06-13 13:29:51,626] {taskinstance.py:1378} INFO - Executing <Task(BashOperator): download_dataset_task> on 2020-03-01 06:00:00+00:00
[2022-06-13 13:29:51,635] {standard_task_runner.py:52} INFO - Started process 1409 to run task
[2022-06-13 13:29:51,639] {standard_task_runner.py:79} INFO - Running: ['***', 'tasks', 'run', 'green_taxi_ingestion_gcs_dag', 'download_dataset_task', 'scheduled__2020-03-01T06:00:00+00:00', '--job-id', '801', '--raw', '--subdir', 'DAGS_FOLDER/green_taxi_ingestion.py', '--cfg-path', '/tmp/tmp_gyoqcmc', '--error-file', '/tmp/tmpya153yhh']
[2022-06-13 13:29:51,642] {standard_task_runner.py:80} INFO - Job 801: Subtask download_dataset_task
[2022-06-13 13:29:51,706] {task_command.py:370} INFO - Running <TaskInstance: green_taxi_ingestion_gcs_dag.download_dataset_task scheduled__2020-03-01T06:00:00+00:00 [running]> on host 0825143a1170
[2022-06-13 13:29:51,741] {warnings.py:110} WARNING - /home/***/.local/lib/python3.7/site-packages/***/utils/context.py:202: AirflowContextDeprecationWarning: Accessing 'execution_date' from the template is deprecated and will be removed in a future version. Please use 'data_interval_start' or 'logical_date' instead.
  warnings.warn(_create_deprecation_warning(key, self._deprecation_replacements[key]))

[2022-06-13 13:29:51,780] {taskinstance.py:1572} INFO - Exporting the following env vars:
AIRFLOW_CTX_DAG_OWNER=***
AIRFLOW_CTX_DAG_ID=green_taxi_ingestion_gcs_dag
AIRFLOW_CTX_TASK_ID=download_dataset_task
AIRFLOW_CTX_EXECUTION_DATE=2020-03-01T06:00:00+00:00
AIRFLOW_CTX_TRY_NUMBER=1
AIRFLOW_CTX_DAG_RUN_ID=scheduled__2020-03-01T06:00:00+00:00
[2022-06-13 13:29:51,782] {subprocess.py:62} INFO - Tmp dir root location: 
 /tmp
[2022-06-13 13:29:51,787] {subprocess.py:74} INFO - Running command: ['bash', '-c', 'curl -sSL https://s3.amazonaws.com/nyc-tlc/trip+data/green_tripdata_2020-03.parquet > /opt/***/output_green_taxi_2020-03.parquet']
[2022-06-13 13:29:51,807] {subprocess.py:85} INFO - Output:
[2022-06-13 13:29:53,724] {subprocess.py:96} INFO - Command exited with return code 0
[2022-06-13 13:29:53,788] {taskinstance.py:1401} INFO - Marking task as SUCCESS. dag_id=green_taxi_ingestion_gcs_dag, task_id=download_dataset_task, execution_date=20200301T060000, start_date=20220613T132951, end_date=20220613T132953
[2022-06-13 13:29:53,845] {local_task_job.py:156} INFO - Task exited with return code 0
[2022-06-13 13:29:53,941] {local_task_job.py:273} INFO - 1 downstream tasks scheduled from follow-on schedule check
