[2022-06-13 13:18:35,390] {taskinstance.py:1160} INFO - Dependencies all met for <TaskInstance: green_taxi_ingestion_gcs_dag.download_dataset_task scheduled__2021-10-01T06:00:00+00:00 [queued]>
[2022-06-13 13:18:35,399] {taskinstance.py:1160} INFO - Dependencies all met for <TaskInstance: green_taxi_ingestion_gcs_dag.download_dataset_task scheduled__2021-10-01T06:00:00+00:00 [queued]>
[2022-06-13 13:18:35,400] {taskinstance.py:1357} INFO - 
--------------------------------------------------------------------------------
[2022-06-13 13:18:35,401] {taskinstance.py:1358} INFO - Starting attempt 1 of 1
[2022-06-13 13:18:35,402] {taskinstance.py:1359} INFO - 
--------------------------------------------------------------------------------
[2022-06-13 13:18:35,411] {taskinstance.py:1378} INFO - Executing <Task(BashOperator): download_dataset_task> on 2021-10-01 06:00:00+00:00
[2022-06-13 13:18:35,417] {standard_task_runner.py:52} INFO - Started process 539 to run task
[2022-06-13 13:18:35,420] {standard_task_runner.py:79} INFO - Running: ['***', 'tasks', 'run', 'green_taxi_ingestion_gcs_dag', 'download_dataset_task', 'scheduled__2021-10-01T06:00:00+00:00', '--job-id', '740', '--raw', '--subdir', 'DAGS_FOLDER/green_taxi_ingestion.py', '--cfg-path', '/tmp/tmpxw8r60xi', '--error-file', '/tmp/tmpamayjiyg']
[2022-06-13 13:18:35,422] {standard_task_runner.py:80} INFO - Job 740: Subtask download_dataset_task
[2022-06-13 13:18:35,473] {task_command.py:370} INFO - Running <TaskInstance: green_taxi_ingestion_gcs_dag.download_dataset_task scheduled__2021-10-01T06:00:00+00:00 [running]> on host 0825143a1170
[2022-06-13 13:18:35,511] {warnings.py:110} WARNING - /home/***/.local/lib/python3.7/site-packages/***/utils/context.py:202: AirflowContextDeprecationWarning: Accessing 'execution_date' from the template is deprecated and will be removed in a future version. Please use 'data_interval_start' or 'logical_date' instead.
  warnings.warn(_create_deprecation_warning(key, self._deprecation_replacements[key]))

[2022-06-13 13:18:35,546] {taskinstance.py:1572} INFO - Exporting the following env vars:
AIRFLOW_CTX_DAG_OWNER=***
AIRFLOW_CTX_DAG_ID=green_taxi_ingestion_gcs_dag
AIRFLOW_CTX_TASK_ID=download_dataset_task
AIRFLOW_CTX_EXECUTION_DATE=2021-10-01T06:00:00+00:00
AIRFLOW_CTX_TRY_NUMBER=1
AIRFLOW_CTX_DAG_RUN_ID=scheduled__2021-10-01T06:00:00+00:00
[2022-06-13 13:18:35,549] {subprocess.py:62} INFO - Tmp dir root location: 
 /tmp
[2022-06-13 13:18:35,550] {subprocess.py:74} INFO - Running command: ['bash', '-c', 'curl -sSL https://s3.amazonaws.com/nyc-tlc/trip+data/green_tripdata_2021-10.parquet > /opt/***/output_green_taxi_2021-10.parquet']
[2022-06-13 13:18:35,566] {subprocess.py:85} INFO - Output:
[2022-06-13 13:18:37,247] {subprocess.py:96} INFO - Command exited with return code 0
[2022-06-13 13:18:37,287] {taskinstance.py:1401} INFO - Marking task as SUCCESS. dag_id=green_taxi_ingestion_gcs_dag, task_id=download_dataset_task, execution_date=20211001T060000, start_date=20220613T131835, end_date=20220613T131837
[2022-06-13 13:18:37,341] {local_task_job.py:156} INFO - Task exited with return code 0
[2022-06-13 13:18:37,404] {local_task_job.py:273} INFO - 0 downstream tasks scheduled from follow-on schedule check
[2022-06-13 13:30:34,366] {taskinstance.py:1160} INFO - Dependencies all met for <TaskInstance: green_taxi_ingestion_gcs_dag.download_dataset_task scheduled__2021-10-01T06:00:00+00:00 [queued]>
[2022-06-13 13:30:34,412] {taskinstance.py:1160} INFO - Dependencies all met for <TaskInstance: green_taxi_ingestion_gcs_dag.download_dataset_task scheduled__2021-10-01T06:00:00+00:00 [queued]>
[2022-06-13 13:30:34,419] {taskinstance.py:1357} INFO - 
--------------------------------------------------------------------------------
[2022-06-13 13:30:34,425] {taskinstance.py:1358} INFO - Starting attempt 1 of 1
[2022-06-13 13:30:34,431] {taskinstance.py:1359} INFO - 
--------------------------------------------------------------------------------
[2022-06-13 13:30:34,511] {taskinstance.py:1378} INFO - Executing <Task(BashOperator): download_dataset_task> on 2021-10-01 06:00:00+00:00
[2022-06-13 13:30:34,540] {standard_task_runner.py:52} INFO - Started process 1615 to run task
[2022-06-13 13:30:34,561] {standard_task_runner.py:79} INFO - Running: ['***', 'tasks', 'run', 'green_taxi_ingestion_gcs_dag', 'download_dataset_task', 'scheduled__2021-10-01T06:00:00+00:00', '--job-id', '838', '--raw', '--subdir', 'DAGS_FOLDER/green_taxi_ingestion.py', '--cfg-path', '/tmp/tmp7v9z5yyg', '--error-file', '/tmp/tmpf05f8n_f']
[2022-06-13 13:30:34,568] {standard_task_runner.py:80} INFO - Job 838: Subtask download_dataset_task
[2022-06-13 13:30:34,811] {task_command.py:370} INFO - Running <TaskInstance: green_taxi_ingestion_gcs_dag.download_dataset_task scheduled__2021-10-01T06:00:00+00:00 [running]> on host 0825143a1170
[2022-06-13 13:30:35,057] {warnings.py:110} WARNING - /home/***/.local/lib/python3.7/site-packages/***/utils/context.py:202: AirflowContextDeprecationWarning: Accessing 'execution_date' from the template is deprecated and will be removed in a future version. Please use 'data_interval_start' or 'logical_date' instead.
  warnings.warn(_create_deprecation_warning(key, self._deprecation_replacements[key]))

[2022-06-13 13:30:35,227] {taskinstance.py:1572} INFO - Exporting the following env vars:
AIRFLOW_CTX_DAG_OWNER=***
AIRFLOW_CTX_DAG_ID=green_taxi_ingestion_gcs_dag
AIRFLOW_CTX_TASK_ID=download_dataset_task
AIRFLOW_CTX_EXECUTION_DATE=2021-10-01T06:00:00+00:00
AIRFLOW_CTX_TRY_NUMBER=1
AIRFLOW_CTX_DAG_RUN_ID=scheduled__2021-10-01T06:00:00+00:00
[2022-06-13 13:30:35,235] {subprocess.py:62} INFO - Tmp dir root location: 
 /tmp
[2022-06-13 13:30:35,240] {subprocess.py:74} INFO - Running command: ['bash', '-c', 'curl -sSL https://s3.amazonaws.com/nyc-tlc/trip+data/green_tripdata_2021-10.parquet > /opt/***/output_green_taxi_2021-10.parquet']
[2022-06-13 13:30:35,354] {subprocess.py:85} INFO - Output:
[2022-06-13 13:30:37,110] {subprocess.py:96} INFO - Command exited with return code 0
[2022-06-13 13:30:37,180] {taskinstance.py:1401} INFO - Marking task as SUCCESS. dag_id=green_taxi_ingestion_gcs_dag, task_id=download_dataset_task, execution_date=20211001T060000, start_date=20220613T133034, end_date=20220613T133037
[2022-06-13 13:30:37,234] {local_task_job.py:156} INFO - Task exited with return code 0
[2022-06-13 13:30:37,283] {local_task_job.py:273} INFO - 1 downstream tasks scheduled from follow-on schedule check
