[2022-06-13 13:18:25,096] {taskinstance.py:1160} INFO - Dependencies all met for <TaskInstance: green_taxi_ingestion_gcs_dag.download_dataset_task scheduled__2021-04-01T06:00:00+00:00 [queued]>
[2022-06-13 13:18:25,106] {taskinstance.py:1160} INFO - Dependencies all met for <TaskInstance: green_taxi_ingestion_gcs_dag.download_dataset_task scheduled__2021-04-01T06:00:00+00:00 [queued]>
[2022-06-13 13:18:25,108] {taskinstance.py:1357} INFO - 
--------------------------------------------------------------------------------
[2022-06-13 13:18:25,110] {taskinstance.py:1358} INFO - Starting attempt 1 of 1
[2022-06-13 13:18:25,111] {taskinstance.py:1359} INFO - 
--------------------------------------------------------------------------------
[2022-06-13 13:18:25,124] {taskinstance.py:1378} INFO - Executing <Task(BashOperator): download_dataset_task> on 2021-04-01 06:00:00+00:00
[2022-06-13 13:18:25,129] {standard_task_runner.py:52} INFO - Started process 480 to run task
[2022-06-13 13:18:25,139] {standard_task_runner.py:79} INFO - Running: ['***', 'tasks', 'run', 'green_taxi_ingestion_gcs_dag', 'download_dataset_task', 'scheduled__2021-04-01T06:00:00+00:00', '--job-id', '729', '--raw', '--subdir', 'DAGS_FOLDER/green_taxi_ingestion.py', '--cfg-path', '/tmp/tmpt5__vfdl', '--error-file', '/tmp/tmptzr3wevb']
[2022-06-13 13:18:25,141] {standard_task_runner.py:80} INFO - Job 729: Subtask download_dataset_task
[2022-06-13 13:18:25,207] {task_command.py:370} INFO - Running <TaskInstance: green_taxi_ingestion_gcs_dag.download_dataset_task scheduled__2021-04-01T06:00:00+00:00 [running]> on host 0825143a1170
[2022-06-13 13:18:25,245] {warnings.py:110} WARNING - /home/***/.local/lib/python3.7/site-packages/***/utils/context.py:202: AirflowContextDeprecationWarning: Accessing 'execution_date' from the template is deprecated and will be removed in a future version. Please use 'data_interval_start' or 'logical_date' instead.
  warnings.warn(_create_deprecation_warning(key, self._deprecation_replacements[key]))

[2022-06-13 13:18:25,291] {taskinstance.py:1572} INFO - Exporting the following env vars:
AIRFLOW_CTX_DAG_OWNER=***
AIRFLOW_CTX_DAG_ID=green_taxi_ingestion_gcs_dag
AIRFLOW_CTX_TASK_ID=download_dataset_task
AIRFLOW_CTX_EXECUTION_DATE=2021-04-01T06:00:00+00:00
AIRFLOW_CTX_TRY_NUMBER=1
AIRFLOW_CTX_DAG_RUN_ID=scheduled__2021-04-01T06:00:00+00:00
[2022-06-13 13:18:25,294] {subprocess.py:62} INFO - Tmp dir root location: 
 /tmp
[2022-06-13 13:18:25,296] {subprocess.py:74} INFO - Running command: ['bash', '-c', 'curl -sSL https://s3.amazonaws.com/nyc-tlc/trip+data/green_tripdata_2021-04.parquet > /opt/***/output_green_taxi_2021-04.parquet']
[2022-06-13 13:18:25,319] {subprocess.py:85} INFO - Output:
[2022-06-13 13:18:26,890] {subprocess.py:96} INFO - Command exited with return code 0
[2022-06-13 13:18:26,972] {taskinstance.py:1401} INFO - Marking task as SUCCESS. dag_id=green_taxi_ingestion_gcs_dag, task_id=download_dataset_task, execution_date=20210401T060000, start_date=20220613T131825, end_date=20220613T131826
[2022-06-13 13:18:27,066] {local_task_job.py:156} INFO - Task exited with return code 0
[2022-06-13 13:18:27,199] {local_task_job.py:273} INFO - 1 downstream tasks scheduled from follow-on schedule check
[2022-06-13 13:30:19,281] {taskinstance.py:1160} INFO - Dependencies all met for <TaskInstance: green_taxi_ingestion_gcs_dag.download_dataset_task scheduled__2021-04-01T06:00:00+00:00 [queued]>
[2022-06-13 13:30:19,298] {taskinstance.py:1160} INFO - Dependencies all met for <TaskInstance: green_taxi_ingestion_gcs_dag.download_dataset_task scheduled__2021-04-01T06:00:00+00:00 [queued]>
[2022-06-13 13:30:19,299] {taskinstance.py:1357} INFO - 
--------------------------------------------------------------------------------
[2022-06-13 13:30:19,301] {taskinstance.py:1358} INFO - Starting attempt 1 of 1
[2022-06-13 13:30:19,302] {taskinstance.py:1359} INFO - 
--------------------------------------------------------------------------------
[2022-06-13 13:30:19,315] {taskinstance.py:1378} INFO - Executing <Task(BashOperator): download_dataset_task> on 2021-04-01 06:00:00+00:00
[2022-06-13 13:30:19,328] {standard_task_runner.py:52} INFO - Started process 1552 to run task
[2022-06-13 13:30:19,333] {standard_task_runner.py:79} INFO - Running: ['***', 'tasks', 'run', 'green_taxi_ingestion_gcs_dag', 'download_dataset_task', 'scheduled__2021-04-01T06:00:00+00:00', '--job-id', '826', '--raw', '--subdir', 'DAGS_FOLDER/green_taxi_ingestion.py', '--cfg-path', '/tmp/tmp7c9m1znm', '--error-file', '/tmp/tmpagp68g04']
[2022-06-13 13:30:19,336] {standard_task_runner.py:80} INFO - Job 826: Subtask download_dataset_task
[2022-06-13 13:30:19,399] {task_command.py:370} INFO - Running <TaskInstance: green_taxi_ingestion_gcs_dag.download_dataset_task scheduled__2021-04-01T06:00:00+00:00 [running]> on host 0825143a1170
[2022-06-13 13:30:19,445] {warnings.py:110} WARNING - /home/***/.local/lib/python3.7/site-packages/***/utils/context.py:202: AirflowContextDeprecationWarning: Accessing 'execution_date' from the template is deprecated and will be removed in a future version. Please use 'data_interval_start' or 'logical_date' instead.
  warnings.warn(_create_deprecation_warning(key, self._deprecation_replacements[key]))

[2022-06-13 13:30:19,482] {taskinstance.py:1572} INFO - Exporting the following env vars:
AIRFLOW_CTX_DAG_OWNER=***
AIRFLOW_CTX_DAG_ID=green_taxi_ingestion_gcs_dag
AIRFLOW_CTX_TASK_ID=download_dataset_task
AIRFLOW_CTX_EXECUTION_DATE=2021-04-01T06:00:00+00:00
AIRFLOW_CTX_TRY_NUMBER=1
AIRFLOW_CTX_DAG_RUN_ID=scheduled__2021-04-01T06:00:00+00:00
[2022-06-13 13:30:19,485] {subprocess.py:62} INFO - Tmp dir root location: 
 /tmp
[2022-06-13 13:30:19,487] {subprocess.py:74} INFO - Running command: ['bash', '-c', 'curl -sSL https://s3.amazonaws.com/nyc-tlc/trip+data/green_tripdata_2021-04.parquet > /opt/***/output_green_taxi_2021-04.parquet']
[2022-06-13 13:30:19,539] {subprocess.py:85} INFO - Output:
[2022-06-13 13:30:21,144] {subprocess.py:96} INFO - Command exited with return code 0
[2022-06-13 13:30:21,180] {taskinstance.py:1401} INFO - Marking task as SUCCESS. dag_id=green_taxi_ingestion_gcs_dag, task_id=download_dataset_task, execution_date=20210401T060000, start_date=20220613T133019, end_date=20220613T133021
[2022-06-13 13:30:21,240] {local_task_job.py:156} INFO - Task exited with return code 0
[2022-06-13 13:30:21,297] {local_task_job.py:273} INFO - 1 downstream tasks scheduled from follow-on schedule check
