[2022-06-13 13:17:17,032] {taskinstance.py:1160} INFO - Dependencies all met for <TaskInstance: green_taxi_ingestion_gcs_dag.download_dataset_task scheduled__2019-01-01T06:00:00+00:00 [queued]>
[2022-06-13 13:17:17,041] {taskinstance.py:1160} INFO - Dependencies all met for <TaskInstance: green_taxi_ingestion_gcs_dag.download_dataset_task scheduled__2019-01-01T06:00:00+00:00 [queued]>
[2022-06-13 13:17:17,043] {taskinstance.py:1357} INFO - 
--------------------------------------------------------------------------------
[2022-06-13 13:17:17,044] {taskinstance.py:1358} INFO - Starting attempt 1 of 1
[2022-06-13 13:17:17,045] {taskinstance.py:1359} INFO - 
--------------------------------------------------------------------------------
[2022-06-13 13:17:17,059] {taskinstance.py:1378} INFO - Executing <Task(BashOperator): download_dataset_task> on 2019-01-01 06:00:00+00:00
[2022-06-13 13:17:17,070] {standard_task_runner.py:52} INFO - Started process 177 to run task
[2022-06-13 13:17:17,086] {standard_task_runner.py:79} INFO - Running: ['***', 'tasks', 'run', 'green_taxi_ingestion_gcs_dag', 'download_dataset_task', 'scheduled__2019-01-01T06:00:00+00:00', '--job-id', '675', '--raw', '--subdir', 'DAGS_FOLDER/green_taxi_ingestion.py', '--cfg-path', '/tmp/tmp9d7lzav2', '--error-file', '/tmp/tmpc4fanmtj']
[2022-06-13 13:17:17,090] {standard_task_runner.py:80} INFO - Job 675: Subtask download_dataset_task
[2022-06-13 13:17:17,182] {task_command.py:370} INFO - Running <TaskInstance: green_taxi_ingestion_gcs_dag.download_dataset_task scheduled__2019-01-01T06:00:00+00:00 [running]> on host 0825143a1170
[2022-06-13 13:17:17,215] {warnings.py:110} WARNING - /home/***/.local/lib/python3.7/site-packages/***/utils/context.py:202: AirflowContextDeprecationWarning: Accessing 'execution_date' from the template is deprecated and will be removed in a future version. Please use 'data_interval_start' or 'logical_date' instead.
  warnings.warn(_create_deprecation_warning(key, self._deprecation_replacements[key]))

[2022-06-13 13:17:17,257] {taskinstance.py:1572} INFO - Exporting the following env vars:
AIRFLOW_CTX_DAG_OWNER=***
AIRFLOW_CTX_DAG_ID=green_taxi_ingestion_gcs_dag
AIRFLOW_CTX_TASK_ID=download_dataset_task
AIRFLOW_CTX_EXECUTION_DATE=2019-01-01T06:00:00+00:00
AIRFLOW_CTX_TRY_NUMBER=1
AIRFLOW_CTX_DAG_RUN_ID=scheduled__2019-01-01T06:00:00+00:00
[2022-06-13 13:17:17,260] {subprocess.py:62} INFO - Tmp dir root location: 
 /tmp
[2022-06-13 13:17:17,262] {subprocess.py:74} INFO - Running command: ['bash', '-c', 'curl -sSL https://s3.amazonaws.com/nyc-tlc/trip+data/green_tripdata_2019-01.parquet > /opt/***/output_green_taxi_2019-01.parquet']
[2022-06-13 13:17:17,282] {subprocess.py:85} INFO - Output:
[2022-06-13 13:17:20,390] {subprocess.py:96} INFO - Command exited with return code 0
[2022-06-13 13:17:20,508] {taskinstance.py:1401} INFO - Marking task as SUCCESS. dag_id=green_taxi_ingestion_gcs_dag, task_id=download_dataset_task, execution_date=20190101T060000, start_date=20220613T131717, end_date=20220613T131720
[2022-06-13 13:17:20,598] {local_task_job.py:156} INFO - Task exited with return code 0
[2022-06-13 13:17:20,666] {local_task_job.py:273} INFO - 1 downstream tasks scheduled from follow-on schedule check
[2022-06-13 13:29:08,182] {taskinstance.py:1160} INFO - Dependencies all met for <TaskInstance: green_taxi_ingestion_gcs_dag.download_dataset_task scheduled__2019-01-01T06:00:00+00:00 [queued]>
[2022-06-13 13:29:08,196] {taskinstance.py:1160} INFO - Dependencies all met for <TaskInstance: green_taxi_ingestion_gcs_dag.download_dataset_task scheduled__2019-01-01T06:00:00+00:00 [queued]>
[2022-06-13 13:29:08,197] {taskinstance.py:1357} INFO - 
--------------------------------------------------------------------------------
[2022-06-13 13:29:08,198] {taskinstance.py:1358} INFO - Starting attempt 1 of 1
[2022-06-13 13:29:08,200] {taskinstance.py:1359} INFO - 
--------------------------------------------------------------------------------
[2022-06-13 13:29:08,213] {taskinstance.py:1378} INFO - Executing <Task(BashOperator): download_dataset_task> on 2019-01-01 06:00:00+00:00
[2022-06-13 13:29:08,231] {standard_task_runner.py:52} INFO - Started process 1232 to run task
[2022-06-13 13:29:08,236] {standard_task_runner.py:79} INFO - Running: ['***', 'tasks', 'run', 'green_taxi_ingestion_gcs_dag', 'download_dataset_task', 'scheduled__2019-01-01T06:00:00+00:00', '--job-id', '771', '--raw', '--subdir', 'DAGS_FOLDER/green_taxi_ingestion.py', '--cfg-path', '/tmp/tmp7iw3m1m_', '--error-file', '/tmp/tmp1h3dxy57']
[2022-06-13 13:29:08,238] {standard_task_runner.py:80} INFO - Job 771: Subtask download_dataset_task
[2022-06-13 13:29:08,311] {task_command.py:370} INFO - Running <TaskInstance: green_taxi_ingestion_gcs_dag.download_dataset_task scheduled__2019-01-01T06:00:00+00:00 [running]> on host 0825143a1170
[2022-06-13 13:29:08,353] {warnings.py:110} WARNING - /home/***/.local/lib/python3.7/site-packages/***/utils/context.py:202: AirflowContextDeprecationWarning: Accessing 'execution_date' from the template is deprecated and will be removed in a future version. Please use 'data_interval_start' or 'logical_date' instead.
  warnings.warn(_create_deprecation_warning(key, self._deprecation_replacements[key]))

[2022-06-13 13:29:08,388] {taskinstance.py:1572} INFO - Exporting the following env vars:
AIRFLOW_CTX_DAG_OWNER=***
AIRFLOW_CTX_DAG_ID=green_taxi_ingestion_gcs_dag
AIRFLOW_CTX_TASK_ID=download_dataset_task
AIRFLOW_CTX_EXECUTION_DATE=2019-01-01T06:00:00+00:00
AIRFLOW_CTX_TRY_NUMBER=1
AIRFLOW_CTX_DAG_RUN_ID=scheduled__2019-01-01T06:00:00+00:00
[2022-06-13 13:29:08,391] {subprocess.py:62} INFO - Tmp dir root location: 
 /tmp
[2022-06-13 13:29:08,394] {subprocess.py:74} INFO - Running command: ['bash', '-c', 'curl -sSL https://s3.amazonaws.com/nyc-tlc/trip+data/green_tripdata_2019-01.parquet > /opt/***/output_green_taxi_2019-01.parquet']
[2022-06-13 13:29:08,415] {subprocess.py:85} INFO - Output:
[2022-06-13 13:29:11,252] {subprocess.py:96} INFO - Command exited with return code 0
[2022-06-13 13:29:11,331] {taskinstance.py:1401} INFO - Marking task as SUCCESS. dag_id=green_taxi_ingestion_gcs_dag, task_id=download_dataset_task, execution_date=20190101T060000, start_date=20220613T132908, end_date=20220613T132911
[2022-06-13 13:29:11,389] {local_task_job.py:156} INFO - Task exited with return code 0
[2022-06-13 13:29:11,458] {local_task_job.py:273} INFO - 1 downstream tasks scheduled from follow-on schedule check
