[2022-06-01 12:55:11,137] {taskinstance.py:1160} INFO - Dependencies all met for <TaskInstance: gcs_2_bq_dag.bq_yellow_taxi_tripdata_external_table_task scheduled__2022-05-31T00:00:00+00:00 [queued]>
[2022-06-01 12:55:11,150] {taskinstance.py:1160} INFO - Dependencies all met for <TaskInstance: gcs_2_bq_dag.bq_yellow_taxi_tripdata_external_table_task scheduled__2022-05-31T00:00:00+00:00 [queued]>
[2022-06-01 12:55:11,160] {taskinstance.py:1357} INFO - 
--------------------------------------------------------------------------------
[2022-06-01 12:55:11,164] {taskinstance.py:1358} INFO - Starting attempt 6 of 7
[2022-06-01 12:55:11,166] {taskinstance.py:1359} INFO - 
--------------------------------------------------------------------------------
[2022-06-01 12:55:11,184] {taskinstance.py:1378} INFO - Executing <Task(BigQueryCreateExternalTableOperator): bq_yellow_taxi_tripdata_external_table_task> on 2022-05-31 00:00:00+00:00
[2022-06-01 12:55:11,213] {standard_task_runner.py:52} INFO - Started process 6185 to run task
[2022-06-01 12:55:11,219] {standard_task_runner.py:79} INFO - Running: ['***', 'tasks', 'run', 'gcs_2_bq_dag', 'bq_yellow_taxi_tripdata_external_table_task', 'scheduled__2022-05-31T00:00:00+00:00', '--job-id', '522', '--raw', '--subdir', 'DAGS_FOLDER/gcs_to_bq_dag.py', '--cfg-path', '/tmp/tmpk31451i0', '--error-file', '/tmp/tmphlkhxqau']
[2022-06-01 12:55:11,224] {standard_task_runner.py:80} INFO - Job 522: Subtask bq_yellow_taxi_tripdata_external_table_task
[2022-06-01 12:55:11,339] {task_command.py:370} INFO - Running <TaskInstance: gcs_2_bq_dag.bq_yellow_taxi_tripdata_external_table_task scheduled__2022-05-31T00:00:00+00:00 [running]> on host 80b81dda36ea
[2022-06-01 12:55:11,469] {taskinstance.py:1572} INFO - Exporting the following env vars:
AIRFLOW_CTX_DAG_OWNER=***
AIRFLOW_CTX_DAG_ID=gcs_2_bq_dag
AIRFLOW_CTX_TASK_ID=bq_yellow_taxi_tripdata_external_table_task
AIRFLOW_CTX_EXECUTION_DATE=2022-05-31T00:00:00+00:00
AIRFLOW_CTX_TRY_NUMBER=6
AIRFLOW_CTX_DAG_RUN_ID=scheduled__2022-05-31T00:00:00+00:00
[2022-06-01 12:55:11,479] {crypto.py:82} WARNING - empty cryptography key - values will not be stored encrypted.
[2022-06-01 12:55:11,489] {base.py:68} INFO - Using connection ID 'google_cloud_default' for task execution.
[2022-06-01 12:55:12,627] {taskinstance.py:1401} INFO - Marking task as SUCCESS. dag_id=gcs_2_bq_dag, task_id=bq_yellow_taxi_tripdata_external_table_task, execution_date=20220531T000000, start_date=20220601T125511, end_date=20220601T125512
[2022-06-01 12:55:12,733] {local_task_job.py:156} INFO - Task exited with return code 0
[2022-06-01 12:55:12,855] {local_task_job.py:273} INFO - 1 downstream tasks scheduled from follow-on schedule check
