[2022-06-01 13:04:50,415] {taskinstance.py:1160} INFO - Dependencies all met for <TaskInstance: gcs_2_bq_dag.bq_yellow_taxi_tripdata_external_table_task scheduled__2022-05-31T00:00:00+00:00 [queued]>
[2022-06-01 13:04:50,428] {taskinstance.py:1160} INFO - Dependencies all met for <TaskInstance: gcs_2_bq_dag.bq_yellow_taxi_tripdata_external_table_task scheduled__2022-05-31T00:00:00+00:00 [queued]>
[2022-06-01 13:04:50,430] {taskinstance.py:1357} INFO - 
--------------------------------------------------------------------------------
[2022-06-01 13:04:50,432] {taskinstance.py:1358} INFO - Starting attempt 7 of 8
[2022-06-01 13:04:50,433] {taskinstance.py:1359} INFO - 
--------------------------------------------------------------------------------
[2022-06-01 13:04:50,447] {taskinstance.py:1378} INFO - Executing <Task(BigQueryCreateExternalTableOperator): bq_yellow_taxi_tripdata_external_table_task> on 2022-05-31 00:00:00+00:00
[2022-06-01 13:04:50,457] {standard_task_runner.py:52} INFO - Started process 6698 to run task
[2022-06-01 13:04:50,463] {standard_task_runner.py:79} INFO - Running: ['***', 'tasks', 'run', 'gcs_2_bq_dag', 'bq_yellow_taxi_tripdata_external_table_task', 'scheduled__2022-05-31T00:00:00+00:00', '--job-id', '531', '--raw', '--subdir', 'DAGS_FOLDER/gcs_to_bq_dag.py', '--cfg-path', '/tmp/tmppchcuugl', '--error-file', '/tmp/tmpttch8pp4']
[2022-06-01 13:04:50,466] {standard_task_runner.py:80} INFO - Job 531: Subtask bq_yellow_taxi_tripdata_external_table_task
[2022-06-01 13:04:50,552] {task_command.py:370} INFO - Running <TaskInstance: gcs_2_bq_dag.bq_yellow_taxi_tripdata_external_table_task scheduled__2022-05-31T00:00:00+00:00 [running]> on host 80b81dda36ea
[2022-06-01 13:04:50,654] {taskinstance.py:1572} INFO - Exporting the following env vars:
AIRFLOW_CTX_DAG_OWNER=***
AIRFLOW_CTX_DAG_ID=gcs_2_bq_dag
AIRFLOW_CTX_TASK_ID=bq_yellow_taxi_tripdata_external_table_task
AIRFLOW_CTX_EXECUTION_DATE=2022-05-31T00:00:00+00:00
AIRFLOW_CTX_TRY_NUMBER=7
AIRFLOW_CTX_DAG_RUN_ID=scheduled__2022-05-31T00:00:00+00:00
[2022-06-01 13:04:50,659] {crypto.py:82} WARNING - empty cryptography key - values will not be stored encrypted.
[2022-06-01 13:04:50,662] {base.py:68} INFO - Using connection ID 'google_cloud_default' for task execution.
[2022-06-01 13:04:51,600] {taskinstance.py:1401} INFO - Marking task as SUCCESS. dag_id=gcs_2_bq_dag, task_id=bq_yellow_taxi_tripdata_external_table_task, execution_date=20220531T000000, start_date=20220601T130450, end_date=20220601T130451
[2022-06-01 13:04:51,645] {local_task_job.py:156} INFO - Task exited with return code 0
[2022-06-01 13:04:51,691] {local_task_job.py:273} INFO - 1 downstream tasks scheduled from follow-on schedule check
