[2022-06-13 13:17:35,903] {taskinstance.py:1160} INFO - Dependencies all met for <TaskInstance: green_taxi_ingestion_gcs_dag.local_to_gcs_task scheduled__2019-07-01T06:00:00+00:00 [queued]>
[2022-06-13 13:17:35,913] {taskinstance.py:1160} INFO - Dependencies all met for <TaskInstance: green_taxi_ingestion_gcs_dag.local_to_gcs_task scheduled__2019-07-01T06:00:00+00:00 [queued]>
[2022-06-13 13:17:35,914] {taskinstance.py:1357} INFO - 
--------------------------------------------------------------------------------
[2022-06-13 13:17:35,916] {taskinstance.py:1358} INFO - Starting attempt 1 of 1
[2022-06-13 13:17:35,916] {taskinstance.py:1359} INFO - 
--------------------------------------------------------------------------------
[2022-06-13 13:17:35,929] {taskinstance.py:1378} INFO - Executing <Task(PythonOperator): local_to_gcs_task> on 2019-07-01 06:00:00+00:00
[2022-06-13 13:17:35,936] {standard_task_runner.py:52} INFO - Started process 263 to run task
[2022-06-13 13:17:35,940] {standard_task_runner.py:79} INFO - Running: ['***', 'tasks', 'run', 'green_taxi_ingestion_gcs_dag', 'local_to_gcs_task', 'scheduled__2019-07-01T06:00:00+00:00', '--job-id', '688', '--raw', '--subdir', 'DAGS_FOLDER/green_taxi_ingestion.py', '--cfg-path', '/tmp/tmpkkn03tnc', '--error-file', '/tmp/tmpsobdha_t']
[2022-06-13 13:17:35,942] {standard_task_runner.py:80} INFO - Job 688: Subtask local_to_gcs_task
[2022-06-13 13:17:36,015] {task_command.py:370} INFO - Running <TaskInstance: green_taxi_ingestion_gcs_dag.local_to_gcs_task scheduled__2019-07-01T06:00:00+00:00 [running]> on host 0825143a1170
[2022-06-13 13:17:36,052] {warnings.py:110} WARNING - /home/***/.local/lib/python3.7/site-packages/***/utils/context.py:202: AirflowContextDeprecationWarning: Accessing 'execution_date' from the template is deprecated and will be removed in a future version. Please use 'data_interval_start' or 'logical_date' instead.
  warnings.warn(_create_deprecation_warning(key, self._deprecation_replacements[key]))

[2022-06-13 13:17:36,093] {taskinstance.py:1572} INFO - Exporting the following env vars:
AIRFLOW_CTX_DAG_OWNER=***
AIRFLOW_CTX_DAG_ID=green_taxi_ingestion_gcs_dag
AIRFLOW_CTX_TASK_ID=local_to_gcs_task
AIRFLOW_CTX_EXECUTION_DATE=2019-07-01T06:00:00+00:00
AIRFLOW_CTX_TRY_NUMBER=1
AIRFLOW_CTX_DAG_RUN_ID=scheduled__2019-07-01T06:00:00+00:00
[2022-06-13 13:17:37,352] {python.py:173} INFO - Done. Returned value was: None
[2022-06-13 13:17:37,394] {taskinstance.py:1401} INFO - Marking task as SUCCESS. dag_id=green_taxi_ingestion_gcs_dag, task_id=local_to_gcs_task, execution_date=20190701T060000, start_date=20220613T131735, end_date=20220613T131737
[2022-06-13 13:17:37,476] {local_task_job.py:156} INFO - Task exited with return code 0
[2022-06-13 13:17:37,525] {local_task_job.py:273} INFO - 0 downstream tasks scheduled from follow-on schedule check
[2022-06-13 13:29:30,129] {taskinstance.py:1160} INFO - Dependencies all met for <TaskInstance: green_taxi_ingestion_gcs_dag.local_to_gcs_task scheduled__2019-07-01T06:00:00+00:00 [queued]>
[2022-06-13 13:29:30,138] {taskinstance.py:1160} INFO - Dependencies all met for <TaskInstance: green_taxi_ingestion_gcs_dag.local_to_gcs_task scheduled__2019-07-01T06:00:00+00:00 [queued]>
[2022-06-13 13:29:30,140] {taskinstance.py:1357} INFO - 
--------------------------------------------------------------------------------
[2022-06-13 13:29:30,141] {taskinstance.py:1358} INFO - Starting attempt 1 of 1
[2022-06-13 13:29:30,142] {taskinstance.py:1359} INFO - 
--------------------------------------------------------------------------------
[2022-06-13 13:29:30,153] {taskinstance.py:1378} INFO - Executing <Task(PythonOperator): local_to_gcs_task> on 2019-07-01 06:00:00+00:00
[2022-06-13 13:29:30,160] {standard_task_runner.py:52} INFO - Started process 1322 to run task
[2022-06-13 13:29:30,164] {standard_task_runner.py:79} INFO - Running: ['***', 'tasks', 'run', 'green_taxi_ingestion_gcs_dag', 'local_to_gcs_task', 'scheduled__2019-07-01T06:00:00+00:00', '--job-id', '786', '--raw', '--subdir', 'DAGS_FOLDER/green_taxi_ingestion.py', '--cfg-path', '/tmp/tmp7x5n2z1i', '--error-file', '/tmp/tmpzow550t4']
[2022-06-13 13:29:30,167] {standard_task_runner.py:80} INFO - Job 786: Subtask local_to_gcs_task
[2022-06-13 13:29:30,222] {task_command.py:370} INFO - Running <TaskInstance: green_taxi_ingestion_gcs_dag.local_to_gcs_task scheduled__2019-07-01T06:00:00+00:00 [running]> on host 0825143a1170
[2022-06-13 13:29:30,247] {warnings.py:110} WARNING - /home/***/.local/lib/python3.7/site-packages/***/utils/context.py:202: AirflowContextDeprecationWarning: Accessing 'execution_date' from the template is deprecated and will be removed in a future version. Please use 'data_interval_start' or 'logical_date' instead.
  warnings.warn(_create_deprecation_warning(key, self._deprecation_replacements[key]))

[2022-06-13 13:29:30,271] {taskinstance.py:1572} INFO - Exporting the following env vars:
AIRFLOW_CTX_DAG_OWNER=***
AIRFLOW_CTX_DAG_ID=green_taxi_ingestion_gcs_dag
AIRFLOW_CTX_TASK_ID=local_to_gcs_task
AIRFLOW_CTX_EXECUTION_DATE=2019-07-01T06:00:00+00:00
AIRFLOW_CTX_TRY_NUMBER=1
AIRFLOW_CTX_DAG_RUN_ID=scheduled__2019-07-01T06:00:00+00:00
[2022-06-13 13:29:31,227] {python.py:173} INFO - Done. Returned value was: None
[2022-06-13 13:29:31,261] {taskinstance.py:1401} INFO - Marking task as SUCCESS. dag_id=green_taxi_ingestion_gcs_dag, task_id=local_to_gcs_task, execution_date=20190701T060000, start_date=20220613T132930, end_date=20220613T132931
[2022-06-13 13:29:31,340] {local_task_job.py:156} INFO - Task exited with return code 0
[2022-06-13 13:29:31,429] {local_task_job.py:273} INFO - 0 downstream tasks scheduled from follow-on schedule check
