[2022-06-13 13:45:06,644] {taskinstance.py:1160} INFO - Dependencies all met for <TaskInstance: gcs_2_bq_dag.bq_create_green_taxi_tripdata_partitioned_table_task move_green_taxi_files_task [queued]>
[2022-06-13 13:45:06,652] {taskinstance.py:1160} INFO - Dependencies all met for <TaskInstance: gcs_2_bq_dag.bq_create_green_taxi_tripdata_partitioned_table_task move_green_taxi_files_task [queued]>
[2022-06-13 13:45:06,653] {taskinstance.py:1357} INFO - 
--------------------------------------------------------------------------------
[2022-06-13 13:45:06,654] {taskinstance.py:1358} INFO - Starting attempt 9 of 10
[2022-06-13 13:45:06,655] {taskinstance.py:1359} INFO - 
--------------------------------------------------------------------------------
[2022-06-13 13:45:06,664] {taskinstance.py:1378} INFO - Executing <Task(BigQueryInsertJobOperator): bq_create_green_taxi_tripdata_partitioned_table_task> on 2022-06-13 13:26:16+00:00
[2022-06-13 13:45:06,676] {standard_task_runner.py:52} INFO - Started process 2511 to run task
[2022-06-13 13:45:06,679] {standard_task_runner.py:79} INFO - Running: ['***', 'tasks', 'run', 'gcs_2_bq_dag', 'bq_create_green_taxi_tripdata_partitioned_table_task', 'move_green_taxi_files_task', '--job-id', '865', '--raw', '--subdir', 'DAGS_FOLDER/gcs_to_bq_dag.py', '--cfg-path', '/tmp/tmpjgn5bgyh', '--error-file', '/tmp/tmp6bqo5_a3']
[2022-06-13 13:45:06,693] {standard_task_runner.py:80} INFO - Job 865: Subtask bq_create_green_taxi_tripdata_partitioned_table_task
[2022-06-13 13:45:06,747] {task_command.py:370} INFO - Running <TaskInstance: gcs_2_bq_dag.bq_create_green_taxi_tripdata_partitioned_table_task move_green_taxi_files_task [running]> on host 0825143a1170
[2022-06-13 13:45:06,800] {taskinstance.py:1572} INFO - Exporting the following env vars:
AIRFLOW_CTX_DAG_OWNER=***
AIRFLOW_CTX_DAG_ID=gcs_2_bq_dag
AIRFLOW_CTX_TASK_ID=bq_create_green_taxi_tripdata_partitioned_table_task
AIRFLOW_CTX_EXECUTION_DATE=2022-06-13T13:26:16+00:00
AIRFLOW_CTX_TRY_NUMBER=9
AIRFLOW_CTX_DAG_RUN_ID=move_green_taxi_files_task
[2022-06-13 13:45:06,805] {crypto.py:82} WARNING - empty cryptography key - values will not be stored encrypted.
[2022-06-13 13:45:06,806] {base.py:68} INFO - Using connection ID 'google_cloud_default' for task execution.
[2022-06-13 13:45:06,809] {warnings.py:110} WARNING - /home/***/.local/lib/python3.7/site-packages/***/utils/context.py:202: AirflowContextDeprecationWarning: Accessing 'execution_date' from the template is deprecated and will be removed in a future version. Please use 'data_interval_start' or 'logical_date' instead.
  warnings.warn(_create_deprecation_warning(key, self._deprecation_replacements[key]))

[2022-06-13 13:45:06,810] {bigquery.py:2148} INFO - Executing: {'query': {'query': 'CREATE OR REPLACE TABLE trips_data_all.green_taxi_trips             (             VendorID INT64,             lpep_pickup_datetime TIMESTAMP,             lpep_dropoff_datetime TIMESTAMP,             store_and_fwd_flag STRING,             RatecodeID FLOAT64,             PULocationID INT64,             DOLocationID INT64,             passenger_count FLOAT64,             trip_distance FLOAT64,             fare_amount FLOAT64,             extra FLOAT64,             mta_tax FLOAT64,             tip_amount FLOAT64,             tolls_amount FLOAT64,             ehail_fee FLOAT64,             improvement_surcharge FLOAT64,             total_amount FLOAT64,             payment_type FLOAT64,             trip_type FLOAT64,             congestion_surcharge FLOAT64             )     PARTITION BY DATE(lpep_pickup_datetime)     OPTIONS(     partition_expiration_days=10000     )     AS (         SELECT              *         FROM              trips_data_all.green_taxi_tripdata_external_table     );', 'useLegacySql': False}}
[2022-06-13 13:45:06,822] {bigquery.py:1538} INFO - Inserting job ***_gcs_2_bq_dag_bq_create_green_taxi_tripdata_partitioned_table_task_2022_06_13T13_26_16_00_00_ef42f629a24138ce23de0946724adba2
[2022-06-13 13:45:08,016] {taskinstance.py:1890} ERROR - Task failed with exception
Traceback (most recent call last):
  File "/home/airflow/.local/lib/python3.7/site-packages/airflow/providers/google/cloud/operators/bigquery.py", line 2149, in execute
    job = self._submit_job(hook, job_id)
  File "/home/airflow/.local/lib/python3.7/site-packages/airflow/providers/google/cloud/operators/bigquery.py", line 2114, in _submit_job
    retry=self.result_retry,
  File "/home/airflow/.local/lib/python3.7/site-packages/airflow/providers/google/common/hooks/base_google.py", line 439, in inner_wrapper
    return func(self, *args, **kwargs)
  File "/home/airflow/.local/lib/python3.7/site-packages/airflow/providers/google/cloud/hooks/bigquery.py", line 1544, in insert_job
    job.result(timeout=timeout, retry=retry)
  File "/home/airflow/.local/lib/python3.7/site-packages/google/cloud/bigquery/job/query.py", line 1499, in result
    do_get_result()
  File "/home/airflow/.local/lib/python3.7/site-packages/google/cloud/bigquery/job/query.py", line 1489, in do_get_result
    super(QueryJob, self).result(retry=retry, timeout=timeout)
  File "/home/airflow/.local/lib/python3.7/site-packages/google/cloud/bigquery/job/base.py", line 728, in result
    return super(_AsyncJob, self).result(timeout=timeout, **kwargs)
  File "/home/airflow/.local/lib/python3.7/site-packages/google/api_core/future/polling.py", line 137, in result
    raise self._exception
google.api_core.exceptions.BadRequest: 400 Error while reading table: trips_data_all.green_taxi_tripdata_external_table, error message: Parquet column 'ehail_fee' has type DOUBLE which does not match the target cpp_type INT64.

Location: southamerica-east1
Job ID: airflow_gcs_2_bq_dag_bq_create_green_taxi_tripdata_partitioned_table_task_2022_06_13T13_26_16_00_00_ef42f629a24138ce23de0946724adba2

[2022-06-13 13:45:08,072] {taskinstance.py:1401} INFO - Marking task as UP_FOR_RETRY. dag_id=gcs_2_bq_dag, task_id=bq_create_green_taxi_tripdata_partitioned_table_task, execution_date=20220613T132616, start_date=20220613T134506, end_date=20220613T134508
[2022-06-13 13:45:08,088] {standard_task_runner.py:97} ERROR - Failed to execute job 865 for task bq_create_green_taxi_tripdata_partitioned_table_task (400 Error while reading table: trips_data_all.green_taxi_tripdata_external_table, error message: Parquet column 'ehail_fee' has type DOUBLE which does not match the target cpp_type INT64.

Location: southamerica-east1
Job ID: airflow_gcs_2_bq_dag_bq_create_green_taxi_tripdata_partitioned_table_task_2022_06_13T13_26_16_00_00_ef42f629a24138ce23de0946724adba2
; 2511)
[2022-06-13 13:45:08,150] {local_task_job.py:156} INFO - Task exited with return code 1
[2022-06-13 13:45:08,188] {local_task_job.py:273} INFO - 0 downstream tasks scheduled from follow-on schedule check
