[2022-06-13 13:45:59,456] {taskinstance.py:1160} INFO - Dependencies all met for <TaskInstance: gcs_2_bq_dag.bq_create_green_taxi_tripdata_partitioned_table_task move_green_taxi_files_task [queued]>
[2022-06-13 13:45:59,463] {taskinstance.py:1160} INFO - Dependencies all met for <TaskInstance: gcs_2_bq_dag.bq_create_green_taxi_tripdata_partitioned_table_task move_green_taxi_files_task [queued]>
[2022-06-13 13:45:59,464] {taskinstance.py:1357} INFO - 
--------------------------------------------------------------------------------
[2022-06-13 13:45:59,464] {taskinstance.py:1358} INFO - Starting attempt 10 of 11
[2022-06-13 13:45:59,467] {taskinstance.py:1359} INFO - 
--------------------------------------------------------------------------------
[2022-06-13 13:45:59,480] {taskinstance.py:1378} INFO - Executing <Task(BigQueryInsertJobOperator): bq_create_green_taxi_tripdata_partitioned_table_task> on 2022-06-13 13:26:16+00:00
[2022-06-13 13:45:59,530] {standard_task_runner.py:52} INFO - Started process 2564 to run task
[2022-06-13 13:45:59,538] {standard_task_runner.py:79} INFO - Running: ['***', 'tasks', 'run', 'gcs_2_bq_dag', 'bq_create_green_taxi_tripdata_partitioned_table_task', 'move_green_taxi_files_task', '--job-id', '866', '--raw', '--subdir', 'DAGS_FOLDER/gcs_to_bq_dag.py', '--cfg-path', '/tmp/tmpsfqfjhj_', '--error-file', '/tmp/tmp14_fbnlt']
[2022-06-13 13:45:59,541] {standard_task_runner.py:80} INFO - Job 866: Subtask bq_create_green_taxi_tripdata_partitioned_table_task
[2022-06-13 13:45:59,623] {task_command.py:370} INFO - Running <TaskInstance: gcs_2_bq_dag.bq_create_green_taxi_tripdata_partitioned_table_task move_green_taxi_files_task [running]> on host 0825143a1170
[2022-06-13 13:45:59,687] {taskinstance.py:1572} INFO - Exporting the following env vars:
AIRFLOW_CTX_DAG_OWNER=***
AIRFLOW_CTX_DAG_ID=gcs_2_bq_dag
AIRFLOW_CTX_TASK_ID=bq_create_green_taxi_tripdata_partitioned_table_task
AIRFLOW_CTX_EXECUTION_DATE=2022-06-13T13:26:16+00:00
AIRFLOW_CTX_TRY_NUMBER=10
AIRFLOW_CTX_DAG_RUN_ID=move_green_taxi_files_task
[2022-06-13 13:45:59,690] {crypto.py:82} WARNING - empty cryptography key - values will not be stored encrypted.
[2022-06-13 13:45:59,692] {base.py:68} INFO - Using connection ID 'google_cloud_default' for task execution.
[2022-06-13 13:45:59,694] {warnings.py:110} WARNING - /home/***/.local/lib/python3.7/site-packages/***/utils/context.py:202: AirflowContextDeprecationWarning: Accessing 'execution_date' from the template is deprecated and will be removed in a future version. Please use 'data_interval_start' or 'logical_date' instead.
  warnings.warn(_create_deprecation_warning(key, self._deprecation_replacements[key]))

[2022-06-13 13:45:59,696] {bigquery.py:2148} INFO - Executing: {'query': {'query': 'CREATE OR REPLACE TABLE trips_data_all.green_taxi_trips             (             VendorID INT64,             lpep_pickup_datetime TIMESTAMP,             lpep_dropoff_datetime TIMESTAMP,             store_and_fwd_flag STRING,             RatecodeID FLOAT64,             PULocationID INT64,             DOLocationID INT64,             passenger_count FLOAT64,             trip_distance FLOAT64,             fare_amount FLOAT64,             extra FLOAT64,             mta_tax FLOAT64,             tip_amount FLOAT64,             tolls_amount FLOAT64,             ehail_fee FLOAT64,             improvement_surcharge FLOAT64,             total_amount FLOAT64,             payment_type FLOAT64,             trip_type FLOAT64,             congestion_surcharge FLOAT64             )     PARTITION BY DATE(lpep_pickup_datetime)     OPTIONS(     partition_expiration_days=10000     )     AS (         SELECT              *         REPLACE(NULL AS ehail_fee)         FROM              trips_data_all.green_taxi_tripdata_external_table     );', 'useLegacySql': False}}
[2022-06-13 13:45:59,706] {bigquery.py:1538} INFO - Inserting job ***_gcs_2_bq_dag_bq_create_green_taxi_tripdata_partitioned_table_task_2022_06_13T13_26_16_00_00_a5e51e60d8bcbe69b32f91a73db38834
[2022-06-13 13:46:12,012] {taskinstance.py:1401} INFO - Marking task as SUCCESS. dag_id=gcs_2_bq_dag, task_id=bq_create_green_taxi_tripdata_partitioned_table_task, execution_date=20220613T132616, start_date=20220613T134559, end_date=20220613T134612
[2022-06-13 13:46:12,102] {local_task_job.py:156} INFO - Task exited with return code 0
[2022-06-13 13:46:12,132] {local_task_job.py:273} INFO - 0 downstream tasks scheduled from follow-on schedule check
