[2022-06-13 13:17:50,255] {taskinstance.py:1160} INFO - Dependencies all met for <TaskInstance: green_taxi_ingestion_gcs_dag.download_dataset_task scheduled__2020-01-01T06:00:00+00:00 [queued]>
[2022-06-13 13:17:50,267] {taskinstance.py:1160} INFO - Dependencies all met for <TaskInstance: green_taxi_ingestion_gcs_dag.download_dataset_task scheduled__2020-01-01T06:00:00+00:00 [queued]>
[2022-06-13 13:17:50,268] {taskinstance.py:1357} INFO - 
--------------------------------------------------------------------------------
[2022-06-13 13:17:50,270] {taskinstance.py:1358} INFO - Starting attempt 1 of 1
[2022-06-13 13:17:50,274] {taskinstance.py:1359} INFO - 
--------------------------------------------------------------------------------
[2022-06-13 13:17:50,303] {taskinstance.py:1378} INFO - Executing <Task(BashOperator): download_dataset_task> on 2020-01-01 06:00:00+00:00
[2022-06-13 13:17:50,318] {standard_task_runner.py:52} INFO - Started process 310 to run task
[2022-06-13 13:17:50,334] {standard_task_runner.py:79} INFO - Running: ['***', 'tasks', 'run', 'green_taxi_ingestion_gcs_dag', 'download_dataset_task', 'scheduled__2020-01-01T06:00:00+00:00', '--job-id', '698', '--raw', '--subdir', 'DAGS_FOLDER/green_taxi_ingestion.py', '--cfg-path', '/tmp/tmpa9j8nqom', '--error-file', '/tmp/tmppe9optmf']
[2022-06-13 13:17:50,338] {standard_task_runner.py:80} INFO - Job 698: Subtask download_dataset_task
[2022-06-13 13:17:50,441] {task_command.py:370} INFO - Running <TaskInstance: green_taxi_ingestion_gcs_dag.download_dataset_task scheduled__2020-01-01T06:00:00+00:00 [running]> on host 0825143a1170
[2022-06-13 13:17:50,474] {warnings.py:110} WARNING - /home/***/.local/lib/python3.7/site-packages/***/utils/context.py:202: AirflowContextDeprecationWarning: Accessing 'execution_date' from the template is deprecated and will be removed in a future version. Please use 'data_interval_start' or 'logical_date' instead.
  warnings.warn(_create_deprecation_warning(key, self._deprecation_replacements[key]))

[2022-06-13 13:17:50,538] {taskinstance.py:1572} INFO - Exporting the following env vars:
AIRFLOW_CTX_DAG_OWNER=***
AIRFLOW_CTX_DAG_ID=green_taxi_ingestion_gcs_dag
AIRFLOW_CTX_TASK_ID=download_dataset_task
AIRFLOW_CTX_EXECUTION_DATE=2020-01-01T06:00:00+00:00
AIRFLOW_CTX_TRY_NUMBER=1
AIRFLOW_CTX_DAG_RUN_ID=scheduled__2020-01-01T06:00:00+00:00
[2022-06-13 13:17:50,541] {subprocess.py:62} INFO - Tmp dir root location: 
 /tmp
[2022-06-13 13:17:50,544] {subprocess.py:74} INFO - Running command: ['bash', '-c', 'curl -sSL https://s3.amazonaws.com/nyc-tlc/trip+data/green_tripdata_2020-01.parquet > /opt/***/output_green_taxi_2020-01.parquet']
[2022-06-13 13:17:50,561] {subprocess.py:85} INFO - Output:
[2022-06-13 13:17:53,470] {subprocess.py:96} INFO - Command exited with return code 0
[2022-06-13 13:17:53,514] {taskinstance.py:1401} INFO - Marking task as SUCCESS. dag_id=green_taxi_ingestion_gcs_dag, task_id=download_dataset_task, execution_date=20200101T060000, start_date=20220613T131750, end_date=20220613T131753
[2022-06-13 13:17:53,540] {local_task_job.py:156} INFO - Task exited with return code 0
[2022-06-13 13:17:53,602] {local_task_job.py:273} INFO - 0 downstream tasks scheduled from follow-on schedule check
[2022-06-13 13:29:43,894] {taskinstance.py:1160} INFO - Dependencies all met for <TaskInstance: green_taxi_ingestion_gcs_dag.download_dataset_task scheduled__2020-01-01T06:00:00+00:00 [queued]>
[2022-06-13 13:29:43,906] {taskinstance.py:1160} INFO - Dependencies all met for <TaskInstance: green_taxi_ingestion_gcs_dag.download_dataset_task scheduled__2020-01-01T06:00:00+00:00 [queued]>
[2022-06-13 13:29:43,908] {taskinstance.py:1357} INFO - 
--------------------------------------------------------------------------------
[2022-06-13 13:29:43,911] {taskinstance.py:1358} INFO - Starting attempt 1 of 1
[2022-06-13 13:29:43,913] {taskinstance.py:1359} INFO - 
--------------------------------------------------------------------------------
[2022-06-13 13:29:43,928] {taskinstance.py:1378} INFO - Executing <Task(BashOperator): download_dataset_task> on 2020-01-01 06:00:00+00:00
[2022-06-13 13:29:43,937] {standard_task_runner.py:52} INFO - Started process 1373 to run task
[2022-06-13 13:29:43,941] {standard_task_runner.py:79} INFO - Running: ['***', 'tasks', 'run', 'green_taxi_ingestion_gcs_dag', 'download_dataset_task', 'scheduled__2020-01-01T06:00:00+00:00', '--job-id', '796', '--raw', '--subdir', 'DAGS_FOLDER/green_taxi_ingestion.py', '--cfg-path', '/tmp/tmpio108fdw', '--error-file', '/tmp/tmpaixxm416']
[2022-06-13 13:29:43,943] {standard_task_runner.py:80} INFO - Job 796: Subtask download_dataset_task
[2022-06-13 13:29:44,030] {task_command.py:370} INFO - Running <TaskInstance: green_taxi_ingestion_gcs_dag.download_dataset_task scheduled__2020-01-01T06:00:00+00:00 [running]> on host 0825143a1170
[2022-06-13 13:29:44,084] {warnings.py:110} WARNING - /home/***/.local/lib/python3.7/site-packages/***/utils/context.py:202: AirflowContextDeprecationWarning: Accessing 'execution_date' from the template is deprecated and will be removed in a future version. Please use 'data_interval_start' or 'logical_date' instead.
  warnings.warn(_create_deprecation_warning(key, self._deprecation_replacements[key]))

[2022-06-13 13:29:44,120] {taskinstance.py:1572} INFO - Exporting the following env vars:
AIRFLOW_CTX_DAG_OWNER=***
AIRFLOW_CTX_DAG_ID=green_taxi_ingestion_gcs_dag
AIRFLOW_CTX_TASK_ID=download_dataset_task
AIRFLOW_CTX_EXECUTION_DATE=2020-01-01T06:00:00+00:00
AIRFLOW_CTX_TRY_NUMBER=1
AIRFLOW_CTX_DAG_RUN_ID=scheduled__2020-01-01T06:00:00+00:00
[2022-06-13 13:29:44,122] {subprocess.py:62} INFO - Tmp dir root location: 
 /tmp
[2022-06-13 13:29:44,126] {subprocess.py:74} INFO - Running command: ['bash', '-c', 'curl -sSL https://s3.amazonaws.com/nyc-tlc/trip+data/green_tripdata_2020-01.parquet > /opt/***/output_green_taxi_2020-01.parquet']
[2022-06-13 13:29:44,145] {subprocess.py:85} INFO - Output:
[2022-06-13 13:29:46,542] {subprocess.py:96} INFO - Command exited with return code 0
[2022-06-13 13:29:46,677] {taskinstance.py:1401} INFO - Marking task as SUCCESS. dag_id=green_taxi_ingestion_gcs_dag, task_id=download_dataset_task, execution_date=20200101T060000, start_date=20220613T132943, end_date=20220613T132946
[2022-06-13 13:29:46,785] {local_task_job.py:156} INFO - Task exited with return code 0
[2022-06-13 13:29:46,893] {local_task_job.py:273} INFO - 1 downstream tasks scheduled from follow-on schedule check
