[2022-06-13 13:18:35,304] {taskinstance.py:1160} INFO - Dependencies all met for <TaskInstance: green_taxi_ingestion_gcs_dag.download_dataset_task scheduled__2021-09-01T06:00:00+00:00 [queued]>
[2022-06-13 13:18:35,312] {taskinstance.py:1160} INFO - Dependencies all met for <TaskInstance: green_taxi_ingestion_gcs_dag.download_dataset_task scheduled__2021-09-01T06:00:00+00:00 [queued]>
[2022-06-13 13:18:35,314] {taskinstance.py:1357} INFO - 
--------------------------------------------------------------------------------
[2022-06-13 13:18:35,314] {taskinstance.py:1358} INFO - Starting attempt 1 of 1
[2022-06-13 13:18:35,315] {taskinstance.py:1359} INFO - 
--------------------------------------------------------------------------------
[2022-06-13 13:18:35,326] {taskinstance.py:1378} INFO - Executing <Task(BashOperator): download_dataset_task> on 2021-09-01 06:00:00+00:00
[2022-06-13 13:18:35,335] {standard_task_runner.py:52} INFO - Started process 538 to run task
[2022-06-13 13:18:35,338] {standard_task_runner.py:79} INFO - Running: ['***', 'tasks', 'run', 'green_taxi_ingestion_gcs_dag', 'download_dataset_task', 'scheduled__2021-09-01T06:00:00+00:00', '--job-id', '739', '--raw', '--subdir', 'DAGS_FOLDER/green_taxi_ingestion.py', '--cfg-path', '/tmp/tmpagcd6mlb', '--error-file', '/tmp/tmpb09p2gol']
[2022-06-13 13:18:35,342] {standard_task_runner.py:80} INFO - Job 739: Subtask download_dataset_task
[2022-06-13 13:18:35,401] {task_command.py:370} INFO - Running <TaskInstance: green_taxi_ingestion_gcs_dag.download_dataset_task scheduled__2021-09-01T06:00:00+00:00 [running]> on host 0825143a1170
[2022-06-13 13:18:35,430] {warnings.py:110} WARNING - /home/***/.local/lib/python3.7/site-packages/***/utils/context.py:202: AirflowContextDeprecationWarning: Accessing 'execution_date' from the template is deprecated and will be removed in a future version. Please use 'data_interval_start' or 'logical_date' instead.
  warnings.warn(_create_deprecation_warning(key, self._deprecation_replacements[key]))

[2022-06-13 13:18:35,461] {taskinstance.py:1572} INFO - Exporting the following env vars:
AIRFLOW_CTX_DAG_OWNER=***
AIRFLOW_CTX_DAG_ID=green_taxi_ingestion_gcs_dag
AIRFLOW_CTX_TASK_ID=download_dataset_task
AIRFLOW_CTX_EXECUTION_DATE=2021-09-01T06:00:00+00:00
AIRFLOW_CTX_TRY_NUMBER=1
AIRFLOW_CTX_DAG_RUN_ID=scheduled__2021-09-01T06:00:00+00:00
[2022-06-13 13:18:35,463] {subprocess.py:62} INFO - Tmp dir root location: 
 /tmp
[2022-06-13 13:18:35,465] {subprocess.py:74} INFO - Running command: ['bash', '-c', 'curl -sSL https://s3.amazonaws.com/nyc-tlc/trip+data/green_tripdata_2021-09.parquet > /opt/***/output_green_taxi_2021-09.parquet']
[2022-06-13 13:18:35,482] {subprocess.py:85} INFO - Output:
[2022-06-13 13:18:37,152] {subprocess.py:96} INFO - Command exited with return code 0
[2022-06-13 13:18:37,199] {taskinstance.py:1401} INFO - Marking task as SUCCESS. dag_id=green_taxi_ingestion_gcs_dag, task_id=download_dataset_task, execution_date=20210901T060000, start_date=20220613T131835, end_date=20220613T131837
[2022-06-13 13:18:37,229] {local_task_job.py:156} INFO - Task exited with return code 0
[2022-06-13 13:18:37,288] {local_task_job.py:273} INFO - 1 downstream tasks scheduled from follow-on schedule check
[2022-06-13 13:30:31,631] {taskinstance.py:1160} INFO - Dependencies all met for <TaskInstance: green_taxi_ingestion_gcs_dag.download_dataset_task scheduled__2021-09-01T06:00:00+00:00 [queued]>
[2022-06-13 13:30:31,639] {taskinstance.py:1160} INFO - Dependencies all met for <TaskInstance: green_taxi_ingestion_gcs_dag.download_dataset_task scheduled__2021-09-01T06:00:00+00:00 [queued]>
[2022-06-13 13:30:31,640] {taskinstance.py:1357} INFO - 
--------------------------------------------------------------------------------
[2022-06-13 13:30:31,640] {taskinstance.py:1358} INFO - Starting attempt 1 of 1
[2022-06-13 13:30:31,641] {taskinstance.py:1359} INFO - 
--------------------------------------------------------------------------------
[2022-06-13 13:30:31,648] {taskinstance.py:1378} INFO - Executing <Task(BashOperator): download_dataset_task> on 2021-09-01 06:00:00+00:00
[2022-06-13 13:30:31,654] {standard_task_runner.py:52} INFO - Started process 1605 to run task
[2022-06-13 13:30:31,658] {standard_task_runner.py:79} INFO - Running: ['***', 'tasks', 'run', 'green_taxi_ingestion_gcs_dag', 'download_dataset_task', 'scheduled__2021-09-01T06:00:00+00:00', '--job-id', '837', '--raw', '--subdir', 'DAGS_FOLDER/green_taxi_ingestion.py', '--cfg-path', '/tmp/tmpejdu5wdq', '--error-file', '/tmp/tmpt3y2lxrl']
[2022-06-13 13:30:31,659] {standard_task_runner.py:80} INFO - Job 837: Subtask download_dataset_task
[2022-06-13 13:30:31,700] {task_command.py:370} INFO - Running <TaskInstance: green_taxi_ingestion_gcs_dag.download_dataset_task scheduled__2021-09-01T06:00:00+00:00 [running]> on host 0825143a1170
[2022-06-13 13:30:31,740] {warnings.py:110} WARNING - /home/***/.local/lib/python3.7/site-packages/***/utils/context.py:202: AirflowContextDeprecationWarning: Accessing 'execution_date' from the template is deprecated and will be removed in a future version. Please use 'data_interval_start' or 'logical_date' instead.
  warnings.warn(_create_deprecation_warning(key, self._deprecation_replacements[key]))

[2022-06-13 13:30:31,771] {taskinstance.py:1572} INFO - Exporting the following env vars:
AIRFLOW_CTX_DAG_OWNER=***
AIRFLOW_CTX_DAG_ID=green_taxi_ingestion_gcs_dag
AIRFLOW_CTX_TASK_ID=download_dataset_task
AIRFLOW_CTX_EXECUTION_DATE=2021-09-01T06:00:00+00:00
AIRFLOW_CTX_TRY_NUMBER=1
AIRFLOW_CTX_DAG_RUN_ID=scheduled__2021-09-01T06:00:00+00:00
[2022-06-13 13:30:31,773] {subprocess.py:62} INFO - Tmp dir root location: 
 /tmp
[2022-06-13 13:30:31,775] {subprocess.py:74} INFO - Running command: ['bash', '-c', 'curl -sSL https://s3.amazonaws.com/nyc-tlc/trip+data/green_tripdata_2021-09.parquet > /opt/***/output_green_taxi_2021-09.parquet']
[2022-06-13 13:30:31,792] {subprocess.py:85} INFO - Output:
[2022-06-13 13:30:33,436] {subprocess.py:96} INFO - Command exited with return code 0
[2022-06-13 13:30:33,472] {taskinstance.py:1401} INFO - Marking task as SUCCESS. dag_id=green_taxi_ingestion_gcs_dag, task_id=download_dataset_task, execution_date=20210901T060000, start_date=20220613T133031, end_date=20220613T133033
[2022-06-13 13:30:33,501] {local_task_job.py:156} INFO - Task exited with return code 0
[2022-06-13 13:30:33,528] {local_task_job.py:273} INFO - 1 downstream tasks scheduled from follow-on schedule check
