[2022-06-13 13:19:00,351] {taskinstance.py:1160} INFO - Dependencies all met for <TaskInstance: green_taxi_ingestion_gcs_dag.local_to_gcs_task scheduled__2022-03-01T06:00:00+00:00 [queued]>
[2022-06-13 13:19:00,364] {taskinstance.py:1160} INFO - Dependencies all met for <TaskInstance: green_taxi_ingestion_gcs_dag.local_to_gcs_task scheduled__2022-03-01T06:00:00+00:00 [queued]>
[2022-06-13 13:19:00,366] {taskinstance.py:1357} INFO - 
--------------------------------------------------------------------------------
[2022-06-13 13:19:00,369] {taskinstance.py:1358} INFO - Starting attempt 1 of 1
[2022-06-13 13:19:00,371] {taskinstance.py:1359} INFO - 
--------------------------------------------------------------------------------
[2022-06-13 13:19:00,380] {taskinstance.py:1378} INFO - Executing <Task(PythonOperator): local_to_gcs_task> on 2022-03-01 06:00:00+00:00
[2022-06-13 13:19:00,387] {standard_task_runner.py:52} INFO - Started process 637 to run task
[2022-06-13 13:19:00,397] {standard_task_runner.py:79} INFO - Running: ['***', 'tasks', 'run', 'green_taxi_ingestion_gcs_dag', 'local_to_gcs_task', 'scheduled__2022-03-01T06:00:00+00:00', '--job-id', '757', '--raw', '--subdir', 'DAGS_FOLDER/green_taxi_ingestion.py', '--cfg-path', '/tmp/tmpq0_s0fxz', '--error-file', '/tmp/tmpc0a30grt']
[2022-06-13 13:19:00,399] {standard_task_runner.py:80} INFO - Job 757: Subtask local_to_gcs_task
[2022-06-13 13:19:00,447] {task_command.py:370} INFO - Running <TaskInstance: green_taxi_ingestion_gcs_dag.local_to_gcs_task scheduled__2022-03-01T06:00:00+00:00 [running]> on host 0825143a1170
[2022-06-13 13:19:00,511] {warnings.py:110} WARNING - /home/***/.local/lib/python3.7/site-packages/***/utils/context.py:202: AirflowContextDeprecationWarning: Accessing 'execution_date' from the template is deprecated and will be removed in a future version. Please use 'data_interval_start' or 'logical_date' instead.
  warnings.warn(_create_deprecation_warning(key, self._deprecation_replacements[key]))

[2022-06-13 13:19:00,553] {taskinstance.py:1572} INFO - Exporting the following env vars:
AIRFLOW_CTX_DAG_OWNER=***
AIRFLOW_CTX_DAG_ID=green_taxi_ingestion_gcs_dag
AIRFLOW_CTX_TASK_ID=local_to_gcs_task
AIRFLOW_CTX_EXECUTION_DATE=2022-03-01T06:00:00+00:00
AIRFLOW_CTX_TRY_NUMBER=1
AIRFLOW_CTX_DAG_RUN_ID=scheduled__2022-03-01T06:00:00+00:00
[2022-06-13 13:19:00,995] {python.py:173} INFO - Done. Returned value was: None
[2022-06-13 13:19:01,037] {taskinstance.py:1401} INFO - Marking task as SUCCESS. dag_id=green_taxi_ingestion_gcs_dag, task_id=local_to_gcs_task, execution_date=20220301T060000, start_date=20220613T131900, end_date=20220613T131901
[2022-06-13 13:19:01,111] {local_task_job.py:156} INFO - Task exited with return code 0
[2022-06-13 13:19:01,170] {local_task_job.py:273} INFO - 0 downstream tasks scheduled from follow-on schedule check
[2022-06-13 13:30:48,367] {taskinstance.py:1160} INFO - Dependencies all met for <TaskInstance: green_taxi_ingestion_gcs_dag.local_to_gcs_task scheduled__2022-03-01T06:00:00+00:00 [queued]>
[2022-06-13 13:30:48,384] {taskinstance.py:1160} INFO - Dependencies all met for <TaskInstance: green_taxi_ingestion_gcs_dag.local_to_gcs_task scheduled__2022-03-01T06:00:00+00:00 [queued]>
[2022-06-13 13:30:48,386] {taskinstance.py:1357} INFO - 
--------------------------------------------------------------------------------
[2022-06-13 13:30:48,387] {taskinstance.py:1358} INFO - Starting attempt 1 of 1
[2022-06-13 13:30:48,389] {taskinstance.py:1359} INFO - 
--------------------------------------------------------------------------------
[2022-06-13 13:30:48,419] {taskinstance.py:1378} INFO - Executing <Task(PythonOperator): local_to_gcs_task> on 2022-03-01 06:00:00+00:00
[2022-06-13 13:30:48,473] {standard_task_runner.py:52} INFO - Started process 1688 to run task
[2022-06-13 13:30:48,487] {standard_task_runner.py:79} INFO - Running: ['***', 'tasks', 'run', 'green_taxi_ingestion_gcs_dag', 'local_to_gcs_task', 'scheduled__2022-03-01T06:00:00+00:00', '--job-id', '850', '--raw', '--subdir', 'DAGS_FOLDER/green_taxi_ingestion.py', '--cfg-path', '/tmp/tmp89xlv557', '--error-file', '/tmp/tmpjzox0m4s']
[2022-06-13 13:30:48,492] {standard_task_runner.py:80} INFO - Job 850: Subtask local_to_gcs_task
[2022-06-13 13:30:48,582] {task_command.py:370} INFO - Running <TaskInstance: green_taxi_ingestion_gcs_dag.local_to_gcs_task scheduled__2022-03-01T06:00:00+00:00 [running]> on host 0825143a1170
[2022-06-13 13:30:48,636] {warnings.py:110} WARNING - /home/***/.local/lib/python3.7/site-packages/***/utils/context.py:202: AirflowContextDeprecationWarning: Accessing 'execution_date' from the template is deprecated and will be removed in a future version. Please use 'data_interval_start' or 'logical_date' instead.
  warnings.warn(_create_deprecation_warning(key, self._deprecation_replacements[key]))

[2022-06-13 13:30:48,702] {taskinstance.py:1572} INFO - Exporting the following env vars:
AIRFLOW_CTX_DAG_OWNER=***
AIRFLOW_CTX_DAG_ID=green_taxi_ingestion_gcs_dag
AIRFLOW_CTX_TASK_ID=local_to_gcs_task
AIRFLOW_CTX_EXECUTION_DATE=2022-03-01T06:00:00+00:00
AIRFLOW_CTX_TRY_NUMBER=1
AIRFLOW_CTX_DAG_RUN_ID=scheduled__2022-03-01T06:00:00+00:00
[2022-06-13 13:30:49,198] {python.py:173} INFO - Done. Returned value was: None
[2022-06-13 13:30:49,215] {taskinstance.py:1401} INFO - Marking task as SUCCESS. dag_id=green_taxi_ingestion_gcs_dag, task_id=local_to_gcs_task, execution_date=20220301T060000, start_date=20220613T133048, end_date=20220613T133049
[2022-06-13 13:30:49,240] {local_task_job.py:156} INFO - Task exited with return code 0
[2022-06-13 13:30:49,282] {local_task_job.py:273} INFO - 0 downstream tasks scheduled from follow-on schedule check
