[2022-06-13 13:26:36,538] {taskinstance.py:1160} INFO - Dependencies all met for <TaskInstance: gcs_2_bq_dag.bq_create_yellow_taxi_tripdata_partitioned_table_task move_green_taxi_files_task [queued]>
[2022-06-13 13:26:36,553] {taskinstance.py:1160} INFO - Dependencies all met for <TaskInstance: gcs_2_bq_dag.bq_create_yellow_taxi_tripdata_partitioned_table_task move_green_taxi_files_task [queued]>
[2022-06-13 13:26:36,569] {taskinstance.py:1357} INFO - 
--------------------------------------------------------------------------------
[2022-06-13 13:26:36,570] {taskinstance.py:1358} INFO - Starting attempt 1 of 2
[2022-06-13 13:26:36,571] {taskinstance.py:1359} INFO - 
--------------------------------------------------------------------------------
[2022-06-13 13:26:36,587] {taskinstance.py:1378} INFO - Executing <Task(BigQueryInsertJobOperator): bq_create_yellow_taxi_tripdata_partitioned_table_task> on 2022-06-13 13:26:16+00:00
[2022-06-13 13:26:36,595] {standard_task_runner.py:52} INFO - Started process 1079 to run task
[2022-06-13 13:26:36,603] {standard_task_runner.py:79} INFO - Running: ['***', 'tasks', 'run', 'gcs_2_bq_dag', 'bq_create_yellow_taxi_tripdata_partitioned_table_task', 'move_green_taxi_files_task', '--job-id', '767', '--raw', '--subdir', 'DAGS_FOLDER/gcs_to_bq_dag.py', '--cfg-path', '/tmp/tmpflc7vtmc', '--error-file', '/tmp/tmpiq2l5z2c']
[2022-06-13 13:26:36,605] {standard_task_runner.py:80} INFO - Job 767: Subtask bq_create_yellow_taxi_tripdata_partitioned_table_task
[2022-06-13 13:26:36,706] {task_command.py:370} INFO - Running <TaskInstance: gcs_2_bq_dag.bq_create_yellow_taxi_tripdata_partitioned_table_task move_green_taxi_files_task [running]> on host 0825143a1170
[2022-06-13 13:26:36,808] {taskinstance.py:1572} INFO - Exporting the following env vars:
AIRFLOW_CTX_DAG_OWNER=***
AIRFLOW_CTX_DAG_ID=gcs_2_bq_dag
AIRFLOW_CTX_TASK_ID=bq_create_yellow_taxi_tripdata_partitioned_table_task
AIRFLOW_CTX_EXECUTION_DATE=2022-06-13T13:26:16+00:00
AIRFLOW_CTX_TRY_NUMBER=1
AIRFLOW_CTX_DAG_RUN_ID=move_green_taxi_files_task
[2022-06-13 13:26:36,812] {crypto.py:82} WARNING - empty cryptography key - values will not be stored encrypted.
[2022-06-13 13:26:36,816] {base.py:68} INFO - Using connection ID 'google_cloud_default' for task execution.
[2022-06-13 13:26:36,820] {warnings.py:110} WARNING - /home/***/.local/lib/python3.7/site-packages/***/utils/context.py:202: AirflowContextDeprecationWarning: Accessing 'execution_date' from the template is deprecated and will be removed in a future version. Please use 'data_interval_start' or 'logical_date' instead.
  warnings.warn(_create_deprecation_warning(key, self._deprecation_replacements[key]))

[2022-06-13 13:26:36,825] {bigquery.py:2148} INFO - Executing: {'query': {'query': 'CREATE OR REPLACE TABLE trips_data_all.yellow_taxi_trips             (             VendorID INT64,             tpep_pickup_datetime TIMESTAMP,             tpep_dropoff_datetime TIMESTAMP,             passenger_count FLOAT64,             trip_distance FLOAT64,             RatecodeID FLOAT64,             store_and_fwd_flag STRING,             PULocationID INT64,             DOLocationID INT64,             payment_type INT64,             fare_amount FLOAT64,             extra FLOAT64,             mta_tax FLOAT64,             tip_amount FLOAT64,             tolls_amount FLOAT64,             improvement_surcharge FLOAT64,             total_amount FLOAT64,             congestion_surcharge FLOAT64,             airport_fee INT64             )     PARTITION BY DATE(tpep_pickup_datetime)     OPTIONS(     partition_expiration_days=10000     )     AS (         SELECT              *         REPLACE(NULL AS airport_fee)         FROM              trips_data_all.yellow_taxi_tripdata_external_table     );', 'useLegacySql': False}}
[2022-06-13 13:26:36,838] {bigquery.py:1538} INFO - Inserting job ***_gcs_2_bq_dag_bq_create_yellow_taxi_tripdata_partitioned_table_task_2022_06_13T13_26_16_00_00_26ec6a605140be92ad82dda30c0dee44
[2022-06-13 13:27:01,868] {taskinstance.py:1401} INFO - Marking task as SUCCESS. dag_id=gcs_2_bq_dag, task_id=bq_create_yellow_taxi_tripdata_partitioned_table_task, execution_date=20220613T132616, start_date=20220613T132636, end_date=20220613T132701
[2022-06-13 13:27:01,888] {local_task_job.py:221} WARNING - State of this instance has been externally set to success. Terminating instance.
[2022-06-13 13:27:01,900] {process_utils.py:129} INFO - Sending Signals.SIGTERM to group 1079. PIDs of all processes in the group: [1079]
[2022-06-13 13:27:01,901] {process_utils.py:80} INFO - Sending the signal Signals.SIGTERM to group 1079
[2022-06-13 13:27:01,930] {process_utils.py:75} INFO - Process psutil.Process(pid=1079, status='terminated', exitcode=0, started='13:26:36') (1079) terminated with exit code 0
