[2022-06-11 19:20:41,841] {taskinstance.py:1160} INFO - Dependencies all met for <TaskInstance: gcs_2_bq_dag.bq_yellow_taxi_tripdata_external_table_task manual__2022-06-11T16:20:30-03:00 [queued]>
[2022-06-11 19:20:41,904] {taskinstance.py:1160} INFO - Dependencies all met for <TaskInstance: gcs_2_bq_dag.bq_yellow_taxi_tripdata_external_table_task manual__2022-06-11T16:20:30-03:00 [queued]>
[2022-06-11 19:20:41,907] {taskinstance.py:1357} INFO - 
--------------------------------------------------------------------------------
[2022-06-11 19:20:41,912] {taskinstance.py:1358} INFO - Starting attempt 1 of 2
[2022-06-11 19:20:41,914] {taskinstance.py:1359} INFO - 
--------------------------------------------------------------------------------
[2022-06-11 19:20:42,025] {taskinstance.py:1378} INFO - Executing <Task(BigQueryCreateExternalTableOperator): bq_yellow_taxi_tripdata_external_table_task> on 2022-06-11 19:20:30+00:00
[2022-06-11 19:20:42,087] {standard_task_runner.py:52} INFO - Started process 1089 to run task
[2022-06-11 19:20:42,156] {standard_task_runner.py:79} INFO - Running: ['***', 'tasks', 'run', 'gcs_2_bq_dag', 'bq_yellow_taxi_tripdata_external_table_task', 'manual__2022-06-11T16:20:30-03:00', '--job-id', '622', '--raw', '--subdir', 'DAGS_FOLDER/gcs_to_bq_dag.py', '--cfg-path', '/tmp/tmp6sidml5q', '--error-file', '/tmp/tmpfidilzyp']
[2022-06-11 19:20:42,161] {standard_task_runner.py:80} INFO - Job 622: Subtask bq_yellow_taxi_tripdata_external_table_task
[2022-06-11 19:20:42,554] {task_command.py:370} INFO - Running <TaskInstance: gcs_2_bq_dag.bq_yellow_taxi_tripdata_external_table_task manual__2022-06-11T16:20:30-03:00 [running]> on host 0825143a1170
[2022-06-11 19:20:43,246] {taskinstance.py:1572} INFO - Exporting the following env vars:
AIRFLOW_CTX_DAG_OWNER=***
AIRFLOW_CTX_DAG_ID=gcs_2_bq_dag
AIRFLOW_CTX_TASK_ID=bq_yellow_taxi_tripdata_external_table_task
AIRFLOW_CTX_EXECUTION_DATE=2022-06-11T19:20:30+00:00
AIRFLOW_CTX_TRY_NUMBER=1
AIRFLOW_CTX_DAG_RUN_ID=manual__2022-06-11T16:20:30-03:00
[2022-06-11 19:20:43,259] {crypto.py:82} WARNING - empty cryptography key - values will not be stored encrypted.
[2022-06-11 19:20:43,264] {base.py:68} INFO - Using connection ID 'google_cloud_default' for task execution.
[2022-06-11 19:20:44,562] {taskinstance.py:1401} INFO - Marking task as SUCCESS. dag_id=gcs_2_bq_dag, task_id=bq_yellow_taxi_tripdata_external_table_task, execution_date=20220611T192030, start_date=20220611T192041, end_date=20220611T192044
[2022-06-11 19:20:44,661] {local_task_job.py:156} INFO - Task exited with return code 0
[2022-06-11 19:20:44,819] {local_task_job.py:273} INFO - 0 downstream tasks scheduled from follow-on schedule check
