[2022-07-18 23:30:44,154] {taskinstance.py:1160} INFO - Dependencies all met for <TaskInstance: local_to_gcs.format_to_parquet_task scheduled__2013-01-10T06:00:00+00:00 [queued]>
[2022-07-18 23:30:44,227] {taskinstance.py:1160} INFO - Dependencies all met for <TaskInstance: local_to_gcs.format_to_parquet_task scheduled__2013-01-10T06:00:00+00:00 [queued]>
[2022-07-18 23:30:44,231] {taskinstance.py:1357} INFO - 
--------------------------------------------------------------------------------
[2022-07-18 23:30:44,237] {taskinstance.py:1358} INFO - Starting attempt 1 of 1
[2022-07-18 23:30:44,247] {taskinstance.py:1359} INFO - 
--------------------------------------------------------------------------------
[2022-07-18 23:30:44,341] {taskinstance.py:1378} INFO - Executing <Task(PythonOperator): format_to_parquet_task> on 2013-01-10 06:00:00+00:00
[2022-07-18 23:30:44,571] {standard_task_runner.py:52} INFO - Started process 39505 to run task
[2022-07-18 23:30:44,628] {standard_task_runner.py:79} INFO - Running: ['***', 'tasks', 'run', 'local_to_gcs', 'format_to_parquet_task', 'scheduled__2013-01-10T06:00:00+00:00', '--job-id', '59', '--raw', '--subdir', 'DAGS_FOLDER/local_to_gcs.py', '--cfg-path', '/tmp/tmpyxj1wf4b', '--error-file', '/tmp/tmpeladuprz']
[2022-07-18 23:30:44,650] {standard_task_runner.py:80} INFO - Job 59: Subtask format_to_parquet_task
[2022-07-18 23:30:46,177] {task_command.py:370} INFO - Running <TaskInstance: local_to_gcs.format_to_parquet_task scheduled__2013-01-10T06:00:00+00:00 [running]> on host 32d1f26135d5
[2022-07-18 23:30:46,619] {taskinstance.py:1572} INFO - Exporting the following env vars:
AIRFLOW_CTX_DAG_OWNER=***
AIRFLOW_CTX_DAG_ID=local_to_gcs
AIRFLOW_CTX_TASK_ID=format_to_parquet_task
AIRFLOW_CTX_EXECUTION_DATE=2013-01-10T06:00:00+00:00
AIRFLOW_CTX_TRY_NUMBER=1
AIRFLOW_CTX_DAG_RUN_ID=scheduled__2013-01-10T06:00:00+00:00
[2022-07-18 23:31:44,105] {python.py:173} INFO - Done. Returned value was: None
[2022-07-18 23:31:44,233] {taskinstance.py:1401} INFO - Marking task as SUCCESS. dag_id=local_to_gcs, task_id=format_to_parquet_task, execution_date=20130110T060000, start_date=20220718T233044, end_date=20220718T233144
[2022-07-18 23:31:46,775] {local_task_job.py:156} INFO - Task exited with return code 0
[2022-07-18 23:31:46,924] {local_task_job.py:273} INFO - 0 downstream tasks scheduled from follow-on schedule check
