[2022-06-13 13:17:57,791] {taskinstance.py:1160} INFO - Dependencies all met for <TaskInstance: green_taxi_ingestion_gcs_dag.local_to_gcs_task scheduled__2020-02-01T06:00:00+00:00 [queued]>
[2022-06-13 13:17:57,815] {taskinstance.py:1160} INFO - Dependencies all met for <TaskInstance: green_taxi_ingestion_gcs_dag.local_to_gcs_task scheduled__2020-02-01T06:00:00+00:00 [queued]>
[2022-06-13 13:17:57,818] {taskinstance.py:1357} INFO - 
--------------------------------------------------------------------------------
[2022-06-13 13:17:57,821] {taskinstance.py:1358} INFO - Starting attempt 1 of 1
[2022-06-13 13:17:57,828] {taskinstance.py:1359} INFO - 
--------------------------------------------------------------------------------
[2022-06-13 13:17:57,864] {taskinstance.py:1378} INFO - Executing <Task(PythonOperator): local_to_gcs_task> on 2020-02-01 06:00:00+00:00
[2022-06-13 13:17:57,880] {standard_task_runner.py:52} INFO - Started process 348 to run task
[2022-06-13 13:17:57,895] {standard_task_runner.py:79} INFO - Running: ['***', 'tasks', 'run', 'green_taxi_ingestion_gcs_dag', 'local_to_gcs_task', 'scheduled__2020-02-01T06:00:00+00:00', '--job-id', '703', '--raw', '--subdir', 'DAGS_FOLDER/green_taxi_ingestion.py', '--cfg-path', '/tmp/tmpc_o2amx0', '--error-file', '/tmp/tmph0z73yra']
[2022-06-13 13:17:57,914] {standard_task_runner.py:80} INFO - Job 703: Subtask local_to_gcs_task
[2022-06-13 13:17:58,042] {task_command.py:370} INFO - Running <TaskInstance: green_taxi_ingestion_gcs_dag.local_to_gcs_task scheduled__2020-02-01T06:00:00+00:00 [running]> on host 0825143a1170
[2022-06-13 13:17:58,099] {warnings.py:110} WARNING - /home/***/.local/lib/python3.7/site-packages/***/utils/context.py:202: AirflowContextDeprecationWarning: Accessing 'execution_date' from the template is deprecated and will be removed in a future version. Please use 'data_interval_start' or 'logical_date' instead.
  warnings.warn(_create_deprecation_warning(key, self._deprecation_replacements[key]))

[2022-06-13 13:17:58,142] {taskinstance.py:1572} INFO - Exporting the following env vars:
AIRFLOW_CTX_DAG_OWNER=***
AIRFLOW_CTX_DAG_ID=green_taxi_ingestion_gcs_dag
AIRFLOW_CTX_TASK_ID=local_to_gcs_task
AIRFLOW_CTX_EXECUTION_DATE=2020-02-01T06:00:00+00:00
AIRFLOW_CTX_TRY_NUMBER=1
AIRFLOW_CTX_DAG_RUN_ID=scheduled__2020-02-01T06:00:00+00:00
[2022-06-13 13:17:59,262] {python.py:173} INFO - Done. Returned value was: None
[2022-06-13 13:17:59,302] {taskinstance.py:1401} INFO - Marking task as SUCCESS. dag_id=green_taxi_ingestion_gcs_dag, task_id=local_to_gcs_task, execution_date=20200201T060000, start_date=20220613T131757, end_date=20220613T131759
[2022-06-13 13:17:59,356] {local_task_job.py:156} INFO - Task exited with return code 0
[2022-06-13 13:17:59,391] {local_task_job.py:273} INFO - 0 downstream tasks scheduled from follow-on schedule check
[2022-06-13 13:29:47,729] {taskinstance.py:1160} INFO - Dependencies all met for <TaskInstance: green_taxi_ingestion_gcs_dag.local_to_gcs_task scheduled__2020-02-01T06:00:00+00:00 [queued]>
[2022-06-13 13:29:47,746] {taskinstance.py:1160} INFO - Dependencies all met for <TaskInstance: green_taxi_ingestion_gcs_dag.local_to_gcs_task scheduled__2020-02-01T06:00:00+00:00 [queued]>
[2022-06-13 13:29:47,751] {taskinstance.py:1357} INFO - 
--------------------------------------------------------------------------------
[2022-06-13 13:29:47,755] {taskinstance.py:1358} INFO - Starting attempt 1 of 1
[2022-06-13 13:29:47,756] {taskinstance.py:1359} INFO - 
--------------------------------------------------------------------------------
[2022-06-13 13:29:47,795] {taskinstance.py:1378} INFO - Executing <Task(PythonOperator): local_to_gcs_task> on 2020-02-01 06:00:00+00:00
[2022-06-13 13:29:47,816] {standard_task_runner.py:52} INFO - Started process 1400 to run task
[2022-06-13 13:29:47,827] {standard_task_runner.py:79} INFO - Running: ['***', 'tasks', 'run', 'green_taxi_ingestion_gcs_dag', 'local_to_gcs_task', 'scheduled__2020-02-01T06:00:00+00:00', '--job-id', '798', '--raw', '--subdir', 'DAGS_FOLDER/green_taxi_ingestion.py', '--cfg-path', '/tmp/tmpncq5v8fe', '--error-file', '/tmp/tmpd7jjbuu6']
[2022-06-13 13:29:47,842] {standard_task_runner.py:80} INFO - Job 798: Subtask local_to_gcs_task
[2022-06-13 13:29:47,987] {task_command.py:370} INFO - Running <TaskInstance: green_taxi_ingestion_gcs_dag.local_to_gcs_task scheduled__2020-02-01T06:00:00+00:00 [running]> on host 0825143a1170
[2022-06-13 13:29:48,083] {warnings.py:110} WARNING - /home/***/.local/lib/python3.7/site-packages/***/utils/context.py:202: AirflowContextDeprecationWarning: Accessing 'execution_date' from the template is deprecated and will be removed in a future version. Please use 'data_interval_start' or 'logical_date' instead.
  warnings.warn(_create_deprecation_warning(key, self._deprecation_replacements[key]))

[2022-06-13 13:29:48,150] {taskinstance.py:1572} INFO - Exporting the following env vars:
AIRFLOW_CTX_DAG_OWNER=***
AIRFLOW_CTX_DAG_ID=green_taxi_ingestion_gcs_dag
AIRFLOW_CTX_TASK_ID=local_to_gcs_task
AIRFLOW_CTX_EXECUTION_DATE=2020-02-01T06:00:00+00:00
AIRFLOW_CTX_TRY_NUMBER=1
AIRFLOW_CTX_DAG_RUN_ID=scheduled__2020-02-01T06:00:00+00:00
[2022-06-13 13:29:49,644] {python.py:173} INFO - Done. Returned value was: None
[2022-06-13 13:29:49,679] {taskinstance.py:1401} INFO - Marking task as SUCCESS. dag_id=green_taxi_ingestion_gcs_dag, task_id=local_to_gcs_task, execution_date=20200201T060000, start_date=20220613T132947, end_date=20220613T132949
[2022-06-13 13:29:49,721] {local_task_job.py:156} INFO - Task exited with return code 0
[2022-06-13 13:29:49,783] {local_task_job.py:273} INFO - 0 downstream tasks scheduled from follow-on schedule check
