[2022-07-18 23:19:59,048] {taskinstance.py:1160} INFO - Dependencies all met for <TaskInstance: local_to_gcs.local_to_gcs_task scheduled__2002-01-10T06:00:00+00:00 [queued]>
[2022-07-18 23:19:59,116] {taskinstance.py:1160} INFO - Dependencies all met for <TaskInstance: local_to_gcs.local_to_gcs_task scheduled__2002-01-10T06:00:00+00:00 [queued]>
[2022-07-18 23:19:59,119] {taskinstance.py:1357} INFO - 
--------------------------------------------------------------------------------
[2022-07-18 23:19:59,123] {taskinstance.py:1358} INFO - Starting attempt 1 of 1
[2022-07-18 23:19:59,128] {taskinstance.py:1359} INFO - 
--------------------------------------------------------------------------------
[2022-07-18 23:19:59,211] {taskinstance.py:1378} INFO - Executing <Task(PythonOperator): local_to_gcs_task> on 2002-01-10 06:00:00+00:00
[2022-07-18 23:19:59,242] {standard_task_runner.py:52} INFO - Started process 38967 to run task
[2022-07-18 23:19:59,281] {standard_task_runner.py:79} INFO - Running: ['***', 'tasks', 'run', 'local_to_gcs', 'local_to_gcs_task', 'scheduled__2002-01-10T06:00:00+00:00', '--job-id', '37', '--raw', '--subdir', 'DAGS_FOLDER/local_to_gcs.py', '--cfg-path', '/tmp/tmp0uaq89i2', '--error-file', '/tmp/tmpy4oasuu3']
[2022-07-18 23:19:59,297] {standard_task_runner.py:80} INFO - Job 37: Subtask local_to_gcs_task
[2022-07-18 23:19:59,489] {task_command.py:370} INFO - Running <TaskInstance: local_to_gcs.local_to_gcs_task scheduled__2002-01-10T06:00:00+00:00 [running]> on host 32d1f26135d5
[2022-07-18 23:19:59,942] {taskinstance.py:1572} INFO - Exporting the following env vars:
AIRFLOW_CTX_DAG_OWNER=***
AIRFLOW_CTX_DAG_ID=local_to_gcs
AIRFLOW_CTX_TASK_ID=local_to_gcs_task
AIRFLOW_CTX_EXECUTION_DATE=2002-01-10T06:00:00+00:00
AIRFLOW_CTX_TRY_NUMBER=1
AIRFLOW_CTX_DAG_RUN_ID=scheduled__2002-01-10T06:00:00+00:00
[2022-07-18 23:20:10,473] {python.py:173} INFO - Done. Returned value was: None
[2022-07-18 23:20:10,685] {taskinstance.py:1401} INFO - Marking task as SUCCESS. dag_id=local_to_gcs, task_id=local_to_gcs_task, execution_date=20020110T060000, start_date=20220718T231959, end_date=20220718T232010
[2022-07-18 23:20:10,861] {local_task_job.py:156} INFO - Task exited with return code 0
[2022-07-18 23:20:10,979] {local_task_job.py:273} INFO - 0 downstream tasks scheduled from follow-on schedule check
