[2022-06-13 13:17:36,029] {taskinstance.py:1160} INFO - Dependencies all met for <TaskInstance: green_taxi_ingestion_gcs_dag.download_dataset_task scheduled__2019-08-01T06:00:00+00:00 [queued]>
[2022-06-13 13:17:36,039] {taskinstance.py:1160} INFO - Dependencies all met for <TaskInstance: green_taxi_ingestion_gcs_dag.download_dataset_task scheduled__2019-08-01T06:00:00+00:00 [queued]>
[2022-06-13 13:17:36,040] {taskinstance.py:1357} INFO - 
--------------------------------------------------------------------------------
[2022-06-13 13:17:36,041] {taskinstance.py:1358} INFO - Starting attempt 1 of 1
[2022-06-13 13:17:36,042] {taskinstance.py:1359} INFO - 
--------------------------------------------------------------------------------
[2022-06-13 13:17:36,055] {taskinstance.py:1378} INFO - Executing <Task(BashOperator): download_dataset_task> on 2019-08-01 06:00:00+00:00
[2022-06-13 13:17:36,062] {standard_task_runner.py:52} INFO - Started process 265 to run task
[2022-06-13 13:17:36,066] {standard_task_runner.py:79} INFO - Running: ['***', 'tasks', 'run', 'green_taxi_ingestion_gcs_dag', 'download_dataset_task', 'scheduled__2019-08-01T06:00:00+00:00', '--job-id', '690', '--raw', '--subdir', 'DAGS_FOLDER/green_taxi_ingestion.py', '--cfg-path', '/tmp/tmp9v5y1ugh', '--error-file', '/tmp/tmp9qxyzypo']
[2022-06-13 13:17:36,068] {standard_task_runner.py:80} INFO - Job 690: Subtask download_dataset_task
[2022-06-13 13:17:36,230] {task_command.py:370} INFO - Running <TaskInstance: green_taxi_ingestion_gcs_dag.download_dataset_task scheduled__2019-08-01T06:00:00+00:00 [running]> on host 0825143a1170
[2022-06-13 13:17:36,325] {warnings.py:110} WARNING - /home/***/.local/lib/python3.7/site-packages/***/utils/context.py:202: AirflowContextDeprecationWarning: Accessing 'execution_date' from the template is deprecated and will be removed in a future version. Please use 'data_interval_start' or 'logical_date' instead.
  warnings.warn(_create_deprecation_warning(key, self._deprecation_replacements[key]))

[2022-06-13 13:17:36,422] {taskinstance.py:1572} INFO - Exporting the following env vars:
AIRFLOW_CTX_DAG_OWNER=***
AIRFLOW_CTX_DAG_ID=green_taxi_ingestion_gcs_dag
AIRFLOW_CTX_TASK_ID=download_dataset_task
AIRFLOW_CTX_EXECUTION_DATE=2019-08-01T06:00:00+00:00
AIRFLOW_CTX_TRY_NUMBER=1
AIRFLOW_CTX_DAG_RUN_ID=scheduled__2019-08-01T06:00:00+00:00
[2022-06-13 13:17:36,445] {subprocess.py:62} INFO - Tmp dir root location: 
 /tmp
[2022-06-13 13:17:36,453] {subprocess.py:74} INFO - Running command: ['bash', '-c', 'curl -sSL https://s3.amazonaws.com/nyc-tlc/trip+data/green_tripdata_2019-08.parquet > /opt/***/output_green_taxi_2019-08.parquet']
[2022-06-13 13:17:36,509] {subprocess.py:85} INFO - Output:
[2022-06-13 13:17:42,064] {subprocess.py:96} INFO - Command exited with return code 0
[2022-06-13 13:17:42,116] {taskinstance.py:1401} INFO - Marking task as SUCCESS. dag_id=green_taxi_ingestion_gcs_dag, task_id=download_dataset_task, execution_date=20190801T060000, start_date=20220613T131736, end_date=20220613T131742
[2022-06-13 13:17:42,189] {local_task_job.py:156} INFO - Task exited with return code 0
[2022-06-13 13:17:42,224] {local_task_job.py:273} INFO - 1 downstream tasks scheduled from follow-on schedule check
[2022-06-13 13:29:27,406] {taskinstance.py:1160} INFO - Dependencies all met for <TaskInstance: green_taxi_ingestion_gcs_dag.download_dataset_task scheduled__2019-08-01T06:00:00+00:00 [queued]>
[2022-06-13 13:29:27,418] {taskinstance.py:1160} INFO - Dependencies all met for <TaskInstance: green_taxi_ingestion_gcs_dag.download_dataset_task scheduled__2019-08-01T06:00:00+00:00 [queued]>
[2022-06-13 13:29:27,422] {taskinstance.py:1357} INFO - 
--------------------------------------------------------------------------------
[2022-06-13 13:29:27,424] {taskinstance.py:1358} INFO - Starting attempt 1 of 1
[2022-06-13 13:29:27,426] {taskinstance.py:1359} INFO - 
--------------------------------------------------------------------------------
[2022-06-13 13:29:27,443] {taskinstance.py:1378} INFO - Executing <Task(BashOperator): download_dataset_task> on 2019-08-01 06:00:00+00:00
[2022-06-13 13:29:27,454] {standard_task_runner.py:52} INFO - Started process 1311 to run task
[2022-06-13 13:29:27,458] {standard_task_runner.py:79} INFO - Running: ['***', 'tasks', 'run', 'green_taxi_ingestion_gcs_dag', 'download_dataset_task', 'scheduled__2019-08-01T06:00:00+00:00', '--job-id', '785', '--raw', '--subdir', 'DAGS_FOLDER/green_taxi_ingestion.py', '--cfg-path', '/tmp/tmpefyvrwfy', '--error-file', '/tmp/tmpeiwt377c']
[2022-06-13 13:29:27,463] {standard_task_runner.py:80} INFO - Job 785: Subtask download_dataset_task
[2022-06-13 13:29:27,549] {task_command.py:370} INFO - Running <TaskInstance: green_taxi_ingestion_gcs_dag.download_dataset_task scheduled__2019-08-01T06:00:00+00:00 [running]> on host 0825143a1170
[2022-06-13 13:29:27,582] {warnings.py:110} WARNING - /home/***/.local/lib/python3.7/site-packages/***/utils/context.py:202: AirflowContextDeprecationWarning: Accessing 'execution_date' from the template is deprecated and will be removed in a future version. Please use 'data_interval_start' or 'logical_date' instead.
  warnings.warn(_create_deprecation_warning(key, self._deprecation_replacements[key]))

[2022-06-13 13:29:27,608] {taskinstance.py:1572} INFO - Exporting the following env vars:
AIRFLOW_CTX_DAG_OWNER=***
AIRFLOW_CTX_DAG_ID=green_taxi_ingestion_gcs_dag
AIRFLOW_CTX_TASK_ID=download_dataset_task
AIRFLOW_CTX_EXECUTION_DATE=2019-08-01T06:00:00+00:00
AIRFLOW_CTX_TRY_NUMBER=1
AIRFLOW_CTX_DAG_RUN_ID=scheduled__2019-08-01T06:00:00+00:00
[2022-06-13 13:29:27,610] {subprocess.py:62} INFO - Tmp dir root location: 
 /tmp
[2022-06-13 13:29:27,611] {subprocess.py:74} INFO - Running command: ['bash', '-c', 'curl -sSL https://s3.amazonaws.com/nyc-tlc/trip+data/green_tripdata_2019-08.parquet > /opt/***/output_green_taxi_2019-08.parquet']
[2022-06-13 13:29:27,626] {subprocess.py:85} INFO - Output:
[2022-06-13 13:29:29,886] {subprocess.py:96} INFO - Command exited with return code 0
[2022-06-13 13:29:29,934] {taskinstance.py:1401} INFO - Marking task as SUCCESS. dag_id=green_taxi_ingestion_gcs_dag, task_id=download_dataset_task, execution_date=20190801T060000, start_date=20220613T132927, end_date=20220613T132929
[2022-06-13 13:29:29,967] {local_task_job.py:156} INFO - Task exited with return code 0
[2022-06-13 13:29:30,028] {local_task_job.py:273} INFO - 1 downstream tasks scheduled from follow-on schedule check
