[2022-06-13 13:18:27,833] {taskinstance.py:1160} INFO - Dependencies all met for <TaskInstance: green_taxi_ingestion_gcs_dag.local_to_gcs_task scheduled__2021-05-01T06:00:00+00:00 [queued]>
[2022-06-13 13:18:27,841] {taskinstance.py:1160} INFO - Dependencies all met for <TaskInstance: green_taxi_ingestion_gcs_dag.local_to_gcs_task scheduled__2021-05-01T06:00:00+00:00 [queued]>
[2022-06-13 13:18:27,843] {taskinstance.py:1357} INFO - 
--------------------------------------------------------------------------------
[2022-06-13 13:18:27,844] {taskinstance.py:1358} INFO - Starting attempt 1 of 1
[2022-06-13 13:18:27,845] {taskinstance.py:1359} INFO - 
--------------------------------------------------------------------------------
[2022-06-13 13:18:27,858] {taskinstance.py:1378} INFO - Executing <Task(PythonOperator): local_to_gcs_task> on 2021-05-01 06:00:00+00:00
[2022-06-13 13:18:27,872] {standard_task_runner.py:52} INFO - Started process 498 to run task
[2022-06-13 13:18:27,878] {standard_task_runner.py:79} INFO - Running: ['***', 'tasks', 'run', 'green_taxi_ingestion_gcs_dag', 'local_to_gcs_task', 'scheduled__2021-05-01T06:00:00+00:00', '--job-id', '732', '--raw', '--subdir', 'DAGS_FOLDER/green_taxi_ingestion.py', '--cfg-path', '/tmp/tmpdnqsbgw9', '--error-file', '/tmp/tmpwgr7llyh']
[2022-06-13 13:18:27,881] {standard_task_runner.py:80} INFO - Job 732: Subtask local_to_gcs_task
[2022-06-13 13:18:27,948] {task_command.py:370} INFO - Running <TaskInstance: green_taxi_ingestion_gcs_dag.local_to_gcs_task scheduled__2021-05-01T06:00:00+00:00 [running]> on host 0825143a1170
[2022-06-13 13:18:27,981] {warnings.py:110} WARNING - /home/***/.local/lib/python3.7/site-packages/***/utils/context.py:202: AirflowContextDeprecationWarning: Accessing 'execution_date' from the template is deprecated and will be removed in a future version. Please use 'data_interval_start' or 'logical_date' instead.
  warnings.warn(_create_deprecation_warning(key, self._deprecation_replacements[key]))

[2022-06-13 13:18:28,014] {taskinstance.py:1572} INFO - Exporting the following env vars:
AIRFLOW_CTX_DAG_OWNER=***
AIRFLOW_CTX_DAG_ID=green_taxi_ingestion_gcs_dag
AIRFLOW_CTX_TASK_ID=local_to_gcs_task
AIRFLOW_CTX_EXECUTION_DATE=2021-05-01T06:00:00+00:00
AIRFLOW_CTX_TRY_NUMBER=1
AIRFLOW_CTX_DAG_RUN_ID=scheduled__2021-05-01T06:00:00+00:00
[2022-06-13 13:18:28,509] {python.py:173} INFO - Done. Returned value was: None
[2022-06-13 13:18:28,538] {taskinstance.py:1401} INFO - Marking task as SUCCESS. dag_id=green_taxi_ingestion_gcs_dag, task_id=local_to_gcs_task, execution_date=20210501T060000, start_date=20220613T131827, end_date=20220613T131828
[2022-06-13 13:18:28,597] {local_task_job.py:156} INFO - Task exited with return code 0
[2022-06-13 13:18:28,687] {local_task_job.py:273} INFO - 0 downstream tasks scheduled from follow-on schedule check
[2022-06-13 13:30:22,797] {taskinstance.py:1160} INFO - Dependencies all met for <TaskInstance: green_taxi_ingestion_gcs_dag.local_to_gcs_task scheduled__2021-05-01T06:00:00+00:00 [queued]>
[2022-06-13 13:30:22,808] {taskinstance.py:1160} INFO - Dependencies all met for <TaskInstance: green_taxi_ingestion_gcs_dag.local_to_gcs_task scheduled__2021-05-01T06:00:00+00:00 [queued]>
[2022-06-13 13:30:22,823] {taskinstance.py:1357} INFO - 
--------------------------------------------------------------------------------
[2022-06-13 13:30:22,825] {taskinstance.py:1358} INFO - Starting attempt 1 of 1
[2022-06-13 13:30:22,827] {taskinstance.py:1359} INFO - 
--------------------------------------------------------------------------------
[2022-06-13 13:30:22,841] {taskinstance.py:1378} INFO - Executing <Task(PythonOperator): local_to_gcs_task> on 2021-05-01 06:00:00+00:00
[2022-06-13 13:30:22,852] {standard_task_runner.py:52} INFO - Started process 1565 to run task
[2022-06-13 13:30:22,860] {standard_task_runner.py:79} INFO - Running: ['***', 'tasks', 'run', 'green_taxi_ingestion_gcs_dag', 'local_to_gcs_task', 'scheduled__2021-05-01T06:00:00+00:00', '--job-id', '830', '--raw', '--subdir', 'DAGS_FOLDER/green_taxi_ingestion.py', '--cfg-path', '/tmp/tmp6ultnu_o', '--error-file', '/tmp/tmpbfmbq7jr']
[2022-06-13 13:30:22,865] {standard_task_runner.py:80} INFO - Job 830: Subtask local_to_gcs_task
[2022-06-13 13:30:22,941] {task_command.py:370} INFO - Running <TaskInstance: green_taxi_ingestion_gcs_dag.local_to_gcs_task scheduled__2021-05-01T06:00:00+00:00 [running]> on host 0825143a1170
[2022-06-13 13:30:22,986] {warnings.py:110} WARNING - /home/***/.local/lib/python3.7/site-packages/***/utils/context.py:202: AirflowContextDeprecationWarning: Accessing 'execution_date' from the template is deprecated and will be removed in a future version. Please use 'data_interval_start' or 'logical_date' instead.
  warnings.warn(_create_deprecation_warning(key, self._deprecation_replacements[key]))

[2022-06-13 13:30:23,066] {taskinstance.py:1572} INFO - Exporting the following env vars:
AIRFLOW_CTX_DAG_OWNER=***
AIRFLOW_CTX_DAG_ID=green_taxi_ingestion_gcs_dag
AIRFLOW_CTX_TASK_ID=local_to_gcs_task
AIRFLOW_CTX_EXECUTION_DATE=2021-05-01T06:00:00+00:00
AIRFLOW_CTX_TRY_NUMBER=1
AIRFLOW_CTX_DAG_RUN_ID=scheduled__2021-05-01T06:00:00+00:00
[2022-06-13 13:30:23,618] {python.py:173} INFO - Done. Returned value was: None
[2022-06-13 13:30:23,695] {taskinstance.py:1401} INFO - Marking task as SUCCESS. dag_id=green_taxi_ingestion_gcs_dag, task_id=local_to_gcs_task, execution_date=20210501T060000, start_date=20220613T133022, end_date=20220613T133023
[2022-06-13 13:30:23,953] {local_task_job.py:156} INFO - Task exited with return code 0
[2022-06-13 13:30:24,211] {local_task_job.py:273} INFO - 0 downstream tasks scheduled from follow-on schedule check
