[2022-06-13 13:18:50,293] {taskinstance.py:1160} INFO - Dependencies all met for <TaskInstance: green_taxi_ingestion_gcs_dag.local_to_gcs_task scheduled__2021-11-01T06:00:00+00:00 [queued]>
[2022-06-13 13:18:50,305] {taskinstance.py:1160} INFO - Dependencies all met for <TaskInstance: green_taxi_ingestion_gcs_dag.local_to_gcs_task scheduled__2021-11-01T06:00:00+00:00 [queued]>
[2022-06-13 13:18:50,307] {taskinstance.py:1357} INFO - 
--------------------------------------------------------------------------------
[2022-06-13 13:18:50,309] {taskinstance.py:1358} INFO - Starting attempt 1 of 1
[2022-06-13 13:18:50,312] {taskinstance.py:1359} INFO - 
--------------------------------------------------------------------------------
[2022-06-13 13:18:50,328] {taskinstance.py:1378} INFO - Executing <Task(PythonOperator): local_to_gcs_task> on 2021-11-01 06:00:00+00:00
[2022-06-13 13:18:50,339] {standard_task_runner.py:52} INFO - Started process 604 to run task
[2022-06-13 13:18:50,346] {standard_task_runner.py:79} INFO - Running: ['***', 'tasks', 'run', 'green_taxi_ingestion_gcs_dag', 'local_to_gcs_task', 'scheduled__2021-11-01T06:00:00+00:00', '--job-id', '751', '--raw', '--subdir', 'DAGS_FOLDER/green_taxi_ingestion.py', '--cfg-path', '/tmp/tmpya4ze3b_', '--error-file', '/tmp/tmpwq95ky0w']
[2022-06-13 13:18:50,352] {standard_task_runner.py:80} INFO - Job 751: Subtask local_to_gcs_task
[2022-06-13 13:18:50,426] {task_command.py:370} INFO - Running <TaskInstance: green_taxi_ingestion_gcs_dag.local_to_gcs_task scheduled__2021-11-01T06:00:00+00:00 [running]> on host 0825143a1170
[2022-06-13 13:18:50,475] {warnings.py:110} WARNING - /home/***/.local/lib/python3.7/site-packages/***/utils/context.py:202: AirflowContextDeprecationWarning: Accessing 'execution_date' from the template is deprecated and will be removed in a future version. Please use 'data_interval_start' or 'logical_date' instead.
  warnings.warn(_create_deprecation_warning(key, self._deprecation_replacements[key]))

[2022-06-13 13:18:50,520] {taskinstance.py:1572} INFO - Exporting the following env vars:
AIRFLOW_CTX_DAG_OWNER=***
AIRFLOW_CTX_DAG_ID=green_taxi_ingestion_gcs_dag
AIRFLOW_CTX_TASK_ID=local_to_gcs_task
AIRFLOW_CTX_EXECUTION_DATE=2021-11-01T06:00:00+00:00
AIRFLOW_CTX_TRY_NUMBER=1
AIRFLOW_CTX_DAG_RUN_ID=scheduled__2021-11-01T06:00:00+00:00
[2022-06-13 13:18:51,025] {python.py:173} INFO - Done. Returned value was: None
[2022-06-13 13:18:51,061] {taskinstance.py:1401} INFO - Marking task as SUCCESS. dag_id=green_taxi_ingestion_gcs_dag, task_id=local_to_gcs_task, execution_date=20211101T060000, start_date=20220613T131850, end_date=20220613T131851
[2022-06-13 13:18:51,147] {local_task_job.py:156} INFO - Task exited with return code 0
[2022-06-13 13:18:51,236] {local_task_job.py:273} INFO - 0 downstream tasks scheduled from follow-on schedule check
[2022-06-13 13:30:38,075] {taskinstance.py:1160} INFO - Dependencies all met for <TaskInstance: green_taxi_ingestion_gcs_dag.local_to_gcs_task scheduled__2021-11-01T06:00:00+00:00 [queued]>
[2022-06-13 13:30:38,095] {taskinstance.py:1160} INFO - Dependencies all met for <TaskInstance: green_taxi_ingestion_gcs_dag.local_to_gcs_task scheduled__2021-11-01T06:00:00+00:00 [queued]>
[2022-06-13 13:30:38,096] {taskinstance.py:1357} INFO - 
--------------------------------------------------------------------------------
[2022-06-13 13:30:38,097] {taskinstance.py:1358} INFO - Starting attempt 1 of 1
[2022-06-13 13:30:38,099] {taskinstance.py:1359} INFO - 
--------------------------------------------------------------------------------
[2022-06-13 13:30:38,114] {taskinstance.py:1378} INFO - Executing <Task(PythonOperator): local_to_gcs_task> on 2021-11-01 06:00:00+00:00
[2022-06-13 13:30:38,126] {standard_task_runner.py:52} INFO - Started process 1639 to run task
[2022-06-13 13:30:38,130] {standard_task_runner.py:79} INFO - Running: ['***', 'tasks', 'run', 'green_taxi_ingestion_gcs_dag', 'local_to_gcs_task', 'scheduled__2021-11-01T06:00:00+00:00', '--job-id', '841', '--raw', '--subdir', 'DAGS_FOLDER/green_taxi_ingestion.py', '--cfg-path', '/tmp/tmpff36vip6', '--error-file', '/tmp/tmpe8qtjzra']
[2022-06-13 13:30:38,137] {standard_task_runner.py:80} INFO - Job 841: Subtask local_to_gcs_task
[2022-06-13 13:30:38,208] {task_command.py:370} INFO - Running <TaskInstance: green_taxi_ingestion_gcs_dag.local_to_gcs_task scheduled__2021-11-01T06:00:00+00:00 [running]> on host 0825143a1170
[2022-06-13 13:30:38,264] {warnings.py:110} WARNING - /home/***/.local/lib/python3.7/site-packages/***/utils/context.py:202: AirflowContextDeprecationWarning: Accessing 'execution_date' from the template is deprecated and will be removed in a future version. Please use 'data_interval_start' or 'logical_date' instead.
  warnings.warn(_create_deprecation_warning(key, self._deprecation_replacements[key]))

[2022-06-13 13:30:38,308] {taskinstance.py:1572} INFO - Exporting the following env vars:
AIRFLOW_CTX_DAG_OWNER=***
AIRFLOW_CTX_DAG_ID=green_taxi_ingestion_gcs_dag
AIRFLOW_CTX_TASK_ID=local_to_gcs_task
AIRFLOW_CTX_EXECUTION_DATE=2021-11-01T06:00:00+00:00
AIRFLOW_CTX_TRY_NUMBER=1
AIRFLOW_CTX_DAG_RUN_ID=scheduled__2021-11-01T06:00:00+00:00
[2022-06-13 13:30:38,852] {python.py:173} INFO - Done. Returned value was: None
[2022-06-13 13:30:38,887] {taskinstance.py:1401} INFO - Marking task as SUCCESS. dag_id=green_taxi_ingestion_gcs_dag, task_id=local_to_gcs_task, execution_date=20211101T060000, start_date=20220613T133038, end_date=20220613T133038
[2022-06-13 13:30:39,006] {local_task_job.py:156} INFO - Task exited with return code 0
[2022-06-13 13:30:39,291] {local_task_job.py:273} INFO - 0 downstream tasks scheduled from follow-on schedule check
