[2022-06-13 13:18:14,027] {taskinstance.py:1160} INFO - Dependencies all met for <TaskInstance: green_taxi_ingestion_gcs_dag.download_dataset_task scheduled__2020-10-01T06:00:00+00:00 [queued]>
[2022-06-13 13:18:14,036] {taskinstance.py:1160} INFO - Dependencies all met for <TaskInstance: green_taxi_ingestion_gcs_dag.download_dataset_task scheduled__2020-10-01T06:00:00+00:00 [queued]>
[2022-06-13 13:18:14,039] {taskinstance.py:1357} INFO - 
--------------------------------------------------------------------------------
[2022-06-13 13:18:14,041] {taskinstance.py:1358} INFO - Starting attempt 1 of 1
[2022-06-13 13:18:14,042] {taskinstance.py:1359} INFO - 
--------------------------------------------------------------------------------
[2022-06-13 13:18:14,058] {taskinstance.py:1378} INFO - Executing <Task(BashOperator): download_dataset_task> on 2020-10-01 06:00:00+00:00
[2022-06-13 13:18:14,064] {standard_task_runner.py:52} INFO - Started process 416 to run task
[2022-06-13 13:18:14,071] {standard_task_runner.py:79} INFO - Running: ['***', 'tasks', 'run', 'green_taxi_ingestion_gcs_dag', 'download_dataset_task', 'scheduled__2020-10-01T06:00:00+00:00', '--job-id', '717', '--raw', '--subdir', 'DAGS_FOLDER/green_taxi_ingestion.py', '--cfg-path', '/tmp/tmpt8eavuxb', '--error-file', '/tmp/tmp3g445z14']
[2022-06-13 13:18:14,073] {standard_task_runner.py:80} INFO - Job 717: Subtask download_dataset_task
[2022-06-13 13:18:14,149] {task_command.py:370} INFO - Running <TaskInstance: green_taxi_ingestion_gcs_dag.download_dataset_task scheduled__2020-10-01T06:00:00+00:00 [running]> on host 0825143a1170
[2022-06-13 13:18:14,187] {warnings.py:110} WARNING - /home/***/.local/lib/python3.7/site-packages/***/utils/context.py:202: AirflowContextDeprecationWarning: Accessing 'execution_date' from the template is deprecated and will be removed in a future version. Please use 'data_interval_start' or 'logical_date' instead.
  warnings.warn(_create_deprecation_warning(key, self._deprecation_replacements[key]))

[2022-06-13 13:18:14,225] {taskinstance.py:1572} INFO - Exporting the following env vars:
AIRFLOW_CTX_DAG_OWNER=***
AIRFLOW_CTX_DAG_ID=green_taxi_ingestion_gcs_dag
AIRFLOW_CTX_TASK_ID=download_dataset_task
AIRFLOW_CTX_EXECUTION_DATE=2020-10-01T06:00:00+00:00
AIRFLOW_CTX_TRY_NUMBER=1
AIRFLOW_CTX_DAG_RUN_ID=scheduled__2020-10-01T06:00:00+00:00
[2022-06-13 13:18:14,229] {subprocess.py:62} INFO - Tmp dir root location: 
 /tmp
[2022-06-13 13:18:14,232] {subprocess.py:74} INFO - Running command: ['bash', '-c', 'curl -sSL https://s3.amazonaws.com/nyc-tlc/trip+data/green_tripdata_2020-10.parquet > /opt/***/output_green_taxi_2020-10.parquet']
[2022-06-13 13:18:14,260] {subprocess.py:85} INFO - Output:
[2022-06-13 13:18:16,100] {subprocess.py:96} INFO - Command exited with return code 0
[2022-06-13 13:18:16,162] {taskinstance.py:1401} INFO - Marking task as SUCCESS. dag_id=green_taxi_ingestion_gcs_dag, task_id=download_dataset_task, execution_date=20201001T060000, start_date=20220613T131814, end_date=20220613T131816
[2022-06-13 13:18:16,238] {local_task_job.py:156} INFO - Task exited with return code 0
[2022-06-13 13:18:16,296] {local_task_job.py:273} INFO - 1 downstream tasks scheduled from follow-on schedule check
[2022-06-13 13:30:06,197] {taskinstance.py:1160} INFO - Dependencies all met for <TaskInstance: green_taxi_ingestion_gcs_dag.download_dataset_task scheduled__2020-10-01T06:00:00+00:00 [queued]>
[2022-06-13 13:30:06,217] {taskinstance.py:1160} INFO - Dependencies all met for <TaskInstance: green_taxi_ingestion_gcs_dag.download_dataset_task scheduled__2020-10-01T06:00:00+00:00 [queued]>
[2022-06-13 13:30:06,221] {taskinstance.py:1357} INFO - 
--------------------------------------------------------------------------------
[2022-06-13 13:30:06,223] {taskinstance.py:1358} INFO - Starting attempt 1 of 1
[2022-06-13 13:30:06,227] {taskinstance.py:1359} INFO - 
--------------------------------------------------------------------------------
[2022-06-13 13:30:06,249] {taskinstance.py:1378} INFO - Executing <Task(BashOperator): download_dataset_task> on 2020-10-01 06:00:00+00:00
[2022-06-13 13:30:06,264] {standard_task_runner.py:52} INFO - Started process 1483 to run task
[2022-06-13 13:30:06,268] {standard_task_runner.py:79} INFO - Running: ['***', 'tasks', 'run', 'green_taxi_ingestion_gcs_dag', 'download_dataset_task', 'scheduled__2020-10-01T06:00:00+00:00', '--job-id', '814', '--raw', '--subdir', 'DAGS_FOLDER/green_taxi_ingestion.py', '--cfg-path', '/tmp/tmprmc3m5vl', '--error-file', '/tmp/tmpl9lnx2i5']
[2022-06-13 13:30:06,272] {standard_task_runner.py:80} INFO - Job 814: Subtask download_dataset_task
[2022-06-13 13:30:06,363] {task_command.py:370} INFO - Running <TaskInstance: green_taxi_ingestion_gcs_dag.download_dataset_task scheduled__2020-10-01T06:00:00+00:00 [running]> on host 0825143a1170
[2022-06-13 13:30:06,405] {warnings.py:110} WARNING - /home/***/.local/lib/python3.7/site-packages/***/utils/context.py:202: AirflowContextDeprecationWarning: Accessing 'execution_date' from the template is deprecated and will be removed in a future version. Please use 'data_interval_start' or 'logical_date' instead.
  warnings.warn(_create_deprecation_warning(key, self._deprecation_replacements[key]))

[2022-06-13 13:30:06,450] {taskinstance.py:1572} INFO - Exporting the following env vars:
AIRFLOW_CTX_DAG_OWNER=***
AIRFLOW_CTX_DAG_ID=green_taxi_ingestion_gcs_dag
AIRFLOW_CTX_TASK_ID=download_dataset_task
AIRFLOW_CTX_EXECUTION_DATE=2020-10-01T06:00:00+00:00
AIRFLOW_CTX_TRY_NUMBER=1
AIRFLOW_CTX_DAG_RUN_ID=scheduled__2020-10-01T06:00:00+00:00
[2022-06-13 13:30:06,453] {subprocess.py:62} INFO - Tmp dir root location: 
 /tmp
[2022-06-13 13:30:06,456] {subprocess.py:74} INFO - Running command: ['bash', '-c', 'curl -sSL https://s3.amazonaws.com/nyc-tlc/trip+data/green_tripdata_2020-10.parquet > /opt/***/output_green_taxi_2020-10.parquet']
[2022-06-13 13:30:06,480] {subprocess.py:85} INFO - Output:
[2022-06-13 13:30:08,178] {subprocess.py:96} INFO - Command exited with return code 0
[2022-06-13 13:30:08,235] {taskinstance.py:1401} INFO - Marking task as SUCCESS. dag_id=green_taxi_ingestion_gcs_dag, task_id=download_dataset_task, execution_date=20201001T060000, start_date=20220613T133006, end_date=20220613T133008
[2022-06-13 13:30:08,304] {local_task_job.py:156} INFO - Task exited with return code 0
[2022-06-13 13:30:08,396] {local_task_job.py:273} INFO - 1 downstream tasks scheduled from follow-on schedule check
