[2022-06-13 13:17:22,080] {taskinstance.py:1160} INFO - Dependencies all met for <TaskInstance: green_taxi_ingestion_gcs_dag.local_to_gcs_task scheduled__2019-01-01T06:00:00+00:00 [queued]>
[2022-06-13 13:17:22,092] {taskinstance.py:1160} INFO - Dependencies all met for <TaskInstance: green_taxi_ingestion_gcs_dag.local_to_gcs_task scheduled__2019-01-01T06:00:00+00:00 [queued]>
[2022-06-13 13:17:22,093] {taskinstance.py:1357} INFO - 
--------------------------------------------------------------------------------
[2022-06-13 13:17:22,095] {taskinstance.py:1358} INFO - Starting attempt 1 of 1
[2022-06-13 13:17:22,096] {taskinstance.py:1359} INFO - 
--------------------------------------------------------------------------------
[2022-06-13 13:17:22,108] {taskinstance.py:1378} INFO - Executing <Task(PythonOperator): local_to_gcs_task> on 2019-01-01 06:00:00+00:00
[2022-06-13 13:17:22,117] {standard_task_runner.py:52} INFO - Started process 207 to run task
[2022-06-13 13:17:22,122] {standard_task_runner.py:79} INFO - Running: ['***', 'tasks', 'run', 'green_taxi_ingestion_gcs_dag', 'local_to_gcs_task', 'scheduled__2019-01-01T06:00:00+00:00', '--job-id', '679', '--raw', '--subdir', 'DAGS_FOLDER/green_taxi_ingestion.py', '--cfg-path', '/tmp/tmp551kf3l0', '--error-file', '/tmp/tmptes8cpc3']
[2022-06-13 13:17:22,125] {standard_task_runner.py:80} INFO - Job 679: Subtask local_to_gcs_task
[2022-06-13 13:17:22,214] {task_command.py:370} INFO - Running <TaskInstance: green_taxi_ingestion_gcs_dag.local_to_gcs_task scheduled__2019-01-01T06:00:00+00:00 [running]> on host 0825143a1170
[2022-06-13 13:17:22,247] {warnings.py:110} WARNING - /home/***/.local/lib/python3.7/site-packages/***/utils/context.py:202: AirflowContextDeprecationWarning: Accessing 'execution_date' from the template is deprecated and will be removed in a future version. Please use 'data_interval_start' or 'logical_date' instead.
  warnings.warn(_create_deprecation_warning(key, self._deprecation_replacements[key]))

[2022-06-13 13:17:22,282] {taskinstance.py:1572} INFO - Exporting the following env vars:
AIRFLOW_CTX_DAG_OWNER=***
AIRFLOW_CTX_DAG_ID=green_taxi_ingestion_gcs_dag
AIRFLOW_CTX_TASK_ID=local_to_gcs_task
AIRFLOW_CTX_EXECUTION_DATE=2019-01-01T06:00:00+00:00
AIRFLOW_CTX_TRY_NUMBER=1
AIRFLOW_CTX_DAG_RUN_ID=scheduled__2019-01-01T06:00:00+00:00
[2022-06-13 13:17:24,098] {python.py:173} INFO - Done. Returned value was: None
[2022-06-13 13:17:24,146] {taskinstance.py:1401} INFO - Marking task as SUCCESS. dag_id=green_taxi_ingestion_gcs_dag, task_id=local_to_gcs_task, execution_date=20190101T060000, start_date=20220613T131722, end_date=20220613T131724
[2022-06-13 13:17:24,217] {local_task_job.py:156} INFO - Task exited with return code 0
[2022-06-13 13:17:24,256] {local_task_job.py:273} INFO - 0 downstream tasks scheduled from follow-on schedule check
[2022-06-13 13:29:12,136] {taskinstance.py:1160} INFO - Dependencies all met for <TaskInstance: green_taxi_ingestion_gcs_dag.local_to_gcs_task scheduled__2019-01-01T06:00:00+00:00 [queued]>
[2022-06-13 13:29:12,154] {taskinstance.py:1160} INFO - Dependencies all met for <TaskInstance: green_taxi_ingestion_gcs_dag.local_to_gcs_task scheduled__2019-01-01T06:00:00+00:00 [queued]>
[2022-06-13 13:29:12,159] {taskinstance.py:1357} INFO - 
--------------------------------------------------------------------------------
[2022-06-13 13:29:12,160] {taskinstance.py:1358} INFO - Starting attempt 1 of 1
[2022-06-13 13:29:12,162] {taskinstance.py:1359} INFO - 
--------------------------------------------------------------------------------
[2022-06-13 13:29:12,189] {taskinstance.py:1378} INFO - Executing <Task(PythonOperator): local_to_gcs_task> on 2019-01-01 06:00:00+00:00
[2022-06-13 13:29:12,206] {standard_task_runner.py:52} INFO - Started process 1263 to run task
[2022-06-13 13:29:12,215] {standard_task_runner.py:79} INFO - Running: ['***', 'tasks', 'run', 'green_taxi_ingestion_gcs_dag', 'local_to_gcs_task', 'scheduled__2019-01-01T06:00:00+00:00', '--job-id', '776', '--raw', '--subdir', 'DAGS_FOLDER/green_taxi_ingestion.py', '--cfg-path', '/tmp/tmpxrf9cn6g', '--error-file', '/tmp/tmp18wr917a']
[2022-06-13 13:29:12,226] {standard_task_runner.py:80} INFO - Job 776: Subtask local_to_gcs_task
[2022-06-13 13:29:12,325] {task_command.py:370} INFO - Running <TaskInstance: green_taxi_ingestion_gcs_dag.local_to_gcs_task scheduled__2019-01-01T06:00:00+00:00 [running]> on host 0825143a1170
[2022-06-13 13:29:12,355] {warnings.py:110} WARNING - /home/***/.local/lib/python3.7/site-packages/***/utils/context.py:202: AirflowContextDeprecationWarning: Accessing 'execution_date' from the template is deprecated and will be removed in a future version. Please use 'data_interval_start' or 'logical_date' instead.
  warnings.warn(_create_deprecation_warning(key, self._deprecation_replacements[key]))

[2022-06-13 13:29:12,402] {taskinstance.py:1572} INFO - Exporting the following env vars:
AIRFLOW_CTX_DAG_OWNER=***
AIRFLOW_CTX_DAG_ID=green_taxi_ingestion_gcs_dag
AIRFLOW_CTX_TASK_ID=local_to_gcs_task
AIRFLOW_CTX_EXECUTION_DATE=2019-01-01T06:00:00+00:00
AIRFLOW_CTX_TRY_NUMBER=1
AIRFLOW_CTX_DAG_RUN_ID=scheduled__2019-01-01T06:00:00+00:00
[2022-06-13 13:29:14,535] {python.py:173} INFO - Done. Returned value was: None
[2022-06-13 13:29:14,605] {taskinstance.py:1401} INFO - Marking task as SUCCESS. dag_id=green_taxi_ingestion_gcs_dag, task_id=local_to_gcs_task, execution_date=20190101T060000, start_date=20220613T132912, end_date=20220613T132914
[2022-06-13 13:29:14,701] {local_task_job.py:156} INFO - Task exited with return code 0
[2022-06-13 13:29:14,746] {local_task_job.py:273} INFO - 0 downstream tasks scheduled from follow-on schedule check
