[2022-06-13 13:18:02,430] {taskinstance.py:1160} INFO - Dependencies all met for <TaskInstance: green_taxi_ingestion_gcs_dag.download_dataset_task scheduled__2020-06-01T06:00:00+00:00 [queued]>
[2022-06-13 13:18:02,439] {taskinstance.py:1160} INFO - Dependencies all met for <TaskInstance: green_taxi_ingestion_gcs_dag.download_dataset_task scheduled__2020-06-01T06:00:00+00:00 [queued]>
[2022-06-13 13:18:02,440] {taskinstance.py:1357} INFO - 
--------------------------------------------------------------------------------
[2022-06-13 13:18:02,441] {taskinstance.py:1358} INFO - Starting attempt 1 of 1
[2022-06-13 13:18:02,443] {taskinstance.py:1359} INFO - 
--------------------------------------------------------------------------------
[2022-06-13 13:18:02,453] {taskinstance.py:1378} INFO - Executing <Task(BashOperator): download_dataset_task> on 2020-06-01 06:00:00+00:00
[2022-06-13 13:18:02,460] {standard_task_runner.py:52} INFO - Started process 366 to run task
[2022-06-13 13:18:02,467] {standard_task_runner.py:79} INFO - Running: ['***', 'tasks', 'run', 'green_taxi_ingestion_gcs_dag', 'download_dataset_task', 'scheduled__2020-06-01T06:00:00+00:00', '--job-id', '708', '--raw', '--subdir', 'DAGS_FOLDER/green_taxi_ingestion.py', '--cfg-path', '/tmp/tmpespk9rd3', '--error-file', '/tmp/tmpu1mnvnwt']
[2022-06-13 13:18:02,469] {standard_task_runner.py:80} INFO - Job 708: Subtask download_dataset_task
[2022-06-13 13:18:02,520] {task_command.py:370} INFO - Running <TaskInstance: green_taxi_ingestion_gcs_dag.download_dataset_task scheduled__2020-06-01T06:00:00+00:00 [running]> on host 0825143a1170
[2022-06-13 13:18:02,558] {warnings.py:110} WARNING - /home/***/.local/lib/python3.7/site-packages/***/utils/context.py:202: AirflowContextDeprecationWarning: Accessing 'execution_date' from the template is deprecated and will be removed in a future version. Please use 'data_interval_start' or 'logical_date' instead.
  warnings.warn(_create_deprecation_warning(key, self._deprecation_replacements[key]))

[2022-06-13 13:18:02,588] {taskinstance.py:1572} INFO - Exporting the following env vars:
AIRFLOW_CTX_DAG_OWNER=***
AIRFLOW_CTX_DAG_ID=green_taxi_ingestion_gcs_dag
AIRFLOW_CTX_TASK_ID=download_dataset_task
AIRFLOW_CTX_EXECUTION_DATE=2020-06-01T06:00:00+00:00
AIRFLOW_CTX_TRY_NUMBER=1
AIRFLOW_CTX_DAG_RUN_ID=scheduled__2020-06-01T06:00:00+00:00
[2022-06-13 13:18:02,590] {subprocess.py:62} INFO - Tmp dir root location: 
 /tmp
[2022-06-13 13:18:02,592] {subprocess.py:74} INFO - Running command: ['bash', '-c', 'curl -sSL https://s3.amazonaws.com/nyc-tlc/trip+data/green_tripdata_2020-06.parquet > /opt/***/output_green_taxi_2020-06.parquet']
[2022-06-13 13:18:02,605] {subprocess.py:85} INFO - Output:
[2022-06-13 13:18:04,191] {subprocess.py:96} INFO - Command exited with return code 0
[2022-06-13 13:18:04,252] {taskinstance.py:1401} INFO - Marking task as SUCCESS. dag_id=green_taxi_ingestion_gcs_dag, task_id=download_dataset_task, execution_date=20200601T060000, start_date=20220613T131802, end_date=20220613T131804
[2022-06-13 13:18:04,311] {local_task_job.py:156} INFO - Task exited with return code 0
[2022-06-13 13:18:04,368] {local_task_job.py:273} INFO - 1 downstream tasks scheduled from follow-on schedule check
[2022-06-13 13:29:56,717] {taskinstance.py:1160} INFO - Dependencies all met for <TaskInstance: green_taxi_ingestion_gcs_dag.download_dataset_task scheduled__2020-06-01T06:00:00+00:00 [queued]>
[2022-06-13 13:29:56,723] {taskinstance.py:1160} INFO - Dependencies all met for <TaskInstance: green_taxi_ingestion_gcs_dag.download_dataset_task scheduled__2020-06-01T06:00:00+00:00 [queued]>
[2022-06-13 13:29:56,724] {taskinstance.py:1357} INFO - 
--------------------------------------------------------------------------------
[2022-06-13 13:29:56,725] {taskinstance.py:1358} INFO - Starting attempt 1 of 1
[2022-06-13 13:29:56,725] {taskinstance.py:1359} INFO - 
--------------------------------------------------------------------------------
[2022-06-13 13:29:56,733] {taskinstance.py:1378} INFO - Executing <Task(BashOperator): download_dataset_task> on 2020-06-01 06:00:00+00:00
[2022-06-13 13:29:56,739] {standard_task_runner.py:52} INFO - Started process 1432 to run task
[2022-06-13 13:29:56,743] {standard_task_runner.py:79} INFO - Running: ['***', 'tasks', 'run', 'green_taxi_ingestion_gcs_dag', 'download_dataset_task', 'scheduled__2020-06-01T06:00:00+00:00', '--job-id', '807', '--raw', '--subdir', 'DAGS_FOLDER/green_taxi_ingestion.py', '--cfg-path', '/tmp/tmp7_izwvpm', '--error-file', '/tmp/tmp1fieaun6']
[2022-06-13 13:29:56,745] {standard_task_runner.py:80} INFO - Job 807: Subtask download_dataset_task
[2022-06-13 13:29:56,799] {task_command.py:370} INFO - Running <TaskInstance: green_taxi_ingestion_gcs_dag.download_dataset_task scheduled__2020-06-01T06:00:00+00:00 [running]> on host 0825143a1170
[2022-06-13 13:29:56,825] {warnings.py:110} WARNING - /home/***/.local/lib/python3.7/site-packages/***/utils/context.py:202: AirflowContextDeprecationWarning: Accessing 'execution_date' from the template is deprecated and will be removed in a future version. Please use 'data_interval_start' or 'logical_date' instead.
  warnings.warn(_create_deprecation_warning(key, self._deprecation_replacements[key]))

[2022-06-13 13:29:56,853] {taskinstance.py:1572} INFO - Exporting the following env vars:
AIRFLOW_CTX_DAG_OWNER=***
AIRFLOW_CTX_DAG_ID=green_taxi_ingestion_gcs_dag
AIRFLOW_CTX_TASK_ID=download_dataset_task
AIRFLOW_CTX_EXECUTION_DATE=2020-06-01T06:00:00+00:00
AIRFLOW_CTX_TRY_NUMBER=1
AIRFLOW_CTX_DAG_RUN_ID=scheduled__2020-06-01T06:00:00+00:00
[2022-06-13 13:29:56,855] {subprocess.py:62} INFO - Tmp dir root location: 
 /tmp
[2022-06-13 13:29:56,857] {subprocess.py:74} INFO - Running command: ['bash', '-c', 'curl -sSL https://s3.amazonaws.com/nyc-tlc/trip+data/green_tripdata_2020-06.parquet > /opt/***/output_green_taxi_2020-06.parquet']
[2022-06-13 13:29:56,877] {subprocess.py:85} INFO - Output:
[2022-06-13 13:29:58,552] {subprocess.py:96} INFO - Command exited with return code 0
[2022-06-13 13:29:58,601] {taskinstance.py:1401} INFO - Marking task as SUCCESS. dag_id=green_taxi_ingestion_gcs_dag, task_id=download_dataset_task, execution_date=20200601T060000, start_date=20220613T132956, end_date=20220613T132958
[2022-06-13 13:29:58,686] {local_task_job.py:156} INFO - Task exited with return code 0
[2022-06-13 13:29:58,893] {local_task_job.py:273} INFO - 0 downstream tasks scheduled from follow-on schedule check
