[2022-06-13 13:17:58,141] {taskinstance.py:1160} INFO - Dependencies all met for <TaskInstance: green_taxi_ingestion_gcs_dag.download_dataset_task scheduled__2020-04-01T06:00:00+00:00 [queued]>
[2022-06-13 13:17:58,156] {taskinstance.py:1160} INFO - Dependencies all met for <TaskInstance: green_taxi_ingestion_gcs_dag.download_dataset_task scheduled__2020-04-01T06:00:00+00:00 [queued]>
[2022-06-13 13:17:58,158] {taskinstance.py:1357} INFO - 
--------------------------------------------------------------------------------
[2022-06-13 13:17:58,161] {taskinstance.py:1358} INFO - Starting attempt 1 of 1
[2022-06-13 13:17:58,163] {taskinstance.py:1359} INFO - 
--------------------------------------------------------------------------------
[2022-06-13 13:17:58,182] {taskinstance.py:1378} INFO - Executing <Task(BashOperator): download_dataset_task> on 2020-04-01 06:00:00+00:00
[2022-06-13 13:17:58,193] {standard_task_runner.py:52} INFO - Started process 351 to run task
[2022-06-13 13:17:58,197] {standard_task_runner.py:79} INFO - Running: ['***', 'tasks', 'run', 'green_taxi_ingestion_gcs_dag', 'download_dataset_task', 'scheduled__2020-04-01T06:00:00+00:00', '--job-id', '705', '--raw', '--subdir', 'DAGS_FOLDER/green_taxi_ingestion.py', '--cfg-path', '/tmp/tmpe0g6p924', '--error-file', '/tmp/tmpd7dp7b26']
[2022-06-13 13:17:58,199] {standard_task_runner.py:80} INFO - Job 705: Subtask download_dataset_task
[2022-06-13 13:17:58,260] {task_command.py:370} INFO - Running <TaskInstance: green_taxi_ingestion_gcs_dag.download_dataset_task scheduled__2020-04-01T06:00:00+00:00 [running]> on host 0825143a1170
[2022-06-13 13:17:58,294] {warnings.py:110} WARNING - /home/***/.local/lib/python3.7/site-packages/***/utils/context.py:202: AirflowContextDeprecationWarning: Accessing 'execution_date' from the template is deprecated and will be removed in a future version. Please use 'data_interval_start' or 'logical_date' instead.
  warnings.warn(_create_deprecation_warning(key, self._deprecation_replacements[key]))

[2022-06-13 13:17:58,322] {taskinstance.py:1572} INFO - Exporting the following env vars:
AIRFLOW_CTX_DAG_OWNER=***
AIRFLOW_CTX_DAG_ID=green_taxi_ingestion_gcs_dag
AIRFLOW_CTX_TASK_ID=download_dataset_task
AIRFLOW_CTX_EXECUTION_DATE=2020-04-01T06:00:00+00:00
AIRFLOW_CTX_TRY_NUMBER=1
AIRFLOW_CTX_DAG_RUN_ID=scheduled__2020-04-01T06:00:00+00:00
[2022-06-13 13:17:58,324] {subprocess.py:62} INFO - Tmp dir root location: 
 /tmp
[2022-06-13 13:17:58,328] {subprocess.py:74} INFO - Running command: ['bash', '-c', 'curl -sSL https://s3.amazonaws.com/nyc-tlc/trip+data/green_tripdata_2020-04.parquet > /opt/***/output_green_taxi_2020-04.parquet']
[2022-06-13 13:17:58,342] {subprocess.py:85} INFO - Output:
[2022-06-13 13:17:59,638] {subprocess.py:96} INFO - Command exited with return code 0
[2022-06-13 13:17:59,674] {taskinstance.py:1401} INFO - Marking task as SUCCESS. dag_id=green_taxi_ingestion_gcs_dag, task_id=download_dataset_task, execution_date=20200401T060000, start_date=20220613T131758, end_date=20220613T131759
[2022-06-13 13:17:59,709] {local_task_job.py:156} INFO - Task exited with return code 0
[2022-06-13 13:17:59,748] {local_task_job.py:273} INFO - 1 downstream tasks scheduled from follow-on schedule check
[2022-06-13 13:29:51,649] {taskinstance.py:1160} INFO - Dependencies all met for <TaskInstance: green_taxi_ingestion_gcs_dag.download_dataset_task scheduled__2020-04-01T06:00:00+00:00 [queued]>
[2022-06-13 13:29:51,657] {taskinstance.py:1160} INFO - Dependencies all met for <TaskInstance: green_taxi_ingestion_gcs_dag.download_dataset_task scheduled__2020-04-01T06:00:00+00:00 [queued]>
[2022-06-13 13:29:51,659] {taskinstance.py:1357} INFO - 
--------------------------------------------------------------------------------
[2022-06-13 13:29:51,661] {taskinstance.py:1358} INFO - Starting attempt 1 of 1
[2022-06-13 13:29:51,663] {taskinstance.py:1359} INFO - 
--------------------------------------------------------------------------------
[2022-06-13 13:29:51,675] {taskinstance.py:1378} INFO - Executing <Task(BashOperator): download_dataset_task> on 2020-04-01 06:00:00+00:00
[2022-06-13 13:29:51,684] {standard_task_runner.py:52} INFO - Started process 1410 to run task
[2022-06-13 13:29:51,688] {standard_task_runner.py:79} INFO - Running: ['***', 'tasks', 'run', 'green_taxi_ingestion_gcs_dag', 'download_dataset_task', 'scheduled__2020-04-01T06:00:00+00:00', '--job-id', '802', '--raw', '--subdir', 'DAGS_FOLDER/green_taxi_ingestion.py', '--cfg-path', '/tmp/tmpmebemted', '--error-file', '/tmp/tmplhivtr0m']
[2022-06-13 13:29:51,691] {standard_task_runner.py:80} INFO - Job 802: Subtask download_dataset_task
[2022-06-13 13:29:51,750] {task_command.py:370} INFO - Running <TaskInstance: green_taxi_ingestion_gcs_dag.download_dataset_task scheduled__2020-04-01T06:00:00+00:00 [running]> on host 0825143a1170
[2022-06-13 13:29:51,786] {warnings.py:110} WARNING - /home/***/.local/lib/python3.7/site-packages/***/utils/context.py:202: AirflowContextDeprecationWarning: Accessing 'execution_date' from the template is deprecated and will be removed in a future version. Please use 'data_interval_start' or 'logical_date' instead.
  warnings.warn(_create_deprecation_warning(key, self._deprecation_replacements[key]))

[2022-06-13 13:29:51,828] {taskinstance.py:1572} INFO - Exporting the following env vars:
AIRFLOW_CTX_DAG_OWNER=***
AIRFLOW_CTX_DAG_ID=green_taxi_ingestion_gcs_dag
AIRFLOW_CTX_TASK_ID=download_dataset_task
AIRFLOW_CTX_EXECUTION_DATE=2020-04-01T06:00:00+00:00
AIRFLOW_CTX_TRY_NUMBER=1
AIRFLOW_CTX_DAG_RUN_ID=scheduled__2020-04-01T06:00:00+00:00
[2022-06-13 13:29:51,833] {subprocess.py:62} INFO - Tmp dir root location: 
 /tmp
[2022-06-13 13:29:51,835] {subprocess.py:74} INFO - Running command: ['bash', '-c', 'curl -sSL https://s3.amazonaws.com/nyc-tlc/trip+data/green_tripdata_2020-04.parquet > /opt/***/output_green_taxi_2020-04.parquet']
[2022-06-13 13:29:51,861] {subprocess.py:85} INFO - Output:
[2022-06-13 13:29:53,171] {subprocess.py:96} INFO - Command exited with return code 0
[2022-06-13 13:29:53,217] {taskinstance.py:1401} INFO - Marking task as SUCCESS. dag_id=green_taxi_ingestion_gcs_dag, task_id=download_dataset_task, execution_date=20200401T060000, start_date=20220613T132951, end_date=20220613T132953
[2022-06-13 13:29:53,269] {local_task_job.py:156} INFO - Task exited with return code 0
[2022-06-13 13:29:53,300] {local_task_job.py:273} INFO - 1 downstream tasks scheduled from follow-on schedule check
