[2022-07-18 23:18:25,155] {taskinstance.py:1160} INFO - Dependencies all met for <TaskInstance: local_to_gcs.format_to_parquet_task scheduled__2002-01-10T06:00:00+00:00 [queued]>
[2022-07-18 23:18:25,267] {taskinstance.py:1160} INFO - Dependencies all met for <TaskInstance: local_to_gcs.format_to_parquet_task scheduled__2002-01-10T06:00:00+00:00 [queued]>
[2022-07-18 23:18:25,287] {taskinstance.py:1357} INFO - 
--------------------------------------------------------------------------------
[2022-07-18 23:18:25,317] {taskinstance.py:1358} INFO - Starting attempt 1 of 1
[2022-07-18 23:18:25,336] {taskinstance.py:1359} INFO - 
--------------------------------------------------------------------------------
[2022-07-18 23:18:25,525] {taskinstance.py:1378} INFO - Executing <Task(PythonOperator): format_to_parquet_task> on 2002-01-10 06:00:00+00:00
[2022-07-18 23:18:25,650] {standard_task_runner.py:52} INFO - Started process 38908 to run task
[2022-07-18 23:18:25,671] {standard_task_runner.py:79} INFO - Running: ['***', 'tasks', 'run', 'local_to_gcs', 'format_to_parquet_task', 'scheduled__2002-01-10T06:00:00+00:00', '--job-id', '36', '--raw', '--subdir', 'DAGS_FOLDER/local_to_gcs.py', '--cfg-path', '/tmp/tmpn_22cbe0', '--error-file', '/tmp/tmpejs85fo9']
[2022-07-18 23:18:25,697] {standard_task_runner.py:80} INFO - Job 36: Subtask format_to_parquet_task
[2022-07-18 23:18:26,075] {task_command.py:370} INFO - Running <TaskInstance: local_to_gcs.format_to_parquet_task scheduled__2002-01-10T06:00:00+00:00 [running]> on host 32d1f26135d5
[2022-07-18 23:18:26,536] {warnings.py:110} WARNING - /home/***/.local/lib/python3.7/site-packages/***/utils/context.py:202: AirflowContextDeprecationWarning: Accessing 'execution_date' from the template is deprecated and will be removed in a future version. Please use 'data_interval_start' or 'logical_date' instead.
  warnings.warn(_create_deprecation_warning(key, self._deprecation_replacements[key]))

[2022-07-18 23:18:26,723] {taskinstance.py:1572} INFO - Exporting the following env vars:
AIRFLOW_CTX_DAG_OWNER=***
AIRFLOW_CTX_DAG_ID=local_to_gcs
AIRFLOW_CTX_TASK_ID=format_to_parquet_task
AIRFLOW_CTX_EXECUTION_DATE=2002-01-10T06:00:00+00:00
AIRFLOW_CTX_TRY_NUMBER=1
AIRFLOW_CTX_DAG_RUN_ID=scheduled__2002-01-10T06:00:00+00:00
[2022-07-18 23:19:49,427] {python.py:173} INFO - Done. Returned value was: None
[2022-07-18 23:19:49,808] {taskinstance.py:1401} INFO - Marking task as SUCCESS. dag_id=local_to_gcs, task_id=format_to_parquet_task, execution_date=20020110T060000, start_date=20220718T231825, end_date=20220718T231949
[2022-07-18 23:19:51,981] {local_task_job.py:221} WARNING - State of this instance has been externally set to success. Terminating instance.
[2022-07-18 23:19:52,120] {process_utils.py:129} INFO - Sending Signals.SIGTERM to group 38908. PIDs of all processes in the group: [38908]
[2022-07-18 23:19:52,135] {process_utils.py:80} INFO - Sending the signal Signals.SIGTERM to group 38908
[2022-07-18 23:19:55,680] {process_utils.py:75} INFO - Process psutil.Process(pid=38908, status='terminated', exitcode=0, started='23:18:25') (38908) terminated with exit code 0
