[2022-06-13 13:17:43,683] {taskinstance.py:1160} INFO - Dependencies all met for <TaskInstance: green_taxi_ingestion_gcs_dag.local_to_gcs_task scheduled__2019-08-01T06:00:00+00:00 [queued]>
[2022-06-13 13:17:43,697] {taskinstance.py:1160} INFO - Dependencies all met for <TaskInstance: green_taxi_ingestion_gcs_dag.local_to_gcs_task scheduled__2019-08-01T06:00:00+00:00 [queued]>
[2022-06-13 13:17:43,699] {taskinstance.py:1357} INFO - 
--------------------------------------------------------------------------------
[2022-06-13 13:17:43,701] {taskinstance.py:1358} INFO - Starting attempt 1 of 1
[2022-06-13 13:17:43,704] {taskinstance.py:1359} INFO - 
--------------------------------------------------------------------------------
[2022-06-13 13:17:43,719] {taskinstance.py:1378} INFO - Executing <Task(PythonOperator): local_to_gcs_task> on 2019-08-01 06:00:00+00:00
[2022-06-13 13:17:43,732] {standard_task_runner.py:52} INFO - Started process 283 to run task
[2022-06-13 13:17:43,738] {standard_task_runner.py:79} INFO - Running: ['***', 'tasks', 'run', 'green_taxi_ingestion_gcs_dag', 'local_to_gcs_task', 'scheduled__2019-08-01T06:00:00+00:00', '--job-id', '693', '--raw', '--subdir', 'DAGS_FOLDER/green_taxi_ingestion.py', '--cfg-path', '/tmp/tmp8h3k34hh', '--error-file', '/tmp/tmph_h8gup_']
[2022-06-13 13:17:43,741] {standard_task_runner.py:80} INFO - Job 693: Subtask local_to_gcs_task
[2022-06-13 13:17:43,816] {task_command.py:370} INFO - Running <TaskInstance: green_taxi_ingestion_gcs_dag.local_to_gcs_task scheduled__2019-08-01T06:00:00+00:00 [running]> on host 0825143a1170
[2022-06-13 13:17:43,851] {warnings.py:110} WARNING - /home/***/.local/lib/python3.7/site-packages/***/utils/context.py:202: AirflowContextDeprecationWarning: Accessing 'execution_date' from the template is deprecated and will be removed in a future version. Please use 'data_interval_start' or 'logical_date' instead.
  warnings.warn(_create_deprecation_warning(key, self._deprecation_replacements[key]))

[2022-06-13 13:17:43,888] {taskinstance.py:1572} INFO - Exporting the following env vars:
AIRFLOW_CTX_DAG_OWNER=***
AIRFLOW_CTX_DAG_ID=green_taxi_ingestion_gcs_dag
AIRFLOW_CTX_TASK_ID=local_to_gcs_task
AIRFLOW_CTX_EXECUTION_DATE=2019-08-01T06:00:00+00:00
AIRFLOW_CTX_TRY_NUMBER=1
AIRFLOW_CTX_DAG_RUN_ID=scheduled__2019-08-01T06:00:00+00:00
[2022-06-13 13:17:44,966] {python.py:173} INFO - Done. Returned value was: None
[2022-06-13 13:17:45,034] {taskinstance.py:1401} INFO - Marking task as SUCCESS. dag_id=green_taxi_ingestion_gcs_dag, task_id=local_to_gcs_task, execution_date=20190801T060000, start_date=20220613T131743, end_date=20220613T131745
[2022-06-13 13:17:45,183] {local_task_job.py:156} INFO - Task exited with return code 0
[2022-06-13 13:17:45,262] {local_task_job.py:273} INFO - 0 downstream tasks scheduled from follow-on schedule check
[2022-06-13 13:29:31,422] {taskinstance.py:1160} INFO - Dependencies all met for <TaskInstance: green_taxi_ingestion_gcs_dag.local_to_gcs_task scheduled__2019-08-01T06:00:00+00:00 [queued]>
[2022-06-13 13:29:31,440] {taskinstance.py:1160} INFO - Dependencies all met for <TaskInstance: green_taxi_ingestion_gcs_dag.local_to_gcs_task scheduled__2019-08-01T06:00:00+00:00 [queued]>
[2022-06-13 13:29:31,444] {taskinstance.py:1357} INFO - 
--------------------------------------------------------------------------------
[2022-06-13 13:29:31,446] {taskinstance.py:1358} INFO - Starting attempt 1 of 1
[2022-06-13 13:29:31,447] {taskinstance.py:1359} INFO - 
--------------------------------------------------------------------------------
[2022-06-13 13:29:31,472] {taskinstance.py:1378} INFO - Executing <Task(PythonOperator): local_to_gcs_task> on 2019-08-01 06:00:00+00:00
[2022-06-13 13:29:31,483] {standard_task_runner.py:52} INFO - Started process 1328 to run task
[2022-06-13 13:29:31,498] {standard_task_runner.py:79} INFO - Running: ['***', 'tasks', 'run', 'green_taxi_ingestion_gcs_dag', 'local_to_gcs_task', 'scheduled__2019-08-01T06:00:00+00:00', '--job-id', '787', '--raw', '--subdir', 'DAGS_FOLDER/green_taxi_ingestion.py', '--cfg-path', '/tmp/tmpwofx9p_7', '--error-file', '/tmp/tmpymbzh0uf']
[2022-06-13 13:29:31,508] {standard_task_runner.py:80} INFO - Job 787: Subtask local_to_gcs_task
[2022-06-13 13:29:31,643] {task_command.py:370} INFO - Running <TaskInstance: green_taxi_ingestion_gcs_dag.local_to_gcs_task scheduled__2019-08-01T06:00:00+00:00 [running]> on host 0825143a1170
[2022-06-13 13:29:31,703] {warnings.py:110} WARNING - /home/***/.local/lib/python3.7/site-packages/***/utils/context.py:202: AirflowContextDeprecationWarning: Accessing 'execution_date' from the template is deprecated and will be removed in a future version. Please use 'data_interval_start' or 'logical_date' instead.
  warnings.warn(_create_deprecation_warning(key, self._deprecation_replacements[key]))

[2022-06-13 13:29:31,808] {taskinstance.py:1572} INFO - Exporting the following env vars:
AIRFLOW_CTX_DAG_OWNER=***
AIRFLOW_CTX_DAG_ID=green_taxi_ingestion_gcs_dag
AIRFLOW_CTX_TASK_ID=local_to_gcs_task
AIRFLOW_CTX_EXECUTION_DATE=2019-08-01T06:00:00+00:00
AIRFLOW_CTX_TRY_NUMBER=1
AIRFLOW_CTX_DAG_RUN_ID=scheduled__2019-08-01T06:00:00+00:00
[2022-06-13 13:29:33,631] {python.py:173} INFO - Done. Returned value was: None
[2022-06-13 13:29:33,673] {taskinstance.py:1401} INFO - Marking task as SUCCESS. dag_id=green_taxi_ingestion_gcs_dag, task_id=local_to_gcs_task, execution_date=20190801T060000, start_date=20220613T132931, end_date=20220613T132933
[2022-06-13 13:29:33,721] {local_task_job.py:156} INFO - Task exited with return code 0
[2022-06-13 13:29:33,756] {local_task_job.py:273} INFO - 0 downstream tasks scheduled from follow-on schedule check
