[2022-06-13 13:07:33,578] {taskinstance.py:1160} INFO - Dependencies all met for <TaskInstance: gcs_2_bq_dag.bq_create_yellow_taxi_tripdata_partitioned_table_task manual__2022-06-13T13:07:17.200607+00:00 [queued]>
[2022-06-13 13:07:33,594] {taskinstance.py:1160} INFO - Dependencies all met for <TaskInstance: gcs_2_bq_dag.bq_create_yellow_taxi_tripdata_partitioned_table_task manual__2022-06-13T13:07:17.200607+00:00 [queued]>
[2022-06-13 13:07:33,596] {taskinstance.py:1357} INFO - 
--------------------------------------------------------------------------------
[2022-06-13 13:07:33,599] {taskinstance.py:1358} INFO - Starting attempt 1 of 2
[2022-06-13 13:07:33,601] {taskinstance.py:1359} INFO - 
--------------------------------------------------------------------------------
[2022-06-13 13:07:33,620] {taskinstance.py:1378} INFO - Executing <Task(BigQueryInsertJobOperator): bq_create_yellow_taxi_tripdata_partitioned_table_task> on 2022-06-13 13:07:17.200607+00:00
[2022-06-13 13:07:33,631] {standard_task_runner.py:52} INFO - Started process 16345 to run task
[2022-06-13 13:07:33,641] {standard_task_runner.py:79} INFO - Running: ['***', 'tasks', 'run', 'gcs_2_bq_dag', 'bq_create_yellow_taxi_tripdata_partitioned_table_task', 'manual__2022-06-13T13:07:17.200607+00:00', '--job-id', '671', '--raw', '--subdir', 'DAGS_FOLDER/gcs_to_bq_dag.py', '--cfg-path', '/tmp/tmpr2c208vc', '--error-file', '/tmp/tmpdyxia5kf']
[2022-06-13 13:07:33,645] {standard_task_runner.py:80} INFO - Job 671: Subtask bq_create_yellow_taxi_tripdata_partitioned_table_task
[2022-06-13 13:07:33,720] {task_command.py:370} INFO - Running <TaskInstance: gcs_2_bq_dag.bq_create_yellow_taxi_tripdata_partitioned_table_task manual__2022-06-13T13:07:17.200607+00:00 [running]> on host 0825143a1170
[2022-06-13 13:07:33,812] {taskinstance.py:1572} INFO - Exporting the following env vars:
AIRFLOW_CTX_DAG_OWNER=***
AIRFLOW_CTX_DAG_ID=gcs_2_bq_dag
AIRFLOW_CTX_TASK_ID=bq_create_yellow_taxi_tripdata_partitioned_table_task
AIRFLOW_CTX_EXECUTION_DATE=2022-06-13T13:07:17.200607+00:00
AIRFLOW_CTX_TRY_NUMBER=1
AIRFLOW_CTX_DAG_RUN_ID=manual__2022-06-13T13:07:17.200607+00:00
[2022-06-13 13:07:33,818] {crypto.py:82} WARNING - empty cryptography key - values will not be stored encrypted.
[2022-06-13 13:07:33,820] {base.py:68} INFO - Using connection ID 'google_cloud_default' for task execution.
[2022-06-13 13:07:33,825] {warnings.py:110} WARNING - /home/***/.local/lib/python3.7/site-packages/***/utils/context.py:202: AirflowContextDeprecationWarning: Accessing 'execution_date' from the template is deprecated and will be removed in a future version. Please use 'data_interval_start' or 'logical_date' instead.
  warnings.warn(_create_deprecation_warning(key, self._deprecation_replacements[key]))

[2022-06-13 13:07:33,829] {bigquery.py:2148} INFO - Executing: {'query': {'query': 'CREATE OR REPLACE TABLE trips_data_all.yellow_taxi_trips             (             VendorID INT64,             tpep_pickup_datetime TIMESTAMP,             tpep_dropoff_datetime TIMESTAMP,             passenger_count FLOAT64,             trip_distance FLOAT64,             RatecodeID FLOAT64,             store_and_fwd_flag STRING,             PULocationID INT64,             DOLocationID INT64,             payment_type INT64,             fare_amount FLOAT64,             extra FLOAT64,             mta_tax FLOAT64,             tip_amount FLOAT64,             tolls_amount FLOAT64,             improvement_surcharge FLOAT64,             total_amount FLOAT64,             congestion_surcharge FLOAT64,             airport_fee INT64             )     PARTITION BY DATE(tpep_pickup_datetime)     OPTIONS(     partition_expiration_days=10000     )     AS (         SELECT              *         REPLACE(NULL AS airport_fee)         FROM              trips_data_all.yellow_taxi_tripdata_external_table     );', 'useLegacySql': False}}
[2022-06-13 13:07:33,848] {bigquery.py:1538} INFO - Inserting job ***_gcs_2_bq_dag_bq_create_yellow_taxi_tripdata_partitioned_table_task_2022_06_13T13_07_17_200607_00_00_ff073fb06e93ee7c101e3671927f30fb
[2022-06-13 13:08:03,602] {taskinstance.py:1401} INFO - Marking task as SUCCESS. dag_id=gcs_2_bq_dag, task_id=bq_create_yellow_taxi_tripdata_partitioned_table_task, execution_date=20220613T130717, start_date=20220613T130733, end_date=20220613T130803
[2022-06-13 13:08:03,712] {local_task_job.py:156} INFO - Task exited with return code 0
[2022-06-13 13:08:03,771] {local_task_job.py:273} INFO - 0 downstream tasks scheduled from follow-on schedule check
