[2022-06-13 13:18:05,270] {taskinstance.py:1160} INFO - Dependencies all met for <TaskInstance: green_taxi_ingestion_gcs_dag.local_to_gcs_task scheduled__2020-05-01T06:00:00+00:00 [queued]>
[2022-06-13 13:18:05,280] {taskinstance.py:1160} INFO - Dependencies all met for <TaskInstance: green_taxi_ingestion_gcs_dag.local_to_gcs_task scheduled__2020-05-01T06:00:00+00:00 [queued]>
[2022-06-13 13:18:05,281] {taskinstance.py:1357} INFO - 
--------------------------------------------------------------------------------
[2022-06-13 13:18:05,283] {taskinstance.py:1358} INFO - Starting attempt 1 of 1
[2022-06-13 13:18:05,286] {taskinstance.py:1359} INFO - 
--------------------------------------------------------------------------------
[2022-06-13 13:18:05,299] {taskinstance.py:1378} INFO - Executing <Task(PythonOperator): local_to_gcs_task> on 2020-05-01 06:00:00+00:00
[2022-06-13 13:18:05,305] {standard_task_runner.py:52} INFO - Started process 377 to run task
[2022-06-13 13:18:05,311] {standard_task_runner.py:79} INFO - Running: ['***', 'tasks', 'run', 'green_taxi_ingestion_gcs_dag', 'local_to_gcs_task', 'scheduled__2020-05-01T06:00:00+00:00', '--job-id', '710', '--raw', '--subdir', 'DAGS_FOLDER/green_taxi_ingestion.py', '--cfg-path', '/tmp/tmpvg9ldd2b', '--error-file', '/tmp/tmpt6tkiv7l']
[2022-06-13 13:18:05,315] {standard_task_runner.py:80} INFO - Job 710: Subtask local_to_gcs_task
[2022-06-13 13:18:05,364] {task_command.py:370} INFO - Running <TaskInstance: green_taxi_ingestion_gcs_dag.local_to_gcs_task scheduled__2020-05-01T06:00:00+00:00 [running]> on host 0825143a1170
[2022-06-13 13:18:05,388] {warnings.py:110} WARNING - /home/***/.local/lib/python3.7/site-packages/***/utils/context.py:202: AirflowContextDeprecationWarning: Accessing 'execution_date' from the template is deprecated and will be removed in a future version. Please use 'data_interval_start' or 'logical_date' instead.
  warnings.warn(_create_deprecation_warning(key, self._deprecation_replacements[key]))

[2022-06-13 13:18:05,417] {taskinstance.py:1572} INFO - Exporting the following env vars:
AIRFLOW_CTX_DAG_OWNER=***
AIRFLOW_CTX_DAG_ID=green_taxi_ingestion_gcs_dag
AIRFLOW_CTX_TASK_ID=local_to_gcs_task
AIRFLOW_CTX_EXECUTION_DATE=2020-05-01T06:00:00+00:00
AIRFLOW_CTX_TRY_NUMBER=1
AIRFLOW_CTX_DAG_RUN_ID=scheduled__2020-05-01T06:00:00+00:00
[2022-06-13 13:18:05,873] {python.py:173} INFO - Done. Returned value was: None
[2022-06-13 13:18:05,925] {taskinstance.py:1401} INFO - Marking task as SUCCESS. dag_id=green_taxi_ingestion_gcs_dag, task_id=local_to_gcs_task, execution_date=20200501T060000, start_date=20220613T131805, end_date=20220613T131805
[2022-06-13 13:18:06,023] {local_task_job.py:156} INFO - Task exited with return code 0
[2022-06-13 13:18:06,103] {local_task_job.py:273} INFO - 0 downstream tasks scheduled from follow-on schedule check
[2022-06-13 13:29:54,195] {taskinstance.py:1160} INFO - Dependencies all met for <TaskInstance: green_taxi_ingestion_gcs_dag.local_to_gcs_task scheduled__2020-05-01T06:00:00+00:00 [queued]>
[2022-06-13 13:29:54,205] {taskinstance.py:1160} INFO - Dependencies all met for <TaskInstance: green_taxi_ingestion_gcs_dag.local_to_gcs_task scheduled__2020-05-01T06:00:00+00:00 [queued]>
[2022-06-13 13:29:54,206] {taskinstance.py:1357} INFO - 
--------------------------------------------------------------------------------
[2022-06-13 13:29:54,207] {taskinstance.py:1358} INFO - Starting attempt 1 of 1
[2022-06-13 13:29:54,209] {taskinstance.py:1359} INFO - 
--------------------------------------------------------------------------------
[2022-06-13 13:29:54,220] {taskinstance.py:1378} INFO - Executing <Task(PythonOperator): local_to_gcs_task> on 2020-05-01 06:00:00+00:00
[2022-06-13 13:29:54,227] {standard_task_runner.py:52} INFO - Started process 1427 to run task
[2022-06-13 13:29:54,231] {standard_task_runner.py:79} INFO - Running: ['***', 'tasks', 'run', 'green_taxi_ingestion_gcs_dag', 'local_to_gcs_task', 'scheduled__2020-05-01T06:00:00+00:00', '--job-id', '805', '--raw', '--subdir', 'DAGS_FOLDER/green_taxi_ingestion.py', '--cfg-path', '/tmp/tmpe2vvy4yf', '--error-file', '/tmp/tmpxbe8gx7t']
[2022-06-13 13:29:54,235] {standard_task_runner.py:80} INFO - Job 805: Subtask local_to_gcs_task
[2022-06-13 13:29:54,288] {task_command.py:370} INFO - Running <TaskInstance: green_taxi_ingestion_gcs_dag.local_to_gcs_task scheduled__2020-05-01T06:00:00+00:00 [running]> on host 0825143a1170
[2022-06-13 13:29:54,352] {warnings.py:110} WARNING - /home/***/.local/lib/python3.7/site-packages/***/utils/context.py:202: AirflowContextDeprecationWarning: Accessing 'execution_date' from the template is deprecated and will be removed in a future version. Please use 'data_interval_start' or 'logical_date' instead.
  warnings.warn(_create_deprecation_warning(key, self._deprecation_replacements[key]))

[2022-06-13 13:29:54,403] {taskinstance.py:1572} INFO - Exporting the following env vars:
AIRFLOW_CTX_DAG_OWNER=***
AIRFLOW_CTX_DAG_ID=green_taxi_ingestion_gcs_dag
AIRFLOW_CTX_TASK_ID=local_to_gcs_task
AIRFLOW_CTX_EXECUTION_DATE=2020-05-01T06:00:00+00:00
AIRFLOW_CTX_TRY_NUMBER=1
AIRFLOW_CTX_DAG_RUN_ID=scheduled__2020-05-01T06:00:00+00:00
[2022-06-13 13:29:54,909] {python.py:173} INFO - Done. Returned value was: None
[2022-06-13 13:29:54,947] {taskinstance.py:1401} INFO - Marking task as SUCCESS. dag_id=green_taxi_ingestion_gcs_dag, task_id=local_to_gcs_task, execution_date=20200501T060000, start_date=20220613T132954, end_date=20220613T132954
[2022-06-13 13:29:55,022] {local_task_job.py:156} INFO - Task exited with return code 0
[2022-06-13 13:29:55,129] {local_task_job.py:273} INFO - 0 downstream tasks scheduled from follow-on schedule check
