[2022-06-13 13:18:45,538] {taskinstance.py:1160} INFO - Dependencies all met for <TaskInstance: green_taxi_ingestion_gcs_dag.download_dataset_task scheduled__2022-02-01T06:00:00+00:00 [queued]>
[2022-06-13 13:18:45,548] {taskinstance.py:1160} INFO - Dependencies all met for <TaskInstance: green_taxi_ingestion_gcs_dag.download_dataset_task scheduled__2022-02-01T06:00:00+00:00 [queued]>
[2022-06-13 13:18:45,551] {taskinstance.py:1357} INFO - 
--------------------------------------------------------------------------------
[2022-06-13 13:18:45,552] {taskinstance.py:1358} INFO - Starting attempt 1 of 1
[2022-06-13 13:18:45,553] {taskinstance.py:1359} INFO - 
--------------------------------------------------------------------------------
[2022-06-13 13:18:45,565] {taskinstance.py:1378} INFO - Executing <Task(BashOperator): download_dataset_task> on 2022-02-01 06:00:00+00:00
[2022-06-13 13:18:45,571] {standard_task_runner.py:52} INFO - Started process 585 to run task
[2022-06-13 13:18:45,580] {standard_task_runner.py:79} INFO - Running: ['***', 'tasks', 'run', 'green_taxi_ingestion_gcs_dag', 'download_dataset_task', 'scheduled__2022-02-01T06:00:00+00:00', '--job-id', '748', '--raw', '--subdir', 'DAGS_FOLDER/green_taxi_ingestion.py', '--cfg-path', '/tmp/tmpolmgvqvw', '--error-file', '/tmp/tmpryj5v74q']
[2022-06-13 13:18:45,582] {standard_task_runner.py:80} INFO - Job 748: Subtask download_dataset_task
[2022-06-13 13:18:45,638] {task_command.py:370} INFO - Running <TaskInstance: green_taxi_ingestion_gcs_dag.download_dataset_task scheduled__2022-02-01T06:00:00+00:00 [running]> on host 0825143a1170
[2022-06-13 13:18:45,674] {warnings.py:110} WARNING - /home/***/.local/lib/python3.7/site-packages/***/utils/context.py:202: AirflowContextDeprecationWarning: Accessing 'execution_date' from the template is deprecated and will be removed in a future version. Please use 'data_interval_start' or 'logical_date' instead.
  warnings.warn(_create_deprecation_warning(key, self._deprecation_replacements[key]))

[2022-06-13 13:18:45,711] {taskinstance.py:1572} INFO - Exporting the following env vars:
AIRFLOW_CTX_DAG_OWNER=***
AIRFLOW_CTX_DAG_ID=green_taxi_ingestion_gcs_dag
AIRFLOW_CTX_TASK_ID=download_dataset_task
AIRFLOW_CTX_EXECUTION_DATE=2022-02-01T06:00:00+00:00
AIRFLOW_CTX_TRY_NUMBER=1
AIRFLOW_CTX_DAG_RUN_ID=scheduled__2022-02-01T06:00:00+00:00
[2022-06-13 13:18:45,712] {subprocess.py:62} INFO - Tmp dir root location: 
 /tmp
[2022-06-13 13:18:45,714] {subprocess.py:74} INFO - Running command: ['bash', '-c', 'curl -sSL https://s3.amazonaws.com/nyc-tlc/trip+data/green_tripdata_2022-02.parquet > /opt/***/output_green_taxi_2022-02.parquet']
[2022-06-13 13:18:45,728] {subprocess.py:85} INFO - Output:
[2022-06-13 13:18:47,280] {subprocess.py:96} INFO - Command exited with return code 0
[2022-06-13 13:18:47,337] {taskinstance.py:1401} INFO - Marking task as SUCCESS. dag_id=green_taxi_ingestion_gcs_dag, task_id=download_dataset_task, execution_date=20220201T060000, start_date=20220613T131845, end_date=20220613T131847
[2022-06-13 13:18:47,388] {local_task_job.py:156} INFO - Task exited with return code 0
[2022-06-13 13:18:47,486] {local_task_job.py:273} INFO - 1 downstream tasks scheduled from follow-on schedule check
[2022-06-13 13:30:41,901] {taskinstance.py:1160} INFO - Dependencies all met for <TaskInstance: green_taxi_ingestion_gcs_dag.download_dataset_task scheduled__2022-02-01T06:00:00+00:00 [queued]>
[2022-06-13 13:30:41,918] {taskinstance.py:1160} INFO - Dependencies all met for <TaskInstance: green_taxi_ingestion_gcs_dag.download_dataset_task scheduled__2022-02-01T06:00:00+00:00 [queued]>
[2022-06-13 13:30:41,925] {taskinstance.py:1357} INFO - 
--------------------------------------------------------------------------------
[2022-06-13 13:30:41,926] {taskinstance.py:1358} INFO - Starting attempt 1 of 1
[2022-06-13 13:30:41,928] {taskinstance.py:1359} INFO - 
--------------------------------------------------------------------------------
[2022-06-13 13:30:41,946] {taskinstance.py:1378} INFO - Executing <Task(BashOperator): download_dataset_task> on 2022-02-01 06:00:00+00:00
[2022-06-13 13:30:41,961] {standard_task_runner.py:52} INFO - Started process 1653 to run task
[2022-06-13 13:30:41,966] {standard_task_runner.py:79} INFO - Running: ['***', 'tasks', 'run', 'green_taxi_ingestion_gcs_dag', 'download_dataset_task', 'scheduled__2022-02-01T06:00:00+00:00', '--job-id', '846', '--raw', '--subdir', 'DAGS_FOLDER/green_taxi_ingestion.py', '--cfg-path', '/tmp/tmpb28go0u2', '--error-file', '/tmp/tmpr1samrzu']
[2022-06-13 13:30:41,976] {standard_task_runner.py:80} INFO - Job 846: Subtask download_dataset_task
[2022-06-13 13:30:42,147] {task_command.py:370} INFO - Running <TaskInstance: green_taxi_ingestion_gcs_dag.download_dataset_task scheduled__2022-02-01T06:00:00+00:00 [running]> on host 0825143a1170
[2022-06-13 13:30:42,189] {warnings.py:110} WARNING - /home/***/.local/lib/python3.7/site-packages/***/utils/context.py:202: AirflowContextDeprecationWarning: Accessing 'execution_date' from the template is deprecated and will be removed in a future version. Please use 'data_interval_start' or 'logical_date' instead.
  warnings.warn(_create_deprecation_warning(key, self._deprecation_replacements[key]))

[2022-06-13 13:30:42,254] {taskinstance.py:1572} INFO - Exporting the following env vars:
AIRFLOW_CTX_DAG_OWNER=***
AIRFLOW_CTX_DAG_ID=green_taxi_ingestion_gcs_dag
AIRFLOW_CTX_TASK_ID=download_dataset_task
AIRFLOW_CTX_EXECUTION_DATE=2022-02-01T06:00:00+00:00
AIRFLOW_CTX_TRY_NUMBER=1
AIRFLOW_CTX_DAG_RUN_ID=scheduled__2022-02-01T06:00:00+00:00
[2022-06-13 13:30:42,258] {subprocess.py:62} INFO - Tmp dir root location: 
 /tmp
[2022-06-13 13:30:42,260] {subprocess.py:74} INFO - Running command: ['bash', '-c', 'curl -sSL https://s3.amazonaws.com/nyc-tlc/trip+data/green_tripdata_2022-02.parquet > /opt/***/output_green_taxi_2022-02.parquet']
[2022-06-13 13:30:42,281] {subprocess.py:85} INFO - Output:
[2022-06-13 13:30:43,949] {subprocess.py:96} INFO - Command exited with return code 0
[2022-06-13 13:30:44,048] {taskinstance.py:1401} INFO - Marking task as SUCCESS. dag_id=green_taxi_ingestion_gcs_dag, task_id=download_dataset_task, execution_date=20220201T060000, start_date=20220613T133041, end_date=20220613T133044
[2022-06-13 13:30:44,093] {local_task_job.py:156} INFO - Task exited with return code 0
[2022-06-13 13:30:44,142] {local_task_job.py:273} INFO - 1 downstream tasks scheduled from follow-on schedule check
