[2022-06-13 13:17:25,710] {taskinstance.py:1160} INFO - Dependencies all met for <TaskInstance: green_taxi_ingestion_gcs_dag.download_dataset_task scheduled__2019-03-01T06:00:00+00:00 [queued]>
[2022-06-13 13:17:25,728] {taskinstance.py:1160} INFO - Dependencies all met for <TaskInstance: green_taxi_ingestion_gcs_dag.download_dataset_task scheduled__2019-03-01T06:00:00+00:00 [queued]>
[2022-06-13 13:17:25,733] {taskinstance.py:1357} INFO - 
--------------------------------------------------------------------------------
[2022-06-13 13:17:25,735] {taskinstance.py:1358} INFO - Starting attempt 1 of 1
[2022-06-13 13:17:25,737] {taskinstance.py:1359} INFO - 
--------------------------------------------------------------------------------
[2022-06-13 13:17:25,755] {taskinstance.py:1378} INFO - Executing <Task(BashOperator): download_dataset_task> on 2019-03-01 06:00:00+00:00
[2022-06-13 13:17:25,768] {standard_task_runner.py:52} INFO - Started process 214 to run task
[2022-06-13 13:17:25,784] {standard_task_runner.py:79} INFO - Running: ['***', 'tasks', 'run', 'green_taxi_ingestion_gcs_dag', 'download_dataset_task', 'scheduled__2019-03-01T06:00:00+00:00', '--job-id', '680', '--raw', '--subdir', 'DAGS_FOLDER/green_taxi_ingestion.py', '--cfg-path', '/tmp/tmplo2v5j1_', '--error-file', '/tmp/tmp6si_j9sp']
[2022-06-13 13:17:25,786] {standard_task_runner.py:80} INFO - Job 680: Subtask download_dataset_task
[2022-06-13 13:17:25,887] {task_command.py:370} INFO - Running <TaskInstance: green_taxi_ingestion_gcs_dag.download_dataset_task scheduled__2019-03-01T06:00:00+00:00 [running]> on host 0825143a1170
[2022-06-13 13:17:25,929] {warnings.py:110} WARNING - /home/***/.local/lib/python3.7/site-packages/***/utils/context.py:202: AirflowContextDeprecationWarning: Accessing 'execution_date' from the template is deprecated and will be removed in a future version. Please use 'data_interval_start' or 'logical_date' instead.
  warnings.warn(_create_deprecation_warning(key, self._deprecation_replacements[key]))

[2022-06-13 13:17:25,971] {taskinstance.py:1572} INFO - Exporting the following env vars:
AIRFLOW_CTX_DAG_OWNER=***
AIRFLOW_CTX_DAG_ID=green_taxi_ingestion_gcs_dag
AIRFLOW_CTX_TASK_ID=download_dataset_task
AIRFLOW_CTX_EXECUTION_DATE=2019-03-01T06:00:00+00:00
AIRFLOW_CTX_TRY_NUMBER=1
AIRFLOW_CTX_DAG_RUN_ID=scheduled__2019-03-01T06:00:00+00:00
[2022-06-13 13:17:25,978] {subprocess.py:62} INFO - Tmp dir root location: 
 /tmp
[2022-06-13 13:17:25,979] {subprocess.py:74} INFO - Running command: ['bash', '-c', 'curl -sSL https://s3.amazonaws.com/nyc-tlc/trip+data/green_tripdata_2019-03.parquet > /opt/***/output_green_taxi_2019-03.parquet']
[2022-06-13 13:17:25,997] {subprocess.py:85} INFO - Output:
[2022-06-13 13:17:28,621] {subprocess.py:96} INFO - Command exited with return code 0
[2022-06-13 13:17:28,691] {taskinstance.py:1401} INFO - Marking task as SUCCESS. dag_id=green_taxi_ingestion_gcs_dag, task_id=download_dataset_task, execution_date=20190301T060000, start_date=20220613T131725, end_date=20220613T131728
[2022-06-13 13:17:28,761] {local_task_job.py:156} INFO - Task exited with return code 0
[2022-06-13 13:17:28,828] {local_task_job.py:273} INFO - 1 downstream tasks scheduled from follow-on schedule check
[2022-06-13 13:29:15,464] {taskinstance.py:1160} INFO - Dependencies all met for <TaskInstance: green_taxi_ingestion_gcs_dag.download_dataset_task scheduled__2019-03-01T06:00:00+00:00 [queued]>
[2022-06-13 13:29:15,471] {taskinstance.py:1160} INFO - Dependencies all met for <TaskInstance: green_taxi_ingestion_gcs_dag.download_dataset_task scheduled__2019-03-01T06:00:00+00:00 [queued]>
[2022-06-13 13:29:15,472] {taskinstance.py:1357} INFO - 
--------------------------------------------------------------------------------
[2022-06-13 13:29:15,473] {taskinstance.py:1358} INFO - Starting attempt 1 of 1
[2022-06-13 13:29:15,473] {taskinstance.py:1359} INFO - 
--------------------------------------------------------------------------------
[2022-06-13 13:29:15,481] {taskinstance.py:1378} INFO - Executing <Task(BashOperator): download_dataset_task> on 2019-03-01 06:00:00+00:00
[2022-06-13 13:29:15,487] {standard_task_runner.py:52} INFO - Started process 1266 to run task
[2022-06-13 13:29:15,491] {standard_task_runner.py:79} INFO - Running: ['***', 'tasks', 'run', 'green_taxi_ingestion_gcs_dag', 'download_dataset_task', 'scheduled__2019-03-01T06:00:00+00:00', '--job-id', '777', '--raw', '--subdir', 'DAGS_FOLDER/green_taxi_ingestion.py', '--cfg-path', '/tmp/tmpxtb4l1d9', '--error-file', '/tmp/tmpvpidxtgf']
[2022-06-13 13:29:15,492] {standard_task_runner.py:80} INFO - Job 777: Subtask download_dataset_task
[2022-06-13 13:29:15,545] {task_command.py:370} INFO - Running <TaskInstance: green_taxi_ingestion_gcs_dag.download_dataset_task scheduled__2019-03-01T06:00:00+00:00 [running]> on host 0825143a1170
[2022-06-13 13:29:15,569] {warnings.py:110} WARNING - /home/***/.local/lib/python3.7/site-packages/***/utils/context.py:202: AirflowContextDeprecationWarning: Accessing 'execution_date' from the template is deprecated and will be removed in a future version. Please use 'data_interval_start' or 'logical_date' instead.
  warnings.warn(_create_deprecation_warning(key, self._deprecation_replacements[key]))

[2022-06-13 13:29:15,593] {taskinstance.py:1572} INFO - Exporting the following env vars:
AIRFLOW_CTX_DAG_OWNER=***
AIRFLOW_CTX_DAG_ID=green_taxi_ingestion_gcs_dag
AIRFLOW_CTX_TASK_ID=download_dataset_task
AIRFLOW_CTX_EXECUTION_DATE=2019-03-01T06:00:00+00:00
AIRFLOW_CTX_TRY_NUMBER=1
AIRFLOW_CTX_DAG_RUN_ID=scheduled__2019-03-01T06:00:00+00:00
[2022-06-13 13:29:15,596] {subprocess.py:62} INFO - Tmp dir root location: 
 /tmp
[2022-06-13 13:29:15,597] {subprocess.py:74} INFO - Running command: ['bash', '-c', 'curl -sSL https://s3.amazonaws.com/nyc-tlc/trip+data/green_tripdata_2019-03.parquet > /opt/***/output_green_taxi_2019-03.parquet']
[2022-06-13 13:29:15,614] {subprocess.py:85} INFO - Output:
[2022-06-13 13:29:18,360] {subprocess.py:96} INFO - Command exited with return code 0
[2022-06-13 13:29:18,441] {taskinstance.py:1401} INFO - Marking task as SUCCESS. dag_id=green_taxi_ingestion_gcs_dag, task_id=download_dataset_task, execution_date=20190301T060000, start_date=20220613T132915, end_date=20220613T132918
[2022-06-13 13:29:18,535] {local_task_job.py:156} INFO - Task exited with return code 0
[2022-06-13 13:29:18,607] {local_task_job.py:273} INFO - 1 downstream tasks scheduled from follow-on schedule check
