[2022-06-12 00:11:53,568] {taskinstance.py:1160} INFO - Dependencies all met for <TaskInstance: gcs_2_bq_dag.bq_fhvhv_tripdata_external_table_task scheduled__2022-06-11T00:00:00+00:00 [queued]>
[2022-06-12 00:11:53,613] {taskinstance.py:1160} INFO - Dependencies all met for <TaskInstance: gcs_2_bq_dag.bq_fhvhv_tripdata_external_table_task scheduled__2022-06-11T00:00:00+00:00 [queued]>
[2022-06-12 00:11:53,615] {taskinstance.py:1357} INFO - 
--------------------------------------------------------------------------------
[2022-06-12 00:11:53,617] {taskinstance.py:1358} INFO - Starting attempt 1 of 2
[2022-06-12 00:11:53,618] {taskinstance.py:1359} INFO - 
--------------------------------------------------------------------------------
[2022-06-12 00:11:53,633] {taskinstance.py:1378} INFO - Executing <Task(BigQueryCreateExternalTableOperator): bq_fhvhv_tripdata_external_table_task> on 2022-06-11 00:00:00+00:00
[2022-06-12 00:11:53,659] {standard_task_runner.py:52} INFO - Started process 5911 to run task
[2022-06-12 00:11:53,672] {standard_task_runner.py:79} INFO - Running: ['***', 'tasks', 'run', 'gcs_2_bq_dag', 'bq_fhvhv_tripdata_external_table_task', 'scheduled__2022-06-11T00:00:00+00:00', '--job-id', '630', '--raw', '--subdir', 'DAGS_FOLDER/gcs_to_bq_dag.py', '--cfg-path', '/tmp/tmpctnxy917', '--error-file', '/tmp/tmp_pwf_ae4']
[2022-06-12 00:11:53,675] {standard_task_runner.py:80} INFO - Job 630: Subtask bq_fhvhv_tripdata_external_table_task
[2022-06-12 00:11:54,085] {task_command.py:370} INFO - Running <TaskInstance: gcs_2_bq_dag.bq_fhvhv_tripdata_external_table_task scheduled__2022-06-11T00:00:00+00:00 [running]> on host 0825143a1170
[2022-06-12 00:11:54,183] {taskinstance.py:1572} INFO - Exporting the following env vars:
AIRFLOW_CTX_DAG_OWNER=***
AIRFLOW_CTX_DAG_ID=gcs_2_bq_dag
AIRFLOW_CTX_TASK_ID=bq_fhvhv_tripdata_external_table_task
AIRFLOW_CTX_EXECUTION_DATE=2022-06-11T00:00:00+00:00
AIRFLOW_CTX_TRY_NUMBER=1
AIRFLOW_CTX_DAG_RUN_ID=scheduled__2022-06-11T00:00:00+00:00
[2022-06-12 00:11:54,188] {crypto.py:82} WARNING - empty cryptography key - values will not be stored encrypted.
[2022-06-12 00:11:54,191] {base.py:68} INFO - Using connection ID 'google_cloud_default' for task execution.
[2022-06-12 00:11:55,290] {taskinstance.py:1401} INFO - Marking task as SUCCESS. dag_id=gcs_2_bq_dag, task_id=bq_fhvhv_tripdata_external_table_task, execution_date=20220611T000000, start_date=20220612T001153, end_date=20220612T001155
[2022-06-12 00:11:55,364] {local_task_job.py:156} INFO - Task exited with return code 0
[2022-06-12 00:11:56,139] {local_task_job.py:273} INFO - 0 downstream tasks scheduled from follow-on schedule check
