[2022-06-13 13:17:45,144] {taskinstance.py:1160} INFO - Dependencies all met for <TaskInstance: green_taxi_ingestion_gcs_dag.local_to_gcs_task scheduled__2019-09-01T06:00:00+00:00 [queued]>
[2022-06-13 13:17:45,167] {taskinstance.py:1160} INFO - Dependencies all met for <TaskInstance: green_taxi_ingestion_gcs_dag.local_to_gcs_task scheduled__2019-09-01T06:00:00+00:00 [queued]>
[2022-06-13 13:17:45,169] {taskinstance.py:1357} INFO - 
--------------------------------------------------------------------------------
[2022-06-13 13:17:45,171] {taskinstance.py:1358} INFO - Starting attempt 1 of 1
[2022-06-13 13:17:45,173] {taskinstance.py:1359} INFO - 
--------------------------------------------------------------------------------
[2022-06-13 13:17:45,199] {taskinstance.py:1378} INFO - Executing <Task(PythonOperator): local_to_gcs_task> on 2019-09-01 06:00:00+00:00
[2022-06-13 13:17:45,217] {standard_task_runner.py:52} INFO - Started process 295 to run task
[2022-06-13 13:17:45,227] {standard_task_runner.py:79} INFO - Running: ['***', 'tasks', 'run', 'green_taxi_ingestion_gcs_dag', 'local_to_gcs_task', 'scheduled__2019-09-01T06:00:00+00:00', '--job-id', '694', '--raw', '--subdir', 'DAGS_FOLDER/green_taxi_ingestion.py', '--cfg-path', '/tmp/tmpbi5tfpnj', '--error-file', '/tmp/tmpfx6_89p6']
[2022-06-13 13:17:45,234] {standard_task_runner.py:80} INFO - Job 694: Subtask local_to_gcs_task
[2022-06-13 13:17:45,330] {task_command.py:370} INFO - Running <TaskInstance: green_taxi_ingestion_gcs_dag.local_to_gcs_task scheduled__2019-09-01T06:00:00+00:00 [running]> on host 0825143a1170
[2022-06-13 13:17:45,377] {warnings.py:110} WARNING - /home/***/.local/lib/python3.7/site-packages/***/utils/context.py:202: AirflowContextDeprecationWarning: Accessing 'execution_date' from the template is deprecated and will be removed in a future version. Please use 'data_interval_start' or 'logical_date' instead.
  warnings.warn(_create_deprecation_warning(key, self._deprecation_replacements[key]))

[2022-06-13 13:17:45,450] {taskinstance.py:1572} INFO - Exporting the following env vars:
AIRFLOW_CTX_DAG_OWNER=***
AIRFLOW_CTX_DAG_ID=green_taxi_ingestion_gcs_dag
AIRFLOW_CTX_TASK_ID=local_to_gcs_task
AIRFLOW_CTX_EXECUTION_DATE=2019-09-01T06:00:00+00:00
AIRFLOW_CTX_TRY_NUMBER=1
AIRFLOW_CTX_DAG_RUN_ID=scheduled__2019-09-01T06:00:00+00:00
[2022-06-13 13:17:46,765] {python.py:173} INFO - Done. Returned value was: None
[2022-06-13 13:17:46,782] {taskinstance.py:1401} INFO - Marking task as SUCCESS. dag_id=green_taxi_ingestion_gcs_dag, task_id=local_to_gcs_task, execution_date=20190901T060000, start_date=20220613T131745, end_date=20220613T131746
[2022-06-13 13:17:46,821] {local_task_job.py:156} INFO - Task exited with return code 0
[2022-06-13 13:17:46,868] {local_task_job.py:273} INFO - 0 downstream tasks scheduled from follow-on schedule check
[2022-06-13 13:29:39,581] {taskinstance.py:1160} INFO - Dependencies all met for <TaskInstance: green_taxi_ingestion_gcs_dag.local_to_gcs_task scheduled__2019-09-01T06:00:00+00:00 [queued]>
[2022-06-13 13:29:39,597] {taskinstance.py:1160} INFO - Dependencies all met for <TaskInstance: green_taxi_ingestion_gcs_dag.local_to_gcs_task scheduled__2019-09-01T06:00:00+00:00 [queued]>
[2022-06-13 13:29:39,598] {taskinstance.py:1357} INFO - 
--------------------------------------------------------------------------------
[2022-06-13 13:29:39,599] {taskinstance.py:1358} INFO - Starting attempt 1 of 1
[2022-06-13 13:29:39,604] {taskinstance.py:1359} INFO - 
--------------------------------------------------------------------------------
[2022-06-13 13:29:39,618] {taskinstance.py:1378} INFO - Executing <Task(PythonOperator): local_to_gcs_task> on 2019-09-01 06:00:00+00:00
[2022-06-13 13:29:39,634] {standard_task_runner.py:52} INFO - Started process 1364 to run task
[2022-06-13 13:29:39,645] {standard_task_runner.py:79} INFO - Running: ['***', 'tasks', 'run', 'green_taxi_ingestion_gcs_dag', 'local_to_gcs_task', 'scheduled__2019-09-01T06:00:00+00:00', '--job-id', '792', '--raw', '--subdir', 'DAGS_FOLDER/green_taxi_ingestion.py', '--cfg-path', '/tmp/tmpdjw6rxte', '--error-file', '/tmp/tmpbsu8vbkp']
[2022-06-13 13:29:39,649] {standard_task_runner.py:80} INFO - Job 792: Subtask local_to_gcs_task
[2022-06-13 13:29:39,725] {task_command.py:370} INFO - Running <TaskInstance: green_taxi_ingestion_gcs_dag.local_to_gcs_task scheduled__2019-09-01T06:00:00+00:00 [running]> on host 0825143a1170
[2022-06-13 13:29:39,766] {warnings.py:110} WARNING - /home/***/.local/lib/python3.7/site-packages/***/utils/context.py:202: AirflowContextDeprecationWarning: Accessing 'execution_date' from the template is deprecated and will be removed in a future version. Please use 'data_interval_start' or 'logical_date' instead.
  warnings.warn(_create_deprecation_warning(key, self._deprecation_replacements[key]))

[2022-06-13 13:29:39,816] {taskinstance.py:1572} INFO - Exporting the following env vars:
AIRFLOW_CTX_DAG_OWNER=***
AIRFLOW_CTX_DAG_ID=green_taxi_ingestion_gcs_dag
AIRFLOW_CTX_TASK_ID=local_to_gcs_task
AIRFLOW_CTX_EXECUTION_DATE=2019-09-01T06:00:00+00:00
AIRFLOW_CTX_TRY_NUMBER=1
AIRFLOW_CTX_DAG_RUN_ID=scheduled__2019-09-01T06:00:00+00:00
[2022-06-13 13:29:41,307] {python.py:173} INFO - Done. Returned value was: None
[2022-06-13 13:29:41,383] {taskinstance.py:1401} INFO - Marking task as SUCCESS. dag_id=green_taxi_ingestion_gcs_dag, task_id=local_to_gcs_task, execution_date=20190901T060000, start_date=20220613T132939, end_date=20220613T132941
[2022-06-13 13:29:41,490] {local_task_job.py:156} INFO - Task exited with return code 0
[2022-06-13 13:29:41,571] {local_task_job.py:273} INFO - 0 downstream tasks scheduled from follow-on schedule check
