[2022-07-20 00:33:11,419] {taskinstance.py:1160} INFO - Dependencies all met for <TaskInstance: gcs_to_bq.bq_create_country_product_trade_partitioned_table_task manual__2022-07-19T23:42:49.341835+00:00 [queued]>
[2022-07-20 00:33:11,438] {taskinstance.py:1160} INFO - Dependencies all met for <TaskInstance: gcs_to_bq.bq_create_country_product_trade_partitioned_table_task manual__2022-07-19T23:42:49.341835+00:00 [queued]>
[2022-07-20 00:33:11,445] {taskinstance.py:1357} INFO - 
--------------------------------------------------------------------------------
[2022-07-20 00:33:11,460] {taskinstance.py:1358} INFO - Starting attempt 5 of 6
[2022-07-20 00:33:11,462] {taskinstance.py:1359} INFO - 
--------------------------------------------------------------------------------
[2022-07-20 00:33:11,492] {taskinstance.py:1378} INFO - Executing <Task(BigQueryInsertJobOperator): bq_create_country_product_trade_partitioned_table_task> on 2022-07-19 23:42:49.341835+00:00
[2022-07-20 00:33:11,527] {standard_task_runner.py:52} INFO - Started process 76442 to run task
[2022-07-20 00:33:11,539] {standard_task_runner.py:79} INFO - Running: ['***', 'tasks', 'run', 'gcs_to_bq', 'bq_create_country_product_trade_partitioned_table_task', 'manual__2022-07-19T23:42:49.341835+00:00', '--job-id', '101', '--raw', '--subdir', 'DAGS_FOLDER/gcs_to_bq_dag.py', '--cfg-path', '/tmp/tmpyt5p2jfi', '--error-file', '/tmp/tmpwia3lflg']
[2022-07-20 00:33:11,543] {standard_task_runner.py:80} INFO - Job 101: Subtask bq_create_country_product_trade_partitioned_table_task
[2022-07-20 00:33:11,677] {task_command.py:370} INFO - Running <TaskInstance: gcs_to_bq.bq_create_country_product_trade_partitioned_table_task manual__2022-07-19T23:42:49.341835+00:00 [running]> on host 32d1f26135d5
[2022-07-20 00:33:11,829] {taskinstance.py:1572} INFO - Exporting the following env vars:
AIRFLOW_CTX_DAG_OWNER=***
AIRFLOW_CTX_DAG_ID=gcs_to_bq
AIRFLOW_CTX_TASK_ID=bq_create_country_product_trade_partitioned_table_task
AIRFLOW_CTX_EXECUTION_DATE=2022-07-19T23:42:49.341835+00:00
AIRFLOW_CTX_TRY_NUMBER=5
AIRFLOW_CTX_DAG_RUN_ID=manual__2022-07-19T23:42:49.341835+00:00
[2022-07-20 00:33:11,836] {crypto.py:82} WARNING - empty cryptography key - values will not be stored encrypted.
[2022-07-20 00:33:11,841] {base.py:68} INFO - Using connection ID 'google_cloud_default' for task execution.
[2022-07-20 00:33:11,844] {warnings.py:110} WARNING - /home/***/.local/lib/python3.7/site-packages/***/utils/context.py:202: AirflowContextDeprecationWarning: Accessing 'execution_date' from the template is deprecated and will be removed in a future version. Please use 'data_interval_start' or 'logical_date' instead.
  warnings.warn(_create_deprecation_warning(key, self._deprecation_replacements[key]))

[2022-07-20 00:33:11,847] {bigquery.py:2148} INFO - Executing: {'query': {'query': "CREATE OR REPLACE TABLE international_economics_data_lake.country_product_trade             (             location_id INT64,             partner_id INT64,             product_id INT64,             year DATETIME,             export_value FLOAT64,             import_value FLOAT64,             sitc_eci FLOAT64,             sitc_coi FLOAT64,             location_code STRING,             partner_code STRING,             sitc_product_code INT64             )     PARTITION BY DATE(year)     OPTIONS(     partition_expiration_days=10000     )     AS (         SELECT              location_id,              partner_id,              product_id,              CAST(CONCAT(CAST(year AS STRING), '-01-01') AS DATETIME) AS year,             export_value,              import_value,              sitc_eci,              sitc_coi,              location_code,              partner_code,              NULL AS sitc_product_code         FROM              international_economics_data_lake.country_product_trade_external_table     );", 'useLegacySql': False}}
[2022-07-20 00:33:11,869] {bigquery.py:1538} INFO - Inserting job ***_gcs_to_bq_bq_create_country_product_trade_partitioned_table_task_2022_07_19T23_42_49_341835_00_00_6d6a8e6cb7d99ca5d0a6dcd44f10e026
[2022-07-20 00:33:32,242] {taskinstance.py:1401} INFO - Marking task as SUCCESS. dag_id=gcs_to_bq, task_id=bq_create_country_product_trade_partitioned_table_task, execution_date=20220719T234249, start_date=20220720T003311, end_date=20220720T003332
[2022-07-20 00:33:32,330] {local_task_job.py:156} INFO - Task exited with return code 0
[2022-07-20 00:33:32,380] {local_task_job.py:273} INFO - 0 downstream tasks scheduled from follow-on schedule check
