[2022-06-13 13:26:29,199] {taskinstance.py:1160} INFO - Dependencies all met for <TaskInstance: gcs_2_bq_dag.move_taxi_zones_files_task move_green_taxi_files_task [queued]>
[2022-06-13 13:26:29,223] {taskinstance.py:1160} INFO - Dependencies all met for <TaskInstance: gcs_2_bq_dag.move_taxi_zones_files_task move_green_taxi_files_task [queued]>
[2022-06-13 13:26:29,226] {taskinstance.py:1357} INFO - 
--------------------------------------------------------------------------------
[2022-06-13 13:26:29,228] {taskinstance.py:1358} INFO - Starting attempt 1 of 2
[2022-06-13 13:26:29,230] {taskinstance.py:1359} INFO - 
--------------------------------------------------------------------------------
[2022-06-13 13:26:29,248] {taskinstance.py:1378} INFO - Executing <Task(GCSToGCSOperator): move_taxi_zones_files_task> on 2022-06-13 13:26:16+00:00
[2022-06-13 13:26:29,259] {standard_task_runner.py:52} INFO - Started process 1048 to run task
[2022-06-13 13:26:29,271] {standard_task_runner.py:79} INFO - Running: ['***', 'tasks', 'run', 'gcs_2_bq_dag', 'move_taxi_zones_files_task', 'move_green_taxi_files_task', '--job-id', '759', '--raw', '--subdir', 'DAGS_FOLDER/gcs_to_bq_dag.py', '--cfg-path', '/tmp/tmp2c9f3l7y', '--error-file', '/tmp/tmpri3tcdtv']
[2022-06-13 13:26:29,274] {standard_task_runner.py:80} INFO - Job 759: Subtask move_taxi_zones_files_task
[2022-06-13 13:26:29,388] {task_command.py:370} INFO - Running <TaskInstance: gcs_2_bq_dag.move_taxi_zones_files_task move_green_taxi_files_task [running]> on host 0825143a1170
[2022-06-13 13:26:29,838] {taskinstance.py:1572} INFO - Exporting the following env vars:
AIRFLOW_CTX_DAG_OWNER=***
AIRFLOW_CTX_DAG_ID=gcs_2_bq_dag
AIRFLOW_CTX_TASK_ID=move_taxi_zones_files_task
AIRFLOW_CTX_EXECUTION_DATE=2022-06-13T13:26:16+00:00
AIRFLOW_CTX_TRY_NUMBER=1
AIRFLOW_CTX_DAG_RUN_ID=move_green_taxi_files_task
[2022-06-13 13:26:29,879] {crypto.py:82} WARNING - empty cryptography key - values will not be stored encrypted.
[2022-06-13 13:26:29,883] {base.py:68} INFO - Using connection ID 'google_cloud_default' for task execution.
[2022-06-13 13:26:29,888] {gcs_to_gcs.py:361} INFO - Delimiter ignored because wildcard is in prefix
[2022-06-13 13:26:30,310] {taskinstance.py:1401} INFO - Marking task as SUCCESS. dag_id=gcs_2_bq_dag, task_id=move_taxi_zones_files_task, execution_date=20220613T132616, start_date=20220613T132629, end_date=20220613T132630
[2022-06-13 13:26:30,407] {local_task_job.py:156} INFO - Task exited with return code 0
[2022-06-13 13:26:30,641] {local_task_job.py:273} INFO - 1 downstream tasks scheduled from follow-on schedule check
