[2022-06-05 00:30:15,951] {taskinstance.py:1160} INFO - Dependencies all met for <TaskInstance: gcs_2_bq_dag.move_yellow_taxi_files_task scheduled__2022-06-04T00:00:00+00:00 [queued]>
[2022-06-05 00:30:16,086] {taskinstance.py:1160} INFO - Dependencies all met for <TaskInstance: gcs_2_bq_dag.move_yellow_taxi_files_task scheduled__2022-06-04T00:00:00+00:00 [queued]>
[2022-06-05 00:30:16,099] {taskinstance.py:1357} INFO - 
--------------------------------------------------------------------------------
[2022-06-05 00:30:16,104] {taskinstance.py:1358} INFO - Starting attempt 1 of 2
[2022-06-05 00:30:16,107] {taskinstance.py:1359} INFO - 
--------------------------------------------------------------------------------
[2022-06-05 00:30:16,201] {taskinstance.py:1378} INFO - Executing <Task(GCSToGCSOperator): move_yellow_taxi_files_task> on 2022-06-04 00:00:00+00:00
[2022-06-05 00:30:16,305] {standard_task_runner.py:52} INFO - Started process 22082 to run task
[2022-06-05 00:30:16,350] {standard_task_runner.py:79} INFO - Running: ['***', 'tasks', 'run', 'gcs_2_bq_dag', 'move_yellow_taxi_files_task', 'scheduled__2022-06-04T00:00:00+00:00', '--job-id', '553', '--raw', '--subdir', 'DAGS_FOLDER/gcs_to_bq_dag.py', '--cfg-path', '/tmp/tmppr4rin6e', '--error-file', '/tmp/tmpafqwfgu4']
[2022-06-05 00:30:16,374] {standard_task_runner.py:80} INFO - Job 553: Subtask move_yellow_taxi_files_task
[2022-06-05 00:30:17,086] {task_command.py:370} INFO - Running <TaskInstance: gcs_2_bq_dag.move_yellow_taxi_files_task scheduled__2022-06-04T00:00:00+00:00 [running]> on host 80b81dda36ea
[2022-06-05 00:30:17,654] {taskinstance.py:1572} INFO - Exporting the following env vars:
AIRFLOW_CTX_DAG_OWNER=***
AIRFLOW_CTX_DAG_ID=gcs_2_bq_dag
AIRFLOW_CTX_TASK_ID=move_yellow_taxi_files_task
AIRFLOW_CTX_EXECUTION_DATE=2022-06-04T00:00:00+00:00
AIRFLOW_CTX_TRY_NUMBER=1
AIRFLOW_CTX_DAG_RUN_ID=scheduled__2022-06-04T00:00:00+00:00
[2022-06-05 00:30:17,713] {crypto.py:82} WARNING - empty cryptography key - values will not be stored encrypted.
[2022-06-05 00:30:17,718] {base.py:68} INFO - Using connection ID 'google_cloud_default' for task execution.
[2022-06-05 00:30:17,723] {gcs_to_gcs.py:361} INFO - Delimiter ignored because wildcard is in prefix
[2022-06-05 00:30:19,470] {taskinstance.py:1401} INFO - Marking task as SUCCESS. dag_id=gcs_2_bq_dag, task_id=move_yellow_taxi_files_task, execution_date=20220604T000000, start_date=20220605T003015, end_date=20220605T003019
[2022-06-05 00:30:20,336] {local_task_job.py:156} INFO - Task exited with return code 0
[2022-06-05 00:30:21,242] {local_task_job.py:273} INFO - 0 downstream tasks scheduled from follow-on schedule check
