[2022-06-01 11:18:34,648] {taskinstance.py:1160} INFO - Dependencies all met for <TaskInstance: gcs_2_bq_dag.move_yellow_tripdata_files_task manual__2022-06-01T11:13:21.698164+00:00 [queued]>
[2022-06-01 11:18:34,664] {taskinstance.py:1160} INFO - Dependencies all met for <TaskInstance: gcs_2_bq_dag.move_yellow_tripdata_files_task manual__2022-06-01T11:13:21.698164+00:00 [queued]>
[2022-06-01 11:18:34,665] {taskinstance.py:1357} INFO - 
--------------------------------------------------------------------------------
[2022-06-01 11:18:34,667] {taskinstance.py:1358} INFO - Starting attempt 1 of 2
[2022-06-01 11:18:34,668] {taskinstance.py:1359} INFO - 
--------------------------------------------------------------------------------
[2022-06-01 11:18:34,683] {taskinstance.py:1378} INFO - Executing <Task(GCSToGCSOperator): move_yellow_tripdata_files_task> on 2022-06-01 11:13:21.698164+00:00
[2022-06-01 11:18:34,691] {standard_task_runner.py:52} INFO - Started process 1143 to run task
[2022-06-01 11:18:34,696] {standard_task_runner.py:79} INFO - Running: ['***', 'tasks', 'run', 'gcs_2_bq_dag', 'move_yellow_tripdata_files_task', 'manual__2022-06-01T11:13:21.698164+00:00', '--job-id', '498', '--raw', '--subdir', 'DAGS_FOLDER/gcs_to_bq_dag.py', '--cfg-path', '/tmp/tmpjxs_2_5_', '--error-file', '/tmp/tmpmhhss6x9']
[2022-06-01 11:18:34,700] {standard_task_runner.py:80} INFO - Job 498: Subtask move_yellow_tripdata_files_task
[2022-06-01 11:18:34,766] {task_command.py:370} INFO - Running <TaskInstance: gcs_2_bq_dag.move_yellow_tripdata_files_task manual__2022-06-01T11:13:21.698164+00:00 [running]> on host 80b81dda36ea
[2022-06-01 11:18:34,847] {taskinstance.py:1572} INFO - Exporting the following env vars:
AIRFLOW_CTX_DAG_OWNER=***
AIRFLOW_CTX_DAG_ID=gcs_2_bq_dag
AIRFLOW_CTX_TASK_ID=move_yellow_tripdata_files_task
AIRFLOW_CTX_EXECUTION_DATE=2022-06-01T11:13:21.698164+00:00
AIRFLOW_CTX_TRY_NUMBER=1
AIRFLOW_CTX_DAG_RUN_ID=manual__2022-06-01T11:13:21.698164+00:00
[2022-06-01 11:18:34,852] {crypto.py:82} WARNING - empty cryptography key - values will not be stored encrypted.
[2022-06-01 11:18:34,854] {base.py:68} INFO - Using connection ID 'google_cloud_default' for task execution.
[2022-06-01 11:18:34,857] {gcs_to_gcs.py:361} INFO - Delimiter ignored because wildcard is in prefix
[2022-06-01 11:18:35,166] {taskinstance.py:1401} INFO - Marking task as SUCCESS. dag_id=gcs_2_bq_dag, task_id=move_yellow_tripdata_files_task, execution_date=20220601T111321, start_date=20220601T111834, end_date=20220601T111835
[2022-06-01 11:18:35,200] {local_task_job.py:156} INFO - Task exited with return code 0
[2022-06-01 11:18:35,282] {local_task_job.py:273} INFO - 0 downstream tasks scheduled from follow-on schedule check
