[2022-06-13 13:18:43,071] {taskinstance.py:1160} INFO - Dependencies all met for <TaskInstance: green_taxi_ingestion_gcs_dag.local_to_gcs_task scheduled__2021-12-01T06:00:00+00:00 [queued]>
[2022-06-13 13:18:43,077] {taskinstance.py:1160} INFO - Dependencies all met for <TaskInstance: green_taxi_ingestion_gcs_dag.local_to_gcs_task scheduled__2021-12-01T06:00:00+00:00 [queued]>
[2022-06-13 13:18:43,078] {taskinstance.py:1357} INFO - 
--------------------------------------------------------------------------------
[2022-06-13 13:18:43,079] {taskinstance.py:1358} INFO - Starting attempt 1 of 1
[2022-06-13 13:18:43,080] {taskinstance.py:1359} INFO - 
--------------------------------------------------------------------------------
[2022-06-13 13:18:43,088] {taskinstance.py:1378} INFO - Executing <Task(PythonOperator): local_to_gcs_task> on 2021-12-01 06:00:00+00:00
[2022-06-13 13:18:43,093] {standard_task_runner.py:52} INFO - Started process 569 to run task
[2022-06-13 13:18:43,096] {standard_task_runner.py:79} INFO - Running: ['***', 'tasks', 'run', 'green_taxi_ingestion_gcs_dag', 'local_to_gcs_task', 'scheduled__2021-12-01T06:00:00+00:00', '--job-id', '746', '--raw', '--subdir', 'DAGS_FOLDER/green_taxi_ingestion.py', '--cfg-path', '/tmp/tmptyxmuzyj', '--error-file', '/tmp/tmpvoya6qae']
[2022-06-13 13:18:43,098] {standard_task_runner.py:80} INFO - Job 746: Subtask local_to_gcs_task
[2022-06-13 13:18:43,148] {task_command.py:370} INFO - Running <TaskInstance: green_taxi_ingestion_gcs_dag.local_to_gcs_task scheduled__2021-12-01T06:00:00+00:00 [running]> on host 0825143a1170
[2022-06-13 13:18:43,175] {warnings.py:110} WARNING - /home/***/.local/lib/python3.7/site-packages/***/utils/context.py:202: AirflowContextDeprecationWarning: Accessing 'execution_date' from the template is deprecated and will be removed in a future version. Please use 'data_interval_start' or 'logical_date' instead.
  warnings.warn(_create_deprecation_warning(key, self._deprecation_replacements[key]))

[2022-06-13 13:18:43,206] {taskinstance.py:1572} INFO - Exporting the following env vars:
AIRFLOW_CTX_DAG_OWNER=***
AIRFLOW_CTX_DAG_ID=green_taxi_ingestion_gcs_dag
AIRFLOW_CTX_TASK_ID=local_to_gcs_task
AIRFLOW_CTX_EXECUTION_DATE=2021-12-01T06:00:00+00:00
AIRFLOW_CTX_TRY_NUMBER=1
AIRFLOW_CTX_DAG_RUN_ID=scheduled__2021-12-01T06:00:00+00:00
[2022-06-13 13:18:43,663] {python.py:173} INFO - Done. Returned value was: None
[2022-06-13 13:18:43,680] {taskinstance.py:1401} INFO - Marking task as SUCCESS. dag_id=green_taxi_ingestion_gcs_dag, task_id=local_to_gcs_task, execution_date=20211201T060000, start_date=20220613T131843, end_date=20220613T131843
[2022-06-13 13:18:43,736] {local_task_job.py:156} INFO - Task exited with return code 0
[2022-06-13 13:18:43,785] {local_task_job.py:273} INFO - 0 downstream tasks scheduled from follow-on schedule check
[2022-06-13 13:30:41,584] {taskinstance.py:1160} INFO - Dependencies all met for <TaskInstance: green_taxi_ingestion_gcs_dag.local_to_gcs_task scheduled__2021-12-01T06:00:00+00:00 [queued]>
[2022-06-13 13:30:41,613] {taskinstance.py:1160} INFO - Dependencies all met for <TaskInstance: green_taxi_ingestion_gcs_dag.local_to_gcs_task scheduled__2021-12-01T06:00:00+00:00 [queued]>
[2022-06-13 13:30:41,620] {taskinstance.py:1357} INFO - 
--------------------------------------------------------------------------------
[2022-06-13 13:30:41,626] {taskinstance.py:1358} INFO - Starting attempt 1 of 1
[2022-06-13 13:30:41,628] {taskinstance.py:1359} INFO - 
--------------------------------------------------------------------------------
[2022-06-13 13:30:41,654] {taskinstance.py:1378} INFO - Executing <Task(PythonOperator): local_to_gcs_task> on 2021-12-01 06:00:00+00:00
[2022-06-13 13:30:41,666] {standard_task_runner.py:52} INFO - Started process 1650 to run task
[2022-06-13 13:30:41,680] {standard_task_runner.py:79} INFO - Running: ['***', 'tasks', 'run', 'green_taxi_ingestion_gcs_dag', 'local_to_gcs_task', 'scheduled__2021-12-01T06:00:00+00:00', '--job-id', '844', '--raw', '--subdir', 'DAGS_FOLDER/green_taxi_ingestion.py', '--cfg-path', '/tmp/tmpo8a2rxn5', '--error-file', '/tmp/tmp8ehlogxs']
[2022-06-13 13:30:41,690] {standard_task_runner.py:80} INFO - Job 844: Subtask local_to_gcs_task
[2022-06-13 13:30:41,795] {task_command.py:370} INFO - Running <TaskInstance: green_taxi_ingestion_gcs_dag.local_to_gcs_task scheduled__2021-12-01T06:00:00+00:00 [running]> on host 0825143a1170
[2022-06-13 13:30:41,848] {warnings.py:110} WARNING - /home/***/.local/lib/python3.7/site-packages/***/utils/context.py:202: AirflowContextDeprecationWarning: Accessing 'execution_date' from the template is deprecated and will be removed in a future version. Please use 'data_interval_start' or 'logical_date' instead.
  warnings.warn(_create_deprecation_warning(key, self._deprecation_replacements[key]))

[2022-06-13 13:30:41,898] {taskinstance.py:1572} INFO - Exporting the following env vars:
AIRFLOW_CTX_DAG_OWNER=***
AIRFLOW_CTX_DAG_ID=green_taxi_ingestion_gcs_dag
AIRFLOW_CTX_TASK_ID=local_to_gcs_task
AIRFLOW_CTX_EXECUTION_DATE=2021-12-01T06:00:00+00:00
AIRFLOW_CTX_TRY_NUMBER=1
AIRFLOW_CTX_DAG_RUN_ID=scheduled__2021-12-01T06:00:00+00:00
[2022-06-13 13:30:42,412] {python.py:173} INFO - Done. Returned value was: None
[2022-06-13 13:30:42,440] {taskinstance.py:1401} INFO - Marking task as SUCCESS. dag_id=green_taxi_ingestion_gcs_dag, task_id=local_to_gcs_task, execution_date=20211201T060000, start_date=20220613T133041, end_date=20220613T133042
[2022-06-13 13:30:42,470] {local_task_job.py:156} INFO - Task exited with return code 0
[2022-06-13 13:30:42,518] {local_task_job.py:273} INFO - 0 downstream tasks scheduled from follow-on schedule check
