[2022-07-18 23:32:54,761] {taskinstance.py:1160} INFO - Dependencies all met for <TaskInstance: local_to_gcs.format_to_parquet_task scheduled__2017-01-10T06:00:00+00:00 [queued]>
[2022-07-18 23:32:54,772] {taskinstance.py:1160} INFO - Dependencies all met for <TaskInstance: local_to_gcs.format_to_parquet_task scheduled__2017-01-10T06:00:00+00:00 [queued]>
[2022-07-18 23:32:54,773] {taskinstance.py:1357} INFO - 
--------------------------------------------------------------------------------
[2022-07-18 23:32:54,774] {taskinstance.py:1358} INFO - Starting attempt 1 of 1
[2022-07-18 23:32:54,775] {taskinstance.py:1359} INFO - 
--------------------------------------------------------------------------------
[2022-07-18 23:32:54,787] {taskinstance.py:1378} INFO - Executing <Task(PythonOperator): format_to_parquet_task> on 2017-01-10 06:00:00+00:00
[2022-07-18 23:32:54,793] {standard_task_runner.py:52} INFO - Started process 39638 to run task
[2022-07-18 23:32:54,797] {standard_task_runner.py:79} INFO - Running: ['***', 'tasks', 'run', 'local_to_gcs', 'format_to_parquet_task', 'scheduled__2017-01-10T06:00:00+00:00', '--job-id', '68', '--raw', '--subdir', 'DAGS_FOLDER/local_to_gcs.py', '--cfg-path', '/tmp/tmp_4www_xb', '--error-file', '/tmp/tmpyhwxyhzn']
[2022-07-18 23:32:54,799] {standard_task_runner.py:80} INFO - Job 68: Subtask format_to_parquet_task
[2022-07-18 23:32:54,859] {task_command.py:370} INFO - Running <TaskInstance: local_to_gcs.format_to_parquet_task scheduled__2017-01-10T06:00:00+00:00 [running]> on host 32d1f26135d5
[2022-07-18 23:32:54,929] {taskinstance.py:1572} INFO - Exporting the following env vars:
AIRFLOW_CTX_DAG_OWNER=***
AIRFLOW_CTX_DAG_ID=local_to_gcs
AIRFLOW_CTX_TASK_ID=format_to_parquet_task
AIRFLOW_CTX_EXECUTION_DATE=2017-01-10T06:00:00+00:00
AIRFLOW_CTX_TRY_NUMBER=1
AIRFLOW_CTX_DAG_RUN_ID=scheduled__2017-01-10T06:00:00+00:00
[2022-07-18 23:33:38,978] {python.py:173} INFO - Done. Returned value was: None
[2022-07-18 23:33:39,169] {taskinstance.py:1401} INFO - Marking task as SUCCESS. dag_id=local_to_gcs, task_id=format_to_parquet_task, execution_date=20170110T060000, start_date=20220718T233254, end_date=20220718T233339
[2022-07-18 23:33:41,665] {local_task_job.py:156} INFO - Task exited with return code 0
[2022-07-18 23:33:41,874] {local_task_job.py:273} INFO - 0 downstream tasks scheduled from follow-on schedule check
