[2022-06-13 13:07:21,454] {taskinstance.py:1160} INFO - Dependencies all met for <TaskInstance: gcs_2_bq_dag.move_yellow_taxi_files_task manual__2022-06-13T13:07:17.200607+00:00 [queued]>
[2022-06-13 13:07:21,492] {taskinstance.py:1160} INFO - Dependencies all met for <TaskInstance: gcs_2_bq_dag.move_yellow_taxi_files_task manual__2022-06-13T13:07:17.200607+00:00 [queued]>
[2022-06-13 13:07:21,495] {taskinstance.py:1357} INFO - 
--------------------------------------------------------------------------------
[2022-06-13 13:07:21,498] {taskinstance.py:1358} INFO - Starting attempt 1 of 2
[2022-06-13 13:07:21,504] {taskinstance.py:1359} INFO - 
--------------------------------------------------------------------------------
[2022-06-13 13:07:21,553] {taskinstance.py:1378} INFO - Executing <Task(GCSToGCSOperator): move_yellow_taxi_files_task> on 2022-06-13 13:07:17.200607+00:00
[2022-06-13 13:07:21,589] {standard_task_runner.py:52} INFO - Started process 16317 to run task
[2022-06-13 13:07:21,604] {standard_task_runner.py:79} INFO - Running: ['***', 'tasks', 'run', 'gcs_2_bq_dag', 'move_yellow_taxi_files_task', 'manual__2022-06-13T13:07:17.200607+00:00', '--job-id', '665', '--raw', '--subdir', 'DAGS_FOLDER/gcs_to_bq_dag.py', '--cfg-path', '/tmp/tmp4xo8593w', '--error-file', '/tmp/tmpcqzogv5h']
[2022-06-13 13:07:21,610] {standard_task_runner.py:80} INFO - Job 665: Subtask move_yellow_taxi_files_task
[2022-06-13 13:07:21,814] {task_command.py:370} INFO - Running <TaskInstance: gcs_2_bq_dag.move_yellow_taxi_files_task manual__2022-06-13T13:07:17.200607+00:00 [running]> on host 0825143a1170
[2022-06-13 13:07:22,309] {taskinstance.py:1572} INFO - Exporting the following env vars:
AIRFLOW_CTX_DAG_OWNER=***
AIRFLOW_CTX_DAG_ID=gcs_2_bq_dag
AIRFLOW_CTX_TASK_ID=move_yellow_taxi_files_task
AIRFLOW_CTX_EXECUTION_DATE=2022-06-13T13:07:17.200607+00:00
AIRFLOW_CTX_TRY_NUMBER=1
AIRFLOW_CTX_DAG_RUN_ID=manual__2022-06-13T13:07:17.200607+00:00
[2022-06-13 13:07:22,340] {crypto.py:82} WARNING - empty cryptography key - values will not be stored encrypted.
[2022-06-13 13:07:22,344] {base.py:68} INFO - Using connection ID 'google_cloud_default' for task execution.
[2022-06-13 13:07:22,350] {gcs_to_gcs.py:361} INFO - Delimiter ignored because wildcard is in prefix
[2022-06-13 13:07:22,905] {taskinstance.py:1401} INFO - Marking task as SUCCESS. dag_id=gcs_2_bq_dag, task_id=move_yellow_taxi_files_task, execution_date=20220613T130717, start_date=20220613T130721, end_date=20220613T130722
[2022-06-13 13:07:23,045] {local_task_job.py:156} INFO - Task exited with return code 0
[2022-06-13 13:07:23,248] {local_task_job.py:273} INFO - 1 downstream tasks scheduled from follow-on schedule check
