[2022-06-02 00:00:11,989] {taskinstance.py:1160} INFO - Dependencies all met for <TaskInstance: gcs_2_bq_dag.bq_fhvhv_tripdata_external_table_task scheduled__2022-06-01T00:00:00+00:00 [queued]>
[2022-06-02 00:00:12,049] {taskinstance.py:1160} INFO - Dependencies all met for <TaskInstance: gcs_2_bq_dag.bq_fhvhv_tripdata_external_table_task scheduled__2022-06-01T00:00:00+00:00 [queued]>
[2022-06-02 00:00:12,056] {taskinstance.py:1357} INFO - 
--------------------------------------------------------------------------------
[2022-06-02 00:00:12,059] {taskinstance.py:1358} INFO - Starting attempt 1 of 2
[2022-06-02 00:00:12,064] {taskinstance.py:1359} INFO - 
--------------------------------------------------------------------------------
[2022-06-02 00:00:12,172] {taskinstance.py:1378} INFO - Executing <Task(BigQueryCreateExternalTableOperator): bq_fhvhv_tripdata_external_table_task> on 2022-06-01 00:00:00+00:00
[2022-06-02 00:00:12,257] {standard_task_runner.py:52} INFO - Started process 38894 to run task
[2022-06-02 00:00:12,301] {standard_task_runner.py:79} INFO - Running: ['***', 'tasks', 'run', 'gcs_2_bq_dag', 'bq_fhvhv_tripdata_external_table_task', 'scheduled__2022-06-01T00:00:00+00:00', '--job-id', '537', '--raw', '--subdir', 'DAGS_FOLDER/gcs_to_bq_dag.py', '--cfg-path', '/tmp/tmpi96rf4rc', '--error-file', '/tmp/tmpxmjo0lsz']
[2022-06-02 00:00:12,310] {standard_task_runner.py:80} INFO - Job 537: Subtask bq_fhvhv_tripdata_external_table_task
[2022-06-02 00:00:12,683] {task_command.py:370} INFO - Running <TaskInstance: gcs_2_bq_dag.bq_fhvhv_tripdata_external_table_task scheduled__2022-06-01T00:00:00+00:00 [running]> on host 80b81dda36ea
[2022-06-02 00:00:13,618] {taskinstance.py:1572} INFO - Exporting the following env vars:
AIRFLOW_CTX_DAG_OWNER=***
AIRFLOW_CTX_DAG_ID=gcs_2_bq_dag
AIRFLOW_CTX_TASK_ID=bq_fhvhv_tripdata_external_table_task
AIRFLOW_CTX_EXECUTION_DATE=2022-06-01T00:00:00+00:00
AIRFLOW_CTX_TRY_NUMBER=1
AIRFLOW_CTX_DAG_RUN_ID=scheduled__2022-06-01T00:00:00+00:00
[2022-06-02 00:00:13,666] {crypto.py:82} WARNING - empty cryptography key - values will not be stored encrypted.
[2022-06-02 00:00:13,675] {base.py:68} INFO - Using connection ID 'google_cloud_default' for task execution.
[2022-06-02 00:00:15,787] {taskinstance.py:1401} INFO - Marking task as SUCCESS. dag_id=gcs_2_bq_dag, task_id=bq_fhvhv_tripdata_external_table_task, execution_date=20220601T000000, start_date=20220602T000011, end_date=20220602T000015
[2022-06-02 00:00:16,148] {local_task_job.py:156} INFO - Task exited with return code 0
[2022-06-02 00:00:16,808] {local_task_job.py:273} INFO - 1 downstream tasks scheduled from follow-on schedule check
