[2022-06-13 13:18:30,441] {taskinstance.py:1160} INFO - Dependencies all met for <TaskInstance: green_taxi_ingestion_gcs_dag.download_dataset_task scheduled__2021-07-01T06:00:00+00:00 [queued]>
[2022-06-13 13:18:30,451] {taskinstance.py:1160} INFO - Dependencies all met for <TaskInstance: green_taxi_ingestion_gcs_dag.download_dataset_task scheduled__2021-07-01T06:00:00+00:00 [queued]>
[2022-06-13 13:18:30,453] {taskinstance.py:1357} INFO - 
--------------------------------------------------------------------------------
[2022-06-13 13:18:30,455] {taskinstance.py:1358} INFO - Starting attempt 1 of 1
[2022-06-13 13:18:30,458] {taskinstance.py:1359} INFO - 
--------------------------------------------------------------------------------
[2022-06-13 13:18:30,479] {taskinstance.py:1378} INFO - Executing <Task(BashOperator): download_dataset_task> on 2021-07-01 06:00:00+00:00
[2022-06-13 13:18:30,487] {standard_task_runner.py:52} INFO - Started process 507 to run task
[2022-06-13 13:18:30,490] {standard_task_runner.py:79} INFO - Running: ['***', 'tasks', 'run', 'green_taxi_ingestion_gcs_dag', 'download_dataset_task', 'scheduled__2021-07-01T06:00:00+00:00', '--job-id', '735', '--raw', '--subdir', 'DAGS_FOLDER/green_taxi_ingestion.py', '--cfg-path', '/tmp/tmp4d5091ye', '--error-file', '/tmp/tmpukhpfw_7']
[2022-06-13 13:18:30,491] {standard_task_runner.py:80} INFO - Job 735: Subtask download_dataset_task
[2022-06-13 13:18:30,567] {task_command.py:370} INFO - Running <TaskInstance: green_taxi_ingestion_gcs_dag.download_dataset_task scheduled__2021-07-01T06:00:00+00:00 [running]> on host 0825143a1170
[2022-06-13 13:18:30,608] {warnings.py:110} WARNING - /home/***/.local/lib/python3.7/site-packages/***/utils/context.py:202: AirflowContextDeprecationWarning: Accessing 'execution_date' from the template is deprecated and will be removed in a future version. Please use 'data_interval_start' or 'logical_date' instead.
  warnings.warn(_create_deprecation_warning(key, self._deprecation_replacements[key]))

[2022-06-13 13:18:30,653] {taskinstance.py:1572} INFO - Exporting the following env vars:
AIRFLOW_CTX_DAG_OWNER=***
AIRFLOW_CTX_DAG_ID=green_taxi_ingestion_gcs_dag
AIRFLOW_CTX_TASK_ID=download_dataset_task
AIRFLOW_CTX_EXECUTION_DATE=2021-07-01T06:00:00+00:00
AIRFLOW_CTX_TRY_NUMBER=1
AIRFLOW_CTX_DAG_RUN_ID=scheduled__2021-07-01T06:00:00+00:00
[2022-06-13 13:18:30,656] {subprocess.py:62} INFO - Tmp dir root location: 
 /tmp
[2022-06-13 13:18:30,659] {subprocess.py:74} INFO - Running command: ['bash', '-c', 'curl -sSL https://s3.amazonaws.com/nyc-tlc/trip+data/green_tripdata_2021-07.parquet > /opt/***/output_green_taxi_2021-07.parquet']
[2022-06-13 13:18:30,697] {subprocess.py:85} INFO - Output:
[2022-06-13 13:18:41,010] {subprocess.py:96} INFO - Command exited with return code 0
[2022-06-13 13:18:41,081] {taskinstance.py:1401} INFO - Marking task as SUCCESS. dag_id=green_taxi_ingestion_gcs_dag, task_id=download_dataset_task, execution_date=20210701T060000, start_date=20220613T131830, end_date=20220613T131841
[2022-06-13 13:18:41,175] {local_task_job.py:156} INFO - Task exited with return code 0
[2022-06-13 13:18:41,211] {local_task_job.py:273} INFO - 1 downstream tasks scheduled from follow-on schedule check
[2022-06-13 13:30:26,642] {taskinstance.py:1160} INFO - Dependencies all met for <TaskInstance: green_taxi_ingestion_gcs_dag.download_dataset_task scheduled__2021-07-01T06:00:00+00:00 [queued]>
[2022-06-13 13:30:26,654] {taskinstance.py:1160} INFO - Dependencies all met for <TaskInstance: green_taxi_ingestion_gcs_dag.download_dataset_task scheduled__2021-07-01T06:00:00+00:00 [queued]>
[2022-06-13 13:30:26,658] {taskinstance.py:1357} INFO - 
--------------------------------------------------------------------------------
[2022-06-13 13:30:26,661] {taskinstance.py:1358} INFO - Starting attempt 1 of 1
[2022-06-13 13:30:26,665] {taskinstance.py:1359} INFO - 
--------------------------------------------------------------------------------
[2022-06-13 13:30:26,694] {taskinstance.py:1378} INFO - Executing <Task(BashOperator): download_dataset_task> on 2021-07-01 06:00:00+00:00
[2022-06-13 13:30:26,708] {standard_task_runner.py:52} INFO - Started process 1586 to run task
[2022-06-13 13:30:26,719] {standard_task_runner.py:79} INFO - Running: ['***', 'tasks', 'run', 'green_taxi_ingestion_gcs_dag', 'download_dataset_task', 'scheduled__2021-07-01T06:00:00+00:00', '--job-id', '832', '--raw', '--subdir', 'DAGS_FOLDER/green_taxi_ingestion.py', '--cfg-path', '/tmp/tmph0huf2v_', '--error-file', '/tmp/tmp9et000ku']
[2022-06-13 13:30:26,723] {standard_task_runner.py:80} INFO - Job 832: Subtask download_dataset_task
[2022-06-13 13:30:26,829] {task_command.py:370} INFO - Running <TaskInstance: green_taxi_ingestion_gcs_dag.download_dataset_task scheduled__2021-07-01T06:00:00+00:00 [running]> on host 0825143a1170
[2022-06-13 13:30:26,876] {warnings.py:110} WARNING - /home/***/.local/lib/python3.7/site-packages/***/utils/context.py:202: AirflowContextDeprecationWarning: Accessing 'execution_date' from the template is deprecated and will be removed in a future version. Please use 'data_interval_start' or 'logical_date' instead.
  warnings.warn(_create_deprecation_warning(key, self._deprecation_replacements[key]))

[2022-06-13 13:30:26,948] {taskinstance.py:1572} INFO - Exporting the following env vars:
AIRFLOW_CTX_DAG_OWNER=***
AIRFLOW_CTX_DAG_ID=green_taxi_ingestion_gcs_dag
AIRFLOW_CTX_TASK_ID=download_dataset_task
AIRFLOW_CTX_EXECUTION_DATE=2021-07-01T06:00:00+00:00
AIRFLOW_CTX_TRY_NUMBER=1
AIRFLOW_CTX_DAG_RUN_ID=scheduled__2021-07-01T06:00:00+00:00
[2022-06-13 13:30:26,954] {subprocess.py:62} INFO - Tmp dir root location: 
 /tmp
[2022-06-13 13:30:26,957] {subprocess.py:74} INFO - Running command: ['bash', '-c', 'curl -sSL https://s3.amazonaws.com/nyc-tlc/trip+data/green_tripdata_2021-07.parquet > /opt/***/output_green_taxi_2021-07.parquet']
[2022-06-13 13:30:26,996] {subprocess.py:85} INFO - Output:
[2022-06-13 13:30:28,812] {subprocess.py:96} INFO - Command exited with return code 0
[2022-06-13 13:30:28,872] {taskinstance.py:1401} INFO - Marking task as SUCCESS. dag_id=green_taxi_ingestion_gcs_dag, task_id=download_dataset_task, execution_date=20210701T060000, start_date=20220613T133026, end_date=20220613T133028
[2022-06-13 13:30:28,942] {local_task_job.py:156} INFO - Task exited with return code 0
[2022-06-13 13:30:29,054] {local_task_job.py:273} INFO - 1 downstream tasks scheduled from follow-on schedule check
