[2022-07-18 23:31:56,713] {taskinstance.py:1160} INFO - Dependencies all met for <TaskInstance: local_to_gcs.format_to_parquet_task scheduled__2015-01-10T06:00:00+00:00 [queued]>
[2022-07-18 23:31:56,723] {taskinstance.py:1160} INFO - Dependencies all met for <TaskInstance: local_to_gcs.format_to_parquet_task scheduled__2015-01-10T06:00:00+00:00 [queued]>
[2022-07-18 23:31:56,724] {taskinstance.py:1357} INFO - 
--------------------------------------------------------------------------------
[2022-07-18 23:31:56,725] {taskinstance.py:1358} INFO - Starting attempt 1 of 1
[2022-07-18 23:31:56,726] {taskinstance.py:1359} INFO - 
--------------------------------------------------------------------------------
[2022-07-18 23:31:56,737] {taskinstance.py:1378} INFO - Executing <Task(PythonOperator): format_to_parquet_task> on 2015-01-10 06:00:00+00:00
[2022-07-18 23:31:56,744] {standard_task_runner.py:52} INFO - Started process 39570 to run task
[2022-07-18 23:31:56,748] {standard_task_runner.py:79} INFO - Running: ['***', 'tasks', 'run', 'local_to_gcs', 'format_to_parquet_task', 'scheduled__2015-01-10T06:00:00+00:00', '--job-id', '64', '--raw', '--subdir', 'DAGS_FOLDER/local_to_gcs.py', '--cfg-path', '/tmp/tmpiqezflza', '--error-file', '/tmp/tmpw8kwrw_7']
[2022-07-18 23:31:56,750] {standard_task_runner.py:80} INFO - Job 64: Subtask format_to_parquet_task
[2022-07-18 23:31:56,807] {task_command.py:370} INFO - Running <TaskInstance: local_to_gcs.format_to_parquet_task scheduled__2015-01-10T06:00:00+00:00 [running]> on host 32d1f26135d5
[2022-07-18 23:31:56,883] {taskinstance.py:1572} INFO - Exporting the following env vars:
AIRFLOW_CTX_DAG_OWNER=***
AIRFLOW_CTX_DAG_ID=local_to_gcs
AIRFLOW_CTX_TASK_ID=format_to_parquet_task
AIRFLOW_CTX_EXECUTION_DATE=2015-01-10T06:00:00+00:00
AIRFLOW_CTX_TRY_NUMBER=1
AIRFLOW_CTX_DAG_RUN_ID=scheduled__2015-01-10T06:00:00+00:00
[2022-07-18 23:32:19,012] {python.py:173} INFO - Done. Returned value was: None
[2022-07-18 23:32:19,145] {taskinstance.py:1401} INFO - Marking task as SUCCESS. dag_id=local_to_gcs, task_id=format_to_parquet_task, execution_date=20150110T060000, start_date=20220718T233156, end_date=20220718T233219
[2022-07-18 23:32:21,421] {local_task_job.py:156} INFO - Task exited with return code 0
[2022-07-18 23:32:21,548] {local_task_job.py:273} INFO - 0 downstream tasks scheduled from follow-on schedule check
