[2022-07-18 23:33:42,712] {taskinstance.py:1160} INFO - Dependencies all met for <TaskInstance: local_to_gcs.local_to_gcs_task scheduled__2017-01-10T06:00:00+00:00 [queued]>
[2022-07-18 23:33:42,771] {taskinstance.py:1160} INFO - Dependencies all met for <TaskInstance: local_to_gcs.local_to_gcs_task scheduled__2017-01-10T06:00:00+00:00 [queued]>
[2022-07-18 23:33:42,787] {taskinstance.py:1357} INFO - 
--------------------------------------------------------------------------------
[2022-07-18 23:33:42,796] {taskinstance.py:1358} INFO - Starting attempt 1 of 1
[2022-07-18 23:33:42,824] {taskinstance.py:1359} INFO - 
--------------------------------------------------------------------------------
[2022-07-18 23:33:42,881] {taskinstance.py:1378} INFO - Executing <Task(PythonOperator): local_to_gcs_task> on 2017-01-10 06:00:00+00:00
[2022-07-18 23:33:42,926] {standard_task_runner.py:52} INFO - Started process 39692 to run task
[2022-07-18 23:33:42,945] {standard_task_runner.py:79} INFO - Running: ['***', 'tasks', 'run', 'local_to_gcs', 'local_to_gcs_task', 'scheduled__2017-01-10T06:00:00+00:00', '--job-id', '71', '--raw', '--subdir', 'DAGS_FOLDER/local_to_gcs.py', '--cfg-path', '/tmp/tmp808c5jt9', '--error-file', '/tmp/tmpepbp263d']
[2022-07-18 23:33:42,973] {standard_task_runner.py:80} INFO - Job 71: Subtask local_to_gcs_task
[2022-07-18 23:33:43,569] {task_command.py:370} INFO - Running <TaskInstance: local_to_gcs.local_to_gcs_task scheduled__2017-01-10T06:00:00+00:00 [running]> on host 32d1f26135d5
[2022-07-18 23:33:43,879] {taskinstance.py:1572} INFO - Exporting the following env vars:
AIRFLOW_CTX_DAG_OWNER=***
AIRFLOW_CTX_DAG_ID=local_to_gcs
AIRFLOW_CTX_TASK_ID=local_to_gcs_task
AIRFLOW_CTX_EXECUTION_DATE=2017-01-10T06:00:00+00:00
AIRFLOW_CTX_TRY_NUMBER=1
AIRFLOW_CTX_DAG_RUN_ID=scheduled__2017-01-10T06:00:00+00:00
[2022-07-18 23:33:57,406] {python.py:173} INFO - Done. Returned value was: None
[2022-07-18 23:33:57,498] {taskinstance.py:1401} INFO - Marking task as SUCCESS. dag_id=local_to_gcs, task_id=local_to_gcs_task, execution_date=20170110T060000, start_date=20220718T233342, end_date=20220718T233357
[2022-07-18 23:33:57,679] {local_task_job.py:156} INFO - Task exited with return code 0
[2022-07-18 23:33:57,870] {local_task_job.py:273} INFO - 0 downstream tasks scheduled from follow-on schedule check
