[2022-06-11 18:37:19,943] {taskinstance.py:1160} INFO - Dependencies all met for <TaskInstance: gcs_2_bq_dag.bq_fhvhv_tripdata_external_table_task scheduled__2022-06-06T00:00:00+00:00 [queued]>
[2022-06-11 18:37:20,005] {taskinstance.py:1160} INFO - Dependencies all met for <TaskInstance: gcs_2_bq_dag.bq_fhvhv_tripdata_external_table_task scheduled__2022-06-06T00:00:00+00:00 [queued]>
[2022-06-11 18:37:20,011] {taskinstance.py:1357} INFO - 
--------------------------------------------------------------------------------
[2022-06-11 18:37:20,017] {taskinstance.py:1358} INFO - Starting attempt 1 of 2
[2022-06-11 18:37:20,023] {taskinstance.py:1359} INFO - 
--------------------------------------------------------------------------------
[2022-06-11 18:37:20,087] {taskinstance.py:1378} INFO - Executing <Task(BigQueryCreateExternalTableOperator): bq_fhvhv_tripdata_external_table_task> on 2022-06-06 00:00:00+00:00
[2022-06-11 18:37:20,114] {standard_task_runner.py:52} INFO - Started process 93 to run task
[2022-06-11 18:37:20,190] {standard_task_runner.py:79} INFO - Running: ['***', 'tasks', 'run', 'gcs_2_bq_dag', 'bq_fhvhv_tripdata_external_table_task', 'scheduled__2022-06-06T00:00:00+00:00', '--job-id', '570', '--raw', '--subdir', 'DAGS_FOLDER/gcs_to_bq_dag.py', '--cfg-path', '/tmp/tmprc_7f690', '--error-file', '/tmp/tmpdvyfmrjt']
[2022-06-11 18:37:20,198] {standard_task_runner.py:80} INFO - Job 570: Subtask bq_fhvhv_tripdata_external_table_task
[2022-06-11 18:37:20,407] {task_command.py:370} INFO - Running <TaskInstance: gcs_2_bq_dag.bq_fhvhv_tripdata_external_table_task scheduled__2022-06-06T00:00:00+00:00 [running]> on host 80b81dda36ea
[2022-06-11 18:37:20,701] {taskinstance.py:1572} INFO - Exporting the following env vars:
AIRFLOW_CTX_DAG_OWNER=***
AIRFLOW_CTX_DAG_ID=gcs_2_bq_dag
AIRFLOW_CTX_TASK_ID=bq_fhvhv_tripdata_external_table_task
AIRFLOW_CTX_EXECUTION_DATE=2022-06-06T00:00:00+00:00
AIRFLOW_CTX_TRY_NUMBER=1
AIRFLOW_CTX_DAG_RUN_ID=scheduled__2022-06-06T00:00:00+00:00
[2022-06-11 18:37:20,708] {crypto.py:82} WARNING - empty cryptography key - values will not be stored encrypted.
[2022-06-11 18:37:20,715] {base.py:68} INFO - Using connection ID 'google_cloud_default' for task execution.
[2022-06-11 18:37:22,177] {taskinstance.py:1401} INFO - Marking task as SUCCESS. dag_id=gcs_2_bq_dag, task_id=bq_fhvhv_tripdata_external_table_task, execution_date=20220606T000000, start_date=20220611T183719, end_date=20220611T183722
[2022-06-11 18:37:22,276] {local_task_job.py:156} INFO - Task exited with return code 0
[2022-06-11 18:37:22,389] {local_task_job.py:273} INFO - 1 downstream tasks scheduled from follow-on schedule check
