[2022-06-13 13:18:32,888] {taskinstance.py:1160} INFO - Dependencies all met for <TaskInstance: green_taxi_ingestion_gcs_dag.local_to_gcs_task scheduled__2021-08-01T06:00:00+00:00 [queued]>
[2022-06-13 13:18:32,898] {taskinstance.py:1160} INFO - Dependencies all met for <TaskInstance: green_taxi_ingestion_gcs_dag.local_to_gcs_task scheduled__2021-08-01T06:00:00+00:00 [queued]>
[2022-06-13 13:18:32,900] {taskinstance.py:1357} INFO - 
--------------------------------------------------------------------------------
[2022-06-13 13:18:32,901] {taskinstance.py:1358} INFO - Starting attempt 1 of 1
[2022-06-13 13:18:32,903] {taskinstance.py:1359} INFO - 
--------------------------------------------------------------------------------
[2022-06-13 13:18:32,914] {taskinstance.py:1378} INFO - Executing <Task(PythonOperator): local_to_gcs_task> on 2021-08-01 06:00:00+00:00
[2022-06-13 13:18:32,924] {standard_task_runner.py:52} INFO - Started process 532 to run task
[2022-06-13 13:18:32,929] {standard_task_runner.py:79} INFO - Running: ['***', 'tasks', 'run', 'green_taxi_ingestion_gcs_dag', 'local_to_gcs_task', 'scheduled__2021-08-01T06:00:00+00:00', '--job-id', '737', '--raw', '--subdir', 'DAGS_FOLDER/green_taxi_ingestion.py', '--cfg-path', '/tmp/tmpuk7mihmn', '--error-file', '/tmp/tmp80jnxx03']
[2022-06-13 13:18:32,931] {standard_task_runner.py:80} INFO - Job 737: Subtask local_to_gcs_task
[2022-06-13 13:18:32,997] {task_command.py:370} INFO - Running <TaskInstance: green_taxi_ingestion_gcs_dag.local_to_gcs_task scheduled__2021-08-01T06:00:00+00:00 [running]> on host 0825143a1170
[2022-06-13 13:18:33,034] {warnings.py:110} WARNING - /home/***/.local/lib/python3.7/site-packages/***/utils/context.py:202: AirflowContextDeprecationWarning: Accessing 'execution_date' from the template is deprecated and will be removed in a future version. Please use 'data_interval_start' or 'logical_date' instead.
  warnings.warn(_create_deprecation_warning(key, self._deprecation_replacements[key]))

[2022-06-13 13:18:33,082] {taskinstance.py:1572} INFO - Exporting the following env vars:
AIRFLOW_CTX_DAG_OWNER=***
AIRFLOW_CTX_DAG_ID=green_taxi_ingestion_gcs_dag
AIRFLOW_CTX_TASK_ID=local_to_gcs_task
AIRFLOW_CTX_EXECUTION_DATE=2021-08-01T06:00:00+00:00
AIRFLOW_CTX_TRY_NUMBER=1
AIRFLOW_CTX_DAG_RUN_ID=scheduled__2021-08-01T06:00:00+00:00
[2022-06-13 13:18:33,613] {python.py:173} INFO - Done. Returned value was: None
[2022-06-13 13:18:33,659] {taskinstance.py:1401} INFO - Marking task as SUCCESS. dag_id=green_taxi_ingestion_gcs_dag, task_id=local_to_gcs_task, execution_date=20210801T060000, start_date=20220613T131832, end_date=20220613T131833
[2022-06-13 13:18:33,757] {local_task_job.py:156} INFO - Task exited with return code 0
[2022-06-13 13:18:33,829] {local_task_job.py:273} INFO - 0 downstream tasks scheduled from follow-on schedule check
[2022-06-13 13:30:30,462] {taskinstance.py:1160} INFO - Dependencies all met for <TaskInstance: green_taxi_ingestion_gcs_dag.local_to_gcs_task scheduled__2021-08-01T06:00:00+00:00 [queued]>
[2022-06-13 13:30:30,473] {taskinstance.py:1160} INFO - Dependencies all met for <TaskInstance: green_taxi_ingestion_gcs_dag.local_to_gcs_task scheduled__2021-08-01T06:00:00+00:00 [queued]>
[2022-06-13 13:30:30,475] {taskinstance.py:1357} INFO - 
--------------------------------------------------------------------------------
[2022-06-13 13:30:30,477] {taskinstance.py:1358} INFO - Starting attempt 1 of 1
[2022-06-13 13:30:30,478] {taskinstance.py:1359} INFO - 
--------------------------------------------------------------------------------
[2022-06-13 13:30:30,489] {taskinstance.py:1378} INFO - Executing <Task(PythonOperator): local_to_gcs_task> on 2021-08-01 06:00:00+00:00
[2022-06-13 13:30:30,498] {standard_task_runner.py:52} INFO - Started process 1602 to run task
[2022-06-13 13:30:30,502] {standard_task_runner.py:79} INFO - Running: ['***', 'tasks', 'run', 'green_taxi_ingestion_gcs_dag', 'local_to_gcs_task', 'scheduled__2021-08-01T06:00:00+00:00', '--job-id', '835', '--raw', '--subdir', 'DAGS_FOLDER/green_taxi_ingestion.py', '--cfg-path', '/tmp/tmp9w_q3ug8', '--error-file', '/tmp/tmprvxqp2n0']
[2022-06-13 13:30:30,506] {standard_task_runner.py:80} INFO - Job 835: Subtask local_to_gcs_task
[2022-06-13 13:30:30,559] {task_command.py:370} INFO - Running <TaskInstance: green_taxi_ingestion_gcs_dag.local_to_gcs_task scheduled__2021-08-01T06:00:00+00:00 [running]> on host 0825143a1170
[2022-06-13 13:30:30,588] {warnings.py:110} WARNING - /home/***/.local/lib/python3.7/site-packages/***/utils/context.py:202: AirflowContextDeprecationWarning: Accessing 'execution_date' from the template is deprecated and will be removed in a future version. Please use 'data_interval_start' or 'logical_date' instead.
  warnings.warn(_create_deprecation_warning(key, self._deprecation_replacements[key]))

[2022-06-13 13:30:30,619] {taskinstance.py:1572} INFO - Exporting the following env vars:
AIRFLOW_CTX_DAG_OWNER=***
AIRFLOW_CTX_DAG_ID=green_taxi_ingestion_gcs_dag
AIRFLOW_CTX_TASK_ID=local_to_gcs_task
AIRFLOW_CTX_EXECUTION_DATE=2021-08-01T06:00:00+00:00
AIRFLOW_CTX_TRY_NUMBER=1
AIRFLOW_CTX_DAG_RUN_ID=scheduled__2021-08-01T06:00:00+00:00
[2022-06-13 13:30:31,069] {python.py:173} INFO - Done. Returned value was: None
[2022-06-13 13:30:31,101] {taskinstance.py:1401} INFO - Marking task as SUCCESS. dag_id=green_taxi_ingestion_gcs_dag, task_id=local_to_gcs_task, execution_date=20210801T060000, start_date=20220613T133030, end_date=20220613T133031
[2022-06-13 13:30:31,143] {local_task_job.py:156} INFO - Task exited with return code 0
[2022-06-13 13:30:31,186] {local_task_job.py:273} INFO - 0 downstream tasks scheduled from follow-on schedule check
