[2022-06-13 13:28:27,623] {taskinstance.py:1160} INFO - Dependencies all met for <TaskInstance: green_taxi_ingestion_gcs_dag.download_dataset_task manual__2022-06-13T13:28:26.174897+00:00 [queued]>
[2022-06-13 13:28:27,630] {taskinstance.py:1160} INFO - Dependencies all met for <TaskInstance: green_taxi_ingestion_gcs_dag.download_dataset_task manual__2022-06-13T13:28:26.174897+00:00 [queued]>
[2022-06-13 13:28:27,631] {taskinstance.py:1357} INFO - 
--------------------------------------------------------------------------------
[2022-06-13 13:28:27,632] {taskinstance.py:1358} INFO - Starting attempt 1 of 1
[2022-06-13 13:28:27,633] {taskinstance.py:1359} INFO - 
--------------------------------------------------------------------------------
[2022-06-13 13:28:27,640] {taskinstance.py:1378} INFO - Executing <Task(BashOperator): download_dataset_task> on 2022-06-13 13:28:26.174897+00:00
[2022-06-13 13:28:27,646] {standard_task_runner.py:52} INFO - Started process 1186 to run task
[2022-06-13 13:28:27,656] {standard_task_runner.py:79} INFO - Running: ['***', 'tasks', 'run', 'green_taxi_ingestion_gcs_dag', 'download_dataset_task', 'manual__2022-06-13T13:28:26.174897+00:00', '--job-id', '769', '--raw', '--subdir', 'DAGS_FOLDER/green_taxi_ingestion.py', '--cfg-path', '/tmp/tmphg13_foy', '--error-file', '/tmp/tmptj4jp8jz']
[2022-06-13 13:28:27,658] {standard_task_runner.py:80} INFO - Job 769: Subtask download_dataset_task
[2022-06-13 13:28:27,719] {task_command.py:370} INFO - Running <TaskInstance: green_taxi_ingestion_gcs_dag.download_dataset_task manual__2022-06-13T13:28:26.174897+00:00 [running]> on host 0825143a1170
[2022-06-13 13:28:27,753] {warnings.py:110} WARNING - /home/***/.local/lib/python3.7/site-packages/***/utils/context.py:202: AirflowContextDeprecationWarning: Accessing 'execution_date' from the template is deprecated and will be removed in a future version. Please use 'data_interval_start' or 'logical_date' instead.
  warnings.warn(_create_deprecation_warning(key, self._deprecation_replacements[key]))

[2022-06-13 13:28:27,784] {taskinstance.py:1572} INFO - Exporting the following env vars:
AIRFLOW_CTX_DAG_OWNER=***
AIRFLOW_CTX_DAG_ID=green_taxi_ingestion_gcs_dag
AIRFLOW_CTX_TASK_ID=download_dataset_task
AIRFLOW_CTX_EXECUTION_DATE=2022-06-13T13:28:26.174897+00:00
AIRFLOW_CTX_TRY_NUMBER=1
AIRFLOW_CTX_DAG_RUN_ID=manual__2022-06-13T13:28:26.174897+00:00
[2022-06-13 13:28:27,786] {subprocess.py:62} INFO - Tmp dir root location: 
 /tmp
[2022-06-13 13:28:27,787] {subprocess.py:74} INFO - Running command: ['bash', '-c', 'curl -sSL https://s3.amazonaws.com/nyc-tlc/trip+data/green_tripdata_2022-06.parquet > /opt/***/output_green_taxi_2022-06.parquet']
[2022-06-13 13:28:27,808] {subprocess.py:85} INFO - Output:
[2022-06-13 13:28:28,663] {subprocess.py:96} INFO - Command exited with return code 0
[2022-06-13 13:28:28,755] {taskinstance.py:1401} INFO - Marking task as SUCCESS. dag_id=green_taxi_ingestion_gcs_dag, task_id=download_dataset_task, execution_date=20220613T132826, start_date=20220613T132827, end_date=20220613T132828
[2022-06-13 13:28:28,842] {local_task_job.py:156} INFO - Task exited with return code 0
[2022-06-13 13:28:28,898] {local_task_job.py:273} INFO - 1 downstream tasks scheduled from follow-on schedule check
