[2022-06-13 13:18:11,273] {taskinstance.py:1160} INFO - Dependencies all met for <TaskInstance: green_taxi_ingestion_gcs_dag.local_to_gcs_task scheduled__2020-07-01T06:00:00+00:00 [queued]>
[2022-06-13 13:18:11,284] {taskinstance.py:1160} INFO - Dependencies all met for <TaskInstance: green_taxi_ingestion_gcs_dag.local_to_gcs_task scheduled__2020-07-01T06:00:00+00:00 [queued]>
[2022-06-13 13:18:11,285] {taskinstance.py:1357} INFO - 
--------------------------------------------------------------------------------
[2022-06-13 13:18:11,287] {taskinstance.py:1358} INFO - Starting attempt 1 of 1
[2022-06-13 13:18:11,287] {taskinstance.py:1359} INFO - 
--------------------------------------------------------------------------------
[2022-06-13 13:18:11,298] {taskinstance.py:1378} INFO - Executing <Task(PythonOperator): local_to_gcs_task> on 2020-07-01 06:00:00+00:00
[2022-06-13 13:18:11,305] {standard_task_runner.py:52} INFO - Started process 408 to run task
[2022-06-13 13:18:11,310] {standard_task_runner.py:79} INFO - Running: ['***', 'tasks', 'run', 'green_taxi_ingestion_gcs_dag', 'local_to_gcs_task', 'scheduled__2020-07-01T06:00:00+00:00', '--job-id', '714', '--raw', '--subdir', 'DAGS_FOLDER/green_taxi_ingestion.py', '--cfg-path', '/tmp/tmpassj7veb', '--error-file', '/tmp/tmp1ll_j2md']
[2022-06-13 13:18:11,312] {standard_task_runner.py:80} INFO - Job 714: Subtask local_to_gcs_task
[2022-06-13 13:18:11,382] {task_command.py:370} INFO - Running <TaskInstance: green_taxi_ingestion_gcs_dag.local_to_gcs_task scheduled__2020-07-01T06:00:00+00:00 [running]> on host 0825143a1170
[2022-06-13 13:18:11,433] {warnings.py:110} WARNING - /home/***/.local/lib/python3.7/site-packages/***/utils/context.py:202: AirflowContextDeprecationWarning: Accessing 'execution_date' from the template is deprecated and will be removed in a future version. Please use 'data_interval_start' or 'logical_date' instead.
  warnings.warn(_create_deprecation_warning(key, self._deprecation_replacements[key]))

[2022-06-13 13:18:11,479] {taskinstance.py:1572} INFO - Exporting the following env vars:
AIRFLOW_CTX_DAG_OWNER=***
AIRFLOW_CTX_DAG_ID=green_taxi_ingestion_gcs_dag
AIRFLOW_CTX_TASK_ID=local_to_gcs_task
AIRFLOW_CTX_EXECUTION_DATE=2020-07-01T06:00:00+00:00
AIRFLOW_CTX_TRY_NUMBER=1
AIRFLOW_CTX_DAG_RUN_ID=scheduled__2020-07-01T06:00:00+00:00
[2022-06-13 13:18:11,917] {python.py:173} INFO - Done. Returned value was: None
[2022-06-13 13:18:11,935] {taskinstance.py:1401} INFO - Marking task as SUCCESS. dag_id=green_taxi_ingestion_gcs_dag, task_id=local_to_gcs_task, execution_date=20200701T060000, start_date=20220613T131811, end_date=20220613T131811
[2022-06-13 13:18:11,986] {local_task_job.py:156} INFO - Task exited with return code 0
[2022-06-13 13:18:12,022] {local_task_job.py:273} INFO - 0 downstream tasks scheduled from follow-on schedule check
[2022-06-13 13:30:03,371] {taskinstance.py:1160} INFO - Dependencies all met for <TaskInstance: green_taxi_ingestion_gcs_dag.local_to_gcs_task scheduled__2020-07-01T06:00:00+00:00 [queued]>
[2022-06-13 13:30:03,389] {taskinstance.py:1160} INFO - Dependencies all met for <TaskInstance: green_taxi_ingestion_gcs_dag.local_to_gcs_task scheduled__2020-07-01T06:00:00+00:00 [queued]>
[2022-06-13 13:30:03,391] {taskinstance.py:1357} INFO - 
--------------------------------------------------------------------------------
[2022-06-13 13:30:03,392] {taskinstance.py:1358} INFO - Starting attempt 1 of 1
[2022-06-13 13:30:03,394] {taskinstance.py:1359} INFO - 
--------------------------------------------------------------------------------
[2022-06-13 13:30:03,414] {taskinstance.py:1378} INFO - Executing <Task(PythonOperator): local_to_gcs_task> on 2020-07-01 06:00:00+00:00
[2022-06-13 13:30:03,424] {standard_task_runner.py:52} INFO - Started process 1473 to run task
[2022-06-13 13:30:03,435] {standard_task_runner.py:79} INFO - Running: ['***', 'tasks', 'run', 'green_taxi_ingestion_gcs_dag', 'local_to_gcs_task', 'scheduled__2020-07-01T06:00:00+00:00', '--job-id', '812', '--raw', '--subdir', 'DAGS_FOLDER/green_taxi_ingestion.py', '--cfg-path', '/tmp/tmprrsnsdur', '--error-file', '/tmp/tmpngci7wqk']
[2022-06-13 13:30:03,443] {standard_task_runner.py:80} INFO - Job 812: Subtask local_to_gcs_task
[2022-06-13 13:30:03,528] {task_command.py:370} INFO - Running <TaskInstance: green_taxi_ingestion_gcs_dag.local_to_gcs_task scheduled__2020-07-01T06:00:00+00:00 [running]> on host 0825143a1170
[2022-06-13 13:30:03,582] {warnings.py:110} WARNING - /home/***/.local/lib/python3.7/site-packages/***/utils/context.py:202: AirflowContextDeprecationWarning: Accessing 'execution_date' from the template is deprecated and will be removed in a future version. Please use 'data_interval_start' or 'logical_date' instead.
  warnings.warn(_create_deprecation_warning(key, self._deprecation_replacements[key]))

[2022-06-13 13:30:03,647] {taskinstance.py:1572} INFO - Exporting the following env vars:
AIRFLOW_CTX_DAG_OWNER=***
AIRFLOW_CTX_DAG_ID=green_taxi_ingestion_gcs_dag
AIRFLOW_CTX_TASK_ID=local_to_gcs_task
AIRFLOW_CTX_EXECUTION_DATE=2020-07-01T06:00:00+00:00
AIRFLOW_CTX_TRY_NUMBER=1
AIRFLOW_CTX_DAG_RUN_ID=scheduled__2020-07-01T06:00:00+00:00
[2022-06-13 13:30:04,138] {python.py:173} INFO - Done. Returned value was: None
[2022-06-13 13:30:04,152] {taskinstance.py:1401} INFO - Marking task as SUCCESS. dag_id=green_taxi_ingestion_gcs_dag, task_id=local_to_gcs_task, execution_date=20200701T060000, start_date=20220613T133003, end_date=20220613T133004
[2022-06-13 13:30:04,175] {local_task_job.py:156} INFO - Task exited with return code 0
[2022-06-13 13:30:04,209] {local_task_job.py:273} INFO - 0 downstream tasks scheduled from follow-on schedule check
