[2022-06-13 13:26:36,594] {taskinstance.py:1160} INFO - Dependencies all met for <TaskInstance: gcs_2_bq_dag.bq_create_taxi_zones_tripdata_partitioned_table_task move_green_taxi_files_task [queued]>
[2022-06-13 13:26:36,610] {taskinstance.py:1160} INFO - Dependencies all met for <TaskInstance: gcs_2_bq_dag.bq_create_taxi_zones_tripdata_partitioned_table_task move_green_taxi_files_task [queued]>
[2022-06-13 13:26:36,614] {taskinstance.py:1357} INFO - 
--------------------------------------------------------------------------------
[2022-06-13 13:26:36,615] {taskinstance.py:1358} INFO - Starting attempt 1 of 2
[2022-06-13 13:26:36,617] {taskinstance.py:1359} INFO - 
--------------------------------------------------------------------------------
[2022-06-13 13:26:36,633] {taskinstance.py:1378} INFO - Executing <Task(BigQueryInsertJobOperator): bq_create_taxi_zones_tripdata_partitioned_table_task> on 2022-06-13 13:26:16+00:00
[2022-06-13 13:26:36,644] {standard_task_runner.py:52} INFO - Started process 1080 to run task
[2022-06-13 13:26:36,654] {standard_task_runner.py:79} INFO - Running: ['***', 'tasks', 'run', 'gcs_2_bq_dag', 'bq_create_taxi_zones_tripdata_partitioned_table_task', 'move_green_taxi_files_task', '--job-id', '768', '--raw', '--subdir', 'DAGS_FOLDER/gcs_to_bq_dag.py', '--cfg-path', '/tmp/tmpr3ci51n8', '--error-file', '/tmp/tmpujiaftq1']
[2022-06-13 13:26:36,657] {standard_task_runner.py:80} INFO - Job 768: Subtask bq_create_taxi_zones_tripdata_partitioned_table_task
[2022-06-13 13:26:36,774] {task_command.py:370} INFO - Running <TaskInstance: gcs_2_bq_dag.bq_create_taxi_zones_tripdata_partitioned_table_task move_green_taxi_files_task [running]> on host 0825143a1170
[2022-06-13 13:26:36,880] {taskinstance.py:1572} INFO - Exporting the following env vars:
AIRFLOW_CTX_DAG_OWNER=***
AIRFLOW_CTX_DAG_ID=gcs_2_bq_dag
AIRFLOW_CTX_TASK_ID=bq_create_taxi_zones_tripdata_partitioned_table_task
AIRFLOW_CTX_EXECUTION_DATE=2022-06-13T13:26:16+00:00
AIRFLOW_CTX_TRY_NUMBER=1
AIRFLOW_CTX_DAG_RUN_ID=move_green_taxi_files_task
[2022-06-13 13:26:36,887] {crypto.py:82} WARNING - empty cryptography key - values will not be stored encrypted.
[2022-06-13 13:26:36,891] {base.py:68} INFO - Using connection ID 'google_cloud_default' for task execution.
[2022-06-13 13:26:36,898] {warnings.py:110} WARNING - /home/***/.local/lib/python3.7/site-packages/***/utils/context.py:202: AirflowContextDeprecationWarning: Accessing 'execution_date' from the template is deprecated and will be removed in a future version. Please use 'data_interval_start' or 'logical_date' instead.
  warnings.warn(_create_deprecation_warning(key, self._deprecation_replacements[key]))

[2022-06-13 13:26:36,902] {bigquery.py:2148} INFO - Executing: {'query': {'query': 'CREATE OR REPLACE TABLE trips_data_all.taxi_zones     AS (         SELECT              *         FROM              trips_data_all.taxi_zones_tripdata_external_table     );', 'useLegacySql': False}}
[2022-06-13 13:26:36,918] {bigquery.py:1538} INFO - Inserting job ***_gcs_2_bq_dag_bq_create_taxi_zones_tripdata_partitioned_table_task_2022_06_13T13_26_16_00_00_226eaffa5933fd86d1e6c100ea82c60d
[2022-06-13 13:26:39,799] {taskinstance.py:1401} INFO - Marking task as SUCCESS. dag_id=gcs_2_bq_dag, task_id=bq_create_taxi_zones_tripdata_partitioned_table_task, execution_date=20220613T132616, start_date=20220613T132636, end_date=20220613T132639
[2022-06-13 13:26:39,857] {local_task_job.py:156} INFO - Task exited with return code 0
[2022-06-13 13:26:39,894] {local_task_job.py:273} INFO - 0 downstream tasks scheduled from follow-on schedule check
