[2022-06-13 13:18:50,396] {taskinstance.py:1160} INFO - Dependencies all met for <TaskInstance: green_taxi_ingestion_gcs_dag.download_dataset_task scheduled__2022-03-01T06:00:00+00:00 [queued]>
[2022-06-13 13:18:50,412] {taskinstance.py:1160} INFO - Dependencies all met for <TaskInstance: green_taxi_ingestion_gcs_dag.download_dataset_task scheduled__2022-03-01T06:00:00+00:00 [queued]>
[2022-06-13 13:18:50,415] {taskinstance.py:1357} INFO - 
--------------------------------------------------------------------------------
[2022-06-13 13:18:50,418] {taskinstance.py:1358} INFO - Starting attempt 1 of 1
[2022-06-13 13:18:50,419] {taskinstance.py:1359} INFO - 
--------------------------------------------------------------------------------
[2022-06-13 13:18:50,431] {taskinstance.py:1378} INFO - Executing <Task(BashOperator): download_dataset_task> on 2022-03-01 06:00:00+00:00
[2022-06-13 13:18:50,437] {standard_task_runner.py:52} INFO - Started process 605 to run task
[2022-06-13 13:18:50,440] {standard_task_runner.py:79} INFO - Running: ['***', 'tasks', 'run', 'green_taxi_ingestion_gcs_dag', 'download_dataset_task', 'scheduled__2022-03-01T06:00:00+00:00', '--job-id', '752', '--raw', '--subdir', 'DAGS_FOLDER/green_taxi_ingestion.py', '--cfg-path', '/tmp/tmp5_h28784', '--error-file', '/tmp/tmpj_oxc48_']
[2022-06-13 13:18:50,443] {standard_task_runner.py:80} INFO - Job 752: Subtask download_dataset_task
[2022-06-13 13:18:50,513] {task_command.py:370} INFO - Running <TaskInstance: green_taxi_ingestion_gcs_dag.download_dataset_task scheduled__2022-03-01T06:00:00+00:00 [running]> on host 0825143a1170
[2022-06-13 13:18:50,557] {warnings.py:110} WARNING - /home/***/.local/lib/python3.7/site-packages/***/utils/context.py:202: AirflowContextDeprecationWarning: Accessing 'execution_date' from the template is deprecated and will be removed in a future version. Please use 'data_interval_start' or 'logical_date' instead.
  warnings.warn(_create_deprecation_warning(key, self._deprecation_replacements[key]))

[2022-06-13 13:18:50,592] {taskinstance.py:1572} INFO - Exporting the following env vars:
AIRFLOW_CTX_DAG_OWNER=***
AIRFLOW_CTX_DAG_ID=green_taxi_ingestion_gcs_dag
AIRFLOW_CTX_TASK_ID=download_dataset_task
AIRFLOW_CTX_EXECUTION_DATE=2022-03-01T06:00:00+00:00
AIRFLOW_CTX_TRY_NUMBER=1
AIRFLOW_CTX_DAG_RUN_ID=scheduled__2022-03-01T06:00:00+00:00
[2022-06-13 13:18:50,595] {subprocess.py:62} INFO - Tmp dir root location: 
 /tmp
[2022-06-13 13:18:50,598] {subprocess.py:74} INFO - Running command: ['bash', '-c', 'curl -sSL https://s3.amazonaws.com/nyc-tlc/trip+data/green_tripdata_2022-03.parquet > /opt/***/output_green_taxi_2022-03.parquet']
[2022-06-13 13:18:50,625] {subprocess.py:85} INFO - Output:
[2022-06-13 13:18:59,060] {subprocess.py:96} INFO - Command exited with return code 0
[2022-06-13 13:18:59,127] {taskinstance.py:1401} INFO - Marking task as SUCCESS. dag_id=green_taxi_ingestion_gcs_dag, task_id=download_dataset_task, execution_date=20220301T060000, start_date=20220613T131850, end_date=20220613T131859
[2022-06-13 13:18:59,165] {local_task_job.py:156} INFO - Task exited with return code 0
[2022-06-13 13:18:59,212] {local_task_job.py:273} INFO - 1 downstream tasks scheduled from follow-on schedule check
[2022-06-13 13:30:45,792] {taskinstance.py:1160} INFO - Dependencies all met for <TaskInstance: green_taxi_ingestion_gcs_dag.download_dataset_task scheduled__2022-03-01T06:00:00+00:00 [queued]>
[2022-06-13 13:30:45,801] {taskinstance.py:1160} INFO - Dependencies all met for <TaskInstance: green_taxi_ingestion_gcs_dag.download_dataset_task scheduled__2022-03-01T06:00:00+00:00 [queued]>
[2022-06-13 13:30:45,806] {taskinstance.py:1357} INFO - 
--------------------------------------------------------------------------------
[2022-06-13 13:30:45,807] {taskinstance.py:1358} INFO - Starting attempt 1 of 1
[2022-06-13 13:30:45,810] {taskinstance.py:1359} INFO - 
--------------------------------------------------------------------------------
[2022-06-13 13:30:45,826] {taskinstance.py:1378} INFO - Executing <Task(BashOperator): download_dataset_task> on 2022-03-01 06:00:00+00:00
[2022-06-13 13:30:45,838] {standard_task_runner.py:52} INFO - Started process 1668 to run task
[2022-06-13 13:30:45,846] {standard_task_runner.py:79} INFO - Running: ['***', 'tasks', 'run', 'green_taxi_ingestion_gcs_dag', 'download_dataset_task', 'scheduled__2022-03-01T06:00:00+00:00', '--job-id', '849', '--raw', '--subdir', 'DAGS_FOLDER/green_taxi_ingestion.py', '--cfg-path', '/tmp/tmpwn9dq_h1', '--error-file', '/tmp/tmplfvtfku5']
[2022-06-13 13:30:45,850] {standard_task_runner.py:80} INFO - Job 849: Subtask download_dataset_task
[2022-06-13 13:30:45,925] {task_command.py:370} INFO - Running <TaskInstance: green_taxi_ingestion_gcs_dag.download_dataset_task scheduled__2022-03-01T06:00:00+00:00 [running]> on host 0825143a1170
[2022-06-13 13:30:45,966] {warnings.py:110} WARNING - /home/***/.local/lib/python3.7/site-packages/***/utils/context.py:202: AirflowContextDeprecationWarning: Accessing 'execution_date' from the template is deprecated and will be removed in a future version. Please use 'data_interval_start' or 'logical_date' instead.
  warnings.warn(_create_deprecation_warning(key, self._deprecation_replacements[key]))

[2022-06-13 13:30:45,997] {taskinstance.py:1572} INFO - Exporting the following env vars:
AIRFLOW_CTX_DAG_OWNER=***
AIRFLOW_CTX_DAG_ID=green_taxi_ingestion_gcs_dag
AIRFLOW_CTX_TASK_ID=download_dataset_task
AIRFLOW_CTX_EXECUTION_DATE=2022-03-01T06:00:00+00:00
AIRFLOW_CTX_TRY_NUMBER=1
AIRFLOW_CTX_DAG_RUN_ID=scheduled__2022-03-01T06:00:00+00:00
[2022-06-13 13:30:45,999] {subprocess.py:62} INFO - Tmp dir root location: 
 /tmp
[2022-06-13 13:30:46,001] {subprocess.py:74} INFO - Running command: ['bash', '-c', 'curl -sSL https://s3.amazonaws.com/nyc-tlc/trip+data/green_tripdata_2022-03.parquet > /opt/***/output_green_taxi_2022-03.parquet']
[2022-06-13 13:30:46,016] {subprocess.py:85} INFO - Output:
[2022-06-13 13:30:47,625] {subprocess.py:96} INFO - Command exited with return code 0
[2022-06-13 13:30:47,719] {taskinstance.py:1401} INFO - Marking task as SUCCESS. dag_id=green_taxi_ingestion_gcs_dag, task_id=download_dataset_task, execution_date=20220301T060000, start_date=20220613T133045, end_date=20220613T133047
[2022-06-13 13:30:47,806] {local_task_job.py:156} INFO - Task exited with return code 0
[2022-06-13 13:30:47,908] {local_task_job.py:273} INFO - 0 downstream tasks scheduled from follow-on schedule check
