[2022-06-11 19:07:27,978] {taskinstance.py:1160} INFO - Dependencies all met for <TaskInstance: gcs_2_bq_dag.move_fhvhv_files_task scheduled__2022-06-10T00:00:00+00:00 [queued]>
[2022-06-11 19:07:27,989] {taskinstance.py:1160} INFO - Dependencies all met for <TaskInstance: gcs_2_bq_dag.move_fhvhv_files_task scheduled__2022-06-10T00:00:00+00:00 [queued]>
[2022-06-11 19:07:27,991] {taskinstance.py:1357} INFO - 
--------------------------------------------------------------------------------
[2022-06-11 19:07:27,993] {taskinstance.py:1358} INFO - Starting attempt 1 of 2
[2022-06-11 19:07:27,995] {taskinstance.py:1359} INFO - 
--------------------------------------------------------------------------------
[2022-06-11 19:07:28,009] {taskinstance.py:1378} INFO - Executing <Task(GCSToGCSOperator): move_fhvhv_files_task> on 2022-06-10 00:00:00+00:00
[2022-06-11 19:07:28,023] {standard_task_runner.py:52} INFO - Started process 378 to run task
[2022-06-11 19:07:28,029] {standard_task_runner.py:79} INFO - Running: ['***', 'tasks', 'run', 'gcs_2_bq_dag', 'move_fhvhv_files_task', 'scheduled__2022-06-10T00:00:00+00:00', '--job-id', '612', '--raw', '--subdir', 'DAGS_FOLDER/gcs_to_bq_dag.py', '--cfg-path', '/tmp/tmpwpperul8', '--error-file', '/tmp/tmpb4w3w5_4']
[2022-06-11 19:07:28,032] {standard_task_runner.py:80} INFO - Job 612: Subtask move_fhvhv_files_task
[2022-06-11 19:07:28,142] {task_command.py:370} INFO - Running <TaskInstance: gcs_2_bq_dag.move_fhvhv_files_task scheduled__2022-06-10T00:00:00+00:00 [running]> on host 0825143a1170
[2022-06-11 19:07:28,252] {taskinstance.py:1572} INFO - Exporting the following env vars:
AIRFLOW_CTX_DAG_OWNER=***
AIRFLOW_CTX_DAG_ID=gcs_2_bq_dag
AIRFLOW_CTX_TASK_ID=move_fhvhv_files_task
AIRFLOW_CTX_EXECUTION_DATE=2022-06-10T00:00:00+00:00
AIRFLOW_CTX_TRY_NUMBER=1
AIRFLOW_CTX_DAG_RUN_ID=scheduled__2022-06-10T00:00:00+00:00
[2022-06-11 19:07:28,258] {crypto.py:82} WARNING - empty cryptography key - values will not be stored encrypted.
[2022-06-11 19:07:28,262] {base.py:68} INFO - Using connection ID 'google_cloud_default' for task execution.
[2022-06-11 19:07:28,265] {gcs_to_gcs.py:361} INFO - Delimiter ignored because wildcard is in prefix
[2022-06-11 19:07:28,638] {taskinstance.py:1401} INFO - Marking task as SUCCESS. dag_id=gcs_2_bq_dag, task_id=move_fhvhv_files_task, execution_date=20220610T000000, start_date=20220611T190727, end_date=20220611T190728
[2022-06-11 19:07:28,695] {local_task_job.py:156} INFO - Task exited with return code 0
[2022-06-11 19:07:28,819] {local_task_job.py:273} INFO - 1 downstream tasks scheduled from follow-on schedule check
