[2022-06-13 13:18:27,833] {taskinstance.py:1160} INFO - Dependencies all met for <TaskInstance: green_taxi_ingestion_gcs_dag.local_to_gcs_task scheduled__2021-03-01T06:00:00+00:00 [queued]>
[2022-06-13 13:18:27,841] {taskinstance.py:1160} INFO - Dependencies all met for <TaskInstance: green_taxi_ingestion_gcs_dag.local_to_gcs_task scheduled__2021-03-01T06:00:00+00:00 [queued]>
[2022-06-13 13:18:27,842] {taskinstance.py:1357} INFO - 
--------------------------------------------------------------------------------
[2022-06-13 13:18:27,844] {taskinstance.py:1358} INFO - Starting attempt 1 of 1
[2022-06-13 13:18:27,845] {taskinstance.py:1359} INFO - 
--------------------------------------------------------------------------------
[2022-06-13 13:18:27,858] {taskinstance.py:1378} INFO - Executing <Task(PythonOperator): local_to_gcs_task> on 2021-03-01 06:00:00+00:00
[2022-06-13 13:18:27,871] {standard_task_runner.py:52} INFO - Started process 497 to run task
[2022-06-13 13:18:27,876] {standard_task_runner.py:79} INFO - Running: ['***', 'tasks', 'run', 'green_taxi_ingestion_gcs_dag', 'local_to_gcs_task', 'scheduled__2021-03-01T06:00:00+00:00', '--job-id', '731', '--raw', '--subdir', 'DAGS_FOLDER/green_taxi_ingestion.py', '--cfg-path', '/tmp/tmpde4iv1tj', '--error-file', '/tmp/tmpcooidfol']
[2022-06-13 13:18:27,879] {standard_task_runner.py:80} INFO - Job 731: Subtask local_to_gcs_task
[2022-06-13 13:18:27,948] {task_command.py:370} INFO - Running <TaskInstance: green_taxi_ingestion_gcs_dag.local_to_gcs_task scheduled__2021-03-01T06:00:00+00:00 [running]> on host 0825143a1170
[2022-06-13 13:18:27,981] {warnings.py:110} WARNING - /home/***/.local/lib/python3.7/site-packages/***/utils/context.py:202: AirflowContextDeprecationWarning: Accessing 'execution_date' from the template is deprecated and will be removed in a future version. Please use 'data_interval_start' or 'logical_date' instead.
  warnings.warn(_create_deprecation_warning(key, self._deprecation_replacements[key]))

[2022-06-13 13:18:28,014] {taskinstance.py:1572} INFO - Exporting the following env vars:
AIRFLOW_CTX_DAG_OWNER=***
AIRFLOW_CTX_DAG_ID=green_taxi_ingestion_gcs_dag
AIRFLOW_CTX_TASK_ID=local_to_gcs_task
AIRFLOW_CTX_EXECUTION_DATE=2021-03-01T06:00:00+00:00
AIRFLOW_CTX_TRY_NUMBER=1
AIRFLOW_CTX_DAG_RUN_ID=scheduled__2021-03-01T06:00:00+00:00
[2022-06-13 13:18:28,593] {python.py:173} INFO - Done. Returned value was: None
[2022-06-13 13:18:28,629] {taskinstance.py:1401} INFO - Marking task as SUCCESS. dag_id=green_taxi_ingestion_gcs_dag, task_id=local_to_gcs_task, execution_date=20210301T060000, start_date=20220613T131827, end_date=20220613T131828
[2022-06-13 13:18:28,716] {local_task_job.py:156} INFO - Task exited with return code 0
[2022-06-13 13:18:28,860] {local_task_job.py:273} INFO - 0 downstream tasks scheduled from follow-on schedule check
[2022-06-13 13:30:19,282] {taskinstance.py:1160} INFO - Dependencies all met for <TaskInstance: green_taxi_ingestion_gcs_dag.local_to_gcs_task scheduled__2021-03-01T06:00:00+00:00 [queued]>
[2022-06-13 13:30:19,298] {taskinstance.py:1160} INFO - Dependencies all met for <TaskInstance: green_taxi_ingestion_gcs_dag.local_to_gcs_task scheduled__2021-03-01T06:00:00+00:00 [queued]>
[2022-06-13 13:30:19,299] {taskinstance.py:1357} INFO - 
--------------------------------------------------------------------------------
[2022-06-13 13:30:19,300] {taskinstance.py:1358} INFO - Starting attempt 1 of 1
[2022-06-13 13:30:19,301] {taskinstance.py:1359} INFO - 
--------------------------------------------------------------------------------
[2022-06-13 13:30:19,314] {taskinstance.py:1378} INFO - Executing <Task(PythonOperator): local_to_gcs_task> on 2021-03-01 06:00:00+00:00
[2022-06-13 13:30:19,325] {standard_task_runner.py:52} INFO - Started process 1551 to run task
[2022-06-13 13:30:19,330] {standard_task_runner.py:79} INFO - Running: ['***', 'tasks', 'run', 'green_taxi_ingestion_gcs_dag', 'local_to_gcs_task', 'scheduled__2021-03-01T06:00:00+00:00', '--job-id', '827', '--raw', '--subdir', 'DAGS_FOLDER/green_taxi_ingestion.py', '--cfg-path', '/tmp/tmpm4059nwd', '--error-file', '/tmp/tmp55_eu73e']
[2022-06-13 13:30:19,335] {standard_task_runner.py:80} INFO - Job 827: Subtask local_to_gcs_task
[2022-06-13 13:30:19,400] {task_command.py:370} INFO - Running <TaskInstance: green_taxi_ingestion_gcs_dag.local_to_gcs_task scheduled__2021-03-01T06:00:00+00:00 [running]> on host 0825143a1170
[2022-06-13 13:30:19,442] {warnings.py:110} WARNING - /home/***/.local/lib/python3.7/site-packages/***/utils/context.py:202: AirflowContextDeprecationWarning: Accessing 'execution_date' from the template is deprecated and will be removed in a future version. Please use 'data_interval_start' or 'logical_date' instead.
  warnings.warn(_create_deprecation_warning(key, self._deprecation_replacements[key]))

[2022-06-13 13:30:19,482] {taskinstance.py:1572} INFO - Exporting the following env vars:
AIRFLOW_CTX_DAG_OWNER=***
AIRFLOW_CTX_DAG_ID=green_taxi_ingestion_gcs_dag
AIRFLOW_CTX_TASK_ID=local_to_gcs_task
AIRFLOW_CTX_EXECUTION_DATE=2021-03-01T06:00:00+00:00
AIRFLOW_CTX_TRY_NUMBER=1
AIRFLOW_CTX_DAG_RUN_ID=scheduled__2021-03-01T06:00:00+00:00
[2022-06-13 13:30:19,938] {python.py:173} INFO - Done. Returned value was: None
[2022-06-13 13:30:19,957] {taskinstance.py:1401} INFO - Marking task as SUCCESS. dag_id=green_taxi_ingestion_gcs_dag, task_id=local_to_gcs_task, execution_date=20210301T060000, start_date=20220613T133019, end_date=20220613T133019
[2022-06-13 13:30:20,005] {local_task_job.py:156} INFO - Task exited with return code 0
[2022-06-13 13:30:20,042] {local_task_job.py:273} INFO - 0 downstream tasks scheduled from follow-on schedule check
