[2022-06-01 12:55:11,198] {taskinstance.py:1160} INFO - Dependencies all met for <TaskInstance: gcs_2_bq_dag.bq_fhvhv_tripdata_external_table_task scheduled__2022-05-31T00:00:00+00:00 [queued]>
[2022-06-01 12:55:11,223] {taskinstance.py:1160} INFO - Dependencies all met for <TaskInstance: gcs_2_bq_dag.bq_fhvhv_tripdata_external_table_task scheduled__2022-05-31T00:00:00+00:00 [queued]>
[2022-06-01 12:55:11,225] {taskinstance.py:1357} INFO - 
--------------------------------------------------------------------------------
[2022-06-01 12:55:11,228] {taskinstance.py:1358} INFO - Starting attempt 4 of 5
[2022-06-01 12:55:11,230] {taskinstance.py:1359} INFO - 
--------------------------------------------------------------------------------
[2022-06-01 12:55:11,256] {taskinstance.py:1378} INFO - Executing <Task(BigQueryCreateExternalTableOperator): bq_fhvhv_tripdata_external_table_task> on 2022-05-31 00:00:00+00:00
[2022-06-01 12:55:11,273] {standard_task_runner.py:52} INFO - Started process 6186 to run task
[2022-06-01 12:55:11,280] {standard_task_runner.py:79} INFO - Running: ['***', 'tasks', 'run', 'gcs_2_bq_dag', 'bq_fhvhv_tripdata_external_table_task', 'scheduled__2022-05-31T00:00:00+00:00', '--job-id', '523', '--raw', '--subdir', 'DAGS_FOLDER/gcs_to_bq_dag.py', '--cfg-path', '/tmp/tmpzkx61ygd', '--error-file', '/tmp/tmpebl5l0ij']
[2022-06-01 12:55:11,287] {standard_task_runner.py:80} INFO - Job 523: Subtask bq_fhvhv_tripdata_external_table_task
[2022-06-01 12:55:11,390] {task_command.py:370} INFO - Running <TaskInstance: gcs_2_bq_dag.bq_fhvhv_tripdata_external_table_task scheduled__2022-05-31T00:00:00+00:00 [running]> on host 80b81dda36ea
[2022-06-01 12:55:11,526] {taskinstance.py:1572} INFO - Exporting the following env vars:
AIRFLOW_CTX_DAG_OWNER=***
AIRFLOW_CTX_DAG_ID=gcs_2_bq_dag
AIRFLOW_CTX_TASK_ID=bq_fhvhv_tripdata_external_table_task
AIRFLOW_CTX_EXECUTION_DATE=2022-05-31T00:00:00+00:00
AIRFLOW_CTX_TRY_NUMBER=4
AIRFLOW_CTX_DAG_RUN_ID=scheduled__2022-05-31T00:00:00+00:00
[2022-06-01 12:55:11,532] {crypto.py:82} WARNING - empty cryptography key - values will not be stored encrypted.
[2022-06-01 12:55:11,540] {base.py:68} INFO - Using connection ID 'google_cloud_default' for task execution.
[2022-06-01 12:55:12,665] {taskinstance.py:1401} INFO - Marking task as SUCCESS. dag_id=gcs_2_bq_dag, task_id=bq_fhvhv_tripdata_external_table_task, execution_date=20220531T000000, start_date=20220601T125511, end_date=20220601T125512
[2022-06-01 12:55:12,760] {local_task_job.py:156} INFO - Task exited with return code 0
[2022-06-01 12:55:12,891] {local_task_job.py:273} INFO - 1 downstream tasks scheduled from follow-on schedule check
