[2022-06-01 12:12:34,378] {taskinstance.py:1160} INFO - Dependencies all met for <TaskInstance: gcs_2_bq_dag.bq_fhvhv_tripdata_external_table_task scheduled__2022-05-31T00:00:00+00:00 [queued]>
[2022-06-01 12:12:34,395] {taskinstance.py:1160} INFO - Dependencies all met for <TaskInstance: gcs_2_bq_dag.bq_fhvhv_tripdata_external_table_task scheduled__2022-05-31T00:00:00+00:00 [queued]>
[2022-06-01 12:12:34,397] {taskinstance.py:1357} INFO - 
--------------------------------------------------------------------------------
[2022-06-01 12:12:34,399] {taskinstance.py:1358} INFO - Starting attempt 3 of 4
[2022-06-01 12:12:34,402] {taskinstance.py:1359} INFO - 
--------------------------------------------------------------------------------
[2022-06-01 12:12:34,427] {taskinstance.py:1378} INFO - Executing <Task(BigQueryCreateExternalTableOperator): bq_fhvhv_tripdata_external_table_task> on 2022-05-31 00:00:00+00:00
[2022-06-01 12:12:34,460] {standard_task_runner.py:52} INFO - Started process 3970 to run task
[2022-06-01 12:12:34,476] {standard_task_runner.py:79} INFO - Running: ['***', 'tasks', 'run', 'gcs_2_bq_dag', 'bq_fhvhv_tripdata_external_table_task', 'scheduled__2022-05-31T00:00:00+00:00', '--job-id', '516', '--raw', '--subdir', 'DAGS_FOLDER/gcs_to_bq_dag.py', '--cfg-path', '/tmp/tmp9m61j_be', '--error-file', '/tmp/tmpbdbl9y9f']
[2022-06-01 12:12:34,491] {standard_task_runner.py:80} INFO - Job 516: Subtask bq_fhvhv_tripdata_external_table_task
[2022-06-01 12:12:34,578] {task_command.py:370} INFO - Running <TaskInstance: gcs_2_bq_dag.bq_fhvhv_tripdata_external_table_task scheduled__2022-05-31T00:00:00+00:00 [running]> on host 80b81dda36ea
[2022-06-01 12:12:34,655] {taskinstance.py:1572} INFO - Exporting the following env vars:
AIRFLOW_CTX_DAG_OWNER=***
AIRFLOW_CTX_DAG_ID=gcs_2_bq_dag
AIRFLOW_CTX_TASK_ID=bq_fhvhv_tripdata_external_table_task
AIRFLOW_CTX_EXECUTION_DATE=2022-05-31T00:00:00+00:00
AIRFLOW_CTX_TRY_NUMBER=3
AIRFLOW_CTX_DAG_RUN_ID=scheduled__2022-05-31T00:00:00+00:00
[2022-06-01 12:12:34,659] {crypto.py:82} WARNING - empty cryptography key - values will not be stored encrypted.
[2022-06-01 12:12:34,660] {base.py:68} INFO - Using connection ID 'google_cloud_default' for task execution.
[2022-06-01 12:12:35,657] {taskinstance.py:1401} INFO - Marking task as SUCCESS. dag_id=gcs_2_bq_dag, task_id=bq_fhvhv_tripdata_external_table_task, execution_date=20220531T000000, start_date=20220601T121234, end_date=20220601T121235
[2022-06-01 12:12:35,760] {local_task_job.py:156} INFO - Task exited with return code 0
[2022-06-01 12:12:35,824] {local_task_job.py:273} INFO - 1 downstream tasks scheduled from follow-on schedule check
