[2022-06-13 13:18:07,901] {taskinstance.py:1160} INFO - Dependencies all met for <TaskInstance: green_taxi_ingestion_gcs_dag.download_dataset_task scheduled__2020-07-01T06:00:00+00:00 [queued]>
[2022-06-13 13:18:07,921] {taskinstance.py:1160} INFO - Dependencies all met for <TaskInstance: green_taxi_ingestion_gcs_dag.download_dataset_task scheduled__2020-07-01T06:00:00+00:00 [queued]>
[2022-06-13 13:18:07,923] {taskinstance.py:1357} INFO - 
--------------------------------------------------------------------------------
[2022-06-13 13:18:07,925] {taskinstance.py:1358} INFO - Starting attempt 1 of 1
[2022-06-13 13:18:07,931] {taskinstance.py:1359} INFO - 
--------------------------------------------------------------------------------
[2022-06-13 13:18:07,948] {taskinstance.py:1378} INFO - Executing <Task(BashOperator): download_dataset_task> on 2020-07-01 06:00:00+00:00
[2022-06-13 13:18:07,967] {standard_task_runner.py:52} INFO - Started process 383 to run task
[2022-06-13 13:18:07,975] {standard_task_runner.py:79} INFO - Running: ['***', 'tasks', 'run', 'green_taxi_ingestion_gcs_dag', 'download_dataset_task', 'scheduled__2020-07-01T06:00:00+00:00', '--job-id', '711', '--raw', '--subdir', 'DAGS_FOLDER/green_taxi_ingestion.py', '--cfg-path', '/tmp/tmpnkk0eakp', '--error-file', '/tmp/tmpi9ohggxr']
[2022-06-13 13:18:07,981] {standard_task_runner.py:80} INFO - Job 711: Subtask download_dataset_task
[2022-06-13 13:18:08,187] {task_command.py:370} INFO - Running <TaskInstance: green_taxi_ingestion_gcs_dag.download_dataset_task scheduled__2020-07-01T06:00:00+00:00 [running]> on host 0825143a1170
[2022-06-13 13:18:08,289] {warnings.py:110} WARNING - /home/***/.local/lib/python3.7/site-packages/***/utils/context.py:202: AirflowContextDeprecationWarning: Accessing 'execution_date' from the template is deprecated and will be removed in a future version. Please use 'data_interval_start' or 'logical_date' instead.
  warnings.warn(_create_deprecation_warning(key, self._deprecation_replacements[key]))

[2022-06-13 13:18:08,377] {taskinstance.py:1572} INFO - Exporting the following env vars:
AIRFLOW_CTX_DAG_OWNER=***
AIRFLOW_CTX_DAG_ID=green_taxi_ingestion_gcs_dag
AIRFLOW_CTX_TASK_ID=download_dataset_task
AIRFLOW_CTX_EXECUTION_DATE=2020-07-01T06:00:00+00:00
AIRFLOW_CTX_TRY_NUMBER=1
AIRFLOW_CTX_DAG_RUN_ID=scheduled__2020-07-01T06:00:00+00:00
[2022-06-13 13:18:08,382] {subprocess.py:62} INFO - Tmp dir root location: 
 /tmp
[2022-06-13 13:18:08,410] {subprocess.py:74} INFO - Running command: ['bash', '-c', 'curl -sSL https://s3.amazonaws.com/nyc-tlc/trip+data/green_tripdata_2020-07.parquet > /opt/***/output_green_taxi_2020-07.parquet']
[2022-06-13 13:18:08,471] {subprocess.py:85} INFO - Output:
[2022-06-13 13:18:10,206] {subprocess.py:96} INFO - Command exited with return code 0
[2022-06-13 13:18:10,304] {taskinstance.py:1401} INFO - Marking task as SUCCESS. dag_id=green_taxi_ingestion_gcs_dag, task_id=download_dataset_task, execution_date=20200701T060000, start_date=20220613T131807, end_date=20220613T131810
[2022-06-13 13:18:10,420] {local_task_job.py:156} INFO - Task exited with return code 0
[2022-06-13 13:18:10,615] {local_task_job.py:273} INFO - 0 downstream tasks scheduled from follow-on schedule check
[2022-06-13 13:29:59,643] {taskinstance.py:1160} INFO - Dependencies all met for <TaskInstance: green_taxi_ingestion_gcs_dag.download_dataset_task scheduled__2020-07-01T06:00:00+00:00 [queued]>
[2022-06-13 13:29:59,660] {taskinstance.py:1160} INFO - Dependencies all met for <TaskInstance: green_taxi_ingestion_gcs_dag.download_dataset_task scheduled__2020-07-01T06:00:00+00:00 [queued]>
[2022-06-13 13:29:59,662] {taskinstance.py:1357} INFO - 
--------------------------------------------------------------------------------
[2022-06-13 13:29:59,664] {taskinstance.py:1358} INFO - Starting attempt 1 of 1
[2022-06-13 13:29:59,665] {taskinstance.py:1359} INFO - 
--------------------------------------------------------------------------------
[2022-06-13 13:29:59,685] {taskinstance.py:1378} INFO - Executing <Task(BashOperator): download_dataset_task> on 2020-07-01 06:00:00+00:00
[2022-06-13 13:29:59,700] {standard_task_runner.py:52} INFO - Started process 1458 to run task
[2022-06-13 13:29:59,712] {standard_task_runner.py:79} INFO - Running: ['***', 'tasks', 'run', 'green_taxi_ingestion_gcs_dag', 'download_dataset_task', 'scheduled__2020-07-01T06:00:00+00:00', '--job-id', '809', '--raw', '--subdir', 'DAGS_FOLDER/green_taxi_ingestion.py', '--cfg-path', '/tmp/tmpenf3zl4p', '--error-file', '/tmp/tmpf__ip1wj']
[2022-06-13 13:29:59,716] {standard_task_runner.py:80} INFO - Job 809: Subtask download_dataset_task
[2022-06-13 13:29:59,875] {task_command.py:370} INFO - Running <TaskInstance: green_taxi_ingestion_gcs_dag.download_dataset_task scheduled__2020-07-01T06:00:00+00:00 [running]> on host 0825143a1170
[2022-06-13 13:29:59,981] {warnings.py:110} WARNING - /home/***/.local/lib/python3.7/site-packages/***/utils/context.py:202: AirflowContextDeprecationWarning: Accessing 'execution_date' from the template is deprecated and will be removed in a future version. Please use 'data_interval_start' or 'logical_date' instead.
  warnings.warn(_create_deprecation_warning(key, self._deprecation_replacements[key]))

[2022-06-13 13:30:00,047] {taskinstance.py:1572} INFO - Exporting the following env vars:
AIRFLOW_CTX_DAG_OWNER=***
AIRFLOW_CTX_DAG_ID=green_taxi_ingestion_gcs_dag
AIRFLOW_CTX_TASK_ID=download_dataset_task
AIRFLOW_CTX_EXECUTION_DATE=2020-07-01T06:00:00+00:00
AIRFLOW_CTX_TRY_NUMBER=1
AIRFLOW_CTX_DAG_RUN_ID=scheduled__2020-07-01T06:00:00+00:00
[2022-06-13 13:30:00,049] {subprocess.py:62} INFO - Tmp dir root location: 
 /tmp
[2022-06-13 13:30:00,054] {subprocess.py:74} INFO - Running command: ['bash', '-c', 'curl -sSL https://s3.amazonaws.com/nyc-tlc/trip+data/green_tripdata_2020-07.parquet > /opt/***/output_green_taxi_2020-07.parquet']
[2022-06-13 13:30:00,074] {subprocess.py:85} INFO - Output:
[2022-06-13 13:30:01,662] {subprocess.py:96} INFO - Command exited with return code 0
[2022-06-13 13:30:01,710] {taskinstance.py:1401} INFO - Marking task as SUCCESS. dag_id=green_taxi_ingestion_gcs_dag, task_id=download_dataset_task, execution_date=20200701T060000, start_date=20220613T132959, end_date=20220613T133001
[2022-06-13 13:30:01,789] {local_task_job.py:156} INFO - Task exited with return code 0
[2022-06-13 13:30:01,835] {local_task_job.py:273} INFO - 1 downstream tasks scheduled from follow-on schedule check
