[2022-07-18 23:54:59,767] {taskinstance.py:1160} INFO - Dependencies all met for <TaskInstance: local_to_gcs.format_to_parquet_task scheduled__1999-01-10T06:00:00+00:00 [queued]>
[2022-07-18 23:54:59,777] {taskinstance.py:1160} INFO - Dependencies all met for <TaskInstance: local_to_gcs.format_to_parquet_task scheduled__1999-01-10T06:00:00+00:00 [queued]>
[2022-07-18 23:54:59,779] {taskinstance.py:1357} INFO - 
--------------------------------------------------------------------------------
[2022-07-18 23:54:59,780] {taskinstance.py:1358} INFO - Starting attempt 1 of 1
[2022-07-18 23:54:59,783] {taskinstance.py:1359} INFO - 
--------------------------------------------------------------------------------
[2022-07-18 23:54:59,801] {taskinstance.py:1378} INFO - Executing <Task(PythonOperator): format_to_parquet_task> on 1999-01-10 06:00:00+00:00
[2022-07-18 23:54:59,813] {standard_task_runner.py:52} INFO - Started process 40612 to run task
[2022-07-18 23:54:59,819] {standard_task_runner.py:79} INFO - Running: ['***', 'tasks', 'run', 'local_to_gcs', 'format_to_parquet_task', 'scheduled__1999-01-10T06:00:00+00:00', '--job-id', '87', '--raw', '--subdir', 'DAGS_FOLDER/local_to_gcs.py', '--cfg-path', '/tmp/tmpls1v59tv', '--error-file', '/tmp/tmpnrdodhu0']
[2022-07-18 23:54:59,821] {standard_task_runner.py:80} INFO - Job 87: Subtask format_to_parquet_task
[2022-07-18 23:54:59,897] {task_command.py:370} INFO - Running <TaskInstance: local_to_gcs.format_to_parquet_task scheduled__1999-01-10T06:00:00+00:00 [running]> on host 32d1f26135d5
[2022-07-18 23:54:59,986] {taskinstance.py:1572} INFO - Exporting the following env vars:
AIRFLOW_CTX_DAG_OWNER=***
AIRFLOW_CTX_DAG_ID=local_to_gcs
AIRFLOW_CTX_TASK_ID=format_to_parquet_task
AIRFLOW_CTX_EXECUTION_DATE=1999-01-10T06:00:00+00:00
AIRFLOW_CTX_TRY_NUMBER=1
AIRFLOW_CTX_DAG_RUN_ID=scheduled__1999-01-10T06:00:00+00:00
[2022-07-18 23:55:20,214] {python.py:173} INFO - Done. Returned value was: None
[2022-07-18 23:55:20,270] {taskinstance.py:1401} INFO - Marking task as SUCCESS. dag_id=local_to_gcs, task_id=format_to_parquet_task, execution_date=19990110T060000, start_date=20220718T235459, end_date=20220718T235520
[2022-07-18 23:55:20,979] {local_task_job.py:221} WARNING - State of this instance has been externally set to success. Terminating instance.
[2022-07-18 23:55:21,025] {process_utils.py:129} INFO - Sending Signals.SIGTERM to group 40612. PIDs of all processes in the group: [40612]
[2022-07-18 23:55:21,035] {process_utils.py:80} INFO - Sending the signal Signals.SIGTERM to group 40612
[2022-07-18 23:55:21,313] {process_utils.py:75} INFO - Process psutil.Process(pid=40612, status='terminated', exitcode=0, started='23:54:59') (40612) terminated with exit code 0
