[2022-07-18 22:30:22,301] {taskinstance.py:1160} INFO - Dependencies all met for <TaskInstance: local_to_gcs.local_to_gcs_task manual__2022-07-18T22:30:17.370767+00:00 [queued]>
[2022-07-18 22:30:22,329] {taskinstance.py:1160} INFO - Dependencies all met for <TaskInstance: local_to_gcs.local_to_gcs_task manual__2022-07-18T22:30:17.370767+00:00 [queued]>
[2022-07-18 22:30:22,332] {taskinstance.py:1357} INFO - 
--------------------------------------------------------------------------------
[2022-07-18 22:30:22,335] {taskinstance.py:1358} INFO - Starting attempt 1 of 1
[2022-07-18 22:30:22,338] {taskinstance.py:1359} INFO - 
--------------------------------------------------------------------------------
[2022-07-18 22:30:22,365] {taskinstance.py:1378} INFO - Executing <Task(PythonOperator): local_to_gcs_task> on 2022-07-18 22:30:17.370767+00:00
[2022-07-18 22:30:22,384] {standard_task_runner.py:52} INFO - Started process 36380 to run task
[2022-07-18 22:30:22,393] {standard_task_runner.py:79} INFO - Running: ['***', 'tasks', 'run', 'local_to_gcs', 'local_to_gcs_task', 'manual__2022-07-18T22:30:17.370767+00:00', '--job-id', '28', '--raw', '--subdir', 'DAGS_FOLDER/local_to_gcs.py', '--cfg-path', '/tmp/tmpqqnrgipa', '--error-file', '/tmp/tmpv4p70ej1']
[2022-07-18 22:30:22,397] {standard_task_runner.py:80} INFO - Job 28: Subtask local_to_gcs_task
[2022-07-18 22:30:22,528] {task_command.py:370} INFO - Running <TaskInstance: local_to_gcs.local_to_gcs_task manual__2022-07-18T22:30:17.370767+00:00 [running]> on host 32d1f26135d5
[2022-07-18 22:30:23,442] {taskinstance.py:1572} INFO - Exporting the following env vars:
AIRFLOW_CTX_DAG_OWNER=***
AIRFLOW_CTX_DAG_ID=local_to_gcs
AIRFLOW_CTX_TASK_ID=local_to_gcs_task
AIRFLOW_CTX_EXECUTION_DATE=2022-07-18T22:30:17.370767+00:00
AIRFLOW_CTX_TRY_NUMBER=1
AIRFLOW_CTX_DAG_RUN_ID=manual__2022-07-18T22:30:17.370767+00:00
[2022-07-18 22:30:42,692] {python.py:173} INFO - Done. Returned value was: None
[2022-07-18 22:30:42,742] {taskinstance.py:1401} INFO - Marking task as SUCCESS. dag_id=local_to_gcs, task_id=local_to_gcs_task, execution_date=20220718T223017, start_date=20220718T223022, end_date=20220718T223042
[2022-07-18 22:30:42,853] {local_task_job.py:156} INFO - Task exited with return code 0
[2022-07-18 22:30:42,903] {local_task_job.py:273} INFO - 0 downstream tasks scheduled from follow-on schedule check
