[2022-07-18 23:22:49,354] {taskinstance.py:1160} INFO - Dependencies all met for <TaskInstance: local_to_gcs.format_to_parquet_task scheduled__2006-01-10T06:00:00+00:00 [queued]>
[2022-07-18 23:22:49,367] {taskinstance.py:1160} INFO - Dependencies all met for <TaskInstance: local_to_gcs.format_to_parquet_task scheduled__2006-01-10T06:00:00+00:00 [queued]>
[2022-07-18 23:22:49,369] {taskinstance.py:1357} INFO - 
--------------------------------------------------------------------------------
[2022-07-18 23:22:49,370] {taskinstance.py:1358} INFO - Starting attempt 1 of 1
[2022-07-18 23:22:49,371] {taskinstance.py:1359} INFO - 
--------------------------------------------------------------------------------
[2022-07-18 23:22:49,393] {taskinstance.py:1378} INFO - Executing <Task(PythonOperator): format_to_parquet_task> on 2006-01-10 06:00:00+00:00
[2022-07-18 23:22:49,403] {standard_task_runner.py:52} INFO - Started process 39102 to run task
[2022-07-18 23:22:49,413] {standard_task_runner.py:79} INFO - Running: ['***', 'tasks', 'run', 'local_to_gcs', 'format_to_parquet_task', 'scheduled__2006-01-10T06:00:00+00:00', '--job-id', '46', '--raw', '--subdir', 'DAGS_FOLDER/local_to_gcs.py', '--cfg-path', '/tmp/tmpqh7y7bl1', '--error-file', '/tmp/tmp95s9ycrs']
[2022-07-18 23:22:49,418] {standard_task_runner.py:80} INFO - Job 46: Subtask format_to_parquet_task
[2022-07-18 23:22:49,489] {task_command.py:370} INFO - Running <TaskInstance: local_to_gcs.format_to_parquet_task scheduled__2006-01-10T06:00:00+00:00 [running]> on host 32d1f26135d5
[2022-07-18 23:22:49,570] {taskinstance.py:1572} INFO - Exporting the following env vars:
AIRFLOW_CTX_DAG_OWNER=***
AIRFLOW_CTX_DAG_ID=local_to_gcs
AIRFLOW_CTX_TASK_ID=format_to_parquet_task
AIRFLOW_CTX_EXECUTION_DATE=2006-01-10T06:00:00+00:00
AIRFLOW_CTX_TRY_NUMBER=1
AIRFLOW_CTX_DAG_RUN_ID=scheduled__2006-01-10T06:00:00+00:00
[2022-07-18 23:25:05,480] {python.py:173} INFO - Done. Returned value was: None
[2022-07-18 23:25:07,424] {taskinstance.py:1401} INFO - Marking task as SUCCESS. dag_id=local_to_gcs, task_id=format_to_parquet_task, execution_date=20060110T060000, start_date=20220718T232249, end_date=20220718T232507
[2022-07-18 23:25:12,397] {local_task_job.py:221} WARNING - State of this instance has been externally set to success. Terminating instance.
[2022-07-18 23:25:12,547] {process_utils.py:129} INFO - Sending Signals.SIGTERM to group 39102. PIDs of all processes in the group: [39102]
[2022-07-18 23:25:12,553] {process_utils.py:80} INFO - Sending the signal Signals.SIGTERM to group 39102
[2022-07-18 23:25:19,841] {process_utils.py:75} INFO - Process psutil.Process(pid=39102, status='terminated', exitcode=0, started='23:22:48') (39102) terminated with exit code 0
