[2022-06-13 13:18:20,144] {taskinstance.py:1160} INFO - Dependencies all met for <TaskInstance: green_taxi_ingestion_gcs_dag.download_dataset_task scheduled__2021-02-01T06:00:00+00:00 [queued]>
[2022-06-13 13:18:20,157] {taskinstance.py:1160} INFO - Dependencies all met for <TaskInstance: green_taxi_ingestion_gcs_dag.download_dataset_task scheduled__2021-02-01T06:00:00+00:00 [queued]>
[2022-06-13 13:18:20,159] {taskinstance.py:1357} INFO - 
--------------------------------------------------------------------------------
[2022-06-13 13:18:20,160] {taskinstance.py:1358} INFO - Starting attempt 1 of 1
[2022-06-13 13:18:20,162] {taskinstance.py:1359} INFO - 
--------------------------------------------------------------------------------
[2022-06-13 13:18:20,175] {taskinstance.py:1378} INFO - Executing <Task(BashOperator): download_dataset_task> on 2021-02-01 06:00:00+00:00
[2022-06-13 13:18:20,185] {standard_task_runner.py:52} INFO - Started process 445 to run task
[2022-06-13 13:18:20,193] {standard_task_runner.py:79} INFO - Running: ['***', 'tasks', 'run', 'green_taxi_ingestion_gcs_dag', 'download_dataset_task', 'scheduled__2021-02-01T06:00:00+00:00', '--job-id', '724', '--raw', '--subdir', 'DAGS_FOLDER/green_taxi_ingestion.py', '--cfg-path', '/tmp/tmpmw46p8kt', '--error-file', '/tmp/tmpp0edi3o1']
[2022-06-13 13:18:20,196] {standard_task_runner.py:80} INFO - Job 724: Subtask download_dataset_task
[2022-06-13 13:18:20,263] {task_command.py:370} INFO - Running <TaskInstance: green_taxi_ingestion_gcs_dag.download_dataset_task scheduled__2021-02-01T06:00:00+00:00 [running]> on host 0825143a1170
[2022-06-13 13:18:20,292] {warnings.py:110} WARNING - /home/***/.local/lib/python3.7/site-packages/***/utils/context.py:202: AirflowContextDeprecationWarning: Accessing 'execution_date' from the template is deprecated and will be removed in a future version. Please use 'data_interval_start' or 'logical_date' instead.
  warnings.warn(_create_deprecation_warning(key, self._deprecation_replacements[key]))

[2022-06-13 13:18:20,317] {taskinstance.py:1572} INFO - Exporting the following env vars:
AIRFLOW_CTX_DAG_OWNER=***
AIRFLOW_CTX_DAG_ID=green_taxi_ingestion_gcs_dag
AIRFLOW_CTX_TASK_ID=download_dataset_task
AIRFLOW_CTX_EXECUTION_DATE=2021-02-01T06:00:00+00:00
AIRFLOW_CTX_TRY_NUMBER=1
AIRFLOW_CTX_DAG_RUN_ID=scheduled__2021-02-01T06:00:00+00:00
[2022-06-13 13:18:20,318] {subprocess.py:62} INFO - Tmp dir root location: 
 /tmp
[2022-06-13 13:18:20,320] {subprocess.py:74} INFO - Running command: ['bash', '-c', 'curl -sSL https://s3.amazonaws.com/nyc-tlc/trip+data/green_tripdata_2021-02.parquet > /opt/***/output_green_taxi_2021-02.parquet']
[2022-06-13 13:18:20,340] {subprocess.py:85} INFO - Output:
[2022-06-13 13:18:21,860] {subprocess.py:96} INFO - Command exited with return code 0
[2022-06-13 13:18:21,914] {taskinstance.py:1401} INFO - Marking task as SUCCESS. dag_id=green_taxi_ingestion_gcs_dag, task_id=download_dataset_task, execution_date=20210201T060000, start_date=20220613T131820, end_date=20220613T131821
[2022-06-13 13:18:21,976] {local_task_job.py:156} INFO - Task exited with return code 0
[2022-06-13 13:18:22,070] {local_task_job.py:273} INFO - 1 downstream tasks scheduled from follow-on schedule check
[2022-06-13 13:30:13,945] {taskinstance.py:1160} INFO - Dependencies all met for <TaskInstance: green_taxi_ingestion_gcs_dag.download_dataset_task scheduled__2021-02-01T06:00:00+00:00 [queued]>
[2022-06-13 13:30:13,959] {taskinstance.py:1160} INFO - Dependencies all met for <TaskInstance: green_taxi_ingestion_gcs_dag.download_dataset_task scheduled__2021-02-01T06:00:00+00:00 [queued]>
[2022-06-13 13:30:13,961] {taskinstance.py:1357} INFO - 
--------------------------------------------------------------------------------
[2022-06-13 13:30:13,963] {taskinstance.py:1358} INFO - Starting attempt 1 of 1
[2022-06-13 13:30:13,964] {taskinstance.py:1359} INFO - 
--------------------------------------------------------------------------------
[2022-06-13 13:30:13,981] {taskinstance.py:1378} INFO - Executing <Task(BashOperator): download_dataset_task> on 2021-02-01 06:00:00+00:00
[2022-06-13 13:30:13,997] {standard_task_runner.py:52} INFO - Started process 1526 to run task
[2022-06-13 13:30:14,001] {standard_task_runner.py:79} INFO - Running: ['***', 'tasks', 'run', 'green_taxi_ingestion_gcs_dag', 'download_dataset_task', 'scheduled__2021-02-01T06:00:00+00:00', '--job-id', '822', '--raw', '--subdir', 'DAGS_FOLDER/green_taxi_ingestion.py', '--cfg-path', '/tmp/tmpbsywaws8', '--error-file', '/tmp/tmppozdd7e5']
[2022-06-13 13:30:14,003] {standard_task_runner.py:80} INFO - Job 822: Subtask download_dataset_task
[2022-06-13 13:30:14,074] {task_command.py:370} INFO - Running <TaskInstance: green_taxi_ingestion_gcs_dag.download_dataset_task scheduled__2021-02-01T06:00:00+00:00 [running]> on host 0825143a1170
[2022-06-13 13:30:14,129] {warnings.py:110} WARNING - /home/***/.local/lib/python3.7/site-packages/***/utils/context.py:202: AirflowContextDeprecationWarning: Accessing 'execution_date' from the template is deprecated and will be removed in a future version. Please use 'data_interval_start' or 'logical_date' instead.
  warnings.warn(_create_deprecation_warning(key, self._deprecation_replacements[key]))

[2022-06-13 13:30:14,163] {taskinstance.py:1572} INFO - Exporting the following env vars:
AIRFLOW_CTX_DAG_OWNER=***
AIRFLOW_CTX_DAG_ID=green_taxi_ingestion_gcs_dag
AIRFLOW_CTX_TASK_ID=download_dataset_task
AIRFLOW_CTX_EXECUTION_DATE=2021-02-01T06:00:00+00:00
AIRFLOW_CTX_TRY_NUMBER=1
AIRFLOW_CTX_DAG_RUN_ID=scheduled__2021-02-01T06:00:00+00:00
[2022-06-13 13:30:14,166] {subprocess.py:62} INFO - Tmp dir root location: 
 /tmp
[2022-06-13 13:30:14,167] {subprocess.py:74} INFO - Running command: ['bash', '-c', 'curl -sSL https://s3.amazonaws.com/nyc-tlc/trip+data/green_tripdata_2021-02.parquet > /opt/***/output_green_taxi_2021-02.parquet']
[2022-06-13 13:30:14,184] {subprocess.py:85} INFO - Output:
[2022-06-13 13:30:15,881] {subprocess.py:96} INFO - Command exited with return code 0
[2022-06-13 13:30:15,964] {taskinstance.py:1401} INFO - Marking task as SUCCESS. dag_id=green_taxi_ingestion_gcs_dag, task_id=download_dataset_task, execution_date=20210201T060000, start_date=20220613T133013, end_date=20220613T133015
[2022-06-13 13:30:16,027] {local_task_job.py:156} INFO - Task exited with return code 0
[2022-06-13 13:30:16,089] {local_task_job.py:273} INFO - 0 downstream tasks scheduled from follow-on schedule check
