[2022-06-13 13:18:22,601] {taskinstance.py:1160} INFO - Dependencies all met for <TaskInstance: green_taxi_ingestion_gcs_dag.local_to_gcs_task scheduled__2020-12-01T06:00:00+00:00 [queued]>
[2022-06-13 13:18:22,610] {taskinstance.py:1160} INFO - Dependencies all met for <TaskInstance: green_taxi_ingestion_gcs_dag.local_to_gcs_task scheduled__2020-12-01T06:00:00+00:00 [queued]>
[2022-06-13 13:18:22,611] {taskinstance.py:1357} INFO - 
--------------------------------------------------------------------------------
[2022-06-13 13:18:22,612] {taskinstance.py:1358} INFO - Starting attempt 1 of 1
[2022-06-13 13:18:22,613] {taskinstance.py:1359} INFO - 
--------------------------------------------------------------------------------
[2022-06-13 13:18:22,623] {taskinstance.py:1378} INFO - Executing <Task(PythonOperator): local_to_gcs_task> on 2020-12-01 06:00:00+00:00
[2022-06-13 13:18:22,631] {standard_task_runner.py:52} INFO - Started process 472 to run task
[2022-06-13 13:18:22,638] {standard_task_runner.py:79} INFO - Running: ['***', 'tasks', 'run', 'green_taxi_ingestion_gcs_dag', 'local_to_gcs_task', 'scheduled__2020-12-01T06:00:00+00:00', '--job-id', '725', '--raw', '--subdir', 'DAGS_FOLDER/green_taxi_ingestion.py', '--cfg-path', '/tmp/tmp8w2i8xgr', '--error-file', '/tmp/tmp5fv090e4']
[2022-06-13 13:18:22,641] {standard_task_runner.py:80} INFO - Job 725: Subtask local_to_gcs_task
[2022-06-13 13:18:22,695] {task_command.py:370} INFO - Running <TaskInstance: green_taxi_ingestion_gcs_dag.local_to_gcs_task scheduled__2020-12-01T06:00:00+00:00 [running]> on host 0825143a1170
[2022-06-13 13:18:22,724] {warnings.py:110} WARNING - /home/***/.local/lib/python3.7/site-packages/***/utils/context.py:202: AirflowContextDeprecationWarning: Accessing 'execution_date' from the template is deprecated and will be removed in a future version. Please use 'data_interval_start' or 'logical_date' instead.
  warnings.warn(_create_deprecation_warning(key, self._deprecation_replacements[key]))

[2022-06-13 13:18:22,758] {taskinstance.py:1572} INFO - Exporting the following env vars:
AIRFLOW_CTX_DAG_OWNER=***
AIRFLOW_CTX_DAG_ID=green_taxi_ingestion_gcs_dag
AIRFLOW_CTX_TASK_ID=local_to_gcs_task
AIRFLOW_CTX_EXECUTION_DATE=2020-12-01T06:00:00+00:00
AIRFLOW_CTX_TRY_NUMBER=1
AIRFLOW_CTX_DAG_RUN_ID=scheduled__2020-12-01T06:00:00+00:00
[2022-06-13 13:18:23,269] {python.py:173} INFO - Done. Returned value was: None
[2022-06-13 13:18:23,352] {taskinstance.py:1401} INFO - Marking task as SUCCESS. dag_id=green_taxi_ingestion_gcs_dag, task_id=local_to_gcs_task, execution_date=20201201T060000, start_date=20220613T131822, end_date=20220613T131823
[2022-06-13 13:18:23,430] {local_task_job.py:156} INFO - Task exited with return code 0
[2022-06-13 13:18:23,498] {local_task_job.py:273} INFO - 0 downstream tasks scheduled from follow-on schedule check
[2022-06-13 13:30:13,819] {taskinstance.py:1160} INFO - Dependencies all met for <TaskInstance: green_taxi_ingestion_gcs_dag.local_to_gcs_task scheduled__2020-12-01T06:00:00+00:00 [queued]>
[2022-06-13 13:30:13,830] {taskinstance.py:1160} INFO - Dependencies all met for <TaskInstance: green_taxi_ingestion_gcs_dag.local_to_gcs_task scheduled__2020-12-01T06:00:00+00:00 [queued]>
[2022-06-13 13:30:13,831] {taskinstance.py:1357} INFO - 
--------------------------------------------------------------------------------
[2022-06-13 13:30:13,831] {taskinstance.py:1358} INFO - Starting attempt 1 of 1
[2022-06-13 13:30:13,832] {taskinstance.py:1359} INFO - 
--------------------------------------------------------------------------------
[2022-06-13 13:30:13,847] {taskinstance.py:1378} INFO - Executing <Task(PythonOperator): local_to_gcs_task> on 2020-12-01 06:00:00+00:00
[2022-06-13 13:30:13,855] {standard_task_runner.py:52} INFO - Started process 1524 to run task
[2022-06-13 13:30:13,862] {standard_task_runner.py:79} INFO - Running: ['***', 'tasks', 'run', 'green_taxi_ingestion_gcs_dag', 'local_to_gcs_task', 'scheduled__2020-12-01T06:00:00+00:00', '--job-id', '821', '--raw', '--subdir', 'DAGS_FOLDER/green_taxi_ingestion.py', '--cfg-path', '/tmp/tmp0hgvhaq9', '--error-file', '/tmp/tmp91glo52b']
[2022-06-13 13:30:13,866] {standard_task_runner.py:80} INFO - Job 821: Subtask local_to_gcs_task
[2022-06-13 13:30:13,954] {task_command.py:370} INFO - Running <TaskInstance: green_taxi_ingestion_gcs_dag.local_to_gcs_task scheduled__2020-12-01T06:00:00+00:00 [running]> on host 0825143a1170
[2022-06-13 13:30:13,996] {warnings.py:110} WARNING - /home/***/.local/lib/python3.7/site-packages/***/utils/context.py:202: AirflowContextDeprecationWarning: Accessing 'execution_date' from the template is deprecated and will be removed in a future version. Please use 'data_interval_start' or 'logical_date' instead.
  warnings.warn(_create_deprecation_warning(key, self._deprecation_replacements[key]))

[2022-06-13 13:30:14,035] {taskinstance.py:1572} INFO - Exporting the following env vars:
AIRFLOW_CTX_DAG_OWNER=***
AIRFLOW_CTX_DAG_ID=green_taxi_ingestion_gcs_dag
AIRFLOW_CTX_TASK_ID=local_to_gcs_task
AIRFLOW_CTX_EXECUTION_DATE=2020-12-01T06:00:00+00:00
AIRFLOW_CTX_TRY_NUMBER=1
AIRFLOW_CTX_DAG_RUN_ID=scheduled__2020-12-01T06:00:00+00:00
[2022-06-13 13:30:14,500] {python.py:173} INFO - Done. Returned value was: None
[2022-06-13 13:30:14,532] {taskinstance.py:1401} INFO - Marking task as SUCCESS. dag_id=green_taxi_ingestion_gcs_dag, task_id=local_to_gcs_task, execution_date=20201201T060000, start_date=20220613T133013, end_date=20220613T133014
[2022-06-13 13:30:14,564] {local_task_job.py:156} INFO - Task exited with return code 0
[2022-06-13 13:30:14,611] {local_task_job.py:273} INFO - 0 downstream tasks scheduled from follow-on schedule check
