[2022-07-18 23:46:13,011] {taskinstance.py:1160} INFO - Dependencies all met for <TaskInstance: local_to_gcs.local_to_gcs_task scheduled__2003-01-10T06:00:00+00:00 [queued]>
[2022-07-18 23:46:13,021] {taskinstance.py:1160} INFO - Dependencies all met for <TaskInstance: local_to_gcs.local_to_gcs_task scheduled__2003-01-10T06:00:00+00:00 [queued]>
[2022-07-18 23:46:13,022] {taskinstance.py:1357} INFO - 
--------------------------------------------------------------------------------
[2022-07-18 23:46:13,023] {taskinstance.py:1358} INFO - Starting attempt 2 of 2
[2022-07-18 23:46:13,024] {taskinstance.py:1359} INFO - 
--------------------------------------------------------------------------------
[2022-07-18 23:46:13,042] {taskinstance.py:1378} INFO - Executing <Task(PythonOperator): local_to_gcs_task> on 2003-01-10 06:00:00+00:00
[2022-07-18 23:46:13,051] {standard_task_runner.py:52} INFO - Started process 40141 to run task
[2022-07-18 23:46:13,056] {standard_task_runner.py:79} INFO - Running: ['***', 'tasks', 'run', 'local_to_gcs', 'local_to_gcs_task', 'scheduled__2003-01-10T06:00:00+00:00', '--job-id', '75', '--raw', '--subdir', 'DAGS_FOLDER/local_to_gcs.py', '--cfg-path', '/tmp/tmpzfzwdfb4', '--error-file', '/tmp/tmp8t7rs5fg']
[2022-07-18 23:46:13,058] {standard_task_runner.py:80} INFO - Job 75: Subtask local_to_gcs_task
[2022-07-18 23:46:13,142] {task_command.py:370} INFO - Running <TaskInstance: local_to_gcs.local_to_gcs_task scheduled__2003-01-10T06:00:00+00:00 [running]> on host 32d1f26135d5
[2022-07-18 23:46:13,227] {taskinstance.py:1572} INFO - Exporting the following env vars:
AIRFLOW_CTX_DAG_OWNER=***
AIRFLOW_CTX_DAG_ID=local_to_gcs
AIRFLOW_CTX_TASK_ID=local_to_gcs_task
AIRFLOW_CTX_EXECUTION_DATE=2003-01-10T06:00:00+00:00
AIRFLOW_CTX_TRY_NUMBER=2
AIRFLOW_CTX_DAG_RUN_ID=scheduled__2003-01-10T06:00:00+00:00
[2022-07-18 23:46:17,559] {python.py:173} INFO - Done. Returned value was: None
[2022-07-18 23:46:17,605] {taskinstance.py:1401} INFO - Marking task as SUCCESS. dag_id=local_to_gcs, task_id=local_to_gcs_task, execution_date=20030110T060000, start_date=20220718T234613, end_date=20220718T234617
[2022-07-18 23:46:17,684] {local_task_job.py:156} INFO - Task exited with return code 0
[2022-07-18 23:46:17,746] {local_task_job.py:273} INFO - 0 downstream tasks scheduled from follow-on schedule check
