[2022-06-13 13:18:25,194] {taskinstance.py:1160} INFO - Dependencies all met for <TaskInstance: green_taxi_ingestion_gcs_dag.download_dataset_task scheduled__2021-05-01T06:00:00+00:00 [queued]>
[2022-06-13 13:18:25,205] {taskinstance.py:1160} INFO - Dependencies all met for <TaskInstance: green_taxi_ingestion_gcs_dag.download_dataset_task scheduled__2021-05-01T06:00:00+00:00 [queued]>
[2022-06-13 13:18:25,207] {taskinstance.py:1357} INFO - 
--------------------------------------------------------------------------------
[2022-06-13 13:18:25,208] {taskinstance.py:1358} INFO - Starting attempt 1 of 1
[2022-06-13 13:18:25,210] {taskinstance.py:1359} INFO - 
--------------------------------------------------------------------------------
[2022-06-13 13:18:25,222] {taskinstance.py:1378} INFO - Executing <Task(BashOperator): download_dataset_task> on 2021-05-01 06:00:00+00:00
[2022-06-13 13:18:25,229] {standard_task_runner.py:52} INFO - Started process 481 to run task
[2022-06-13 13:18:25,234] {standard_task_runner.py:79} INFO - Running: ['***', 'tasks', 'run', 'green_taxi_ingestion_gcs_dag', 'download_dataset_task', 'scheduled__2021-05-01T06:00:00+00:00', '--job-id', '730', '--raw', '--subdir', 'DAGS_FOLDER/green_taxi_ingestion.py', '--cfg-path', '/tmp/tmpce2bdpqt', '--error-file', '/tmp/tmp7f93uj_a']
[2022-06-13 13:18:25,235] {standard_task_runner.py:80} INFO - Job 730: Subtask download_dataset_task
[2022-06-13 13:18:25,314] {task_command.py:370} INFO - Running <TaskInstance: green_taxi_ingestion_gcs_dag.download_dataset_task scheduled__2021-05-01T06:00:00+00:00 [running]> on host 0825143a1170
[2022-06-13 13:18:25,347] {warnings.py:110} WARNING - /home/***/.local/lib/python3.7/site-packages/***/utils/context.py:202: AirflowContextDeprecationWarning: Accessing 'execution_date' from the template is deprecated and will be removed in a future version. Please use 'data_interval_start' or 'logical_date' instead.
  warnings.warn(_create_deprecation_warning(key, self._deprecation_replacements[key]))

[2022-06-13 13:18:25,373] {taskinstance.py:1572} INFO - Exporting the following env vars:
AIRFLOW_CTX_DAG_OWNER=***
AIRFLOW_CTX_DAG_ID=green_taxi_ingestion_gcs_dag
AIRFLOW_CTX_TASK_ID=download_dataset_task
AIRFLOW_CTX_EXECUTION_DATE=2021-05-01T06:00:00+00:00
AIRFLOW_CTX_TRY_NUMBER=1
AIRFLOW_CTX_DAG_RUN_ID=scheduled__2021-05-01T06:00:00+00:00
[2022-06-13 13:18:25,375] {subprocess.py:62} INFO - Tmp dir root location: 
 /tmp
[2022-06-13 13:18:25,377] {subprocess.py:74} INFO - Running command: ['bash', '-c', 'curl -sSL https://s3.amazonaws.com/nyc-tlc/trip+data/green_tripdata_2021-05.parquet > /opt/***/output_green_taxi_2021-05.parquet']
[2022-06-13 13:18:25,389] {subprocess.py:85} INFO - Output:
[2022-06-13 13:18:27,036] {subprocess.py:96} INFO - Command exited with return code 0
[2022-06-13 13:18:27,111] {taskinstance.py:1401} INFO - Marking task as SUCCESS. dag_id=green_taxi_ingestion_gcs_dag, task_id=download_dataset_task, execution_date=20210501T060000, start_date=20220613T131825, end_date=20220613T131827
[2022-06-13 13:18:27,188] {local_task_job.py:156} INFO - Task exited with return code 0
[2022-06-13 13:18:27,363] {local_task_job.py:273} INFO - 0 downstream tasks scheduled from follow-on schedule check
[2022-06-13 13:30:19,385] {taskinstance.py:1160} INFO - Dependencies all met for <TaskInstance: green_taxi_ingestion_gcs_dag.download_dataset_task scheduled__2021-05-01T06:00:00+00:00 [queued]>
[2022-06-13 13:30:19,394] {taskinstance.py:1160} INFO - Dependencies all met for <TaskInstance: green_taxi_ingestion_gcs_dag.download_dataset_task scheduled__2021-05-01T06:00:00+00:00 [queued]>
[2022-06-13 13:30:19,395] {taskinstance.py:1357} INFO - 
--------------------------------------------------------------------------------
[2022-06-13 13:30:19,397] {taskinstance.py:1358} INFO - Starting attempt 1 of 1
[2022-06-13 13:30:19,398] {taskinstance.py:1359} INFO - 
--------------------------------------------------------------------------------
[2022-06-13 13:30:19,412] {taskinstance.py:1378} INFO - Executing <Task(BashOperator): download_dataset_task> on 2021-05-01 06:00:00+00:00
[2022-06-13 13:30:19,424] {standard_task_runner.py:52} INFO - Started process 1553 to run task
[2022-06-13 13:30:19,427] {standard_task_runner.py:79} INFO - Running: ['***', 'tasks', 'run', 'green_taxi_ingestion_gcs_dag', 'download_dataset_task', 'scheduled__2021-05-01T06:00:00+00:00', '--job-id', '828', '--raw', '--subdir', 'DAGS_FOLDER/green_taxi_ingestion.py', '--cfg-path', '/tmp/tmp5ecjxnio', '--error-file', '/tmp/tmpwm51oj1i']
[2022-06-13 13:30:19,430] {standard_task_runner.py:80} INFO - Job 828: Subtask download_dataset_task
[2022-06-13 13:30:19,500] {task_command.py:370} INFO - Running <TaskInstance: green_taxi_ingestion_gcs_dag.download_dataset_task scheduled__2021-05-01T06:00:00+00:00 [running]> on host 0825143a1170
[2022-06-13 13:30:19,565] {warnings.py:110} WARNING - /home/***/.local/lib/python3.7/site-packages/***/utils/context.py:202: AirflowContextDeprecationWarning: Accessing 'execution_date' from the template is deprecated and will be removed in a future version. Please use 'data_interval_start' or 'logical_date' instead.
  warnings.warn(_create_deprecation_warning(key, self._deprecation_replacements[key]))

[2022-06-13 13:30:19,600] {taskinstance.py:1572} INFO - Exporting the following env vars:
AIRFLOW_CTX_DAG_OWNER=***
AIRFLOW_CTX_DAG_ID=green_taxi_ingestion_gcs_dag
AIRFLOW_CTX_TASK_ID=download_dataset_task
AIRFLOW_CTX_EXECUTION_DATE=2021-05-01T06:00:00+00:00
AIRFLOW_CTX_TRY_NUMBER=1
AIRFLOW_CTX_DAG_RUN_ID=scheduled__2021-05-01T06:00:00+00:00
[2022-06-13 13:30:19,602] {subprocess.py:62} INFO - Tmp dir root location: 
 /tmp
[2022-06-13 13:30:19,603] {subprocess.py:74} INFO - Running command: ['bash', '-c', 'curl -sSL https://s3.amazonaws.com/nyc-tlc/trip+data/green_tripdata_2021-05.parquet > /opt/***/output_green_taxi_2021-05.parquet']
[2022-06-13 13:30:19,620] {subprocess.py:85} INFO - Output:
[2022-06-13 13:30:21,281] {subprocess.py:96} INFO - Command exited with return code 0
[2022-06-13 13:30:21,319] {taskinstance.py:1401} INFO - Marking task as SUCCESS. dag_id=green_taxi_ingestion_gcs_dag, task_id=download_dataset_task, execution_date=20210501T060000, start_date=20220613T133019, end_date=20220613T133021
[2022-06-13 13:30:21,354] {local_task_job.py:156} INFO - Task exited with return code 0
[2022-06-13 13:30:21,403] {local_task_job.py:273} INFO - 1 downstream tasks scheduled from follow-on schedule check
