[2022-06-03 00:00:11,878] {taskinstance.py:1160} INFO - Dependencies all met for <TaskInstance: gcs_2_bq_dag.bq_create_fhvhv_tripdata_partitioned_table_task scheduled__2022-06-02T00:00:00+00:00 [queued]>
[2022-06-03 00:00:11,912] {taskinstance.py:1160} INFO - Dependencies all met for <TaskInstance: gcs_2_bq_dag.bq_create_fhvhv_tripdata_partitioned_table_task scheduled__2022-06-02T00:00:00+00:00 [queued]>
[2022-06-03 00:00:11,915] {taskinstance.py:1357} INFO - 
--------------------------------------------------------------------------------
[2022-06-03 00:00:11,929] {taskinstance.py:1358} INFO - Starting attempt 1 of 2
[2022-06-03 00:00:11,932] {taskinstance.py:1359} INFO - 
--------------------------------------------------------------------------------
[2022-06-03 00:00:11,960] {taskinstance.py:1378} INFO - Executing <Task(BigQueryInsertJobOperator): bq_create_fhvhv_tripdata_partitioned_table_task> on 2022-06-02 00:00:00+00:00
[2022-06-03 00:00:11,974] {standard_task_runner.py:52} INFO - Started process 73437 to run task
[2022-06-03 00:00:11,980] {standard_task_runner.py:79} INFO - Running: ['***', 'tasks', 'run', 'gcs_2_bq_dag', 'bq_create_fhvhv_tripdata_partitioned_table_task', 'scheduled__2022-06-02T00:00:00+00:00', '--job-id', '546', '--raw', '--subdir', 'DAGS_FOLDER/gcs_to_bq_dag.py', '--cfg-path', '/tmp/tmp19vwwfan', '--error-file', '/tmp/tmp6_em_uff']
[2022-06-03 00:00:11,986] {standard_task_runner.py:80} INFO - Job 546: Subtask bq_create_fhvhv_tripdata_partitioned_table_task
[2022-06-03 00:00:12,083] {task_command.py:370} INFO - Running <TaskInstance: gcs_2_bq_dag.bq_create_fhvhv_tripdata_partitioned_table_task scheduled__2022-06-02T00:00:00+00:00 [running]> on host 80b81dda36ea
[2022-06-03 00:00:12,214] {taskinstance.py:1572} INFO - Exporting the following env vars:
AIRFLOW_CTX_DAG_OWNER=***
AIRFLOW_CTX_DAG_ID=gcs_2_bq_dag
AIRFLOW_CTX_TASK_ID=bq_create_fhvhv_tripdata_partitioned_table_task
AIRFLOW_CTX_EXECUTION_DATE=2022-06-02T00:00:00+00:00
AIRFLOW_CTX_TRY_NUMBER=1
AIRFLOW_CTX_DAG_RUN_ID=scheduled__2022-06-02T00:00:00+00:00
[2022-06-03 00:00:12,225] {crypto.py:82} WARNING - empty cryptography key - values will not be stored encrypted.
[2022-06-03 00:00:12,227] {base.py:68} INFO - Using connection ID 'google_cloud_default' for task execution.
[2022-06-03 00:00:12,231] {warnings.py:110} WARNING - /home/***/.local/lib/python3.7/site-packages/***/utils/context.py:202: AirflowContextDeprecationWarning: Accessing 'execution_date' from the template is deprecated and will be removed in a future version. Please use 'data_interval_start' or 'logical_date' instead.
  warnings.warn(_create_deprecation_warning(key, self._deprecation_replacements[key]))

[2022-06-03 00:00:12,234] {bigquery.py:2148} INFO - Executing: {'query': {'query': 'CREATE OR REPLACE TABLE trips_data_all.fhvhv_tripdata                 PARTITION BY DATETIME_TRUNC(pickup_datetime, MONTH)                     AS                     SELECT *                     REPLACE(NULL AS airport_fee)                FROM trips_data_all.fhvhv_tripdata_external_table;', 'useLegacySql': False}}
[2022-06-03 00:00:12,249] {bigquery.py:1538} INFO - Inserting job ***_gcs_2_bq_dag_bq_create_fhvhv_tripdata_partitioned_table_task_2022_06_02T00_00_00_00_00_bc7bcb2dba093f9ef8d5d94b5fc0a737
[2022-06-03 00:01:52,369] {taskinstance.py:1401} INFO - Marking task as SUCCESS. dag_id=gcs_2_bq_dag, task_id=bq_create_fhvhv_tripdata_partitioned_table_task, execution_date=20220602T000000, start_date=20220603T000011, end_date=20220603T000152
[2022-06-03 00:01:52,424] {local_task_job.py:156} INFO - Task exited with return code 0
[2022-06-03 00:01:52,465] {local_task_job.py:273} INFO - 0 downstream tasks scheduled from follow-on schedule check
