[2022-06-13 13:18:37,760] {taskinstance.py:1160} INFO - Dependencies all met for <TaskInstance: green_taxi_ingestion_gcs_dag.local_to_gcs_task scheduled__2021-09-01T06:00:00+00:00 [queued]>
[2022-06-13 13:18:37,768] {taskinstance.py:1160} INFO - Dependencies all met for <TaskInstance: green_taxi_ingestion_gcs_dag.local_to_gcs_task scheduled__2021-09-01T06:00:00+00:00 [queued]>
[2022-06-13 13:18:37,769] {taskinstance.py:1357} INFO - 
--------------------------------------------------------------------------------
[2022-06-13 13:18:37,770] {taskinstance.py:1358} INFO - Starting attempt 1 of 1
[2022-06-13 13:18:37,771] {taskinstance.py:1359} INFO - 
--------------------------------------------------------------------------------
[2022-06-13 13:18:37,780] {taskinstance.py:1378} INFO - Executing <Task(PythonOperator): local_to_gcs_task> on 2021-09-01 06:00:00+00:00
[2022-06-13 13:18:37,787] {standard_task_runner.py:52} INFO - Started process 551 to run task
[2022-06-13 13:18:37,790] {standard_task_runner.py:79} INFO - Running: ['***', 'tasks', 'run', 'green_taxi_ingestion_gcs_dag', 'local_to_gcs_task', 'scheduled__2021-09-01T06:00:00+00:00', '--job-id', '742', '--raw', '--subdir', 'DAGS_FOLDER/green_taxi_ingestion.py', '--cfg-path', '/tmp/tmpnio570io', '--error-file', '/tmp/tmpvv7zq4qu']
[2022-06-13 13:18:37,793] {standard_task_runner.py:80} INFO - Job 742: Subtask local_to_gcs_task
[2022-06-13 13:18:37,845] {task_command.py:370} INFO - Running <TaskInstance: green_taxi_ingestion_gcs_dag.local_to_gcs_task scheduled__2021-09-01T06:00:00+00:00 [running]> on host 0825143a1170
[2022-06-13 13:18:37,874] {warnings.py:110} WARNING - /home/***/.local/lib/python3.7/site-packages/***/utils/context.py:202: AirflowContextDeprecationWarning: Accessing 'execution_date' from the template is deprecated and will be removed in a future version. Please use 'data_interval_start' or 'logical_date' instead.
  warnings.warn(_create_deprecation_warning(key, self._deprecation_replacements[key]))

[2022-06-13 13:18:37,909] {taskinstance.py:1572} INFO - Exporting the following env vars:
AIRFLOW_CTX_DAG_OWNER=***
AIRFLOW_CTX_DAG_ID=green_taxi_ingestion_gcs_dag
AIRFLOW_CTX_TASK_ID=local_to_gcs_task
AIRFLOW_CTX_EXECUTION_DATE=2021-09-01T06:00:00+00:00
AIRFLOW_CTX_TRY_NUMBER=1
AIRFLOW_CTX_DAG_RUN_ID=scheduled__2021-09-01T06:00:00+00:00
[2022-06-13 13:18:38,439] {python.py:173} INFO - Done. Returned value was: None
[2022-06-13 13:18:38,475] {taskinstance.py:1401} INFO - Marking task as SUCCESS. dag_id=green_taxi_ingestion_gcs_dag, task_id=local_to_gcs_task, execution_date=20210901T060000, start_date=20220613T131837, end_date=20220613T131838
[2022-06-13 13:18:38,508] {local_task_job.py:156} INFO - Task exited with return code 0
[2022-06-13 13:18:38,557] {local_task_job.py:273} INFO - 0 downstream tasks scheduled from follow-on schedule check
[2022-06-13 13:30:34,396] {taskinstance.py:1160} INFO - Dependencies all met for <TaskInstance: green_taxi_ingestion_gcs_dag.local_to_gcs_task scheduled__2021-09-01T06:00:00+00:00 [queued]>
[2022-06-13 13:30:34,453] {taskinstance.py:1160} INFO - Dependencies all met for <TaskInstance: green_taxi_ingestion_gcs_dag.local_to_gcs_task scheduled__2021-09-01T06:00:00+00:00 [queued]>
[2022-06-13 13:30:34,458] {taskinstance.py:1357} INFO - 
--------------------------------------------------------------------------------
[2022-06-13 13:30:34,461] {taskinstance.py:1358} INFO - Starting attempt 1 of 1
[2022-06-13 13:30:34,466] {taskinstance.py:1359} INFO - 
--------------------------------------------------------------------------------
[2022-06-13 13:30:34,542] {taskinstance.py:1378} INFO - Executing <Task(PythonOperator): local_to_gcs_task> on 2021-09-01 06:00:00+00:00
[2022-06-13 13:30:34,560] {standard_task_runner.py:52} INFO - Started process 1616 to run task
[2022-06-13 13:30:34,583] {standard_task_runner.py:79} INFO - Running: ['***', 'tasks', 'run', 'green_taxi_ingestion_gcs_dag', 'local_to_gcs_task', 'scheduled__2021-09-01T06:00:00+00:00', '--job-id', '839', '--raw', '--subdir', 'DAGS_FOLDER/green_taxi_ingestion.py', '--cfg-path', '/tmp/tmp4pp54i3a', '--error-file', '/tmp/tmpe0c7iqox']
[2022-06-13 13:30:34,591] {standard_task_runner.py:80} INFO - Job 839: Subtask local_to_gcs_task
[2022-06-13 13:30:34,870] {task_command.py:370} INFO - Running <TaskInstance: green_taxi_ingestion_gcs_dag.local_to_gcs_task scheduled__2021-09-01T06:00:00+00:00 [running]> on host 0825143a1170
[2022-06-13 13:30:35,072] {warnings.py:110} WARNING - /home/***/.local/lib/python3.7/site-packages/***/utils/context.py:202: AirflowContextDeprecationWarning: Accessing 'execution_date' from the template is deprecated and will be removed in a future version. Please use 'data_interval_start' or 'logical_date' instead.
  warnings.warn(_create_deprecation_warning(key, self._deprecation_replacements[key]))

[2022-06-13 13:30:35,223] {taskinstance.py:1572} INFO - Exporting the following env vars:
AIRFLOW_CTX_DAG_OWNER=***
AIRFLOW_CTX_DAG_ID=green_taxi_ingestion_gcs_dag
AIRFLOW_CTX_TASK_ID=local_to_gcs_task
AIRFLOW_CTX_EXECUTION_DATE=2021-09-01T06:00:00+00:00
AIRFLOW_CTX_TRY_NUMBER=1
AIRFLOW_CTX_DAG_RUN_ID=scheduled__2021-09-01T06:00:00+00:00
[2022-06-13 13:30:35,821] {python.py:173} INFO - Done. Returned value was: None
[2022-06-13 13:30:35,846] {taskinstance.py:1401} INFO - Marking task as SUCCESS. dag_id=green_taxi_ingestion_gcs_dag, task_id=local_to_gcs_task, execution_date=20210901T060000, start_date=20220613T133034, end_date=20220613T133035
[2022-06-13 13:30:35,917] {local_task_job.py:156} INFO - Task exited with return code 0
[2022-06-13 13:30:35,964] {local_task_job.py:273} INFO - 0 downstream tasks scheduled from follow-on schedule check
