[2022-06-13 00:13:17,787] {taskinstance.py:1160} INFO - Dependencies all met for <TaskInstance: gcs_2_bq_dag.move_yellow_taxi_files_task scheduled__2022-06-12T00:00:00+00:00 [queued]>
[2022-06-13 00:13:17,825] {taskinstance.py:1160} INFO - Dependencies all met for <TaskInstance: gcs_2_bq_dag.move_yellow_taxi_files_task scheduled__2022-06-12T00:00:00+00:00 [queued]>
[2022-06-13 00:13:17,827] {taskinstance.py:1357} INFO - 
--------------------------------------------------------------------------------
[2022-06-13 00:13:17,830] {taskinstance.py:1358} INFO - Starting attempt 1 of 2
[2022-06-13 00:13:17,834] {taskinstance.py:1359} INFO - 
--------------------------------------------------------------------------------
[2022-06-13 00:13:17,884] {taskinstance.py:1378} INFO - Executing <Task(GCSToGCSOperator): move_yellow_taxi_files_task> on 2022-06-12 00:00:00+00:00
[2022-06-13 00:13:17,941] {standard_task_runner.py:52} INFO - Started process 8621 to run task
[2022-06-13 00:13:18,004] {standard_task_runner.py:79} INFO - Running: ['***', 'tasks', 'run', 'gcs_2_bq_dag', 'move_yellow_taxi_files_task', 'scheduled__2022-06-12T00:00:00+00:00', '--job-id', '639', '--raw', '--subdir', 'DAGS_FOLDER/gcs_to_bq_dag.py', '--cfg-path', '/tmp/tmpu0r34zsn', '--error-file', '/tmp/tmpz0kwu2gl']
[2022-06-13 00:13:18,015] {standard_task_runner.py:80} INFO - Job 639: Subtask move_yellow_taxi_files_task
[2022-06-13 00:13:18,324] {task_command.py:370} INFO - Running <TaskInstance: gcs_2_bq_dag.move_yellow_taxi_files_task scheduled__2022-06-12T00:00:00+00:00 [running]> on host 0825143a1170
[2022-06-13 00:13:18,606] {taskinstance.py:1572} INFO - Exporting the following env vars:
AIRFLOW_CTX_DAG_OWNER=***
AIRFLOW_CTX_DAG_ID=gcs_2_bq_dag
AIRFLOW_CTX_TASK_ID=move_yellow_taxi_files_task
AIRFLOW_CTX_EXECUTION_DATE=2022-06-12T00:00:00+00:00
AIRFLOW_CTX_TRY_NUMBER=1
AIRFLOW_CTX_DAG_RUN_ID=scheduled__2022-06-12T00:00:00+00:00
[2022-06-13 00:13:18,618] {crypto.py:82} WARNING - empty cryptography key - values will not be stored encrypted.
[2022-06-13 00:13:18,621] {base.py:68} INFO - Using connection ID 'google_cloud_default' for task execution.
[2022-06-13 00:13:18,624] {gcs_to_gcs.py:361} INFO - Delimiter ignored because wildcard is in prefix
[2022-06-13 00:13:19,226] {taskinstance.py:1401} INFO - Marking task as SUCCESS. dag_id=gcs_2_bq_dag, task_id=move_yellow_taxi_files_task, execution_date=20220612T000000, start_date=20220613T001317, end_date=20220613T001319
[2022-06-13 00:13:19,377] {local_task_job.py:156} INFO - Task exited with return code 0
[2022-06-13 00:13:19,544] {local_task_job.py:273} INFO - 0 downstream tasks scheduled from follow-on schedule check
