[2022-06-13 13:17:19,498] {taskinstance.py:1160} INFO - Dependencies all met for <TaskInstance: green_taxi_ingestion_gcs_dag.local_to_gcs_task manual__2022-06-13T13:17:15.711858+00:00 [queued]>
[2022-06-13 13:17:19,509] {taskinstance.py:1160} INFO - Dependencies all met for <TaskInstance: green_taxi_ingestion_gcs_dag.local_to_gcs_task manual__2022-06-13T13:17:15.711858+00:00 [queued]>
[2022-06-13 13:17:19,511] {taskinstance.py:1357} INFO - 
--------------------------------------------------------------------------------
[2022-06-13 13:17:19,515] {taskinstance.py:1358} INFO - Starting attempt 1 of 1
[2022-06-13 13:17:19,516] {taskinstance.py:1359} INFO - 
--------------------------------------------------------------------------------
[2022-06-13 13:17:19,529] {taskinstance.py:1378} INFO - Executing <Task(PythonOperator): local_to_gcs_task> on 2022-06-13 13:17:15.711858+00:00
[2022-06-13 13:17:19,544] {standard_task_runner.py:52} INFO - Started process 191 to run task
[2022-06-13 13:17:19,548] {standard_task_runner.py:79} INFO - Running: ['***', 'tasks', 'run', 'green_taxi_ingestion_gcs_dag', 'local_to_gcs_task', 'manual__2022-06-13T13:17:15.711858+00:00', '--job-id', '677', '--raw', '--subdir', 'DAGS_FOLDER/green_taxi_ingestion.py', '--cfg-path', '/tmp/tmprfpwthxb', '--error-file', '/tmp/tmpa0vs5kev']
[2022-06-13 13:17:19,555] {standard_task_runner.py:80} INFO - Job 677: Subtask local_to_gcs_task
[2022-06-13 13:17:19,649] {task_command.py:370} INFO - Running <TaskInstance: green_taxi_ingestion_gcs_dag.local_to_gcs_task manual__2022-06-13T13:17:15.711858+00:00 [running]> on host 0825143a1170
[2022-06-13 13:17:19,681] {warnings.py:110} WARNING - /home/***/.local/lib/python3.7/site-packages/***/utils/context.py:202: AirflowContextDeprecationWarning: Accessing 'execution_date' from the template is deprecated and will be removed in a future version. Please use 'data_interval_start' or 'logical_date' instead.
  warnings.warn(_create_deprecation_warning(key, self._deprecation_replacements[key]))

[2022-06-13 13:17:19,723] {taskinstance.py:1572} INFO - Exporting the following env vars:
AIRFLOW_CTX_DAG_OWNER=***
AIRFLOW_CTX_DAG_ID=green_taxi_ingestion_gcs_dag
AIRFLOW_CTX_TASK_ID=local_to_gcs_task
AIRFLOW_CTX_EXECUTION_DATE=2022-06-13T13:17:15.711858+00:00
AIRFLOW_CTX_TRY_NUMBER=1
AIRFLOW_CTX_DAG_RUN_ID=manual__2022-06-13T13:17:15.711858+00:00
[2022-06-13 13:17:20,186] {python.py:173} INFO - Done. Returned value was: None
[2022-06-13 13:17:20,211] {taskinstance.py:1401} INFO - Marking task as SUCCESS. dag_id=green_taxi_ingestion_gcs_dag, task_id=local_to_gcs_task, execution_date=20220613T131715, start_date=20220613T131719, end_date=20220613T131720
[2022-06-13 13:17:20,259] {local_task_job.py:156} INFO - Task exited with return code 0
[2022-06-13 13:17:20,342] {local_task_job.py:273} INFO - 0 downstream tasks scheduled from follow-on schedule check
