[2022-06-13 13:18:47,839] {taskinstance.py:1160} INFO - Dependencies all met for <TaskInstance: green_taxi_ingestion_gcs_dag.local_to_gcs_task scheduled__2022-02-01T06:00:00+00:00 [queued]>
[2022-06-13 13:18:47,848] {taskinstance.py:1160} INFO - Dependencies all met for <TaskInstance: green_taxi_ingestion_gcs_dag.local_to_gcs_task scheduled__2022-02-01T06:00:00+00:00 [queued]>
[2022-06-13 13:18:47,849] {taskinstance.py:1357} INFO - 
--------------------------------------------------------------------------------
[2022-06-13 13:18:47,852] {taskinstance.py:1358} INFO - Starting attempt 1 of 1
[2022-06-13 13:18:47,853] {taskinstance.py:1359} INFO - 
--------------------------------------------------------------------------------
[2022-06-13 13:18:47,862] {taskinstance.py:1378} INFO - Executing <Task(PythonOperator): local_to_gcs_task> on 2022-02-01 06:00:00+00:00
[2022-06-13 13:18:47,868] {standard_task_runner.py:52} INFO - Started process 597 to run task
[2022-06-13 13:18:47,876] {standard_task_runner.py:79} INFO - Running: ['***', 'tasks', 'run', 'green_taxi_ingestion_gcs_dag', 'local_to_gcs_task', 'scheduled__2022-02-01T06:00:00+00:00', '--job-id', '750', '--raw', '--subdir', 'DAGS_FOLDER/green_taxi_ingestion.py', '--cfg-path', '/tmp/tmpxeuo6_b9', '--error-file', '/tmp/tmp9e35j1dl']
[2022-06-13 13:18:47,878] {standard_task_runner.py:80} INFO - Job 750: Subtask local_to_gcs_task
[2022-06-13 13:18:47,939] {task_command.py:370} INFO - Running <TaskInstance: green_taxi_ingestion_gcs_dag.local_to_gcs_task scheduled__2022-02-01T06:00:00+00:00 [running]> on host 0825143a1170
[2022-06-13 13:18:47,966] {warnings.py:110} WARNING - /home/***/.local/lib/python3.7/site-packages/***/utils/context.py:202: AirflowContextDeprecationWarning: Accessing 'execution_date' from the template is deprecated and will be removed in a future version. Please use 'data_interval_start' or 'logical_date' instead.
  warnings.warn(_create_deprecation_warning(key, self._deprecation_replacements[key]))

[2022-06-13 13:18:47,999] {taskinstance.py:1572} INFO - Exporting the following env vars:
AIRFLOW_CTX_DAG_OWNER=***
AIRFLOW_CTX_DAG_ID=green_taxi_ingestion_gcs_dag
AIRFLOW_CTX_TASK_ID=local_to_gcs_task
AIRFLOW_CTX_EXECUTION_DATE=2022-02-01T06:00:00+00:00
AIRFLOW_CTX_TRY_NUMBER=1
AIRFLOW_CTX_DAG_RUN_ID=scheduled__2022-02-01T06:00:00+00:00
[2022-06-13 13:18:48,443] {python.py:173} INFO - Done. Returned value was: None
[2022-06-13 13:18:48,468] {taskinstance.py:1401} INFO - Marking task as SUCCESS. dag_id=green_taxi_ingestion_gcs_dag, task_id=local_to_gcs_task, execution_date=20220201T060000, start_date=20220613T131847, end_date=20220613T131848
[2022-06-13 13:18:48,515] {local_task_job.py:156} INFO - Task exited with return code 0
[2022-06-13 13:18:48,559] {local_task_job.py:273} INFO - 0 downstream tasks scheduled from follow-on schedule check
[2022-06-13 13:30:45,635] {taskinstance.py:1160} INFO - Dependencies all met for <TaskInstance: green_taxi_ingestion_gcs_dag.local_to_gcs_task scheduled__2022-02-01T06:00:00+00:00 [queued]>
[2022-06-13 13:30:45,669] {taskinstance.py:1160} INFO - Dependencies all met for <TaskInstance: green_taxi_ingestion_gcs_dag.local_to_gcs_task scheduled__2022-02-01T06:00:00+00:00 [queued]>
[2022-06-13 13:30:45,671] {taskinstance.py:1357} INFO - 
--------------------------------------------------------------------------------
[2022-06-13 13:30:45,673] {taskinstance.py:1358} INFO - Starting attempt 1 of 1
[2022-06-13 13:30:45,676] {taskinstance.py:1359} INFO - 
--------------------------------------------------------------------------------
[2022-06-13 13:30:45,691] {taskinstance.py:1378} INFO - Executing <Task(PythonOperator): local_to_gcs_task> on 2022-02-01 06:00:00+00:00
[2022-06-13 13:30:45,699] {standard_task_runner.py:52} INFO - Started process 1666 to run task
[2022-06-13 13:30:45,703] {standard_task_runner.py:79} INFO - Running: ['***', 'tasks', 'run', 'green_taxi_ingestion_gcs_dag', 'local_to_gcs_task', 'scheduled__2022-02-01T06:00:00+00:00', '--job-id', '847', '--raw', '--subdir', 'DAGS_FOLDER/green_taxi_ingestion.py', '--cfg-path', '/tmp/tmpxc5fqbca', '--error-file', '/tmp/tmpjdjl8xbw']
[2022-06-13 13:30:45,710] {standard_task_runner.py:80} INFO - Job 847: Subtask local_to_gcs_task
[2022-06-13 13:30:45,784] {task_command.py:370} INFO - Running <TaskInstance: green_taxi_ingestion_gcs_dag.local_to_gcs_task scheduled__2022-02-01T06:00:00+00:00 [running]> on host 0825143a1170
[2022-06-13 13:30:45,823] {warnings.py:110} WARNING - /home/***/.local/lib/python3.7/site-packages/***/utils/context.py:202: AirflowContextDeprecationWarning: Accessing 'execution_date' from the template is deprecated and will be removed in a future version. Please use 'data_interval_start' or 'logical_date' instead.
  warnings.warn(_create_deprecation_warning(key, self._deprecation_replacements[key]))

[2022-06-13 13:30:45,865] {taskinstance.py:1572} INFO - Exporting the following env vars:
AIRFLOW_CTX_DAG_OWNER=***
AIRFLOW_CTX_DAG_ID=green_taxi_ingestion_gcs_dag
AIRFLOW_CTX_TASK_ID=local_to_gcs_task
AIRFLOW_CTX_EXECUTION_DATE=2022-02-01T06:00:00+00:00
AIRFLOW_CTX_TRY_NUMBER=1
AIRFLOW_CTX_DAG_RUN_ID=scheduled__2022-02-01T06:00:00+00:00
[2022-06-13 13:30:46,332] {python.py:173} INFO - Done. Returned value was: None
[2022-06-13 13:30:46,352] {taskinstance.py:1401} INFO - Marking task as SUCCESS. dag_id=green_taxi_ingestion_gcs_dag, task_id=local_to_gcs_task, execution_date=20220201T060000, start_date=20220613T133045, end_date=20220613T133046
[2022-06-13 13:30:46,377] {local_task_job.py:156} INFO - Task exited with return code 0
[2022-06-13 13:30:46,422] {local_task_job.py:273} INFO - 0 downstream tasks scheduled from follow-on schedule check
