[2022-06-13 12:53:49,899] {taskinstance.py:1160} INFO - Dependencies all met for <TaskInstance: gcs_2_bq_dag.bq_create_fhvhv_tripdata_partitioned_table_task scheduled__2022-06-12T00:00:00+00:00 [queued]>
[2022-06-13 12:53:49,909] {taskinstance.py:1160} INFO - Dependencies all met for <TaskInstance: gcs_2_bq_dag.bq_create_fhvhv_tripdata_partitioned_table_task scheduled__2022-06-12T00:00:00+00:00 [queued]>
[2022-06-13 12:53:49,910] {taskinstance.py:1357} INFO - 
--------------------------------------------------------------------------------
[2022-06-13 12:53:49,911] {taskinstance.py:1358} INFO - Starting attempt 13 of 14
[2022-06-13 12:53:49,912] {taskinstance.py:1359} INFO - 
--------------------------------------------------------------------------------
[2022-06-13 12:53:49,923] {taskinstance.py:1378} INFO - Executing <Task(BigQueryInsertJobOperator): bq_create_fhvhv_tripdata_partitioned_table_task> on 2022-06-12 00:00:00+00:00
[2022-06-13 12:53:49,935] {standard_task_runner.py:52} INFO - Started process 15624 to run task
[2022-06-13 12:53:49,939] {standard_task_runner.py:79} INFO - Running: ['***', 'tasks', 'run', 'gcs_2_bq_dag', 'bq_create_fhvhv_tripdata_partitioned_table_task', 'scheduled__2022-06-12T00:00:00+00:00', '--job-id', '661', '--raw', '--subdir', 'DAGS_FOLDER/gcs_to_bq_dag.py', '--cfg-path', '/tmp/tmpz4mgwjnr', '--error-file', '/tmp/tmp6xfo9xni']
[2022-06-13 12:53:49,942] {standard_task_runner.py:80} INFO - Job 661: Subtask bq_create_fhvhv_tripdata_partitioned_table_task
[2022-06-13 12:53:50,023] {task_command.py:370} INFO - Running <TaskInstance: gcs_2_bq_dag.bq_create_fhvhv_tripdata_partitioned_table_task scheduled__2022-06-12T00:00:00+00:00 [running]> on host 0825143a1170
[2022-06-13 12:53:50,106] {taskinstance.py:1572} INFO - Exporting the following env vars:
AIRFLOW_CTX_DAG_OWNER=***
AIRFLOW_CTX_DAG_ID=gcs_2_bq_dag
AIRFLOW_CTX_TASK_ID=bq_create_fhvhv_tripdata_partitioned_table_task
AIRFLOW_CTX_EXECUTION_DATE=2022-06-12T00:00:00+00:00
AIRFLOW_CTX_TRY_NUMBER=13
AIRFLOW_CTX_DAG_RUN_ID=scheduled__2022-06-12T00:00:00+00:00
[2022-06-13 12:53:50,110] {crypto.py:82} WARNING - empty cryptography key - values will not be stored encrypted.
[2022-06-13 12:53:50,112] {base.py:68} INFO - Using connection ID 'google_cloud_default' for task execution.
[2022-06-13 12:53:50,114] {warnings.py:110} WARNING - /home/***/.local/lib/python3.7/site-packages/***/utils/context.py:202: AirflowContextDeprecationWarning: Accessing 'execution_date' from the template is deprecated and will be removed in a future version. Please use 'data_interval_start' or 'logical_date' instead.
  warnings.warn(_create_deprecation_warning(key, self._deprecation_replacements[key]))

[2022-06-13 12:53:50,117] {bigquery.py:2148} INFO - Executing: {'query': {'query': 'CREATE OR REPLACE TABLE trips_data_all.fhv_trips             (             hvfhs_license_num STRING,             dispatching_base_num STRING,             originating_base_num STRING,             request_datetime TIMESTAMP,             on_scene_datetime TIMESTAMP,             pickup_datetime TIMESTAMP,             dropoff_datetime TIMESTAMP,             PULocationID INT64,             DOLocationID INT64,             trip_miles FLOAT64,             trip_time INT64,             base_passenger_fare FLOAT64,             tolls FLOAT64,             bcf FLOAT64,             sales_tax FLOAT64,             congestion_surcharge FLOAT64,             airport_fee INT64,             tips FLOAT64,             driver_pay FLOAT64,             shared_request_flag STRING,             shared_match_flag STRING,             access_a_ride_flag STRING,             wav_request_flag STRING,             wav_match_flag STRING             )     PARTITION BY DATE(pickup_datetime)     OPTIONS(     partition_expiration_days=10000     )     AS (         SELECT              *         REPLACE(NULL AS airport_fee)         FROM              trips_data_all.fhvhv_tripdata_external_table     );', 'useLegacySql': False}}
[2022-06-13 12:53:50,131] {bigquery.py:1538} INFO - Inserting job ***_gcs_2_bq_dag_bq_create_fhvhv_tripdata_partitioned_table_task_2022_06_12T00_00_00_00_00_d2a3d603c8a4a25f4c6d54627344ae4e
[2022-06-13 12:55:10,783] {taskinstance.py:1401} INFO - Marking task as SUCCESS. dag_id=gcs_2_bq_dag, task_id=bq_create_fhvhv_tripdata_partitioned_table_task, execution_date=20220612T000000, start_date=20220613T125349, end_date=20220613T125510
[2022-06-13 12:55:10,866] {local_task_job.py:156} INFO - Task exited with return code 0
[2022-06-13 12:55:10,906] {local_task_job.py:273} INFO - 0 downstream tasks scheduled from follow-on schedule check
