[2022-06-24 19:18:30,089] {taskinstance.py:1160} INFO - Dependencies all met for <TaskInstance: gcs_2_bq_dag.move_green_taxi_files_task scheduled__2022-06-13T00:00:00+00:00 [queued]>
[2022-06-24 19:18:30,113] {taskinstance.py:1160} INFO - Dependencies all met for <TaskInstance: gcs_2_bq_dag.move_green_taxi_files_task scheduled__2022-06-13T00:00:00+00:00 [queued]>
[2022-06-24 19:18:30,115] {taskinstance.py:1357} INFO - 
--------------------------------------------------------------------------------
[2022-06-24 19:18:30,117] {taskinstance.py:1358} INFO - Starting attempt 1 of 2
[2022-06-24 19:18:30,119] {taskinstance.py:1359} INFO - 
--------------------------------------------------------------------------------
[2022-06-24 19:18:30,140] {taskinstance.py:1378} INFO - Executing <Task(GCSToGCSOperator): move_green_taxi_files_task> on 2022-06-13 00:00:00+00:00
[2022-06-24 19:18:30,188] {standard_task_runner.py:52} INFO - Started process 80 to run task
[2022-06-24 19:18:30,193] {standard_task_runner.py:79} INFO - Running: ['***', 'tasks', 'run', 'gcs_2_bq_dag', 'move_green_taxi_files_task', 'scheduled__2022-06-13T00:00:00+00:00', '--job-id', '870', '--raw', '--subdir', 'DAGS_FOLDER/gcs_to_bq_dag.py', '--cfg-path', '/tmp/tmpcq3rmjla', '--error-file', '/tmp/tmpankvez8j']
[2022-06-24 19:18:30,204] {standard_task_runner.py:80} INFO - Job 870: Subtask move_green_taxi_files_task
[2022-06-24 19:18:30,411] {task_command.py:370} INFO - Running <TaskInstance: gcs_2_bq_dag.move_green_taxi_files_task scheduled__2022-06-13T00:00:00+00:00 [running]> on host 0825143a1170
[2022-06-24 19:18:30,695] {taskinstance.py:1572} INFO - Exporting the following env vars:
AIRFLOW_CTX_DAG_OWNER=***
AIRFLOW_CTX_DAG_ID=gcs_2_bq_dag
AIRFLOW_CTX_TASK_ID=move_green_taxi_files_task
AIRFLOW_CTX_EXECUTION_DATE=2022-06-13T00:00:00+00:00
AIRFLOW_CTX_TRY_NUMBER=1
AIRFLOW_CTX_DAG_RUN_ID=scheduled__2022-06-13T00:00:00+00:00
[2022-06-24 19:18:30,711] {crypto.py:82} WARNING - empty cryptography key - values will not be stored encrypted.
[2022-06-24 19:18:30,714] {base.py:68} INFO - Using connection ID 'google_cloud_default' for task execution.
[2022-06-24 19:18:30,716] {gcs_to_gcs.py:361} INFO - Delimiter ignored because wildcard is in prefix
[2022-06-24 19:18:32,693] {taskinstance.py:1401} INFO - Marking task as SUCCESS. dag_id=gcs_2_bq_dag, task_id=move_green_taxi_files_task, execution_date=20220613T000000, start_date=20220624T191830, end_date=20220624T191832
[2022-06-24 19:18:32,771] {local_task_job.py:156} INFO - Task exited with return code 0
[2022-06-24 19:18:32,866] {local_task_job.py:273} INFO - 1 downstream tasks scheduled from follow-on schedule check
