[2022-06-13 13:18:51,870] {taskinstance.py:1160} INFO - Dependencies all met for <TaskInstance: green_taxi_ingestion_gcs_dag.local_to_gcs_task scheduled__2022-04-01T06:00:00+00:00 [queued]>
[2022-06-13 13:18:51,885] {taskinstance.py:1160} INFO - Dependencies all met for <TaskInstance: green_taxi_ingestion_gcs_dag.local_to_gcs_task scheduled__2022-04-01T06:00:00+00:00 [queued]>
[2022-06-13 13:18:51,886] {taskinstance.py:1357} INFO - 
--------------------------------------------------------------------------------
[2022-06-13 13:18:51,887] {taskinstance.py:1358} INFO - Starting attempt 1 of 1
[2022-06-13 13:18:51,889] {taskinstance.py:1359} INFO - 
--------------------------------------------------------------------------------
[2022-06-13 13:18:51,901] {taskinstance.py:1378} INFO - Executing <Task(PythonOperator): local_to_gcs_task> on 2022-04-01 06:00:00+00:00
[2022-06-13 13:18:51,911] {standard_task_runner.py:52} INFO - Started process 615 to run task
[2022-06-13 13:18:51,915] {standard_task_runner.py:79} INFO - Running: ['***', 'tasks', 'run', 'green_taxi_ingestion_gcs_dag', 'local_to_gcs_task', 'scheduled__2022-04-01T06:00:00+00:00', '--job-id', '754', '--raw', '--subdir', 'DAGS_FOLDER/green_taxi_ingestion.py', '--cfg-path', '/tmp/tmpjqevkf8m', '--error-file', '/tmp/tmp03ganjul']
[2022-06-13 13:18:51,919] {standard_task_runner.py:80} INFO - Job 754: Subtask local_to_gcs_task
[2022-06-13 13:18:51,980] {task_command.py:370} INFO - Running <TaskInstance: green_taxi_ingestion_gcs_dag.local_to_gcs_task scheduled__2022-04-01T06:00:00+00:00 [running]> on host 0825143a1170
[2022-06-13 13:18:52,046] {warnings.py:110} WARNING - /home/***/.local/lib/python3.7/site-packages/***/utils/context.py:202: AirflowContextDeprecationWarning: Accessing 'execution_date' from the template is deprecated and will be removed in a future version. Please use 'data_interval_start' or 'logical_date' instead.
  warnings.warn(_create_deprecation_warning(key, self._deprecation_replacements[key]))

[2022-06-13 13:18:52,090] {taskinstance.py:1572} INFO - Exporting the following env vars:
AIRFLOW_CTX_DAG_OWNER=***
AIRFLOW_CTX_DAG_ID=green_taxi_ingestion_gcs_dag
AIRFLOW_CTX_TASK_ID=local_to_gcs_task
AIRFLOW_CTX_EXECUTION_DATE=2022-04-01T06:00:00+00:00
AIRFLOW_CTX_TRY_NUMBER=1
AIRFLOW_CTX_DAG_RUN_ID=scheduled__2022-04-01T06:00:00+00:00
[2022-06-13 13:18:52,432] {python.py:173} INFO - Done. Returned value was: None
[2022-06-13 13:18:52,474] {taskinstance.py:1401} INFO - Marking task as SUCCESS. dag_id=green_taxi_ingestion_gcs_dag, task_id=local_to_gcs_task, execution_date=20220401T060000, start_date=20220613T131851, end_date=20220613T131852
[2022-06-13 13:18:52,577] {local_task_job.py:156} INFO - Task exited with return code 0
[2022-06-13 13:18:52,656] {local_task_job.py:273} INFO - 0 downstream tasks scheduled from follow-on schedule check
[2022-06-13 13:30:50,716] {taskinstance.py:1160} INFO - Dependencies all met for <TaskInstance: green_taxi_ingestion_gcs_dag.local_to_gcs_task scheduled__2022-04-01T06:00:00+00:00 [queued]>
[2022-06-13 13:30:50,724] {taskinstance.py:1160} INFO - Dependencies all met for <TaskInstance: green_taxi_ingestion_gcs_dag.local_to_gcs_task scheduled__2022-04-01T06:00:00+00:00 [queued]>
[2022-06-13 13:30:50,725] {taskinstance.py:1357} INFO - 
--------------------------------------------------------------------------------
[2022-06-13 13:30:50,726] {taskinstance.py:1358} INFO - Starting attempt 1 of 1
[2022-06-13 13:30:50,727] {taskinstance.py:1359} INFO - 
--------------------------------------------------------------------------------
[2022-06-13 13:30:50,736] {taskinstance.py:1378} INFO - Executing <Task(PythonOperator): local_to_gcs_task> on 2022-04-01 06:00:00+00:00
[2022-06-13 13:30:50,742] {standard_task_runner.py:52} INFO - Started process 1702 to run task
[2022-06-13 13:30:50,746] {standard_task_runner.py:79} INFO - Running: ['***', 'tasks', 'run', 'green_taxi_ingestion_gcs_dag', 'local_to_gcs_task', 'scheduled__2022-04-01T06:00:00+00:00', '--job-id', '854', '--raw', '--subdir', 'DAGS_FOLDER/green_taxi_ingestion.py', '--cfg-path', '/tmp/tmp6atwgc9e', '--error-file', '/tmp/tmper36qi9b']
[2022-06-13 13:30:50,750] {standard_task_runner.py:80} INFO - Job 854: Subtask local_to_gcs_task
[2022-06-13 13:30:50,803] {task_command.py:370} INFO - Running <TaskInstance: green_taxi_ingestion_gcs_dag.local_to_gcs_task scheduled__2022-04-01T06:00:00+00:00 [running]> on host 0825143a1170
[2022-06-13 13:30:50,829] {warnings.py:110} WARNING - /home/***/.local/lib/python3.7/site-packages/***/utils/context.py:202: AirflowContextDeprecationWarning: Accessing 'execution_date' from the template is deprecated and will be removed in a future version. Please use 'data_interval_start' or 'logical_date' instead.
  warnings.warn(_create_deprecation_warning(key, self._deprecation_replacements[key]))

[2022-06-13 13:30:50,858] {taskinstance.py:1572} INFO - Exporting the following env vars:
AIRFLOW_CTX_DAG_OWNER=***
AIRFLOW_CTX_DAG_ID=green_taxi_ingestion_gcs_dag
AIRFLOW_CTX_TASK_ID=local_to_gcs_task
AIRFLOW_CTX_EXECUTION_DATE=2022-04-01T06:00:00+00:00
AIRFLOW_CTX_TRY_NUMBER=1
AIRFLOW_CTX_DAG_RUN_ID=scheduled__2022-04-01T06:00:00+00:00
[2022-06-13 13:30:51,180] {python.py:173} INFO - Done. Returned value was: None
[2022-06-13 13:30:51,200] {taskinstance.py:1401} INFO - Marking task as SUCCESS. dag_id=green_taxi_ingestion_gcs_dag, task_id=local_to_gcs_task, execution_date=20220401T060000, start_date=20220613T133050, end_date=20220613T133051
[2022-06-13 13:30:51,258] {local_task_job.py:156} INFO - Task exited with return code 0
[2022-06-13 13:30:51,289] {local_task_job.py:273} INFO - 0 downstream tasks scheduled from follow-on schedule check
