[2022-07-18 23:26:29,643] {taskinstance.py:1160} INFO - Dependencies all met for <TaskInstance: local_to_gcs.format_to_parquet_task scheduled__2009-01-10T06:00:00+00:00 [queued]>
[2022-07-18 23:26:29,655] {taskinstance.py:1160} INFO - Dependencies all met for <TaskInstance: local_to_gcs.format_to_parquet_task scheduled__2009-01-10T06:00:00+00:00 [queued]>
[2022-07-18 23:26:29,657] {taskinstance.py:1357} INFO - 
--------------------------------------------------------------------------------
[2022-07-18 23:26:29,659] {taskinstance.py:1358} INFO - Starting attempt 1 of 1
[2022-07-18 23:26:29,660] {taskinstance.py:1359} INFO - 
--------------------------------------------------------------------------------
[2022-07-18 23:26:29,675] {taskinstance.py:1378} INFO - Executing <Task(PythonOperator): format_to_parquet_task> on 2009-01-10 06:00:00+00:00
[2022-07-18 23:26:29,686] {standard_task_runner.py:52} INFO - Started process 39272 to run task
[2022-07-18 23:26:29,690] {standard_task_runner.py:79} INFO - Running: ['***', 'tasks', 'run', 'local_to_gcs', 'format_to_parquet_task', 'scheduled__2009-01-10T06:00:00+00:00', '--job-id', '52', '--raw', '--subdir', 'DAGS_FOLDER/local_to_gcs.py', '--cfg-path', '/tmp/tmphv767ay2', '--error-file', '/tmp/tmp4j08tr1c']
[2022-07-18 23:26:29,693] {standard_task_runner.py:80} INFO - Job 52: Subtask format_to_parquet_task
[2022-07-18 23:26:29,756] {task_command.py:370} INFO - Running <TaskInstance: local_to_gcs.format_to_parquet_task scheduled__2009-01-10T06:00:00+00:00 [running]> on host 32d1f26135d5
[2022-07-18 23:26:29,853] {taskinstance.py:1572} INFO - Exporting the following env vars:
AIRFLOW_CTX_DAG_OWNER=***
AIRFLOW_CTX_DAG_ID=local_to_gcs
AIRFLOW_CTX_TASK_ID=format_to_parquet_task
AIRFLOW_CTX_EXECUTION_DATE=2009-01-10T06:00:00+00:00
AIRFLOW_CTX_TRY_NUMBER=1
AIRFLOW_CTX_DAG_RUN_ID=scheduled__2009-01-10T06:00:00+00:00
[2022-07-18 23:26:52,197] {python.py:173} INFO - Done. Returned value was: None
[2022-07-18 23:26:52,255] {taskinstance.py:1401} INFO - Marking task as SUCCESS. dag_id=local_to_gcs, task_id=format_to_parquet_task, execution_date=20090110T060000, start_date=20220718T232629, end_date=20220718T232652
[2022-07-18 23:26:53,638] {local_task_job.py:156} INFO - Task exited with return code 0
[2022-07-18 23:26:53,730] {local_task_job.py:273} INFO - 0 downstream tasks scheduled from follow-on schedule check
