[2022-06-13 13:18:30,550] {taskinstance.py:1160} INFO - Dependencies all met for <TaskInstance: green_taxi_ingestion_gcs_dag.download_dataset_task scheduled__2021-08-01T06:00:00+00:00 [queued]>
[2022-06-13 13:18:30,561] {taskinstance.py:1160} INFO - Dependencies all met for <TaskInstance: green_taxi_ingestion_gcs_dag.download_dataset_task scheduled__2021-08-01T06:00:00+00:00 [queued]>
[2022-06-13 13:18:30,563] {taskinstance.py:1357} INFO - 
--------------------------------------------------------------------------------
[2022-06-13 13:18:30,564] {taskinstance.py:1358} INFO - Starting attempt 1 of 1
[2022-06-13 13:18:30,566] {taskinstance.py:1359} INFO - 
--------------------------------------------------------------------------------
[2022-06-13 13:18:30,579] {taskinstance.py:1378} INFO - Executing <Task(BashOperator): download_dataset_task> on 2021-08-01 06:00:00+00:00
[2022-06-13 13:18:30,587] {standard_task_runner.py:52} INFO - Started process 508 to run task
[2022-06-13 13:18:30,591] {standard_task_runner.py:79} INFO - Running: ['***', 'tasks', 'run', 'green_taxi_ingestion_gcs_dag', 'download_dataset_task', 'scheduled__2021-08-01T06:00:00+00:00', '--job-id', '736', '--raw', '--subdir', 'DAGS_FOLDER/green_taxi_ingestion.py', '--cfg-path', '/tmp/tmprl7wysar', '--error-file', '/tmp/tmponomg51n']
[2022-06-13 13:18:30,594] {standard_task_runner.py:80} INFO - Job 736: Subtask download_dataset_task
[2022-06-13 13:18:30,664] {task_command.py:370} INFO - Running <TaskInstance: green_taxi_ingestion_gcs_dag.download_dataset_task scheduled__2021-08-01T06:00:00+00:00 [running]> on host 0825143a1170
[2022-06-13 13:18:30,695] {warnings.py:110} WARNING - /home/***/.local/lib/python3.7/site-packages/***/utils/context.py:202: AirflowContextDeprecationWarning: Accessing 'execution_date' from the template is deprecated and will be removed in a future version. Please use 'data_interval_start' or 'logical_date' instead.
  warnings.warn(_create_deprecation_warning(key, self._deprecation_replacements[key]))

[2022-06-13 13:18:30,728] {taskinstance.py:1572} INFO - Exporting the following env vars:
AIRFLOW_CTX_DAG_OWNER=***
AIRFLOW_CTX_DAG_ID=green_taxi_ingestion_gcs_dag
AIRFLOW_CTX_TASK_ID=download_dataset_task
AIRFLOW_CTX_EXECUTION_DATE=2021-08-01T06:00:00+00:00
AIRFLOW_CTX_TRY_NUMBER=1
AIRFLOW_CTX_DAG_RUN_ID=scheduled__2021-08-01T06:00:00+00:00
[2022-06-13 13:18:30,730] {subprocess.py:62} INFO - Tmp dir root location: 
 /tmp
[2022-06-13 13:18:30,732] {subprocess.py:74} INFO - Running command: ['bash', '-c', 'curl -sSL https://s3.amazonaws.com/nyc-tlc/trip+data/green_tripdata_2021-08.parquet > /opt/***/output_green_taxi_2021-08.parquet']
[2022-06-13 13:18:30,753] {subprocess.py:85} INFO - Output:
[2022-06-13 13:18:32,338] {subprocess.py:96} INFO - Command exited with return code 0
[2022-06-13 13:18:32,381] {taskinstance.py:1401} INFO - Marking task as SUCCESS. dag_id=green_taxi_ingestion_gcs_dag, task_id=download_dataset_task, execution_date=20210801T060000, start_date=20220613T131830, end_date=20220613T131832
[2022-06-13 13:18:32,426] {local_task_job.py:156} INFO - Task exited with return code 0
[2022-06-13 13:18:32,485] {local_task_job.py:273} INFO - 0 downstream tasks scheduled from follow-on schedule check
[2022-06-13 13:30:26,740] {taskinstance.py:1160} INFO - Dependencies all met for <TaskInstance: green_taxi_ingestion_gcs_dag.download_dataset_task scheduled__2021-08-01T06:00:00+00:00 [queued]>
[2022-06-13 13:30:26,752] {taskinstance.py:1160} INFO - Dependencies all met for <TaskInstance: green_taxi_ingestion_gcs_dag.download_dataset_task scheduled__2021-08-01T06:00:00+00:00 [queued]>
[2022-06-13 13:30:26,756] {taskinstance.py:1357} INFO - 
--------------------------------------------------------------------------------
[2022-06-13 13:30:26,758] {taskinstance.py:1358} INFO - Starting attempt 1 of 1
[2022-06-13 13:30:26,793] {taskinstance.py:1359} INFO - 
--------------------------------------------------------------------------------
[2022-06-13 13:30:26,818] {taskinstance.py:1378} INFO - Executing <Task(BashOperator): download_dataset_task> on 2021-08-01 06:00:00+00:00
[2022-06-13 13:30:26,828] {standard_task_runner.py:52} INFO - Started process 1587 to run task
[2022-06-13 13:30:26,831] {standard_task_runner.py:79} INFO - Running: ['***', 'tasks', 'run', 'green_taxi_ingestion_gcs_dag', 'download_dataset_task', 'scheduled__2021-08-01T06:00:00+00:00', '--job-id', '833', '--raw', '--subdir', 'DAGS_FOLDER/green_taxi_ingestion.py', '--cfg-path', '/tmp/tmp4areyf31', '--error-file', '/tmp/tmp3pui4_83']
[2022-06-13 13:30:26,836] {standard_task_runner.py:80} INFO - Job 833: Subtask download_dataset_task
[2022-06-13 13:30:26,925] {task_command.py:370} INFO - Running <TaskInstance: green_taxi_ingestion_gcs_dag.download_dataset_task scheduled__2021-08-01T06:00:00+00:00 [running]> on host 0825143a1170
[2022-06-13 13:30:27,002] {warnings.py:110} WARNING - /home/***/.local/lib/python3.7/site-packages/***/utils/context.py:202: AirflowContextDeprecationWarning: Accessing 'execution_date' from the template is deprecated and will be removed in a future version. Please use 'data_interval_start' or 'logical_date' instead.
  warnings.warn(_create_deprecation_warning(key, self._deprecation_replacements[key]))

[2022-06-13 13:30:27,233] {taskinstance.py:1572} INFO - Exporting the following env vars:
AIRFLOW_CTX_DAG_OWNER=***
AIRFLOW_CTX_DAG_ID=green_taxi_ingestion_gcs_dag
AIRFLOW_CTX_TASK_ID=download_dataset_task
AIRFLOW_CTX_EXECUTION_DATE=2021-08-01T06:00:00+00:00
AIRFLOW_CTX_TRY_NUMBER=1
AIRFLOW_CTX_DAG_RUN_ID=scheduled__2021-08-01T06:00:00+00:00
[2022-06-13 13:30:27,243] {subprocess.py:62} INFO - Tmp dir root location: 
 /tmp
[2022-06-13 13:30:27,253] {subprocess.py:74} INFO - Running command: ['bash', '-c', 'curl -sSL https://s3.amazonaws.com/nyc-tlc/trip+data/green_tripdata_2021-08.parquet > /opt/***/output_green_taxi_2021-08.parquet']
[2022-06-13 13:30:27,300] {subprocess.py:85} INFO - Output:
[2022-06-13 13:30:28,958] {subprocess.py:96} INFO - Command exited with return code 0
[2022-06-13 13:30:29,062] {taskinstance.py:1401} INFO - Marking task as SUCCESS. dag_id=green_taxi_ingestion_gcs_dag, task_id=download_dataset_task, execution_date=20210801T060000, start_date=20220613T133026, end_date=20220613T133029
[2022-06-13 13:30:29,142] {local_task_job.py:156} INFO - Task exited with return code 0
[2022-06-13 13:30:29,194] {local_task_job.py:273} INFO - 1 downstream tasks scheduled from follow-on schedule check
