[2022-07-20 00:05:59,870] {taskinstance.py:1160} INFO - Dependencies all met for <TaskInstance: gcs_to_bq.bq_country_product_trade_external_table_task manual__2022-07-19T23:42:49.341835+00:00 [queued]>
[2022-07-20 00:05:59,886] {taskinstance.py:1160} INFO - Dependencies all met for <TaskInstance: gcs_to_bq.bq_country_product_trade_external_table_task manual__2022-07-19T23:42:49.341835+00:00 [queued]>
[2022-07-20 00:05:59,889] {taskinstance.py:1357} INFO - 
--------------------------------------------------------------------------------
[2022-07-20 00:05:59,891] {taskinstance.py:1358} INFO - Starting attempt 5 of 6
[2022-07-20 00:05:59,893] {taskinstance.py:1359} INFO - 
--------------------------------------------------------------------------------
[2022-07-20 00:05:59,911] {taskinstance.py:1378} INFO - Executing <Task(BigQueryCreateExternalTableOperator): bq_country_product_trade_external_table_task> on 2022-07-19 23:42:49.341835+00:00
[2022-07-20 00:05:59,926] {standard_task_runner.py:52} INFO - Started process 75019 to run task
[2022-07-20 00:05:59,931] {standard_task_runner.py:79} INFO - Running: ['***', 'tasks', 'run', 'gcs_to_bq', 'bq_country_product_trade_external_table_task', 'manual__2022-07-19T23:42:49.341835+00:00', '--job-id', '96', '--raw', '--subdir', 'DAGS_FOLDER/gcs_to_bq_dag.py', '--cfg-path', '/tmp/tmp4897lsy8', '--error-file', '/tmp/tmpjhkjmgrv']
[2022-07-20 00:05:59,935] {standard_task_runner.py:80} INFO - Job 96: Subtask bq_country_product_trade_external_table_task
[2022-07-20 00:06:00,013] {task_command.py:370} INFO - Running <TaskInstance: gcs_to_bq.bq_country_product_trade_external_table_task manual__2022-07-19T23:42:49.341835+00:00 [running]> on host 32d1f26135d5
[2022-07-20 00:06:00,111] {taskinstance.py:1572} INFO - Exporting the following env vars:
AIRFLOW_CTX_DAG_OWNER=***
AIRFLOW_CTX_DAG_ID=gcs_to_bq
AIRFLOW_CTX_TASK_ID=bq_country_product_trade_external_table_task
AIRFLOW_CTX_EXECUTION_DATE=2022-07-19T23:42:49.341835+00:00
AIRFLOW_CTX_TRY_NUMBER=5
AIRFLOW_CTX_DAG_RUN_ID=manual__2022-07-19T23:42:49.341835+00:00
[2022-07-20 00:06:00,117] {crypto.py:82} WARNING - empty cryptography key - values will not be stored encrypted.
[2022-07-20 00:06:00,119] {base.py:68} INFO - Using connection ID 'google_cloud_default' for task execution.
[2022-07-20 00:06:01,536] {taskinstance.py:1401} INFO - Marking task as SUCCESS. dag_id=gcs_to_bq, task_id=bq_country_product_trade_external_table_task, execution_date=20220719T234249, start_date=20220720T000559, end_date=20220720T000601
[2022-07-20 00:06:01,621] {local_task_job.py:156} INFO - Task exited with return code 0
[2022-07-20 00:06:02,656] {local_task_job.py:273} INFO - 0 downstream tasks scheduled from follow-on schedule check
