[2022-07-20 00:02:33,719] {taskinstance.py:1160} INFO - Dependencies all met for <TaskInstance: gcs_to_bq.bq_country_product_trade_external_table_task manual__2022-07-19T23:42:49.341835+00:00 [queued]>
[2022-07-20 00:02:33,772] {taskinstance.py:1160} INFO - Dependencies all met for <TaskInstance: gcs_to_bq.bq_country_product_trade_external_table_task manual__2022-07-19T23:42:49.341835+00:00 [queued]>
[2022-07-20 00:02:33,775] {taskinstance.py:1357} INFO - 
--------------------------------------------------------------------------------
[2022-07-20 00:02:33,779] {taskinstance.py:1358} INFO - Starting attempt 4 of 5
[2022-07-20 00:02:33,783] {taskinstance.py:1359} INFO - 
--------------------------------------------------------------------------------
[2022-07-20 00:02:33,869] {taskinstance.py:1378} INFO - Executing <Task(BigQueryCreateExternalTableOperator): bq_country_product_trade_external_table_task> on 2022-07-19 23:42:49.341835+00:00
[2022-07-20 00:02:33,928] {standard_task_runner.py:52} INFO - Started process 74843 to run task
[2022-07-20 00:02:33,952] {standard_task_runner.py:79} INFO - Running: ['***', 'tasks', 'run', 'gcs_to_bq', 'bq_country_product_trade_external_table_task', 'manual__2022-07-19T23:42:49.341835+00:00', '--job-id', '94', '--raw', '--subdir', 'DAGS_FOLDER/gcs_to_bq_dag.py', '--cfg-path', '/tmp/tmp4mau8spy', '--error-file', '/tmp/tmpj08cz_1z']
[2022-07-20 00:02:33,956] {standard_task_runner.py:80} INFO - Job 94: Subtask bq_country_product_trade_external_table_task
[2022-07-20 00:02:34,082] {task_command.py:370} INFO - Running <TaskInstance: gcs_to_bq.bq_country_product_trade_external_table_task manual__2022-07-19T23:42:49.341835+00:00 [running]> on host 32d1f26135d5
[2022-07-20 00:02:34,230] {taskinstance.py:1572} INFO - Exporting the following env vars:
AIRFLOW_CTX_DAG_OWNER=***
AIRFLOW_CTX_DAG_ID=gcs_to_bq
AIRFLOW_CTX_TASK_ID=bq_country_product_trade_external_table_task
AIRFLOW_CTX_EXECUTION_DATE=2022-07-19T23:42:49.341835+00:00
AIRFLOW_CTX_TRY_NUMBER=4
AIRFLOW_CTX_DAG_RUN_ID=manual__2022-07-19T23:42:49.341835+00:00
[2022-07-20 00:02:34,239] {crypto.py:82} WARNING - empty cryptography key - values will not be stored encrypted.
[2022-07-20 00:02:34,246] {base.py:68} INFO - Using connection ID 'google_cloud_default' for task execution.
[2022-07-20 00:02:35,275] {taskinstance.py:1401} INFO - Marking task as SUCCESS. dag_id=gcs_to_bq, task_id=bq_country_product_trade_external_table_task, execution_date=20220719T234249, start_date=20220720T000233, end_date=20220720T000235
[2022-07-20 00:02:35,328] {local_task_job.py:156} INFO - Task exited with return code 0
[2022-07-20 00:02:35,397] {local_task_job.py:273} INFO - 1 downstream tasks scheduled from follow-on schedule check
