[2022-06-13 13:07:19,834] {taskinstance.py:1160} INFO - Dependencies all met for <TaskInstance: gcs_2_bq_dag.move_taxi_zones_files_task manual__2022-06-13T13:07:17.200607+00:00 [queued]>
[2022-06-13 13:07:19,851] {taskinstance.py:1160} INFO - Dependencies all met for <TaskInstance: gcs_2_bq_dag.move_taxi_zones_files_task manual__2022-06-13T13:07:17.200607+00:00 [queued]>
[2022-06-13 13:07:19,853] {taskinstance.py:1357} INFO - 
--------------------------------------------------------------------------------
[2022-06-13 13:07:19,857] {taskinstance.py:1358} INFO - Starting attempt 1 of 2
[2022-06-13 13:07:19,858] {taskinstance.py:1359} INFO - 
--------------------------------------------------------------------------------
[2022-06-13 13:07:19,892] {taskinstance.py:1378} INFO - Executing <Task(GCSToGCSOperator): move_taxi_zones_files_task> on 2022-06-13 13:07:17.200607+00:00
[2022-06-13 13:07:19,919] {standard_task_runner.py:52} INFO - Started process 16315 to run task
[2022-06-13 13:07:19,924] {standard_task_runner.py:79} INFO - Running: ['***', 'tasks', 'run', 'gcs_2_bq_dag', 'move_taxi_zones_files_task', 'manual__2022-06-13T13:07:17.200607+00:00', '--job-id', '663', '--raw', '--subdir', 'DAGS_FOLDER/gcs_to_bq_dag.py', '--cfg-path', '/tmp/tmp31zxqjfg', '--error-file', '/tmp/tmpjhiok8lu']
[2022-06-13 13:07:19,940] {standard_task_runner.py:80} INFO - Job 663: Subtask move_taxi_zones_files_task
[2022-06-13 13:07:20,050] {task_command.py:370} INFO - Running <TaskInstance: gcs_2_bq_dag.move_taxi_zones_files_task manual__2022-06-13T13:07:17.200607+00:00 [running]> on host 0825143a1170
[2022-06-13 13:07:20,227] {taskinstance.py:1572} INFO - Exporting the following env vars:
AIRFLOW_CTX_DAG_OWNER=***
AIRFLOW_CTX_DAG_ID=gcs_2_bq_dag
AIRFLOW_CTX_TASK_ID=move_taxi_zones_files_task
AIRFLOW_CTX_EXECUTION_DATE=2022-06-13T13:07:17.200607+00:00
AIRFLOW_CTX_TRY_NUMBER=1
AIRFLOW_CTX_DAG_RUN_ID=manual__2022-06-13T13:07:17.200607+00:00
[2022-06-13 13:07:20,239] {crypto.py:82} WARNING - empty cryptography key - values will not be stored encrypted.
[2022-06-13 13:07:20,245] {base.py:68} INFO - Using connection ID 'google_cloud_default' for task execution.
[2022-06-13 13:07:20,249] {gcs_to_gcs.py:361} INFO - Delimiter ignored because wildcard is in prefix
[2022-06-13 13:07:20,685] {gcs_to_gcs.py:428} INFO - Executing copy of gs://dtc_data_lake_united-electron-351323/raw/output_taxi_zones_.parquet to gs://dtc_data_lake_united-electron-351323/taxi_zones/taxi_zones_tripdata.parquet
[2022-06-13 13:07:20,750] {gcs.py:238} INFO - Total Bytes: 6839 | Bytes Written: 6839
[2022-06-13 13:07:20,753] {gcs.py:251} INFO - Object raw/output_taxi_zones_.parquet in bucket dtc_data_lake_united-electron-351323 rewritten to object taxi_zones/taxi_zones_tripdata.parquet in bucket dtc_data_lake_united-electron-351323
[2022-06-13 13:07:20,807] {gcs.py:653} INFO - Blob raw/output_taxi_zones_.parquet deleted.
[2022-06-13 13:07:20,907] {taskinstance.py:1401} INFO - Marking task as SUCCESS. dag_id=gcs_2_bq_dag, task_id=move_taxi_zones_files_task, execution_date=20220613T130717, start_date=20220613T130719, end_date=20220613T130720
[2022-06-13 13:07:21,055] {local_task_job.py:156} INFO - Task exited with return code 0
[2022-06-13 13:07:21,387] {local_task_job.py:273} INFO - 1 downstream tasks scheduled from follow-on schedule check
