[2022-06-11 19:06:43,868] {taskinstance.py:1160} INFO - Dependencies all met for <TaskInstance: gcs_2_bq_dag.bq_create_yellow_taxi_tripdata_partitioned_table_task scheduled__2022-06-06T00:00:00+00:00 [queued]>
[2022-06-11 19:06:43,878] {taskinstance.py:1160} INFO - Dependencies all met for <TaskInstance: gcs_2_bq_dag.bq_create_yellow_taxi_tripdata_partitioned_table_task scheduled__2022-06-06T00:00:00+00:00 [queued]>
[2022-06-11 19:06:43,880] {taskinstance.py:1357} INFO - 
--------------------------------------------------------------------------------
[2022-06-11 19:06:43,881] {taskinstance.py:1358} INFO - Starting attempt 2 of 2
[2022-06-11 19:06:43,882] {taskinstance.py:1359} INFO - 
--------------------------------------------------------------------------------
[2022-06-11 19:06:43,894] {taskinstance.py:1378} INFO - Executing <Task(BigQueryInsertJobOperator): bq_create_yellow_taxi_tripdata_partitioned_table_task> on 2022-06-06 00:00:00+00:00
[2022-06-11 19:06:43,903] {standard_task_runner.py:52} INFO - Started process 333 to run task
[2022-06-11 19:06:43,908] {standard_task_runner.py:79} INFO - Running: ['***', 'tasks', 'run', 'gcs_2_bq_dag', 'bq_create_yellow_taxi_tripdata_partitioned_table_task', 'scheduled__2022-06-06T00:00:00+00:00', '--job-id', '611', '--raw', '--subdir', 'DAGS_FOLDER/gcs_to_bq_dag.py', '--cfg-path', '/tmp/tmphucjjyx2', '--error-file', '/tmp/tmpm7soojpw']
[2022-06-11 19:06:43,911] {standard_task_runner.py:80} INFO - Job 611: Subtask bq_create_yellow_taxi_tripdata_partitioned_table_task
[2022-06-11 19:06:43,980] {task_command.py:370} INFO - Running <TaskInstance: gcs_2_bq_dag.bq_create_yellow_taxi_tripdata_partitioned_table_task scheduled__2022-06-06T00:00:00+00:00 [running]> on host 0825143a1170
[2022-06-11 19:06:44,070] {taskinstance.py:1572} INFO - Exporting the following env vars:
AIRFLOW_CTX_DAG_OWNER=***
AIRFLOW_CTX_DAG_ID=gcs_2_bq_dag
AIRFLOW_CTX_TASK_ID=bq_create_yellow_taxi_tripdata_partitioned_table_task
AIRFLOW_CTX_EXECUTION_DATE=2022-06-06T00:00:00+00:00
AIRFLOW_CTX_TRY_NUMBER=2
AIRFLOW_CTX_DAG_RUN_ID=scheduled__2022-06-06T00:00:00+00:00
[2022-06-11 19:06:44,076] {crypto.py:82} WARNING - empty cryptography key - values will not be stored encrypted.
[2022-06-11 19:06:44,080] {base.py:68} INFO - Using connection ID 'google_cloud_default' for task execution.
[2022-06-11 19:06:44,084] {warnings.py:110} WARNING - /home/***/.local/lib/python3.7/site-packages/***/utils/context.py:202: AirflowContextDeprecationWarning: Accessing 'execution_date' from the template is deprecated and will be removed in a future version. Please use 'data_interval_start' or 'logical_date' instead.
  warnings.warn(_create_deprecation_warning(key, self._deprecation_replacements[key]))

[2022-06-11 19:06:44,092] {bigquery.py:2148} INFO - Executing: {'query': {'query': 'CREATE OR REPLACE TABLE trips_data_all.yellow_taxi_tripdata                 PARTITION BY DATETIME_TRUNC(tpep_pickup_datetime, MONTH)                     AS                     SELECT *                     REPLACE(NULL AS airport_fee)                FROM trips_data_all.yellow_taxi_tripdata_external_table;', 'useLegacySql': False}}
[2022-06-11 19:06:44,120] {bigquery.py:1538} INFO - Inserting job ***_gcs_2_bq_dag_bq_create_yellow_taxi_tripdata_partitioned_table_task_2022_06_06T00_00_00_00_00_2e65be18bddf1d1f673072d6e93c1590
[2022-06-11 19:07:25,080] {taskinstance.py:1401} INFO - Marking task as SUCCESS. dag_id=gcs_2_bq_dag, task_id=bq_create_yellow_taxi_tripdata_partitioned_table_task, execution_date=20220606T000000, start_date=20220611T190643, end_date=20220611T190725
[2022-06-11 19:07:25,151] {local_task_job.py:156} INFO - Task exited with return code 0
[2022-06-11 19:07:25,199] {local_task_job.py:273} INFO - 0 downstream tasks scheduled from follow-on schedule check
