[2022-06-11 18:37:25,513] {taskinstance.py:1160} INFO - Dependencies all met for <TaskInstance: gcs_2_bq_dag.bq_create_yellow_taxi_tripdata_partitioned_table_task scheduled__2022-06-06T00:00:00+00:00 [queued]>
[2022-06-11 18:37:25,537] {taskinstance.py:1160} INFO - Dependencies all met for <TaskInstance: gcs_2_bq_dag.bq_create_yellow_taxi_tripdata_partitioned_table_task scheduled__2022-06-06T00:00:00+00:00 [queued]>
[2022-06-11 18:37:25,540] {taskinstance.py:1357} INFO - 
--------------------------------------------------------------------------------
[2022-06-11 18:37:25,543] {taskinstance.py:1358} INFO - Starting attempt 1 of 2
[2022-06-11 18:37:25,545] {taskinstance.py:1359} INFO - 
--------------------------------------------------------------------------------
[2022-06-11 18:37:25,567] {taskinstance.py:1378} INFO - Executing <Task(BigQueryInsertJobOperator): bq_create_yellow_taxi_tripdata_partitioned_table_task> on 2022-06-06 00:00:00+00:00
[2022-06-11 18:37:25,608] {standard_task_runner.py:52} INFO - Started process 98 to run task
[2022-06-11 18:37:25,616] {standard_task_runner.py:79} INFO - Running: ['***', 'tasks', 'run', 'gcs_2_bq_dag', 'bq_create_yellow_taxi_tripdata_partitioned_table_task', 'scheduled__2022-06-06T00:00:00+00:00', '--job-id', '571', '--raw', '--subdir', 'DAGS_FOLDER/gcs_to_bq_dag.py', '--cfg-path', '/tmp/tmpj4p6yk7w', '--error-file', '/tmp/tmpuc8zl0ah']
[2022-06-11 18:37:25,621] {standard_task_runner.py:80} INFO - Job 571: Subtask bq_create_yellow_taxi_tripdata_partitioned_table_task
[2022-06-11 18:37:25,765] {task_command.py:370} INFO - Running <TaskInstance: gcs_2_bq_dag.bq_create_yellow_taxi_tripdata_partitioned_table_task scheduled__2022-06-06T00:00:00+00:00 [running]> on host 80b81dda36ea
[2022-06-11 18:37:25,901] {taskinstance.py:1572} INFO - Exporting the following env vars:
AIRFLOW_CTX_DAG_OWNER=***
AIRFLOW_CTX_DAG_ID=gcs_2_bq_dag
AIRFLOW_CTX_TASK_ID=bq_create_yellow_taxi_tripdata_partitioned_table_task
AIRFLOW_CTX_EXECUTION_DATE=2022-06-06T00:00:00+00:00
AIRFLOW_CTX_TRY_NUMBER=1
AIRFLOW_CTX_DAG_RUN_ID=scheduled__2022-06-06T00:00:00+00:00
[2022-06-11 18:37:25,908] {crypto.py:82} WARNING - empty cryptography key - values will not be stored encrypted.
[2022-06-11 18:37:25,910] {base.py:68} INFO - Using connection ID 'google_cloud_default' for task execution.
[2022-06-11 18:37:25,914] {warnings.py:110} WARNING - /home/***/.local/lib/python3.7/site-packages/***/utils/context.py:202: AirflowContextDeprecationWarning: Accessing 'execution_date' from the template is deprecated and will be removed in a future version. Please use 'data_interval_start' or 'logical_date' instead.
  warnings.warn(_create_deprecation_warning(key, self._deprecation_replacements[key]))

[2022-06-11 18:37:25,918] {bigquery.py:2148} INFO - Executing: {'query': {'query': 'CREATE OR REPLACE TABLE trips_data_all.yellow_taxi_tripdata                 PARTITION BY DATETIME_TRUNC(tpep_pickup_datetime, MONTH)                     AS                     SELECT *                     REPLACE(NULL AS airport_fee)                FROM trips_data_all.yellow_taxi_tripdata_external_table;', 'useLegacySql': False}}
[2022-06-11 18:37:25,935] {bigquery.py:1538} INFO - Inserting job ***_gcs_2_bq_dag_bq_create_yellow_taxi_tripdata_partitioned_table_task_2022_06_06T00_00_00_00_00_672f048f1042502241a383b4d8ace89c
