[2022-06-11 19:20:41,343] {taskinstance.py:1160} INFO - Dependencies all met for <TaskInstance: gcs_2_bq_dag.bq_fhvhv_tripdata_external_table_task manual__2022-06-11T16:20:30-03:00 [queued]>
[2022-06-11 19:20:41,408] {taskinstance.py:1160} INFO - Dependencies all met for <TaskInstance: gcs_2_bq_dag.bq_fhvhv_tripdata_external_table_task manual__2022-06-11T16:20:30-03:00 [queued]>
[2022-06-11 19:20:41,415] {taskinstance.py:1357} INFO - 
--------------------------------------------------------------------------------
[2022-06-11 19:20:41,419] {taskinstance.py:1358} INFO - Starting attempt 1 of 2
[2022-06-11 19:20:41,428] {taskinstance.py:1359} INFO - 
--------------------------------------------------------------------------------
[2022-06-11 19:20:41,495] {taskinstance.py:1378} INFO - Executing <Task(BigQueryCreateExternalTableOperator): bq_fhvhv_tripdata_external_table_task> on 2022-06-11 19:20:30+00:00
[2022-06-11 19:20:41,571] {standard_task_runner.py:52} INFO - Started process 1088 to run task
[2022-06-11 19:20:41,632] {standard_task_runner.py:79} INFO - Running: ['***', 'tasks', 'run', 'gcs_2_bq_dag', 'bq_fhvhv_tripdata_external_table_task', 'manual__2022-06-11T16:20:30-03:00', '--job-id', '621', '--raw', '--subdir', 'DAGS_FOLDER/gcs_to_bq_dag.py', '--cfg-path', '/tmp/tmpqwwk5l8c', '--error-file', '/tmp/tmpdzh67oq0']
[2022-06-11 19:20:41,644] {standard_task_runner.py:80} INFO - Job 621: Subtask bq_fhvhv_tripdata_external_table_task
[2022-06-11 19:20:42,115] {task_command.py:370} INFO - Running <TaskInstance: gcs_2_bq_dag.bq_fhvhv_tripdata_external_table_task manual__2022-06-11T16:20:30-03:00 [running]> on host 0825143a1170
[2022-06-11 19:20:42,828] {taskinstance.py:1572} INFO - Exporting the following env vars:
AIRFLOW_CTX_DAG_OWNER=***
AIRFLOW_CTX_DAG_ID=gcs_2_bq_dag
AIRFLOW_CTX_TASK_ID=bq_fhvhv_tripdata_external_table_task
AIRFLOW_CTX_EXECUTION_DATE=2022-06-11T19:20:30+00:00
AIRFLOW_CTX_TRY_NUMBER=1
AIRFLOW_CTX_DAG_RUN_ID=manual__2022-06-11T16:20:30-03:00
[2022-06-11 19:20:42,871] {crypto.py:82} WARNING - empty cryptography key - values will not be stored encrypted.
[2022-06-11 19:20:42,881] {base.py:68} INFO - Using connection ID 'google_cloud_default' for task execution.
[2022-06-11 19:20:44,244] {taskinstance.py:1401} INFO - Marking task as SUCCESS. dag_id=gcs_2_bq_dag, task_id=bq_fhvhv_tripdata_external_table_task, execution_date=20220611T192030, start_date=20220611T192041, end_date=20220611T192044
[2022-06-11 19:20:44,365] {local_task_job.py:156} INFO - Task exited with return code 0
[2022-06-11 19:20:44,557] {local_task_job.py:273} INFO - 0 downstream tasks scheduled from follow-on schedule check
