[2022-06-13 13:18:02,346] {taskinstance.py:1160} INFO - Dependencies all met for <TaskInstance: green_taxi_ingestion_gcs_dag.download_dataset_task scheduled__2020-05-01T06:00:00+00:00 [queued]>
[2022-06-13 13:18:02,356] {taskinstance.py:1160} INFO - Dependencies all met for <TaskInstance: green_taxi_ingestion_gcs_dag.download_dataset_task scheduled__2020-05-01T06:00:00+00:00 [queued]>
[2022-06-13 13:18:02,357] {taskinstance.py:1357} INFO - 
--------------------------------------------------------------------------------
[2022-06-13 13:18:02,358] {taskinstance.py:1358} INFO - Starting attempt 1 of 1
[2022-06-13 13:18:02,359] {taskinstance.py:1359} INFO - 
--------------------------------------------------------------------------------
[2022-06-13 13:18:02,370] {taskinstance.py:1378} INFO - Executing <Task(BashOperator): download_dataset_task> on 2020-05-01 06:00:00+00:00
[2022-06-13 13:18:02,377] {standard_task_runner.py:52} INFO - Started process 365 to run task
[2022-06-13 13:18:02,385] {standard_task_runner.py:79} INFO - Running: ['***', 'tasks', 'run', 'green_taxi_ingestion_gcs_dag', 'download_dataset_task', 'scheduled__2020-05-01T06:00:00+00:00', '--job-id', '707', '--raw', '--subdir', 'DAGS_FOLDER/green_taxi_ingestion.py', '--cfg-path', '/tmp/tmph2p0xtbn', '--error-file', '/tmp/tmp8olnynwh']
[2022-06-13 13:18:02,389] {standard_task_runner.py:80} INFO - Job 707: Subtask download_dataset_task
[2022-06-13 13:18:02,447] {task_command.py:370} INFO - Running <TaskInstance: green_taxi_ingestion_gcs_dag.download_dataset_task scheduled__2020-05-01T06:00:00+00:00 [running]> on host 0825143a1170
[2022-06-13 13:18:02,485] {warnings.py:110} WARNING - /home/***/.local/lib/python3.7/site-packages/***/utils/context.py:202: AirflowContextDeprecationWarning: Accessing 'execution_date' from the template is deprecated and will be removed in a future version. Please use 'data_interval_start' or 'logical_date' instead.
  warnings.warn(_create_deprecation_warning(key, self._deprecation_replacements[key]))

[2022-06-13 13:18:02,513] {taskinstance.py:1572} INFO - Exporting the following env vars:
AIRFLOW_CTX_DAG_OWNER=***
AIRFLOW_CTX_DAG_ID=green_taxi_ingestion_gcs_dag
AIRFLOW_CTX_TASK_ID=download_dataset_task
AIRFLOW_CTX_EXECUTION_DATE=2020-05-01T06:00:00+00:00
AIRFLOW_CTX_TRY_NUMBER=1
AIRFLOW_CTX_DAG_RUN_ID=scheduled__2020-05-01T06:00:00+00:00
[2022-06-13 13:18:02,515] {subprocess.py:62} INFO - Tmp dir root location: 
 /tmp
[2022-06-13 13:18:02,517] {subprocess.py:74} INFO - Running command: ['bash', '-c', 'curl -sSL https://s3.amazonaws.com/nyc-tlc/trip+data/green_tripdata_2020-05.parquet > /opt/***/output_green_taxi_2020-05.parquet']
[2022-06-13 13:18:02,533] {subprocess.py:85} INFO - Output:
[2022-06-13 13:18:04,095] {subprocess.py:96} INFO - Command exited with return code 0
[2022-06-13 13:18:04,164] {taskinstance.py:1401} INFO - Marking task as SUCCESS. dag_id=green_taxi_ingestion_gcs_dag, task_id=download_dataset_task, execution_date=20200501T060000, start_date=20220613T131802, end_date=20220613T131804
[2022-06-13 13:18:04,220] {local_task_job.py:156} INFO - Task exited with return code 0
[2022-06-13 13:18:04,285] {local_task_job.py:273} INFO - 1 downstream tasks scheduled from follow-on schedule check
[2022-06-13 13:29:51,762] {taskinstance.py:1160} INFO - Dependencies all met for <TaskInstance: green_taxi_ingestion_gcs_dag.download_dataset_task scheduled__2020-05-01T06:00:00+00:00 [queued]>
[2022-06-13 13:29:51,773] {taskinstance.py:1160} INFO - Dependencies all met for <TaskInstance: green_taxi_ingestion_gcs_dag.download_dataset_task scheduled__2020-05-01T06:00:00+00:00 [queued]>
[2022-06-13 13:29:51,775] {taskinstance.py:1357} INFO - 
--------------------------------------------------------------------------------
[2022-06-13 13:29:51,777] {taskinstance.py:1358} INFO - Starting attempt 1 of 1
[2022-06-13 13:29:51,778] {taskinstance.py:1359} INFO - 
--------------------------------------------------------------------------------
[2022-06-13 13:29:51,793] {taskinstance.py:1378} INFO - Executing <Task(BashOperator): download_dataset_task> on 2020-05-01 06:00:00+00:00
[2022-06-13 13:29:51,801] {standard_task_runner.py:52} INFO - Started process 1412 to run task
[2022-06-13 13:29:51,805] {standard_task_runner.py:79} INFO - Running: ['***', 'tasks', 'run', 'green_taxi_ingestion_gcs_dag', 'download_dataset_task', 'scheduled__2020-05-01T06:00:00+00:00', '--job-id', '803', '--raw', '--subdir', 'DAGS_FOLDER/green_taxi_ingestion.py', '--cfg-path', '/tmp/tmp98fyyy12', '--error-file', '/tmp/tmptfnhamwj']
[2022-06-13 13:29:51,807] {standard_task_runner.py:80} INFO - Job 803: Subtask download_dataset_task
[2022-06-13 13:29:51,876] {task_command.py:370} INFO - Running <TaskInstance: green_taxi_ingestion_gcs_dag.download_dataset_task scheduled__2020-05-01T06:00:00+00:00 [running]> on host 0825143a1170
[2022-06-13 13:29:51,902] {warnings.py:110} WARNING - /home/***/.local/lib/python3.7/site-packages/***/utils/context.py:202: AirflowContextDeprecationWarning: Accessing 'execution_date' from the template is deprecated and will be removed in a future version. Please use 'data_interval_start' or 'logical_date' instead.
  warnings.warn(_create_deprecation_warning(key, self._deprecation_replacements[key]))

[2022-06-13 13:29:51,972] {taskinstance.py:1572} INFO - Exporting the following env vars:
AIRFLOW_CTX_DAG_OWNER=***
AIRFLOW_CTX_DAG_ID=green_taxi_ingestion_gcs_dag
AIRFLOW_CTX_TASK_ID=download_dataset_task
AIRFLOW_CTX_EXECUTION_DATE=2020-05-01T06:00:00+00:00
AIRFLOW_CTX_TRY_NUMBER=1
AIRFLOW_CTX_DAG_RUN_ID=scheduled__2020-05-01T06:00:00+00:00
[2022-06-13 13:29:51,974] {subprocess.py:62} INFO - Tmp dir root location: 
 /tmp
[2022-06-13 13:29:51,977] {subprocess.py:74} INFO - Running command: ['bash', '-c', 'curl -sSL https://s3.amazonaws.com/nyc-tlc/trip+data/green_tripdata_2020-05.parquet > /opt/***/output_green_taxi_2020-05.parquet']
[2022-06-13 13:29:52,003] {subprocess.py:85} INFO - Output:
[2022-06-13 13:29:53,490] {subprocess.py:96} INFO - Command exited with return code 0
[2022-06-13 13:29:53,515] {taskinstance.py:1401} INFO - Marking task as SUCCESS. dag_id=green_taxi_ingestion_gcs_dag, task_id=download_dataset_task, execution_date=20200501T060000, start_date=20220613T132951, end_date=20220613T132953
[2022-06-13 13:29:53,553] {local_task_job.py:156} INFO - Task exited with return code 0
[2022-06-13 13:29:53,644] {local_task_job.py:273} INFO - 1 downstream tasks scheduled from follow-on schedule check
