[2022-06-13 13:17:29,748] {taskinstance.py:1160} INFO - Dependencies all met for <TaskInstance: green_taxi_ingestion_gcs_dag.local_to_gcs_task scheduled__2019-05-01T06:00:00+00:00 [queued]>
[2022-06-13 13:17:29,762] {taskinstance.py:1160} INFO - Dependencies all met for <TaskInstance: green_taxi_ingestion_gcs_dag.local_to_gcs_task scheduled__2019-05-01T06:00:00+00:00 [queued]>
[2022-06-13 13:17:29,764] {taskinstance.py:1357} INFO - 
--------------------------------------------------------------------------------
[2022-06-13 13:17:29,765] {taskinstance.py:1358} INFO - Starting attempt 1 of 1
[2022-06-13 13:17:29,767] {taskinstance.py:1359} INFO - 
--------------------------------------------------------------------------------
[2022-06-13 13:17:29,784] {taskinstance.py:1378} INFO - Executing <Task(PythonOperator): local_to_gcs_task> on 2019-05-01 06:00:00+00:00
[2022-06-13 13:17:29,801] {standard_task_runner.py:52} INFO - Started process 232 to run task
[2022-06-13 13:17:29,809] {standard_task_runner.py:79} INFO - Running: ['***', 'tasks', 'run', 'green_taxi_ingestion_gcs_dag', 'local_to_gcs_task', 'scheduled__2019-05-01T06:00:00+00:00', '--job-id', '683', '--raw', '--subdir', 'DAGS_FOLDER/green_taxi_ingestion.py', '--cfg-path', '/tmp/tmpdm46ydpp', '--error-file', '/tmp/tmp4ytua3go']
[2022-06-13 13:17:29,815] {standard_task_runner.py:80} INFO - Job 683: Subtask local_to_gcs_task
[2022-06-13 13:17:29,899] {task_command.py:370} INFO - Running <TaskInstance: green_taxi_ingestion_gcs_dag.local_to_gcs_task scheduled__2019-05-01T06:00:00+00:00 [running]> on host 0825143a1170
[2022-06-13 13:17:29,937] {warnings.py:110} WARNING - /home/***/.local/lib/python3.7/site-packages/***/utils/context.py:202: AirflowContextDeprecationWarning: Accessing 'execution_date' from the template is deprecated and will be removed in a future version. Please use 'data_interval_start' or 'logical_date' instead.
  warnings.warn(_create_deprecation_warning(key, self._deprecation_replacements[key]))

[2022-06-13 13:17:29,981] {taskinstance.py:1572} INFO - Exporting the following env vars:
AIRFLOW_CTX_DAG_OWNER=***
AIRFLOW_CTX_DAG_ID=green_taxi_ingestion_gcs_dag
AIRFLOW_CTX_TASK_ID=local_to_gcs_task
AIRFLOW_CTX_EXECUTION_DATE=2019-05-01T06:00:00+00:00
AIRFLOW_CTX_TRY_NUMBER=1
AIRFLOW_CTX_DAG_RUN_ID=scheduled__2019-05-01T06:00:00+00:00
[2022-06-13 13:17:31,309] {python.py:173} INFO - Done. Returned value was: None
[2022-06-13 13:17:31,369] {taskinstance.py:1401} INFO - Marking task as SUCCESS. dag_id=green_taxi_ingestion_gcs_dag, task_id=local_to_gcs_task, execution_date=20190501T060000, start_date=20220613T131729, end_date=20220613T131731
[2022-06-13 13:17:31,462] {local_task_job.py:156} INFO - Task exited with return code 0
[2022-06-13 13:17:31,516] {local_task_job.py:273} INFO - 0 downstream tasks scheduled from follow-on schedule check
[2022-06-13 13:29:23,350] {taskinstance.py:1160} INFO - Dependencies all met for <TaskInstance: green_taxi_ingestion_gcs_dag.local_to_gcs_task scheduled__2019-05-01T06:00:00+00:00 [queued]>
[2022-06-13 13:29:23,367] {taskinstance.py:1160} INFO - Dependencies all met for <TaskInstance: green_taxi_ingestion_gcs_dag.local_to_gcs_task scheduled__2019-05-01T06:00:00+00:00 [queued]>
[2022-06-13 13:29:23,370] {taskinstance.py:1357} INFO - 
--------------------------------------------------------------------------------
[2022-06-13 13:29:23,373] {taskinstance.py:1358} INFO - Starting attempt 1 of 1
[2022-06-13 13:29:23,374] {taskinstance.py:1359} INFO - 
--------------------------------------------------------------------------------
[2022-06-13 13:29:23,393] {taskinstance.py:1378} INFO - Executing <Task(PythonOperator): local_to_gcs_task> on 2019-05-01 06:00:00+00:00
[2022-06-13 13:29:23,429] {standard_task_runner.py:52} INFO - Started process 1301 to run task
[2022-06-13 13:29:23,442] {standard_task_runner.py:79} INFO - Running: ['***', 'tasks', 'run', 'green_taxi_ingestion_gcs_dag', 'local_to_gcs_task', 'scheduled__2019-05-01T06:00:00+00:00', '--job-id', '782', '--raw', '--subdir', 'DAGS_FOLDER/green_taxi_ingestion.py', '--cfg-path', '/tmp/tmptkquwrxq', '--error-file', '/tmp/tmphgqu0u8d']
[2022-06-13 13:29:23,459] {standard_task_runner.py:80} INFO - Job 782: Subtask local_to_gcs_task
[2022-06-13 13:29:23,716] {task_command.py:370} INFO - Running <TaskInstance: green_taxi_ingestion_gcs_dag.local_to_gcs_task scheduled__2019-05-01T06:00:00+00:00 [running]> on host 0825143a1170
[2022-06-13 13:29:23,891] {warnings.py:110} WARNING - /home/***/.local/lib/python3.7/site-packages/***/utils/context.py:202: AirflowContextDeprecationWarning: Accessing 'execution_date' from the template is deprecated and will be removed in a future version. Please use 'data_interval_start' or 'logical_date' instead.
  warnings.warn(_create_deprecation_warning(key, self._deprecation_replacements[key]))

[2022-06-13 13:29:24,117] {taskinstance.py:1572} INFO - Exporting the following env vars:
AIRFLOW_CTX_DAG_OWNER=***
AIRFLOW_CTX_DAG_ID=green_taxi_ingestion_gcs_dag
AIRFLOW_CTX_TASK_ID=local_to_gcs_task
AIRFLOW_CTX_EXECUTION_DATE=2019-05-01T06:00:00+00:00
AIRFLOW_CTX_TRY_NUMBER=1
AIRFLOW_CTX_DAG_RUN_ID=scheduled__2019-05-01T06:00:00+00:00
[2022-06-13 13:29:25,341] {python.py:173} INFO - Done. Returned value was: None
[2022-06-13 13:29:25,370] {taskinstance.py:1401} INFO - Marking task as SUCCESS. dag_id=green_taxi_ingestion_gcs_dag, task_id=local_to_gcs_task, execution_date=20190501T060000, start_date=20220613T132923, end_date=20220613T132925
[2022-06-13 13:29:25,453] {local_task_job.py:156} INFO - Task exited with return code 0
[2022-06-13 13:29:25,488] {local_task_job.py:273} INFO - 0 downstream tasks scheduled from follow-on schedule check
