[2022-06-04 01:23:18,886] {taskinstance.py:1160} INFO - Dependencies all met for <TaskInstance: gcs_2_bq_dag.bq_create_fhvhv_tripdata_partitioned_table_task scheduled__2022-06-03T00:00:00+00:00 [queued]>
[2022-06-04 01:23:18,937] {taskinstance.py:1160} INFO - Dependencies all met for <TaskInstance: gcs_2_bq_dag.bq_create_fhvhv_tripdata_partitioned_table_task scheduled__2022-06-03T00:00:00+00:00 [queued]>
[2022-06-04 01:23:18,940] {taskinstance.py:1357} INFO - 
--------------------------------------------------------------------------------
[2022-06-04 01:23:18,942] {taskinstance.py:1358} INFO - Starting attempt 1 of 2
[2022-06-04 01:23:18,945] {taskinstance.py:1359} INFO - 
--------------------------------------------------------------------------------
[2022-06-04 01:23:18,989] {taskinstance.py:1378} INFO - Executing <Task(BigQueryInsertJobOperator): bq_create_fhvhv_tripdata_partitioned_table_task> on 2022-06-03 00:00:00+00:00
[2022-06-04 01:23:19,011] {standard_task_runner.py:52} INFO - Started process 6847 to run task
[2022-06-04 01:23:19,027] {standard_task_runner.py:79} INFO - Running: ['***', 'tasks', 'run', 'gcs_2_bq_dag', 'bq_create_fhvhv_tripdata_partitioned_table_task', 'scheduled__2022-06-03T00:00:00+00:00', '--job-id', '551', '--raw', '--subdir', 'DAGS_FOLDER/gcs_to_bq_dag.py', '--cfg-path', '/tmp/tmp016oxjv1', '--error-file', '/tmp/tmpkwbr9_yq']
[2022-06-04 01:23:19,032] {standard_task_runner.py:80} INFO - Job 551: Subtask bq_create_fhvhv_tripdata_partitioned_table_task
[2022-06-04 01:23:19,261] {task_command.py:370} INFO - Running <TaskInstance: gcs_2_bq_dag.bq_create_fhvhv_tripdata_partitioned_table_task scheduled__2022-06-03T00:00:00+00:00 [running]> on host 80b81dda36ea
[2022-06-04 01:23:19,478] {taskinstance.py:1572} INFO - Exporting the following env vars:
AIRFLOW_CTX_DAG_OWNER=***
AIRFLOW_CTX_DAG_ID=gcs_2_bq_dag
AIRFLOW_CTX_TASK_ID=bq_create_fhvhv_tripdata_partitioned_table_task
AIRFLOW_CTX_EXECUTION_DATE=2022-06-03T00:00:00+00:00
AIRFLOW_CTX_TRY_NUMBER=1
AIRFLOW_CTX_DAG_RUN_ID=scheduled__2022-06-03T00:00:00+00:00
[2022-06-04 01:23:19,492] {crypto.py:82} WARNING - empty cryptography key - values will not be stored encrypted.
[2022-06-04 01:23:19,494] {base.py:68} INFO - Using connection ID 'google_cloud_default' for task execution.
[2022-06-04 01:23:19,501] {warnings.py:110} WARNING - /home/***/.local/lib/python3.7/site-packages/***/utils/context.py:202: AirflowContextDeprecationWarning: Accessing 'execution_date' from the template is deprecated and will be removed in a future version. Please use 'data_interval_start' or 'logical_date' instead.
  warnings.warn(_create_deprecation_warning(key, self._deprecation_replacements[key]))

[2022-06-04 01:23:19,506] {bigquery.py:2148} INFO - Executing: {'query': {'query': 'CREATE OR REPLACE TABLE trips_data_all.fhvhv_tripdata                 PARTITION BY DATETIME_TRUNC(pickup_datetime, MONTH)                     AS                     SELECT *                     REPLACE(NULL AS airport_fee)                FROM trips_data_all.fhvhv_tripdata_external_table;', 'useLegacySql': False}}
[2022-06-04 01:23:19,533] {bigquery.py:1538} INFO - Inserting job ***_gcs_2_bq_dag_bq_create_fhvhv_tripdata_partitioned_table_task_2022_06_03T00_00_00_00_00_67de8926772ee3d3a4025f309b73cda7
[2022-06-04 01:24:54,628] {taskinstance.py:1401} INFO - Marking task as SUCCESS. dag_id=gcs_2_bq_dag, task_id=bq_create_fhvhv_tripdata_partitioned_table_task, execution_date=20220603T000000, start_date=20220604T012318, end_date=20220604T012454
[2022-06-04 01:24:54,695] {local_task_job.py:156} INFO - Task exited with return code 0
[2022-06-04 01:24:54,745] {local_task_job.py:273} INFO - 0 downstream tasks scheduled from follow-on schedule check
