[2022-06-01 06:25:15,047] {taskinstance.py:1160} INFO - Dependencies all met for <TaskInstance: yellow_taxi_ingestion_gcs_dag.download_dataset_task scheduled__2022-05-01T06:00:00+00:00 [queued]>
[2022-06-01 06:25:15,071] {taskinstance.py:1160} INFO - Dependencies all met for <TaskInstance: yellow_taxi_ingestion_gcs_dag.download_dataset_task scheduled__2022-05-01T06:00:00+00:00 [queued]>
[2022-06-01 06:25:15,073] {taskinstance.py:1357} INFO - 
--------------------------------------------------------------------------------
[2022-06-01 06:25:15,076] {taskinstance.py:1358} INFO - Starting attempt 1 of 1
[2022-06-01 06:25:15,077] {taskinstance.py:1359} INFO - 
--------------------------------------------------------------------------------
[2022-06-01 06:25:15,091] {taskinstance.py:1378} INFO - Executing <Task(BashOperator): download_dataset_task> on 2022-05-01 06:00:00+00:00
[2022-06-01 06:25:15,100] {standard_task_runner.py:52} INFO - Started process 5923 to run task
[2022-06-01 06:25:15,104] {standard_task_runner.py:79} INFO - Running: ['***', 'tasks', 'run', 'yellow_taxi_ingestion_gcs_dag', 'download_dataset_task', 'scheduled__2022-05-01T06:00:00+00:00', '--job-id', '487', '--raw', '--subdir', 'DAGS_FOLDER/yellow_taxi_ingestion.py', '--cfg-path', '/tmp/tmp8jfnmlt0', '--error-file', '/tmp/tmptmy2d7ch']
[2022-06-01 06:25:15,109] {standard_task_runner.py:80} INFO - Job 487: Subtask download_dataset_task
[2022-06-01 06:25:15,180] {task_command.py:370} INFO - Running <TaskInstance: yellow_taxi_ingestion_gcs_dag.download_dataset_task scheduled__2022-05-01T06:00:00+00:00 [running]> on host 80b81dda36ea
[2022-06-01 06:25:15,224] {warnings.py:110} WARNING - /home/***/.local/lib/python3.7/site-packages/***/utils/context.py:202: AirflowContextDeprecationWarning: Accessing 'execution_date' from the template is deprecated and will be removed in a future version. Please use 'data_interval_start' or 'logical_date' instead.
  warnings.warn(_create_deprecation_warning(key, self._deprecation_replacements[key]))

[2022-06-01 06:25:15,278] {taskinstance.py:1572} INFO - Exporting the following env vars:
AIRFLOW_CTX_DAG_OWNER=***
AIRFLOW_CTX_DAG_ID=yellow_taxi_ingestion_gcs_dag
AIRFLOW_CTX_TASK_ID=download_dataset_task
AIRFLOW_CTX_EXECUTION_DATE=2022-05-01T06:00:00+00:00
AIRFLOW_CTX_TRY_NUMBER=1
AIRFLOW_CTX_DAG_RUN_ID=scheduled__2022-05-01T06:00:00+00:00
[2022-06-01 06:25:15,281] {subprocess.py:62} INFO - Tmp dir root location: 
 /tmp
[2022-06-01 06:25:15,283] {subprocess.py:74} INFO - Running command: ['bash', '-c', 'curl -sSL https://s3.amazonaws.com/nyc-tlc/trip+data/yellow_tripdata_2022-05.parquet > /opt/***/output_yellow_taxi_2022-05.parquet']
[2022-06-01 06:25:15,303] {subprocess.py:85} INFO - Output:
[2022-06-01 06:25:16,060] {subprocess.py:96} INFO - Command exited with return code 0
[2022-06-01 06:25:16,098] {taskinstance.py:1401} INFO - Marking task as SUCCESS. dag_id=yellow_taxi_ingestion_gcs_dag, task_id=download_dataset_task, execution_date=20220501T060000, start_date=20220601T062515, end_date=20220601T062516
[2022-06-01 06:25:16,127] {local_task_job.py:156} INFO - Task exited with return code 0
[2022-06-01 06:25:16,163] {local_task_job.py:273} INFO - 1 downstream tasks scheduled from follow-on schedule check
