[2022-07-18 23:32:47,720] {taskinstance.py:1160} INFO - Dependencies all met for <TaskInstance: local_to_gcs.local_to_gcs_task scheduled__2016-01-10T06:00:00+00:00 [queued]>
[2022-07-18 23:32:47,745] {taskinstance.py:1160} INFO - Dependencies all met for <TaskInstance: local_to_gcs.local_to_gcs_task scheduled__2016-01-10T06:00:00+00:00 [queued]>
[2022-07-18 23:32:47,748] {taskinstance.py:1357} INFO - 
--------------------------------------------------------------------------------
[2022-07-18 23:32:47,749] {taskinstance.py:1358} INFO - Starting attempt 1 of 1
[2022-07-18 23:32:47,752] {taskinstance.py:1359} INFO - 
--------------------------------------------------------------------------------
[2022-07-18 23:32:47,784] {taskinstance.py:1378} INFO - Executing <Task(PythonOperator): local_to_gcs_task> on 2016-01-10 06:00:00+00:00
[2022-07-18 23:32:47,807] {standard_task_runner.py:52} INFO - Started process 39635 to run task
[2022-07-18 23:32:47,821] {standard_task_runner.py:79} INFO - Running: ['***', 'tasks', 'run', 'local_to_gcs', 'local_to_gcs_task', 'scheduled__2016-01-10T06:00:00+00:00', '--job-id', '67', '--raw', '--subdir', 'DAGS_FOLDER/local_to_gcs.py', '--cfg-path', '/tmp/tmpr4x3qyyo', '--error-file', '/tmp/tmp4f2qw08g']
[2022-07-18 23:32:47,827] {standard_task_runner.py:80} INFO - Job 67: Subtask local_to_gcs_task
[2022-07-18 23:32:47,949] {task_command.py:370} INFO - Running <TaskInstance: local_to_gcs.local_to_gcs_task scheduled__2016-01-10T06:00:00+00:00 [running]> on host 32d1f26135d5
[2022-07-18 23:32:48,123] {taskinstance.py:1572} INFO - Exporting the following env vars:
AIRFLOW_CTX_DAG_OWNER=***
AIRFLOW_CTX_DAG_ID=local_to_gcs
AIRFLOW_CTX_TASK_ID=local_to_gcs_task
AIRFLOW_CTX_EXECUTION_DATE=2016-01-10T06:00:00+00:00
AIRFLOW_CTX_TRY_NUMBER=1
AIRFLOW_CTX_DAG_RUN_ID=scheduled__2016-01-10T06:00:00+00:00
[2022-07-18 23:32:55,023] {python.py:173} INFO - Done. Returned value was: None
[2022-07-18 23:32:55,066] {taskinstance.py:1401} INFO - Marking task as SUCCESS. dag_id=local_to_gcs, task_id=local_to_gcs_task, execution_date=20160110T060000, start_date=20220718T233247, end_date=20220718T233255
[2022-07-18 23:32:55,138] {local_task_job.py:156} INFO - Task exited with return code 0
[2022-07-18 23:32:55,176] {local_task_job.py:273} INFO - 0 downstream tasks scheduled from follow-on schedule check
