[2022-07-18 23:30:14,066] {taskinstance.py:1160} INFO - Dependencies all met for <TaskInstance: local_to_gcs.format_to_parquet_task scheduled__2012-01-10T06:00:00+00:00 [queued]>
[2022-07-18 23:30:14,075] {taskinstance.py:1160} INFO - Dependencies all met for <TaskInstance: local_to_gcs.format_to_parquet_task scheduled__2012-01-10T06:00:00+00:00 [queued]>
[2022-07-18 23:30:14,076] {taskinstance.py:1357} INFO - 
--------------------------------------------------------------------------------
[2022-07-18 23:30:14,077] {taskinstance.py:1358} INFO - Starting attempt 1 of 1
[2022-07-18 23:30:14,078] {taskinstance.py:1359} INFO - 
--------------------------------------------------------------------------------
[2022-07-18 23:30:14,122] {taskinstance.py:1378} INFO - Executing <Task(PythonOperator): format_to_parquet_task> on 2012-01-10 06:00:00+00:00
[2022-07-18 23:30:14,130] {standard_task_runner.py:52} INFO - Started process 39474 to run task
[2022-07-18 23:30:14,136] {standard_task_runner.py:79} INFO - Running: ['***', 'tasks', 'run', 'local_to_gcs', 'format_to_parquet_task', 'scheduled__2012-01-10T06:00:00+00:00', '--job-id', '58', '--raw', '--subdir', 'DAGS_FOLDER/local_to_gcs.py', '--cfg-path', '/tmp/tmpoecrmf8i', '--error-file', '/tmp/tmp2nfzavtl']
[2022-07-18 23:30:14,140] {standard_task_runner.py:80} INFO - Job 58: Subtask format_to_parquet_task
[2022-07-18 23:30:14,217] {task_command.py:370} INFO - Running <TaskInstance: local_to_gcs.format_to_parquet_task scheduled__2012-01-10T06:00:00+00:00 [running]> on host 32d1f26135d5
[2022-07-18 23:30:14,296] {taskinstance.py:1572} INFO - Exporting the following env vars:
AIRFLOW_CTX_DAG_OWNER=***
AIRFLOW_CTX_DAG_ID=local_to_gcs
AIRFLOW_CTX_TASK_ID=format_to_parquet_task
AIRFLOW_CTX_EXECUTION_DATE=2012-01-10T06:00:00+00:00
AIRFLOW_CTX_TRY_NUMBER=1
AIRFLOW_CTX_DAG_RUN_ID=scheduled__2012-01-10T06:00:00+00:00
[2022-07-18 23:31:05,607] {python.py:173} INFO - Done. Returned value was: None
[2022-07-18 23:31:06,090] {taskinstance.py:1401} INFO - Marking task as SUCCESS. dag_id=local_to_gcs, task_id=format_to_parquet_task, execution_date=20120110T060000, start_date=20220718T233014, end_date=20220718T233106
[2022-07-18 23:31:09,655] {local_task_job.py:221} WARNING - State of this instance has been externally set to success. Terminating instance.
[2022-07-18 23:31:09,803] {process_utils.py:129} INFO - Sending Signals.SIGTERM to group 39474. PIDs of all processes in the group: [39474]
[2022-07-18 23:31:09,818] {process_utils.py:80} INFO - Sending the signal Signals.SIGTERM to group 39474
[2022-07-18 23:31:13,600] {process_utils.py:75} INFO - Process psutil.Process(pid=39474, status='terminated', exitcode=0, started='23:30:13') (39474) terminated with exit code 0
