[2022-06-13 13:18:19,974] {taskinstance.py:1160} INFO - Dependencies all met for <TaskInstance: green_taxi_ingestion_gcs_dag.download_dataset_task scheduled__2021-01-01T06:00:00+00:00 [queued]>
[2022-06-13 13:18:19,984] {taskinstance.py:1160} INFO - Dependencies all met for <TaskInstance: green_taxi_ingestion_gcs_dag.download_dataset_task scheduled__2021-01-01T06:00:00+00:00 [queued]>
[2022-06-13 13:18:19,987] {taskinstance.py:1357} INFO - 
--------------------------------------------------------------------------------
[2022-06-13 13:18:19,988] {taskinstance.py:1358} INFO - Starting attempt 1 of 1
[2022-06-13 13:18:19,989] {taskinstance.py:1359} INFO - 
--------------------------------------------------------------------------------
[2022-06-13 13:18:20,004] {taskinstance.py:1378} INFO - Executing <Task(BashOperator): download_dataset_task> on 2021-01-01 06:00:00+00:00
[2022-06-13 13:18:20,024] {standard_task_runner.py:52} INFO - Started process 443 to run task
[2022-06-13 13:18:20,030] {standard_task_runner.py:79} INFO - Running: ['***', 'tasks', 'run', 'green_taxi_ingestion_gcs_dag', 'download_dataset_task', 'scheduled__2021-01-01T06:00:00+00:00', '--job-id', '723', '--raw', '--subdir', 'DAGS_FOLDER/green_taxi_ingestion.py', '--cfg-path', '/tmp/tmpuy7ycm8m', '--error-file', '/tmp/tmpzd6qy8sn']
[2022-06-13 13:18:20,033] {standard_task_runner.py:80} INFO - Job 723: Subtask download_dataset_task
[2022-06-13 13:18:20,125] {task_command.py:370} INFO - Running <TaskInstance: green_taxi_ingestion_gcs_dag.download_dataset_task scheduled__2021-01-01T06:00:00+00:00 [running]> on host 0825143a1170
[2022-06-13 13:18:20,157] {warnings.py:110} WARNING - /home/***/.local/lib/python3.7/site-packages/***/utils/context.py:202: AirflowContextDeprecationWarning: Accessing 'execution_date' from the template is deprecated and will be removed in a future version. Please use 'data_interval_start' or 'logical_date' instead.
  warnings.warn(_create_deprecation_warning(key, self._deprecation_replacements[key]))

[2022-06-13 13:18:20,203] {taskinstance.py:1572} INFO - Exporting the following env vars:
AIRFLOW_CTX_DAG_OWNER=***
AIRFLOW_CTX_DAG_ID=green_taxi_ingestion_gcs_dag
AIRFLOW_CTX_TASK_ID=download_dataset_task
AIRFLOW_CTX_EXECUTION_DATE=2021-01-01T06:00:00+00:00
AIRFLOW_CTX_TRY_NUMBER=1
AIRFLOW_CTX_DAG_RUN_ID=scheduled__2021-01-01T06:00:00+00:00
[2022-06-13 13:18:20,211] {subprocess.py:62} INFO - Tmp dir root location: 
 /tmp
[2022-06-13 13:18:20,219] {subprocess.py:74} INFO - Running command: ['bash', '-c', 'curl -sSL https://s3.amazonaws.com/nyc-tlc/trip+data/green_tripdata_2021-01.parquet > /opt/***/output_green_taxi_2021-01.parquet']
[2022-06-13 13:18:20,241] {subprocess.py:85} INFO - Output:
[2022-06-13 13:18:21,938] {subprocess.py:96} INFO - Command exited with return code 0
[2022-06-13 13:18:22,017] {taskinstance.py:1401} INFO - Marking task as SUCCESS. dag_id=green_taxi_ingestion_gcs_dag, task_id=download_dataset_task, execution_date=20210101T060000, start_date=20220613T131819, end_date=20220613T131822
[2022-06-13 13:18:22,093] {local_task_job.py:156} INFO - Task exited with return code 0
[2022-06-13 13:18:22,171] {local_task_job.py:273} INFO - 0 downstream tasks scheduled from follow-on schedule check
[2022-06-13 13:30:13,817] {taskinstance.py:1160} INFO - Dependencies all met for <TaskInstance: green_taxi_ingestion_gcs_dag.download_dataset_task scheduled__2021-01-01T06:00:00+00:00 [queued]>
[2022-06-13 13:30:13,829] {taskinstance.py:1160} INFO - Dependencies all met for <TaskInstance: green_taxi_ingestion_gcs_dag.download_dataset_task scheduled__2021-01-01T06:00:00+00:00 [queued]>
[2022-06-13 13:30:13,830] {taskinstance.py:1357} INFO - 
--------------------------------------------------------------------------------
[2022-06-13 13:30:13,831] {taskinstance.py:1358} INFO - Starting attempt 1 of 1
[2022-06-13 13:30:13,832] {taskinstance.py:1359} INFO - 
--------------------------------------------------------------------------------
[2022-06-13 13:30:13,849] {taskinstance.py:1378} INFO - Executing <Task(BashOperator): download_dataset_task> on 2021-01-01 06:00:00+00:00
[2022-06-13 13:30:13,861] {standard_task_runner.py:52} INFO - Started process 1525 to run task
[2022-06-13 13:30:13,865] {standard_task_runner.py:79} INFO - Running: ['***', 'tasks', 'run', 'green_taxi_ingestion_gcs_dag', 'download_dataset_task', 'scheduled__2021-01-01T06:00:00+00:00', '--job-id', '820', '--raw', '--subdir', 'DAGS_FOLDER/green_taxi_ingestion.py', '--cfg-path', '/tmp/tmpv85h8g8y', '--error-file', '/tmp/tmpwcnav1t3']
[2022-06-13 13:30:13,868] {standard_task_runner.py:80} INFO - Job 820: Subtask download_dataset_task
[2022-06-13 13:30:13,949] {task_command.py:370} INFO - Running <TaskInstance: green_taxi_ingestion_gcs_dag.download_dataset_task scheduled__2021-01-01T06:00:00+00:00 [running]> on host 0825143a1170
[2022-06-13 13:30:13,996] {warnings.py:110} WARNING - /home/***/.local/lib/python3.7/site-packages/***/utils/context.py:202: AirflowContextDeprecationWarning: Accessing 'execution_date' from the template is deprecated and will be removed in a future version. Please use 'data_interval_start' or 'logical_date' instead.
  warnings.warn(_create_deprecation_warning(key, self._deprecation_replacements[key]))

[2022-06-13 13:30:14,036] {taskinstance.py:1572} INFO - Exporting the following env vars:
AIRFLOW_CTX_DAG_OWNER=***
AIRFLOW_CTX_DAG_ID=green_taxi_ingestion_gcs_dag
AIRFLOW_CTX_TASK_ID=download_dataset_task
AIRFLOW_CTX_EXECUTION_DATE=2021-01-01T06:00:00+00:00
AIRFLOW_CTX_TRY_NUMBER=1
AIRFLOW_CTX_DAG_RUN_ID=scheduled__2021-01-01T06:00:00+00:00
[2022-06-13 13:30:14,039] {subprocess.py:62} INFO - Tmp dir root location: 
 /tmp
[2022-06-13 13:30:14,041] {subprocess.py:74} INFO - Running command: ['bash', '-c', 'curl -sSL https://s3.amazonaws.com/nyc-tlc/trip+data/green_tripdata_2021-01.parquet > /opt/***/output_green_taxi_2021-01.parquet']
[2022-06-13 13:30:14,068] {subprocess.py:85} INFO - Output:
[2022-06-13 13:30:15,672] {subprocess.py:96} INFO - Command exited with return code 0
[2022-06-13 13:30:15,752] {taskinstance.py:1401} INFO - Marking task as SUCCESS. dag_id=green_taxi_ingestion_gcs_dag, task_id=download_dataset_task, execution_date=20210101T060000, start_date=20220613T133013, end_date=20220613T133015
[2022-06-13 13:30:15,819] {local_task_job.py:156} INFO - Task exited with return code 0
[2022-06-13 13:30:15,872] {local_task_job.py:273} INFO - 1 downstream tasks scheduled from follow-on schedule check
