[2022-06-13 12:10:55,337] {taskinstance.py:1160} INFO - Dependencies all met for <TaskInstance: gcs_2_bq_dag.bq_create_yellow_taxi_tripdata_partitioned_table_task scheduled__2022-06-12T00:00:00+00:00 [queued]>
[2022-06-13 12:10:55,348] {taskinstance.py:1160} INFO - Dependencies all met for <TaskInstance: gcs_2_bq_dag.bq_create_yellow_taxi_tripdata_partitioned_table_task scheduled__2022-06-12T00:00:00+00:00 [queued]>
[2022-06-13 12:10:55,349] {taskinstance.py:1357} INFO - 
--------------------------------------------------------------------------------
[2022-06-13 12:10:55,351] {taskinstance.py:1358} INFO - Starting attempt 5 of 6
[2022-06-13 12:10:55,353] {taskinstance.py:1359} INFO - 
--------------------------------------------------------------------------------
[2022-06-13 12:10:55,368] {taskinstance.py:1378} INFO - Executing <Task(BigQueryInsertJobOperator): bq_create_yellow_taxi_tripdata_partitioned_table_task> on 2022-06-12 00:00:00+00:00
[2022-06-13 12:10:55,398] {standard_task_runner.py:52} INFO - Started process 13385 to run task
[2022-06-13 12:10:55,403] {standard_task_runner.py:79} INFO - Running: ['***', 'tasks', 'run', 'gcs_2_bq_dag', 'bq_create_yellow_taxi_tripdata_partitioned_table_task', 'scheduled__2022-06-12T00:00:00+00:00', '--job-id', '648', '--raw', '--subdir', 'DAGS_FOLDER/gcs_to_bq_dag.py', '--cfg-path', '/tmp/tmpww6o0p3s', '--error-file', '/tmp/tmplda_mery']
[2022-06-13 12:10:55,407] {standard_task_runner.py:80} INFO - Job 648: Subtask bq_create_yellow_taxi_tripdata_partitioned_table_task
[2022-06-13 12:10:55,505] {task_command.py:370} INFO - Running <TaskInstance: gcs_2_bq_dag.bq_create_yellow_taxi_tripdata_partitioned_table_task scheduled__2022-06-12T00:00:00+00:00 [running]> on host 0825143a1170
[2022-06-13 12:10:55,617] {taskinstance.py:1572} INFO - Exporting the following env vars:
AIRFLOW_CTX_DAG_OWNER=***
AIRFLOW_CTX_DAG_ID=gcs_2_bq_dag
AIRFLOW_CTX_TASK_ID=bq_create_yellow_taxi_tripdata_partitioned_table_task
AIRFLOW_CTX_EXECUTION_DATE=2022-06-12T00:00:00+00:00
AIRFLOW_CTX_TRY_NUMBER=5
AIRFLOW_CTX_DAG_RUN_ID=scheduled__2022-06-12T00:00:00+00:00
[2022-06-13 12:10:55,625] {crypto.py:82} WARNING - empty cryptography key - values will not be stored encrypted.
[2022-06-13 12:10:55,628] {base.py:68} INFO - Using connection ID 'google_cloud_default' for task execution.
[2022-06-13 12:10:55,633] {warnings.py:110} WARNING - /home/***/.local/lib/python3.7/site-packages/***/utils/context.py:202: AirflowContextDeprecationWarning: Accessing 'execution_date' from the template is deprecated and will be removed in a future version. Please use 'data_interval_start' or 'logical_date' instead.
  warnings.warn(_create_deprecation_warning(key, self._deprecation_replacements[key]))

[2022-06-13 12:10:55,640] {bigquery.py:2148} INFO - Executing: {'query': {'query': 'CREATE OR REPLACE TABLE trips_data_all.yellow_taxi_tripdata                     (                     VendorID INT64,                     tpep_pickup_datetime TIMESTAMP,                     tpep_dropoff_datetime TIMESTAMP,                     passenger_count FLOAT64,                     trip_distance FLOAT64,                     RatecodeID FLOAT64,                     store_and_fwd_flag STRING,                     PULocationID INT64,                     DOLocationID INT64,                     payment_type INT64,                     fare_amount FLOAT64,                     extra FLOAT64,                     mta_tax FLOAT64,                     tip_amount FLOAT64,                     tolls_amount FLOAT64,                     improvement_surcharge FLOAT64,                     total_amount FLOAT64,                     congestion_surcharge FLOAT64,                     airport_fee INT64                     )             PARTITION BY DATE(tpep_pickup_datetime)             OPTIONS(             partition_expiration_days=10000             )             AS (                 SELECT                      *                 REPLACE(NULL AS airport_fee)                 FROM                      trips_data_all.yellow_taxi_tripdata_external_table             );', 'useLegacySql': False}}
[2022-06-13 12:10:55,662] {bigquery.py:1538} INFO - Inserting job ***_gcs_2_bq_dag_bq_create_yellow_taxi_tripdata_partitioned_table_task_2022_06_12T00_00_00_00_00_02e2553d79f0a568404c5cf80d724316
[2022-06-13 12:10:57,080] {taskinstance.py:1890} ERROR - Task failed with exception
Traceback (most recent call last):
  File "/home/airflow/.local/lib/python3.7/site-packages/airflow/providers/google/cloud/operators/bigquery.py", line 2149, in execute
    job = self._submit_job(hook, job_id)
  File "/home/airflow/.local/lib/python3.7/site-packages/airflow/providers/google/cloud/operators/bigquery.py", line 2114, in _submit_job
    retry=self.result_retry,
  File "/home/airflow/.local/lib/python3.7/site-packages/airflow/providers/google/common/hooks/base_google.py", line 439, in inner_wrapper
    return func(self, *args, **kwargs)
  File "/home/airflow/.local/lib/python3.7/site-packages/airflow/providers/google/cloud/hooks/bigquery.py", line 1544, in insert_job
    job.result(timeout=timeout, retry=retry)
  File "/home/airflow/.local/lib/python3.7/site-packages/google/cloud/bigquery/job/query.py", line 1499, in result
    do_get_result()
  File "/home/airflow/.local/lib/python3.7/site-packages/google/cloud/bigquery/job/query.py", line 1489, in do_get_result
    super(QueryJob, self).result(retry=retry, timeout=timeout)
  File "/home/airflow/.local/lib/python3.7/site-packages/google/cloud/bigquery/job/base.py", line 728, in result
    return super(_AsyncJob, self).result(timeout=timeout, **kwargs)
  File "/home/airflow/.local/lib/python3.7/site-packages/google/api_core/future/polling.py", line 137, in result
    raise self._exception
google.api_core.exceptions.BadRequest: 400 Cannot replace a table with a different partitioning spec. Instead, DROP the table, and then recreate it. New partitioning spec is interval(type:day,field:tpep_pickup_datetime) and existing spec is interval(type:month,field:tpep_pickup_datetime)

Location: southamerica-east1
Job ID: airflow_gcs_2_bq_dag_bq_create_yellow_taxi_tripdata_partitioned_table_task_2022_06_12T00_00_00_00_00_02e2553d79f0a568404c5cf80d724316

[2022-06-13 12:10:57,135] {taskinstance.py:1401} INFO - Marking task as UP_FOR_RETRY. dag_id=gcs_2_bq_dag, task_id=bq_create_yellow_taxi_tripdata_partitioned_table_task, execution_date=20220612T000000, start_date=20220613T121055, end_date=20220613T121057
[2022-06-13 12:10:57,154] {standard_task_runner.py:97} ERROR - Failed to execute job 648 for task bq_create_yellow_taxi_tripdata_partitioned_table_task (400 Cannot replace a table with a different partitioning spec. Instead, DROP the table, and then recreate it. New partitioning spec is interval(type:day,field:tpep_pickup_datetime) and existing spec is interval(type:month,field:tpep_pickup_datetime)

Location: southamerica-east1
Job ID: airflow_gcs_2_bq_dag_bq_create_yellow_taxi_tripdata_partitioned_table_task_2022_06_12T00_00_00_00_00_02e2553d79f0a568404c5cf80d724316
; 13385)
[2022-06-13 12:10:57,231] {local_task_job.py:156} INFO - Task exited with return code 1
[2022-06-13 12:10:57,284] {local_task_job.py:273} INFO - 0 downstream tasks scheduled from follow-on schedule check
