[2022-06-13 12:12:49,188] {taskinstance.py:1160} INFO - Dependencies all met for <TaskInstance: gcs_2_bq_dag.bq_create_yellow_taxi_tripdata_partitioned_table_task scheduled__2022-06-12T00:00:00+00:00 [queued]>
[2022-06-13 12:12:49,205] {taskinstance.py:1160} INFO - Dependencies all met for <TaskInstance: gcs_2_bq_dag.bq_create_yellow_taxi_tripdata_partitioned_table_task scheduled__2022-06-12T00:00:00+00:00 [queued]>
[2022-06-13 12:12:49,206] {taskinstance.py:1357} INFO - 
--------------------------------------------------------------------------------
[2022-06-13 12:12:49,208] {taskinstance.py:1358} INFO - Starting attempt 7 of 8
[2022-06-13 12:12:49,210] {taskinstance.py:1359} INFO - 
--------------------------------------------------------------------------------
[2022-06-13 12:12:49,228] {taskinstance.py:1378} INFO - Executing <Task(BigQueryInsertJobOperator): bq_create_yellow_taxi_tripdata_partitioned_table_task> on 2022-06-12 00:00:00+00:00
[2022-06-13 12:12:49,241] {standard_task_runner.py:52} INFO - Started process 13479 to run task
[2022-06-13 12:12:49,253] {standard_task_runner.py:79} INFO - Running: ['***', 'tasks', 'run', 'gcs_2_bq_dag', 'bq_create_yellow_taxi_tripdata_partitioned_table_task', 'scheduled__2022-06-12T00:00:00+00:00', '--job-id', '650', '--raw', '--subdir', 'DAGS_FOLDER/gcs_to_bq_dag.py', '--cfg-path', '/tmp/tmp4safuplh', '--error-file', '/tmp/tmp_orqljqk']
[2022-06-13 12:12:49,257] {standard_task_runner.py:80} INFO - Job 650: Subtask bq_create_yellow_taxi_tripdata_partitioned_table_task
[2022-06-13 12:12:49,332] {task_command.py:370} INFO - Running <TaskInstance: gcs_2_bq_dag.bq_create_yellow_taxi_tripdata_partitioned_table_task scheduled__2022-06-12T00:00:00+00:00 [running]> on host 0825143a1170
[2022-06-13 12:12:49,405] {taskinstance.py:1572} INFO - Exporting the following env vars:
AIRFLOW_CTX_DAG_OWNER=***
AIRFLOW_CTX_DAG_ID=gcs_2_bq_dag
AIRFLOW_CTX_TASK_ID=bq_create_yellow_taxi_tripdata_partitioned_table_task
AIRFLOW_CTX_EXECUTION_DATE=2022-06-12T00:00:00+00:00
AIRFLOW_CTX_TRY_NUMBER=7
AIRFLOW_CTX_DAG_RUN_ID=scheduled__2022-06-12T00:00:00+00:00
[2022-06-13 12:12:49,409] {crypto.py:82} WARNING - empty cryptography key - values will not be stored encrypted.
[2022-06-13 12:12:49,410] {base.py:68} INFO - Using connection ID 'google_cloud_default' for task execution.
[2022-06-13 12:12:49,413] {warnings.py:110} WARNING - /home/***/.local/lib/python3.7/site-packages/***/utils/context.py:202: AirflowContextDeprecationWarning: Accessing 'execution_date' from the template is deprecated and will be removed in a future version. Please use 'data_interval_start' or 'logical_date' instead.
  warnings.warn(_create_deprecation_warning(key, self._deprecation_replacements[key]))

[2022-06-13 12:12:49,415] {bigquery.py:2148} INFO - Executing: {'query': {'query': 'CREATE OR REPLACE TABLE trips_data_all.yellow_taxi_tripdata                     (                     VendorID INT64,                     tpep_pickup_datetime TIMESTAMP,                     tpep_dropoff_datetime TIMESTAMP,                     passenger_count FLOAT64,                     trip_distance FLOAT64,                     RatecodeID FLOAT64,                     store_and_fwd_flag STRING,                     PULocationID INT64,                     DOLocationID INT64,                     payment_type INT64,                     fare_amount FLOAT64,                     extra FLOAT64,                     mta_tax FLOAT64,                     tip_amount FLOAT64,                     tolls_amount FLOAT64,                     improvement_surcharge FLOAT64,                     total_amount FLOAT64,                     congestion_surcharge FLOAT64,                     airport_fee INT64                     )             PARTITION BY DATE(tpep_pickup_datetime)             OPTIONS(             partition_expiration_days=10000             )             AS (                 SELECT                      *                 REPLACE(NULL AS airport_fee)                 FROM                      trips_data_all.yellow_taxi_tripdata_external_table             );', 'useLegacySql': False}}
[2022-06-13 12:12:49,431] {bigquery.py:1538} INFO - Inserting job ***_gcs_2_bq_dag_bq_create_yellow_taxi_tripdata_partitioned_table_task_2022_06_12T00_00_00_00_00_c5715a253502064e5ae014404ed2cbd5
[2022-06-13 12:13:17,701] {taskinstance.py:1401} INFO - Marking task as SUCCESS. dag_id=gcs_2_bq_dag, task_id=bq_create_yellow_taxi_tripdata_partitioned_table_task, execution_date=20220612T000000, start_date=20220613T121249, end_date=20220613T121317
[2022-06-13 12:13:17,757] {local_task_job.py:156} INFO - Task exited with return code 0
[2022-06-13 12:13:17,796] {local_task_job.py:273} INFO - 0 downstream tasks scheduled from follow-on schedule check
