[2022-06-13 13:18:50,508] {taskinstance.py:1160} INFO - Dependencies all met for <TaskInstance: green_taxi_ingestion_gcs_dag.download_dataset_task scheduled__2022-04-01T06:00:00+00:00 [queued]>
[2022-06-13 13:18:50,519] {taskinstance.py:1160} INFO - Dependencies all met for <TaskInstance: green_taxi_ingestion_gcs_dag.download_dataset_task scheduled__2022-04-01T06:00:00+00:00 [queued]>
[2022-06-13 13:18:50,521] {taskinstance.py:1357} INFO - 
--------------------------------------------------------------------------------
[2022-06-13 13:18:50,523] {taskinstance.py:1358} INFO - Starting attempt 1 of 1
[2022-06-13 13:18:50,524] {taskinstance.py:1359} INFO - 
--------------------------------------------------------------------------------
[2022-06-13 13:18:50,535] {taskinstance.py:1378} INFO - Executing <Task(BashOperator): download_dataset_task> on 2022-04-01 06:00:00+00:00
[2022-06-13 13:18:50,543] {standard_task_runner.py:52} INFO - Started process 606 to run task
[2022-06-13 13:18:50,552] {standard_task_runner.py:79} INFO - Running: ['***', 'tasks', 'run', 'green_taxi_ingestion_gcs_dag', 'download_dataset_task', 'scheduled__2022-04-01T06:00:00+00:00', '--job-id', '753', '--raw', '--subdir', 'DAGS_FOLDER/green_taxi_ingestion.py', '--cfg-path', '/tmp/tmpl73mod65', '--error-file', '/tmp/tmp0uza3j8b']
[2022-06-13 13:18:50,556] {standard_task_runner.py:80} INFO - Job 753: Subtask download_dataset_task
[2022-06-13 13:18:50,619] {task_command.py:370} INFO - Running <TaskInstance: green_taxi_ingestion_gcs_dag.download_dataset_task scheduled__2022-04-01T06:00:00+00:00 [running]> on host 0825143a1170
[2022-06-13 13:18:50,651] {warnings.py:110} WARNING - /home/***/.local/lib/python3.7/site-packages/***/utils/context.py:202: AirflowContextDeprecationWarning: Accessing 'execution_date' from the template is deprecated and will be removed in a future version. Please use 'data_interval_start' or 'logical_date' instead.
  warnings.warn(_create_deprecation_warning(key, self._deprecation_replacements[key]))

[2022-06-13 13:18:50,681] {taskinstance.py:1572} INFO - Exporting the following env vars:
AIRFLOW_CTX_DAG_OWNER=***
AIRFLOW_CTX_DAG_ID=green_taxi_ingestion_gcs_dag
AIRFLOW_CTX_TASK_ID=download_dataset_task
AIRFLOW_CTX_EXECUTION_DATE=2022-04-01T06:00:00+00:00
AIRFLOW_CTX_TRY_NUMBER=1
AIRFLOW_CTX_DAG_RUN_ID=scheduled__2022-04-01T06:00:00+00:00
[2022-06-13 13:18:50,683] {subprocess.py:62} INFO - Tmp dir root location: 
 /tmp
[2022-06-13 13:18:50,686] {subprocess.py:74} INFO - Running command: ['bash', '-c', 'curl -sSL https://s3.amazonaws.com/nyc-tlc/trip+data/green_tripdata_2022-04.parquet > /opt/***/output_green_taxi_2022-04.parquet']
[2022-06-13 13:18:50,715] {subprocess.py:85} INFO - Output:
[2022-06-13 13:18:51,377] {subprocess.py:96} INFO - Command exited with return code 0
[2022-06-13 13:18:51,416] {taskinstance.py:1401} INFO - Marking task as SUCCESS. dag_id=green_taxi_ingestion_gcs_dag, task_id=download_dataset_task, execution_date=20220401T060000, start_date=20220613T131850, end_date=20220613T131851
[2022-06-13 13:18:51,473] {local_task_job.py:156} INFO - Task exited with return code 0
[2022-06-13 13:18:51,540] {local_task_job.py:273} INFO - 0 downstream tasks scheduled from follow-on schedule check
[2022-06-13 13:30:48,537] {taskinstance.py:1160} INFO - Dependencies all met for <TaskInstance: green_taxi_ingestion_gcs_dag.download_dataset_task scheduled__2022-04-01T06:00:00+00:00 [queued]>
[2022-06-13 13:30:48,551] {taskinstance.py:1160} INFO - Dependencies all met for <TaskInstance: green_taxi_ingestion_gcs_dag.download_dataset_task scheduled__2022-04-01T06:00:00+00:00 [queued]>
[2022-06-13 13:30:48,553] {taskinstance.py:1357} INFO - 
--------------------------------------------------------------------------------
[2022-06-13 13:30:48,555] {taskinstance.py:1358} INFO - Starting attempt 1 of 1
[2022-06-13 13:30:48,558] {taskinstance.py:1359} INFO - 
--------------------------------------------------------------------------------
[2022-06-13 13:30:48,572] {taskinstance.py:1378} INFO - Executing <Task(BashOperator): download_dataset_task> on 2022-04-01 06:00:00+00:00
[2022-06-13 13:30:48,583] {standard_task_runner.py:52} INFO - Started process 1690 to run task
[2022-06-13 13:30:48,591] {standard_task_runner.py:79} INFO - Running: ['***', 'tasks', 'run', 'green_taxi_ingestion_gcs_dag', 'download_dataset_task', 'scheduled__2022-04-01T06:00:00+00:00', '--job-id', '851', '--raw', '--subdir', 'DAGS_FOLDER/green_taxi_ingestion.py', '--cfg-path', '/tmp/tmpfp169von', '--error-file', '/tmp/tmp3qn1jluk']
[2022-06-13 13:30:48,594] {standard_task_runner.py:80} INFO - Job 851: Subtask download_dataset_task
[2022-06-13 13:30:48,693] {task_command.py:370} INFO - Running <TaskInstance: green_taxi_ingestion_gcs_dag.download_dataset_task scheduled__2022-04-01T06:00:00+00:00 [running]> on host 0825143a1170
[2022-06-13 13:30:48,743] {warnings.py:110} WARNING - /home/***/.local/lib/python3.7/site-packages/***/utils/context.py:202: AirflowContextDeprecationWarning: Accessing 'execution_date' from the template is deprecated and will be removed in a future version. Please use 'data_interval_start' or 'logical_date' instead.
  warnings.warn(_create_deprecation_warning(key, self._deprecation_replacements[key]))

[2022-06-13 13:30:48,812] {taskinstance.py:1572} INFO - Exporting the following env vars:
AIRFLOW_CTX_DAG_OWNER=***
AIRFLOW_CTX_DAG_ID=green_taxi_ingestion_gcs_dag
AIRFLOW_CTX_TASK_ID=download_dataset_task
AIRFLOW_CTX_EXECUTION_DATE=2022-04-01T06:00:00+00:00
AIRFLOW_CTX_TRY_NUMBER=1
AIRFLOW_CTX_DAG_RUN_ID=scheduled__2022-04-01T06:00:00+00:00
[2022-06-13 13:30:48,816] {subprocess.py:62} INFO - Tmp dir root location: 
 /tmp
[2022-06-13 13:30:48,822] {subprocess.py:74} INFO - Running command: ['bash', '-c', 'curl -sSL https://s3.amazonaws.com/nyc-tlc/trip+data/green_tripdata_2022-04.parquet > /opt/***/output_green_taxi_2022-04.parquet']
[2022-06-13 13:30:48,859] {subprocess.py:85} INFO - Output:
[2022-06-13 13:30:49,560] {subprocess.py:96} INFO - Command exited with return code 0
[2022-06-13 13:30:49,603] {taskinstance.py:1401} INFO - Marking task as SUCCESS. dag_id=green_taxi_ingestion_gcs_dag, task_id=download_dataset_task, execution_date=20220401T060000, start_date=20220613T133048, end_date=20220613T133049
[2022-06-13 13:30:49,634] {local_task_job.py:156} INFO - Task exited with return code 0
[2022-06-13 13:30:49,684] {local_task_job.py:273} INFO - 1 downstream tasks scheduled from follow-on schedule check
