[2022-06-13 13:17:53,733] {taskinstance.py:1160} INFO - Dependencies all met for <TaskInstance: green_taxi_ingestion_gcs_dag.local_to_gcs_task scheduled__2019-12-01T06:00:00+00:00 [queued]>
[2022-06-13 13:17:53,750] {taskinstance.py:1160} INFO - Dependencies all met for <TaskInstance: green_taxi_ingestion_gcs_dag.local_to_gcs_task scheduled__2019-12-01T06:00:00+00:00 [queued]>
[2022-06-13 13:17:53,751] {taskinstance.py:1357} INFO - 
--------------------------------------------------------------------------------
[2022-06-13 13:17:53,753] {taskinstance.py:1358} INFO - Starting attempt 1 of 1
[2022-06-13 13:17:53,754] {taskinstance.py:1359} INFO - 
--------------------------------------------------------------------------------
[2022-06-13 13:17:53,774] {taskinstance.py:1378} INFO - Executing <Task(PythonOperator): local_to_gcs_task> on 2019-12-01 06:00:00+00:00
[2022-06-13 13:17:53,785] {standard_task_runner.py:52} INFO - Started process 325 to run task
[2022-06-13 13:17:53,789] {standard_task_runner.py:79} INFO - Running: ['***', 'tasks', 'run', 'green_taxi_ingestion_gcs_dag', 'local_to_gcs_task', 'scheduled__2019-12-01T06:00:00+00:00', '--job-id', '700', '--raw', '--subdir', 'DAGS_FOLDER/green_taxi_ingestion.py', '--cfg-path', '/tmp/tmpl1g9seu4', '--error-file', '/tmp/tmpmcp470pl']
[2022-06-13 13:17:53,793] {standard_task_runner.py:80} INFO - Job 700: Subtask local_to_gcs_task
[2022-06-13 13:17:53,935] {task_command.py:370} INFO - Running <TaskInstance: green_taxi_ingestion_gcs_dag.local_to_gcs_task scheduled__2019-12-01T06:00:00+00:00 [running]> on host 0825143a1170
[2022-06-13 13:17:54,020] {warnings.py:110} WARNING - /home/***/.local/lib/python3.7/site-packages/***/utils/context.py:202: AirflowContextDeprecationWarning: Accessing 'execution_date' from the template is deprecated and will be removed in a future version. Please use 'data_interval_start' or 'logical_date' instead.
  warnings.warn(_create_deprecation_warning(key, self._deprecation_replacements[key]))

[2022-06-13 13:17:54,094] {taskinstance.py:1572} INFO - Exporting the following env vars:
AIRFLOW_CTX_DAG_OWNER=***
AIRFLOW_CTX_DAG_ID=green_taxi_ingestion_gcs_dag
AIRFLOW_CTX_TASK_ID=local_to_gcs_task
AIRFLOW_CTX_EXECUTION_DATE=2019-12-01T06:00:00+00:00
AIRFLOW_CTX_TRY_NUMBER=1
AIRFLOW_CTX_DAG_RUN_ID=scheduled__2019-12-01T06:00:00+00:00
[2022-06-13 13:17:55,155] {python.py:173} INFO - Done. Returned value was: None
[2022-06-13 13:17:55,190] {taskinstance.py:1401} INFO - Marking task as SUCCESS. dag_id=green_taxi_ingestion_gcs_dag, task_id=local_to_gcs_task, execution_date=20191201T060000, start_date=20220613T131753, end_date=20220613T131755
[2022-06-13 13:17:55,273] {local_task_job.py:156} INFO - Task exited with return code 0
[2022-06-13 13:17:55,330] {local_task_job.py:273} INFO - 0 downstream tasks scheduled from follow-on schedule check
[2022-06-13 13:29:47,833] {taskinstance.py:1160} INFO - Dependencies all met for <TaskInstance: green_taxi_ingestion_gcs_dag.local_to_gcs_task scheduled__2019-12-01T06:00:00+00:00 [queued]>
[2022-06-13 13:29:47,874] {taskinstance.py:1160} INFO - Dependencies all met for <TaskInstance: green_taxi_ingestion_gcs_dag.local_to_gcs_task scheduled__2019-12-01T06:00:00+00:00 [queued]>
[2022-06-13 13:29:47,876] {taskinstance.py:1357} INFO - 
--------------------------------------------------------------------------------
[2022-06-13 13:29:47,879] {taskinstance.py:1358} INFO - Starting attempt 1 of 1
[2022-06-13 13:29:47,881] {taskinstance.py:1359} INFO - 
--------------------------------------------------------------------------------
[2022-06-13 13:29:47,914] {taskinstance.py:1378} INFO - Executing <Task(PythonOperator): local_to_gcs_task> on 2019-12-01 06:00:00+00:00
[2022-06-13 13:29:47,926] {standard_task_runner.py:52} INFO - Started process 1402 to run task
[2022-06-13 13:29:47,941] {standard_task_runner.py:79} INFO - Running: ['***', 'tasks', 'run', 'green_taxi_ingestion_gcs_dag', 'local_to_gcs_task', 'scheduled__2019-12-01T06:00:00+00:00', '--job-id', '800', '--raw', '--subdir', 'DAGS_FOLDER/green_taxi_ingestion.py', '--cfg-path', '/tmp/tmpjh3ua715', '--error-file', '/tmp/tmpvp2x39iu']
[2022-06-13 13:29:47,959] {standard_task_runner.py:80} INFO - Job 800: Subtask local_to_gcs_task
[2022-06-13 13:29:48,102] {task_command.py:370} INFO - Running <TaskInstance: green_taxi_ingestion_gcs_dag.local_to_gcs_task scheduled__2019-12-01T06:00:00+00:00 [running]> on host 0825143a1170
[2022-06-13 13:29:48,173] {warnings.py:110} WARNING - /home/***/.local/lib/python3.7/site-packages/***/utils/context.py:202: AirflowContextDeprecationWarning: Accessing 'execution_date' from the template is deprecated and will be removed in a future version. Please use 'data_interval_start' or 'logical_date' instead.
  warnings.warn(_create_deprecation_warning(key, self._deprecation_replacements[key]))

[2022-06-13 13:29:48,286] {taskinstance.py:1572} INFO - Exporting the following env vars:
AIRFLOW_CTX_DAG_OWNER=***
AIRFLOW_CTX_DAG_ID=green_taxi_ingestion_gcs_dag
AIRFLOW_CTX_TASK_ID=local_to_gcs_task
AIRFLOW_CTX_EXECUTION_DATE=2019-12-01T06:00:00+00:00
AIRFLOW_CTX_TRY_NUMBER=1
AIRFLOW_CTX_DAG_RUN_ID=scheduled__2019-12-01T06:00:00+00:00
[2022-06-13 13:29:49,483] {python.py:173} INFO - Done. Returned value was: None
[2022-06-13 13:29:49,522] {taskinstance.py:1401} INFO - Marking task as SUCCESS. dag_id=green_taxi_ingestion_gcs_dag, task_id=local_to_gcs_task, execution_date=20191201T060000, start_date=20220613T132947, end_date=20220613T132949
[2022-06-13 13:29:49,607] {local_task_job.py:156} INFO - Task exited with return code 0
[2022-06-13 13:29:49,668] {local_task_job.py:273} INFO - 0 downstream tasks scheduled from follow-on schedule check
