[2022-06-13 13:17:46,491] {taskinstance.py:1160} INFO - Dependencies all met for <TaskInstance: green_taxi_ingestion_gcs_dag.local_to_gcs_task scheduled__2019-10-01T06:00:00+00:00 [queued]>
[2022-06-13 13:17:46,501] {taskinstance.py:1160} INFO - Dependencies all met for <TaskInstance: green_taxi_ingestion_gcs_dag.local_to_gcs_task scheduled__2019-10-01T06:00:00+00:00 [queued]>
[2022-06-13 13:17:46,504] {taskinstance.py:1357} INFO - 
--------------------------------------------------------------------------------
[2022-06-13 13:17:46,506] {taskinstance.py:1358} INFO - Starting attempt 1 of 1
[2022-06-13 13:17:46,508] {taskinstance.py:1359} INFO - 
--------------------------------------------------------------------------------
[2022-06-13 13:17:46,523] {taskinstance.py:1378} INFO - Executing <Task(PythonOperator): local_to_gcs_task> on 2019-10-01 06:00:00+00:00
[2022-06-13 13:17:46,530] {standard_task_runner.py:52} INFO - Started process 298 to run task
[2022-06-13 13:17:46,534] {standard_task_runner.py:79} INFO - Running: ['***', 'tasks', 'run', 'green_taxi_ingestion_gcs_dag', 'local_to_gcs_task', 'scheduled__2019-10-01T06:00:00+00:00', '--job-id', '695', '--raw', '--subdir', 'DAGS_FOLDER/green_taxi_ingestion.py', '--cfg-path', '/tmp/tmp26gmag8c', '--error-file', '/tmp/tmp3t5a7mkw']
[2022-06-13 13:17:46,536] {standard_task_runner.py:80} INFO - Job 695: Subtask local_to_gcs_task
[2022-06-13 13:17:46,578] {task_command.py:370} INFO - Running <TaskInstance: green_taxi_ingestion_gcs_dag.local_to_gcs_task scheduled__2019-10-01T06:00:00+00:00 [running]> on host 0825143a1170
[2022-06-13 13:17:46,600] {warnings.py:110} WARNING - /home/***/.local/lib/python3.7/site-packages/***/utils/context.py:202: AirflowContextDeprecationWarning: Accessing 'execution_date' from the template is deprecated and will be removed in a future version. Please use 'data_interval_start' or 'logical_date' instead.
  warnings.warn(_create_deprecation_warning(key, self._deprecation_replacements[key]))

[2022-06-13 13:17:46,633] {taskinstance.py:1572} INFO - Exporting the following env vars:
AIRFLOW_CTX_DAG_OWNER=***
AIRFLOW_CTX_DAG_ID=green_taxi_ingestion_gcs_dag
AIRFLOW_CTX_TASK_ID=local_to_gcs_task
AIRFLOW_CTX_EXECUTION_DATE=2019-10-01T06:00:00+00:00
AIRFLOW_CTX_TRY_NUMBER=1
AIRFLOW_CTX_DAG_RUN_ID=scheduled__2019-10-01T06:00:00+00:00
[2022-06-13 13:17:47,939] {python.py:173} INFO - Done. Returned value was: None
[2022-06-13 13:17:48,027] {taskinstance.py:1401} INFO - Marking task as SUCCESS. dag_id=green_taxi_ingestion_gcs_dag, task_id=local_to_gcs_task, execution_date=20191001T060000, start_date=20220613T131746, end_date=20220613T131748
[2022-06-13 13:17:48,135] {local_task_job.py:156} INFO - Task exited with return code 0
[2022-06-13 13:17:48,190] {local_task_job.py:273} INFO - 0 downstream tasks scheduled from follow-on schedule check
[2022-06-13 13:29:39,588] {taskinstance.py:1160} INFO - Dependencies all met for <TaskInstance: green_taxi_ingestion_gcs_dag.local_to_gcs_task scheduled__2019-10-01T06:00:00+00:00 [queued]>
[2022-06-13 13:29:39,601] {taskinstance.py:1160} INFO - Dependencies all met for <TaskInstance: green_taxi_ingestion_gcs_dag.local_to_gcs_task scheduled__2019-10-01T06:00:00+00:00 [queued]>
[2022-06-13 13:29:39,604] {taskinstance.py:1357} INFO - 
--------------------------------------------------------------------------------
[2022-06-13 13:29:39,606] {taskinstance.py:1358} INFO - Starting attempt 1 of 1
[2022-06-13 13:29:39,607] {taskinstance.py:1359} INFO - 
--------------------------------------------------------------------------------
[2022-06-13 13:29:39,628] {taskinstance.py:1378} INFO - Executing <Task(PythonOperator): local_to_gcs_task> on 2019-10-01 06:00:00+00:00
[2022-06-13 13:29:39,645] {standard_task_runner.py:52} INFO - Started process 1365 to run task
[2022-06-13 13:29:39,651] {standard_task_runner.py:79} INFO - Running: ['***', 'tasks', 'run', 'green_taxi_ingestion_gcs_dag', 'local_to_gcs_task', 'scheduled__2019-10-01T06:00:00+00:00', '--job-id', '793', '--raw', '--subdir', 'DAGS_FOLDER/green_taxi_ingestion.py', '--cfg-path', '/tmp/tmpjglti259', '--error-file', '/tmp/tmpgkngb83q']
[2022-06-13 13:29:39,657] {standard_task_runner.py:80} INFO - Job 793: Subtask local_to_gcs_task
[2022-06-13 13:29:39,739] {task_command.py:370} INFO - Running <TaskInstance: green_taxi_ingestion_gcs_dag.local_to_gcs_task scheduled__2019-10-01T06:00:00+00:00 [running]> on host 0825143a1170
[2022-06-13 13:29:39,776] {warnings.py:110} WARNING - /home/***/.local/lib/python3.7/site-packages/***/utils/context.py:202: AirflowContextDeprecationWarning: Accessing 'execution_date' from the template is deprecated and will be removed in a future version. Please use 'data_interval_start' or 'logical_date' instead.
  warnings.warn(_create_deprecation_warning(key, self._deprecation_replacements[key]))

[2022-06-13 13:29:39,849] {taskinstance.py:1572} INFO - Exporting the following env vars:
AIRFLOW_CTX_DAG_OWNER=***
AIRFLOW_CTX_DAG_ID=green_taxi_ingestion_gcs_dag
AIRFLOW_CTX_TASK_ID=local_to_gcs_task
AIRFLOW_CTX_EXECUTION_DATE=2019-10-01T06:00:00+00:00
AIRFLOW_CTX_TRY_NUMBER=1
AIRFLOW_CTX_DAG_RUN_ID=scheduled__2019-10-01T06:00:00+00:00
[2022-06-13 13:29:41,313] {python.py:173} INFO - Done. Returned value was: None
[2022-06-13 13:29:41,367] {taskinstance.py:1401} INFO - Marking task as SUCCESS. dag_id=green_taxi_ingestion_gcs_dag, task_id=local_to_gcs_task, execution_date=20191001T060000, start_date=20220613T132939, end_date=20220613T132941
[2022-06-13 13:29:41,496] {local_task_job.py:156} INFO - Task exited with return code 0
[2022-06-13 13:29:41,570] {local_task_job.py:273} INFO - 0 downstream tasks scheduled from follow-on schedule check
