[2022-06-13 13:18:32,888] {taskinstance.py:1160} INFO - Dependencies all met for <TaskInstance: green_taxi_ingestion_gcs_dag.local_to_gcs_task scheduled__2021-06-01T06:00:00+00:00 [queued]>
[2022-06-13 13:18:32,898] {taskinstance.py:1160} INFO - Dependencies all met for <TaskInstance: green_taxi_ingestion_gcs_dag.local_to_gcs_task scheduled__2021-06-01T06:00:00+00:00 [queued]>
[2022-06-13 13:18:32,900] {taskinstance.py:1357} INFO - 
--------------------------------------------------------------------------------
[2022-06-13 13:18:32,901] {taskinstance.py:1358} INFO - Starting attempt 1 of 1
[2022-06-13 13:18:32,902] {taskinstance.py:1359} INFO - 
--------------------------------------------------------------------------------
[2022-06-13 13:18:32,916] {taskinstance.py:1378} INFO - Executing <Task(PythonOperator): local_to_gcs_task> on 2021-06-01 06:00:00+00:00
[2022-06-13 13:18:32,925] {standard_task_runner.py:52} INFO - Started process 533 to run task
[2022-06-13 13:18:32,929] {standard_task_runner.py:79} INFO - Running: ['***', 'tasks', 'run', 'green_taxi_ingestion_gcs_dag', 'local_to_gcs_task', 'scheduled__2021-06-01T06:00:00+00:00', '--job-id', '738', '--raw', '--subdir', 'DAGS_FOLDER/green_taxi_ingestion.py', '--cfg-path', '/tmp/tmpaha27pht', '--error-file', '/tmp/tmprlkq_h8p']
[2022-06-13 13:18:32,932] {standard_task_runner.py:80} INFO - Job 738: Subtask local_to_gcs_task
[2022-06-13 13:18:32,997] {task_command.py:370} INFO - Running <TaskInstance: green_taxi_ingestion_gcs_dag.local_to_gcs_task scheduled__2021-06-01T06:00:00+00:00 [running]> on host 0825143a1170
[2022-06-13 13:18:33,036] {warnings.py:110} WARNING - /home/***/.local/lib/python3.7/site-packages/***/utils/context.py:202: AirflowContextDeprecationWarning: Accessing 'execution_date' from the template is deprecated and will be removed in a future version. Please use 'data_interval_start' or 'logical_date' instead.
  warnings.warn(_create_deprecation_warning(key, self._deprecation_replacements[key]))

[2022-06-13 13:18:33,083] {taskinstance.py:1572} INFO - Exporting the following env vars:
AIRFLOW_CTX_DAG_OWNER=***
AIRFLOW_CTX_DAG_ID=green_taxi_ingestion_gcs_dag
AIRFLOW_CTX_TASK_ID=local_to_gcs_task
AIRFLOW_CTX_EXECUTION_DATE=2021-06-01T06:00:00+00:00
AIRFLOW_CTX_TRY_NUMBER=1
AIRFLOW_CTX_DAG_RUN_ID=scheduled__2021-06-01T06:00:00+00:00
[2022-06-13 13:18:33,611] {python.py:173} INFO - Done. Returned value was: None
[2022-06-13 13:18:33,659] {taskinstance.py:1401} INFO - Marking task as SUCCESS. dag_id=green_taxi_ingestion_gcs_dag, task_id=local_to_gcs_task, execution_date=20210601T060000, start_date=20220613T131832, end_date=20220613T131833
[2022-06-13 13:18:33,761] {local_task_job.py:156} INFO - Task exited with return code 0
[2022-06-13 13:18:33,830] {local_task_job.py:273} INFO - 0 downstream tasks scheduled from follow-on schedule check
[2022-06-13 13:30:27,925] {taskinstance.py:1160} INFO - Dependencies all met for <TaskInstance: green_taxi_ingestion_gcs_dag.local_to_gcs_task scheduled__2021-06-01T06:00:00+00:00 [queued]>
[2022-06-13 13:30:27,933] {taskinstance.py:1160} INFO - Dependencies all met for <TaskInstance: green_taxi_ingestion_gcs_dag.local_to_gcs_task scheduled__2021-06-01T06:00:00+00:00 [queued]>
[2022-06-13 13:30:27,935] {taskinstance.py:1357} INFO - 
--------------------------------------------------------------------------------
[2022-06-13 13:30:27,936] {taskinstance.py:1358} INFO - Starting attempt 1 of 1
[2022-06-13 13:30:27,937] {taskinstance.py:1359} INFO - 
--------------------------------------------------------------------------------
[2022-06-13 13:30:27,945] {taskinstance.py:1378} INFO - Executing <Task(PythonOperator): local_to_gcs_task> on 2021-06-01 06:00:00+00:00
[2022-06-13 13:30:27,959] {standard_task_runner.py:52} INFO - Started process 1596 to run task
[2022-06-13 13:30:27,963] {standard_task_runner.py:79} INFO - Running: ['***', 'tasks', 'run', 'green_taxi_ingestion_gcs_dag', 'local_to_gcs_task', 'scheduled__2021-06-01T06:00:00+00:00', '--job-id', '834', '--raw', '--subdir', 'DAGS_FOLDER/green_taxi_ingestion.py', '--cfg-path', '/tmp/tmp7yargs9g', '--error-file', '/tmp/tmpr85f5keb']
[2022-06-13 13:30:27,966] {standard_task_runner.py:80} INFO - Job 834: Subtask local_to_gcs_task
[2022-06-13 13:30:28,017] {task_command.py:370} INFO - Running <TaskInstance: green_taxi_ingestion_gcs_dag.local_to_gcs_task scheduled__2021-06-01T06:00:00+00:00 [running]> on host 0825143a1170
[2022-06-13 13:30:28,048] {warnings.py:110} WARNING - /home/***/.local/lib/python3.7/site-packages/***/utils/context.py:202: AirflowContextDeprecationWarning: Accessing 'execution_date' from the template is deprecated and will be removed in a future version. Please use 'data_interval_start' or 'logical_date' instead.
  warnings.warn(_create_deprecation_warning(key, self._deprecation_replacements[key]))

[2022-06-13 13:30:28,084] {taskinstance.py:1572} INFO - Exporting the following env vars:
AIRFLOW_CTX_DAG_OWNER=***
AIRFLOW_CTX_DAG_ID=green_taxi_ingestion_gcs_dag
AIRFLOW_CTX_TASK_ID=local_to_gcs_task
AIRFLOW_CTX_EXECUTION_DATE=2021-06-01T06:00:00+00:00
AIRFLOW_CTX_TRY_NUMBER=1
AIRFLOW_CTX_DAG_RUN_ID=scheduled__2021-06-01T06:00:00+00:00
[2022-06-13 13:30:28,544] {python.py:173} INFO - Done. Returned value was: None
[2022-06-13 13:30:28,578] {taskinstance.py:1401} INFO - Marking task as SUCCESS. dag_id=green_taxi_ingestion_gcs_dag, task_id=local_to_gcs_task, execution_date=20210601T060000, start_date=20220613T133027, end_date=20220613T133028
[2022-06-13 13:30:28,641] {local_task_job.py:156} INFO - Task exited with return code 0
[2022-06-13 13:30:28,709] {local_task_job.py:273} INFO - 0 downstream tasks scheduled from follow-on schedule check
