[2022-06-04 00:57:09,449] {taskinstance.py:1160} INFO - Dependencies all met for <TaskInstance: gcs_2_bq_dag.move_fhvhv_files_task scheduled__2022-06-03T00:00:00+00:00 [queued]>
[2022-06-04 00:57:09,526] {taskinstance.py:1160} INFO - Dependencies all met for <TaskInstance: gcs_2_bq_dag.move_fhvhv_files_task scheduled__2022-06-03T00:00:00+00:00 [queued]>
[2022-06-04 00:57:09,531] {taskinstance.py:1357} INFO - 
--------------------------------------------------------------------------------
[2022-06-04 00:57:09,537] {taskinstance.py:1358} INFO - Starting attempt 1 of 2
[2022-06-04 00:57:09,540] {taskinstance.py:1359} INFO - 
--------------------------------------------------------------------------------
[2022-06-04 00:57:09,694] {taskinstance.py:1378} INFO - Executing <Task(GCSToGCSOperator): move_fhvhv_files_task> on 2022-06-03 00:00:00+00:00
[2022-06-04 00:57:09,729] {standard_task_runner.py:52} INFO - Started process 6803 to run task
[2022-06-04 00:57:09,822] {standard_task_runner.py:79} INFO - Running: ['***', 'tasks', 'run', 'gcs_2_bq_dag', 'move_fhvhv_files_task', 'scheduled__2022-06-03T00:00:00+00:00', '--job-id', '547', '--raw', '--subdir', 'DAGS_FOLDER/gcs_to_bq_dag.py', '--cfg-path', '/tmp/tmphyojkvu9', '--error-file', '/tmp/tmpcw7ikuhp']
[2022-06-04 00:57:09,844] {standard_task_runner.py:80} INFO - Job 547: Subtask move_fhvhv_files_task
[2022-06-04 00:57:10,276] {task_command.py:370} INFO - Running <TaskInstance: gcs_2_bq_dag.move_fhvhv_files_task scheduled__2022-06-03T00:00:00+00:00 [running]> on host 80b81dda36ea
[2022-06-04 00:57:10,789] {taskinstance.py:1572} INFO - Exporting the following env vars:
AIRFLOW_CTX_DAG_OWNER=***
AIRFLOW_CTX_DAG_ID=gcs_2_bq_dag
AIRFLOW_CTX_TASK_ID=move_fhvhv_files_task
AIRFLOW_CTX_EXECUTION_DATE=2022-06-03T00:00:00+00:00
AIRFLOW_CTX_TRY_NUMBER=1
AIRFLOW_CTX_DAG_RUN_ID=scheduled__2022-06-03T00:00:00+00:00
[2022-06-04 00:57:10,938] {crypto.py:82} WARNING - empty cryptography key - values will not be stored encrypted.
[2022-06-04 00:57:10,956] {base.py:68} INFO - Using connection ID 'google_cloud_default' for task execution.
[2022-06-04 00:57:10,965] {gcs_to_gcs.py:361} INFO - Delimiter ignored because wildcard is in prefix
[2022-06-04 00:57:14,059] {taskinstance.py:1401} INFO - Marking task as SUCCESS. dag_id=gcs_2_bq_dag, task_id=move_fhvhv_files_task, execution_date=20220603T000000, start_date=20220604T005709, end_date=20220604T005714
[2022-06-04 00:57:15,794] {local_task_job.py:221} WARNING - State of this instance has been externally set to success. Terminating instance.
