[2022-06-01 06:25:17,539] {taskinstance.py:1160} INFO - Dependencies all met for <TaskInstance: yellow_taxi_ingestion_gcs_dag.local_to_gcs_task scheduled__2022-05-01T06:00:00+00:00 [queued]>
[2022-06-01 06:25:17,549] {taskinstance.py:1160} INFO - Dependencies all met for <TaskInstance: yellow_taxi_ingestion_gcs_dag.local_to_gcs_task scheduled__2022-05-01T06:00:00+00:00 [queued]>
[2022-06-01 06:25:17,551] {taskinstance.py:1357} INFO - 
--------------------------------------------------------------------------------
[2022-06-01 06:25:17,552] {taskinstance.py:1358} INFO - Starting attempt 1 of 1
[2022-06-01 06:25:17,553] {taskinstance.py:1359} INFO - 
--------------------------------------------------------------------------------
[2022-06-01 06:25:17,566] {taskinstance.py:1378} INFO - Executing <Task(PythonOperator): local_to_gcs_task> on 2022-05-01 06:00:00+00:00
[2022-06-01 06:25:17,591] {standard_task_runner.py:52} INFO - Started process 5929 to run task
[2022-06-01 06:25:17,594] {standard_task_runner.py:79} INFO - Running: ['***', 'tasks', 'run', 'yellow_taxi_ingestion_gcs_dag', 'local_to_gcs_task', 'scheduled__2022-05-01T06:00:00+00:00', '--job-id', '488', '--raw', '--subdir', 'DAGS_FOLDER/yellow_taxi_ingestion.py', '--cfg-path', '/tmp/tmpd1s0r3i9', '--error-file', '/tmp/tmpfgil3_92']
[2022-06-01 06:25:17,598] {standard_task_runner.py:80} INFO - Job 488: Subtask local_to_gcs_task
[2022-06-01 06:25:17,658] {task_command.py:370} INFO - Running <TaskInstance: yellow_taxi_ingestion_gcs_dag.local_to_gcs_task scheduled__2022-05-01T06:00:00+00:00 [running]> on host 80b81dda36ea
[2022-06-01 06:25:17,691] {warnings.py:110} WARNING - /home/***/.local/lib/python3.7/site-packages/***/utils/context.py:202: AirflowContextDeprecationWarning: Accessing 'execution_date' from the template is deprecated and will be removed in a future version. Please use 'data_interval_start' or 'logical_date' instead.
  warnings.warn(_create_deprecation_warning(key, self._deprecation_replacements[key]))

[2022-06-01 06:25:17,727] {taskinstance.py:1572} INFO - Exporting the following env vars:
AIRFLOW_CTX_DAG_OWNER=***
AIRFLOW_CTX_DAG_ID=yellow_taxi_ingestion_gcs_dag
AIRFLOW_CTX_TASK_ID=local_to_gcs_task
AIRFLOW_CTX_EXECUTION_DATE=2022-05-01T06:00:00+00:00
AIRFLOW_CTX_TRY_NUMBER=1
AIRFLOW_CTX_DAG_RUN_ID=scheduled__2022-05-01T06:00:00+00:00
[2022-06-01 06:25:18,130] {python.py:173} INFO - Done. Returned value was: None
[2022-06-01 06:25:18,145] {taskinstance.py:1401} INFO - Marking task as SUCCESS. dag_id=yellow_taxi_ingestion_gcs_dag, task_id=local_to_gcs_task, execution_date=20220501T060000, start_date=20220601T062517, end_date=20220601T062518
[2022-06-01 06:25:18,173] {local_task_job.py:156} INFO - Task exited with return code 0
[2022-06-01 06:25:18,204] {local_task_job.py:273} INFO - 0 downstream tasks scheduled from follow-on schedule check
