[2022-06-24 19:18:42,045] {taskinstance.py:1160} INFO - Dependencies all met for <TaskInstance: gcs_2_bq_dag.bq_create_yellow_taxi_tripdata_partitioned_table_task scheduled__2022-06-13T00:00:00+00:00 [queued]>
[2022-06-24 19:18:42,083] {taskinstance.py:1160} INFO - Dependencies all met for <TaskInstance: gcs_2_bq_dag.bq_create_yellow_taxi_tripdata_partitioned_table_task scheduled__2022-06-13T00:00:00+00:00 [queued]>
[2022-06-24 19:18:42,086] {taskinstance.py:1357} INFO - 
--------------------------------------------------------------------------------
[2022-06-24 19:18:42,089] {taskinstance.py:1358} INFO - Starting attempt 1 of 2
[2022-06-24 19:18:42,093] {taskinstance.py:1359} INFO - 
--------------------------------------------------------------------------------
[2022-06-24 19:18:42,125] {taskinstance.py:1378} INFO - Executing <Task(BigQueryInsertJobOperator): bq_create_yellow_taxi_tripdata_partitioned_table_task> on 2022-06-13 00:00:00+00:00
[2022-06-24 19:18:42,143] {standard_task_runner.py:52} INFO - Started process 115 to run task
[2022-06-24 19:18:42,159] {standard_task_runner.py:79} INFO - Running: ['***', 'tasks', 'run', 'gcs_2_bq_dag', 'bq_create_yellow_taxi_tripdata_partitioned_table_task', 'scheduled__2022-06-13T00:00:00+00:00', '--job-id', '879', '--raw', '--subdir', 'DAGS_FOLDER/gcs_to_bq_dag.py', '--cfg-path', '/tmp/tmpb3fpkt46', '--error-file', '/tmp/tmpgerb1oyh']
[2022-06-24 19:18:42,162] {standard_task_runner.py:80} INFO - Job 879: Subtask bq_create_yellow_taxi_tripdata_partitioned_table_task
[2022-06-24 19:18:42,306] {task_command.py:370} INFO - Running <TaskInstance: gcs_2_bq_dag.bq_create_yellow_taxi_tripdata_partitioned_table_task scheduled__2022-06-13T00:00:00+00:00 [running]> on host 0825143a1170
[2022-06-24 19:18:42,449] {taskinstance.py:1572} INFO - Exporting the following env vars:
AIRFLOW_CTX_DAG_OWNER=***
AIRFLOW_CTX_DAG_ID=gcs_2_bq_dag
AIRFLOW_CTX_TASK_ID=bq_create_yellow_taxi_tripdata_partitioned_table_task
AIRFLOW_CTX_EXECUTION_DATE=2022-06-13T00:00:00+00:00
AIRFLOW_CTX_TRY_NUMBER=1
AIRFLOW_CTX_DAG_RUN_ID=scheduled__2022-06-13T00:00:00+00:00
[2022-06-24 19:18:42,458] {crypto.py:82} WARNING - empty cryptography key - values will not be stored encrypted.
[2022-06-24 19:18:42,460] {base.py:68} INFO - Using connection ID 'google_cloud_default' for task execution.
[2022-06-24 19:18:42,462] {warnings.py:110} WARNING - /home/***/.local/lib/python3.7/site-packages/***/utils/context.py:202: AirflowContextDeprecationWarning: Accessing 'execution_date' from the template is deprecated and will be removed in a future version. Please use 'data_interval_start' or 'logical_date' instead.
  warnings.warn(_create_deprecation_warning(key, self._deprecation_replacements[key]))

[2022-06-24 19:18:42,465] {bigquery.py:2148} INFO - Executing: {'query': {'query': 'CREATE OR REPLACE TABLE trips_data_all.yellow_taxi_trips             (             VendorID INT64,             tpep_pickup_datetime TIMESTAMP,             tpep_dropoff_datetime TIMESTAMP,             passenger_count FLOAT64,             trip_distance FLOAT64,             RatecodeID FLOAT64,             store_and_fwd_flag STRING,             PULocationID INT64,             DOLocationID INT64,             payment_type INT64,             fare_amount FLOAT64,             extra FLOAT64,             mta_tax FLOAT64,             tip_amount FLOAT64,             tolls_amount FLOAT64,             improvement_surcharge FLOAT64,             total_amount FLOAT64,             congestion_surcharge FLOAT64,             airport_fee INT64             )     PARTITION BY DATE(tpep_pickup_datetime)     OPTIONS(     partition_expiration_days=10000     )     AS (         SELECT              *         REPLACE(NULL AS airport_fee)         FROM              trips_data_all.yellow_taxi_tripdata_external_table     );', 'useLegacySql': False}}
[2022-06-24 19:18:42,480] {bigquery.py:1538} INFO - Inserting job ***_gcs_2_bq_dag_bq_create_yellow_taxi_tripdata_partitioned_table_task_2022_06_13T00_00_00_00_00_c87ad5ada8b17d700fd8abb1527cbb24
[2022-06-24 19:19:10,884] {taskinstance.py:1401} INFO - Marking task as SUCCESS. dag_id=gcs_2_bq_dag, task_id=bq_create_yellow_taxi_tripdata_partitioned_table_task, execution_date=20220613T000000, start_date=20220624T191842, end_date=20220624T191910
[2022-06-24 19:19:11,089] {local_task_job.py:156} INFO - Task exited with return code 0
[2022-06-24 19:19:11,158] {local_task_job.py:273} INFO - 0 downstream tasks scheduled from follow-on schedule check
