[2022-07-16 22:58:36,969] {taskinstance.py:1160} INFO - Dependencies all met for <TaskInstance: local_to_gcs.print manual__2022-07-16T22:58:35.945036+00:00 [queued]>
[2022-07-16 22:58:36,993] {taskinstance.py:1160} INFO - Dependencies all met for <TaskInstance: local_to_gcs.print manual__2022-07-16T22:58:35.945036+00:00 [queued]>
[2022-07-16 22:58:36,995] {taskinstance.py:1357} INFO - 
--------------------------------------------------------------------------------
[2022-07-16 22:58:36,997] {taskinstance.py:1358} INFO - Starting attempt 1 of 1
[2022-07-16 22:58:36,998] {taskinstance.py:1359} INFO - 
--------------------------------------------------------------------------------
[2022-07-16 22:58:37,018] {taskinstance.py:1378} INFO - Executing <Task(PythonOperator): print> on 2022-07-16 22:58:35.945036+00:00
[2022-07-16 22:58:37,028] {standard_task_runner.py:52} INFO - Started process 3807 to run task
[2022-07-16 22:58:37,034] {standard_task_runner.py:79} INFO - Running: ['***', 'tasks', 'run', 'local_to_gcs', 'print', 'manual__2022-07-16T22:58:35.945036+00:00', '--job-id', '13', '--raw', '--subdir', 'DAGS_FOLDER/local_to_gcs.py', '--cfg-path', '/tmp/tmpqrl7pnfy', '--error-file', '/tmp/tmpr5s44izc']
[2022-07-16 22:58:37,037] {standard_task_runner.py:80} INFO - Job 13: Subtask print
[2022-07-16 22:58:37,114] {task_command.py:370} INFO - Running <TaskInstance: local_to_gcs.print manual__2022-07-16T22:58:35.945036+00:00 [running]> on host 32d1f26135d5
[2022-07-16 22:58:37,197] {taskinstance.py:1572} INFO - Exporting the following env vars:
AIRFLOW_CTX_DAG_OWNER=***
AIRFLOW_CTX_DAG_ID=local_to_gcs
AIRFLOW_CTX_TASK_ID=print
AIRFLOW_CTX_EXECUTION_DATE=2022-07-16T22:58:35.945036+00:00
AIRFLOW_CTX_TRY_NUMBER=1
AIRFLOW_CTX_DAG_RUN_ID=manual__2022-07-16T22:58:35.945036+00:00
[2022-07-16 22:58:37,199] {logging_mixin.py:115} INFO - $AIRFLOW_HOME= /opt/***
[2022-07-16 22:58:37,201] {python.py:173} INFO - Done. Returned value was: None
[2022-07-16 22:58:37,217] {taskinstance.py:1401} INFO - Marking task as SUCCESS. dag_id=local_to_gcs, task_id=print, execution_date=20220716T225835, start_date=20220716T225836, end_date=20220716T225837
[2022-07-16 22:58:37,250] {local_task_job.py:156} INFO - Task exited with return code 0
[2022-07-16 22:58:37,291] {local_task_job.py:273} INFO - 0 downstream tasks scheduled from follow-on schedule check
