[2022-07-18 23:23:28,617] {taskinstance.py:1160} INFO - Dependencies all met for <TaskInstance: local_to_gcs.format_to_parquet_task scheduled__2008-01-10T06:00:00+00:00 [queued]>
[2022-07-18 23:23:28,913] {taskinstance.py:1160} INFO - Dependencies all met for <TaskInstance: local_to_gcs.format_to_parquet_task scheduled__2008-01-10T06:00:00+00:00 [queued]>
[2022-07-18 23:23:28,930] {taskinstance.py:1357} INFO - 
--------------------------------------------------------------------------------
[2022-07-18 23:23:28,959] {taskinstance.py:1358} INFO - Starting attempt 1 of 1
[2022-07-18 23:23:28,980] {taskinstance.py:1359} INFO - 
--------------------------------------------------------------------------------
[2022-07-18 23:23:29,333] {taskinstance.py:1378} INFO - Executing <Task(PythonOperator): format_to_parquet_task> on 2008-01-10 06:00:00+00:00
[2022-07-18 23:23:29,650] {standard_task_runner.py:52} INFO - Started process 39138 to run task
[2022-07-18 23:23:29,917] {standard_task_runner.py:79} INFO - Running: ['***', 'tasks', 'run', 'local_to_gcs', 'format_to_parquet_task', 'scheduled__2008-01-10T06:00:00+00:00', '--job-id', '48', '--raw', '--subdir', 'DAGS_FOLDER/local_to_gcs.py', '--cfg-path', '/tmp/tmp9hiiipst', '--error-file', '/tmp/tmp1gh5jsfl']
[2022-07-18 23:23:29,970] {standard_task_runner.py:80} INFO - Job 48: Subtask format_to_parquet_task
[2022-07-18 23:23:31,162] {task_command.py:370} INFO - Running <TaskInstance: local_to_gcs.format_to_parquet_task scheduled__2008-01-10T06:00:00+00:00 [running]> on host 32d1f26135d5
[2022-07-18 23:23:36,212] {taskinstance.py:1572} INFO - Exporting the following env vars:
AIRFLOW_CTX_DAG_OWNER=***
AIRFLOW_CTX_DAG_ID=local_to_gcs
AIRFLOW_CTX_TASK_ID=format_to_parquet_task
AIRFLOW_CTX_EXECUTION_DATE=2008-01-10T06:00:00+00:00
AIRFLOW_CTX_TRY_NUMBER=1
AIRFLOW_CTX_DAG_RUN_ID=scheduled__2008-01-10T06:00:00+00:00
[2022-07-18 23:25:19,190] {python.py:173} INFO - Done. Returned value was: None
[2022-07-18 23:25:19,350] {taskinstance.py:1401} INFO - Marking task as SUCCESS. dag_id=local_to_gcs, task_id=format_to_parquet_task, execution_date=20080110T060000, start_date=20220718T232328, end_date=20220718T232519
[2022-07-18 23:25:21,487] {local_task_job.py:221} WARNING - State of this instance has been externally set to success. Terminating instance.
[2022-07-18 23:25:21,561] {process_utils.py:129} INFO - Sending Signals.SIGTERM to group 39138. PIDs of all processes in the group: [39138]
[2022-07-18 23:25:21,570] {process_utils.py:80} INFO - Sending the signal Signals.SIGTERM to group 39138
[2022-07-18 23:25:23,289] {process_utils.py:75} INFO - Process psutil.Process(pid=39138, status='terminated', exitcode=0, started='23:23:28') (39138) terminated with exit code 0
