[2022-06-13 13:17:53,970] {taskinstance.py:1160} INFO - Dependencies all met for <TaskInstance: green_taxi_ingestion_gcs_dag.local_to_gcs_task scheduled__2020-01-01T06:00:00+00:00 [queued]>
[2022-06-13 13:17:53,986] {taskinstance.py:1160} INFO - Dependencies all met for <TaskInstance: green_taxi_ingestion_gcs_dag.local_to_gcs_task scheduled__2020-01-01T06:00:00+00:00 [queued]>
[2022-06-13 13:17:53,988] {taskinstance.py:1357} INFO - 
--------------------------------------------------------------------------------
[2022-06-13 13:17:53,992] {taskinstance.py:1358} INFO - Starting attempt 1 of 1
[2022-06-13 13:17:53,997] {taskinstance.py:1359} INFO - 
--------------------------------------------------------------------------------
[2022-06-13 13:17:54,029] {taskinstance.py:1378} INFO - Executing <Task(PythonOperator): local_to_gcs_task> on 2020-01-01 06:00:00+00:00
[2022-06-13 13:17:54,038] {standard_task_runner.py:52} INFO - Started process 327 to run task
[2022-06-13 13:17:54,043] {standard_task_runner.py:79} INFO - Running: ['***', 'tasks', 'run', 'green_taxi_ingestion_gcs_dag', 'local_to_gcs_task', 'scheduled__2020-01-01T06:00:00+00:00', '--job-id', '701', '--raw', '--subdir', 'DAGS_FOLDER/green_taxi_ingestion.py', '--cfg-path', '/tmp/tmpqiolvt6b', '--error-file', '/tmp/tmpkke3n0o4']
[2022-06-13 13:17:54,047] {standard_task_runner.py:80} INFO - Job 701: Subtask local_to_gcs_task
[2022-06-13 13:17:54,165] {task_command.py:370} INFO - Running <TaskInstance: green_taxi_ingestion_gcs_dag.local_to_gcs_task scheduled__2020-01-01T06:00:00+00:00 [running]> on host 0825143a1170
[2022-06-13 13:17:54,244] {warnings.py:110} WARNING - /home/***/.local/lib/python3.7/site-packages/***/utils/context.py:202: AirflowContextDeprecationWarning: Accessing 'execution_date' from the template is deprecated and will be removed in a future version. Please use 'data_interval_start' or 'logical_date' instead.
  warnings.warn(_create_deprecation_warning(key, self._deprecation_replacements[key]))

[2022-06-13 13:17:54,289] {taskinstance.py:1572} INFO - Exporting the following env vars:
AIRFLOW_CTX_DAG_OWNER=***
AIRFLOW_CTX_DAG_ID=green_taxi_ingestion_gcs_dag
AIRFLOW_CTX_TASK_ID=local_to_gcs_task
AIRFLOW_CTX_EXECUTION_DATE=2020-01-01T06:00:00+00:00
AIRFLOW_CTX_TRY_NUMBER=1
AIRFLOW_CTX_DAG_RUN_ID=scheduled__2020-01-01T06:00:00+00:00
[2022-06-13 13:17:55,495] {python.py:173} INFO - Done. Returned value was: None
[2022-06-13 13:17:55,539] {taskinstance.py:1401} INFO - Marking task as SUCCESS. dag_id=green_taxi_ingestion_gcs_dag, task_id=local_to_gcs_task, execution_date=20200101T060000, start_date=20220613T131753, end_date=20220613T131755
[2022-06-13 13:17:55,596] {local_task_job.py:156} INFO - Task exited with return code 0
[2022-06-13 13:17:55,656] {local_task_job.py:273} INFO - 0 downstream tasks scheduled from follow-on schedule check
[2022-06-13 13:29:47,785] {taskinstance.py:1160} INFO - Dependencies all met for <TaskInstance: green_taxi_ingestion_gcs_dag.local_to_gcs_task scheduled__2020-01-01T06:00:00+00:00 [queued]>
[2022-06-13 13:29:47,809] {taskinstance.py:1160} INFO - Dependencies all met for <TaskInstance: green_taxi_ingestion_gcs_dag.local_to_gcs_task scheduled__2020-01-01T06:00:00+00:00 [queued]>
[2022-06-13 13:29:47,813] {taskinstance.py:1357} INFO - 
--------------------------------------------------------------------------------
[2022-06-13 13:29:47,814] {taskinstance.py:1358} INFO - Starting attempt 1 of 1
[2022-06-13 13:29:47,817] {taskinstance.py:1359} INFO - 
--------------------------------------------------------------------------------
[2022-06-13 13:29:47,880] {taskinstance.py:1378} INFO - Executing <Task(PythonOperator): local_to_gcs_task> on 2020-01-01 06:00:00+00:00
[2022-06-13 13:29:47,894] {standard_task_runner.py:52} INFO - Started process 1401 to run task
[2022-06-13 13:29:47,911] {standard_task_runner.py:79} INFO - Running: ['***', 'tasks', 'run', 'green_taxi_ingestion_gcs_dag', 'local_to_gcs_task', 'scheduled__2020-01-01T06:00:00+00:00', '--job-id', '799', '--raw', '--subdir', 'DAGS_FOLDER/green_taxi_ingestion.py', '--cfg-path', '/tmp/tmpsd5emwfz', '--error-file', '/tmp/tmpi8hm2qpk']
[2022-06-13 13:29:47,920] {standard_task_runner.py:80} INFO - Job 799: Subtask local_to_gcs_task
[2022-06-13 13:29:48,088] {task_command.py:370} INFO - Running <TaskInstance: green_taxi_ingestion_gcs_dag.local_to_gcs_task scheduled__2020-01-01T06:00:00+00:00 [running]> on host 0825143a1170
[2022-06-13 13:29:48,165] {warnings.py:110} WARNING - /home/***/.local/lib/python3.7/site-packages/***/utils/context.py:202: AirflowContextDeprecationWarning: Accessing 'execution_date' from the template is deprecated and will be removed in a future version. Please use 'data_interval_start' or 'logical_date' instead.
  warnings.warn(_create_deprecation_warning(key, self._deprecation_replacements[key]))

[2022-06-13 13:29:48,261] {taskinstance.py:1572} INFO - Exporting the following env vars:
AIRFLOW_CTX_DAG_OWNER=***
AIRFLOW_CTX_DAG_ID=green_taxi_ingestion_gcs_dag
AIRFLOW_CTX_TASK_ID=local_to_gcs_task
AIRFLOW_CTX_EXECUTION_DATE=2020-01-01T06:00:00+00:00
AIRFLOW_CTX_TRY_NUMBER=1
AIRFLOW_CTX_DAG_RUN_ID=scheduled__2020-01-01T06:00:00+00:00
[2022-06-13 13:29:49,515] {python.py:173} INFO - Done. Returned value was: None
[2022-06-13 13:29:49,551] {taskinstance.py:1401} INFO - Marking task as SUCCESS. dag_id=green_taxi_ingestion_gcs_dag, task_id=local_to_gcs_task, execution_date=20200101T060000, start_date=20220613T132947, end_date=20220613T132949
[2022-06-13 13:29:49,616] {local_task_job.py:156} INFO - Task exited with return code 0
[2022-06-13 13:29:49,670] {local_task_job.py:273} INFO - 0 downstream tasks scheduled from follow-on schedule check
