[2022-06-13 13:18:14,157] {taskinstance.py:1160} INFO - Dependencies all met for <TaskInstance: green_taxi_ingestion_gcs_dag.download_dataset_task scheduled__2020-11-01T06:00:00+00:00 [queued]>
[2022-06-13 13:18:14,169] {taskinstance.py:1160} INFO - Dependencies all met for <TaskInstance: green_taxi_ingestion_gcs_dag.download_dataset_task scheduled__2020-11-01T06:00:00+00:00 [queued]>
[2022-06-13 13:18:14,171] {taskinstance.py:1357} INFO - 
--------------------------------------------------------------------------------
[2022-06-13 13:18:14,172] {taskinstance.py:1358} INFO - Starting attempt 1 of 1
[2022-06-13 13:18:14,173] {taskinstance.py:1359} INFO - 
--------------------------------------------------------------------------------
[2022-06-13 13:18:14,191] {taskinstance.py:1378} INFO - Executing <Task(BashOperator): download_dataset_task> on 2020-11-01 06:00:00+00:00
[2022-06-13 13:18:14,199] {standard_task_runner.py:52} INFO - Started process 418 to run task
[2022-06-13 13:18:14,207] {standard_task_runner.py:79} INFO - Running: ['***', 'tasks', 'run', 'green_taxi_ingestion_gcs_dag', 'download_dataset_task', 'scheduled__2020-11-01T06:00:00+00:00', '--job-id', '718', '--raw', '--subdir', 'DAGS_FOLDER/green_taxi_ingestion.py', '--cfg-path', '/tmp/tmphuja4pgn', '--error-file', '/tmp/tmpbo5822gc']
[2022-06-13 13:18:14,210] {standard_task_runner.py:80} INFO - Job 718: Subtask download_dataset_task
[2022-06-13 13:18:14,284] {task_command.py:370} INFO - Running <TaskInstance: green_taxi_ingestion_gcs_dag.download_dataset_task scheduled__2020-11-01T06:00:00+00:00 [running]> on host 0825143a1170
[2022-06-13 13:18:14,311] {warnings.py:110} WARNING - /home/***/.local/lib/python3.7/site-packages/***/utils/context.py:202: AirflowContextDeprecationWarning: Accessing 'execution_date' from the template is deprecated and will be removed in a future version. Please use 'data_interval_start' or 'logical_date' instead.
  warnings.warn(_create_deprecation_warning(key, self._deprecation_replacements[key]))

[2022-06-13 13:18:14,339] {taskinstance.py:1572} INFO - Exporting the following env vars:
AIRFLOW_CTX_DAG_OWNER=***
AIRFLOW_CTX_DAG_ID=green_taxi_ingestion_gcs_dag
AIRFLOW_CTX_TASK_ID=download_dataset_task
AIRFLOW_CTX_EXECUTION_DATE=2020-11-01T06:00:00+00:00
AIRFLOW_CTX_TRY_NUMBER=1
AIRFLOW_CTX_DAG_RUN_ID=scheduled__2020-11-01T06:00:00+00:00
[2022-06-13 13:18:14,341] {subprocess.py:62} INFO - Tmp dir root location: 
 /tmp
[2022-06-13 13:18:14,343] {subprocess.py:74} INFO - Running command: ['bash', '-c', 'curl -sSL https://s3.amazonaws.com/nyc-tlc/trip+data/green_tripdata_2020-11.parquet > /opt/***/output_green_taxi_2020-11.parquet']
[2022-06-13 13:18:14,365] {subprocess.py:85} INFO - Output:
[2022-06-13 13:18:16,042] {subprocess.py:96} INFO - Command exited with return code 0
[2022-06-13 13:18:16,129] {taskinstance.py:1401} INFO - Marking task as SUCCESS. dag_id=green_taxi_ingestion_gcs_dag, task_id=download_dataset_task, execution_date=20201101T060000, start_date=20220613T131814, end_date=20220613T131816
[2022-06-13 13:18:16,211] {local_task_job.py:156} INFO - Task exited with return code 0
[2022-06-13 13:18:16,258] {local_task_job.py:273} INFO - 1 downstream tasks scheduled from follow-on schedule check
[2022-06-13 13:30:06,330] {taskinstance.py:1160} INFO - Dependencies all met for <TaskInstance: green_taxi_ingestion_gcs_dag.download_dataset_task scheduled__2020-11-01T06:00:00+00:00 [queued]>
[2022-06-13 13:30:06,345] {taskinstance.py:1160} INFO - Dependencies all met for <TaskInstance: green_taxi_ingestion_gcs_dag.download_dataset_task scheduled__2020-11-01T06:00:00+00:00 [queued]>
[2022-06-13 13:30:06,347] {taskinstance.py:1357} INFO - 
--------------------------------------------------------------------------------
[2022-06-13 13:30:06,349] {taskinstance.py:1358} INFO - Starting attempt 1 of 1
[2022-06-13 13:30:06,351] {taskinstance.py:1359} INFO - 
--------------------------------------------------------------------------------
[2022-06-13 13:30:06,368] {taskinstance.py:1378} INFO - Executing <Task(BashOperator): download_dataset_task> on 2020-11-01 06:00:00+00:00
[2022-06-13 13:30:06,378] {standard_task_runner.py:52} INFO - Started process 1485 to run task
[2022-06-13 13:30:06,385] {standard_task_runner.py:79} INFO - Running: ['***', 'tasks', 'run', 'green_taxi_ingestion_gcs_dag', 'download_dataset_task', 'scheduled__2020-11-01T06:00:00+00:00', '--job-id', '815', '--raw', '--subdir', 'DAGS_FOLDER/green_taxi_ingestion.py', '--cfg-path', '/tmp/tmpvltdkxbg', '--error-file', '/tmp/tmpdxg78nu7']
[2022-06-13 13:30:06,389] {standard_task_runner.py:80} INFO - Job 815: Subtask download_dataset_task
[2022-06-13 13:30:06,459] {task_command.py:370} INFO - Running <TaskInstance: green_taxi_ingestion_gcs_dag.download_dataset_task scheduled__2020-11-01T06:00:00+00:00 [running]> on host 0825143a1170
[2022-06-13 13:30:06,515] {warnings.py:110} WARNING - /home/***/.local/lib/python3.7/site-packages/***/utils/context.py:202: AirflowContextDeprecationWarning: Accessing 'execution_date' from the template is deprecated and will be removed in a future version. Please use 'data_interval_start' or 'logical_date' instead.
  warnings.warn(_create_deprecation_warning(key, self._deprecation_replacements[key]))

[2022-06-13 13:30:06,551] {taskinstance.py:1572} INFO - Exporting the following env vars:
AIRFLOW_CTX_DAG_OWNER=***
AIRFLOW_CTX_DAG_ID=green_taxi_ingestion_gcs_dag
AIRFLOW_CTX_TASK_ID=download_dataset_task
AIRFLOW_CTX_EXECUTION_DATE=2020-11-01T06:00:00+00:00
AIRFLOW_CTX_TRY_NUMBER=1
AIRFLOW_CTX_DAG_RUN_ID=scheduled__2020-11-01T06:00:00+00:00
[2022-06-13 13:30:06,554] {subprocess.py:62} INFO - Tmp dir root location: 
 /tmp
[2022-06-13 13:30:06,556] {subprocess.py:74} INFO - Running command: ['bash', '-c', 'curl -sSL https://s3.amazonaws.com/nyc-tlc/trip+data/green_tripdata_2020-11.parquet > /opt/***/output_green_taxi_2020-11.parquet']
[2022-06-13 13:30:06,573] {subprocess.py:85} INFO - Output:
[2022-06-13 13:30:08,362] {subprocess.py:96} INFO - Command exited with return code 0
[2022-06-13 13:30:08,493] {taskinstance.py:1401} INFO - Marking task as SUCCESS. dag_id=green_taxi_ingestion_gcs_dag, task_id=download_dataset_task, execution_date=20201101T060000, start_date=20220613T133006, end_date=20220613T133008
[2022-06-13 13:30:08,624] {local_task_job.py:156} INFO - Task exited with return code 0
[2022-06-13 13:30:08,697] {local_task_job.py:273} INFO - 1 downstream tasks scheduled from follow-on schedule check
