[2022-06-04 01:22:55,824] {taskinstance.py:1160} INFO - Dependencies all met for <TaskInstance: gcs_2_bq_dag.bq_fhvhv_tripdata_external_table_task scheduled__2022-06-03T00:00:00+00:00 [queued]>
[2022-06-04 01:22:55,928] {taskinstance.py:1160} INFO - Dependencies all met for <TaskInstance: gcs_2_bq_dag.bq_fhvhv_tripdata_external_table_task scheduled__2022-06-03T00:00:00+00:00 [queued]>
[2022-06-04 01:22:55,937] {taskinstance.py:1357} INFO - 
--------------------------------------------------------------------------------
[2022-06-04 01:22:55,946] {taskinstance.py:1358} INFO - Starting attempt 1 of 2
[2022-06-04 01:22:55,954] {taskinstance.py:1359} INFO - 
--------------------------------------------------------------------------------
[2022-06-04 01:22:56,232] {taskinstance.py:1378} INFO - Executing <Task(BigQueryCreateExternalTableOperator): bq_fhvhv_tripdata_external_table_task> on 2022-06-03 00:00:00+00:00
[2022-06-04 01:22:57,077] {standard_task_runner.py:52} INFO - Started process 6832 to run task
[2022-06-04 01:22:58,604] {standard_task_runner.py:79} INFO - Running: ['***', 'tasks', 'run', 'gcs_2_bq_dag', 'bq_fhvhv_tripdata_external_table_task', 'scheduled__2022-06-03T00:00:00+00:00', '--job-id', '549', '--raw', '--subdir', 'DAGS_FOLDER/gcs_to_bq_dag.py', '--cfg-path', '/tmp/tmpg3u34zvt', '--error-file', '/tmp/tmp8ip9ffm7']
[2022-06-04 01:22:58,749] {standard_task_runner.py:80} INFO - Job 549: Subtask bq_fhvhv_tripdata_external_table_task
[2022-06-04 01:23:05,501] {task_command.py:370} INFO - Running <TaskInstance: gcs_2_bq_dag.bq_fhvhv_tripdata_external_table_task scheduled__2022-06-03T00:00:00+00:00 [running]> on host 80b81dda36ea
[2022-06-04 01:23:05,990] {taskinstance.py:1572} INFO - Exporting the following env vars:
AIRFLOW_CTX_DAG_OWNER=***
AIRFLOW_CTX_DAG_ID=gcs_2_bq_dag
AIRFLOW_CTX_TASK_ID=bq_fhvhv_tripdata_external_table_task
AIRFLOW_CTX_EXECUTION_DATE=2022-06-03T00:00:00+00:00
AIRFLOW_CTX_TRY_NUMBER=1
AIRFLOW_CTX_DAG_RUN_ID=scheduled__2022-06-03T00:00:00+00:00
[2022-06-04 01:23:06,009] {crypto.py:82} WARNING - empty cryptography key - values will not be stored encrypted.
[2022-06-04 01:23:06,011] {base.py:68} INFO - Using connection ID 'google_cloud_default' for task execution.
[2022-06-04 01:23:07,837] {taskinstance.py:1401} INFO - Marking task as SUCCESS. dag_id=gcs_2_bq_dag, task_id=bq_fhvhv_tripdata_external_table_task, execution_date=20220603T000000, start_date=20220604T012255, end_date=20220604T012307
[2022-06-04 01:23:08,447] {local_task_job.py:156} INFO - Task exited with return code 0
[2022-06-04 01:23:08,903] {local_task_job.py:273} INFO - 1 downstream tasks scheduled from follow-on schedule check
