[2022-06-13 13:07:20,790] {taskinstance.py:1160} INFO - Dependencies all met for <TaskInstance: gcs_2_bq_dag.move_fhvhv_files_task manual__2022-06-13T13:07:17.200607+00:00 [queued]>
[2022-06-13 13:07:20,849] {taskinstance.py:1160} INFO - Dependencies all met for <TaskInstance: gcs_2_bq_dag.move_fhvhv_files_task manual__2022-06-13T13:07:17.200607+00:00 [queued]>
[2022-06-13 13:07:20,853] {taskinstance.py:1357} INFO - 
--------------------------------------------------------------------------------
[2022-06-13 13:07:20,856] {taskinstance.py:1358} INFO - Starting attempt 1 of 2
[2022-06-13 13:07:20,862] {taskinstance.py:1359} INFO - 
--------------------------------------------------------------------------------
[2022-06-13 13:07:20,903] {taskinstance.py:1378} INFO - Executing <Task(GCSToGCSOperator): move_fhvhv_files_task> on 2022-06-13 13:07:17.200607+00:00
[2022-06-13 13:07:20,979] {standard_task_runner.py:52} INFO - Started process 16316 to run task
[2022-06-13 13:07:21,005] {standard_task_runner.py:79} INFO - Running: ['***', 'tasks', 'run', 'gcs_2_bq_dag', 'move_fhvhv_files_task', 'manual__2022-06-13T13:07:17.200607+00:00', '--job-id', '664', '--raw', '--subdir', 'DAGS_FOLDER/gcs_to_bq_dag.py', '--cfg-path', '/tmp/tmp9j9l0__i', '--error-file', '/tmp/tmp7b777g_v']
[2022-06-13 13:07:21,016] {standard_task_runner.py:80} INFO - Job 664: Subtask move_fhvhv_files_task
[2022-06-13 13:07:22,157] {task_command.py:370} INFO - Running <TaskInstance: gcs_2_bq_dag.move_fhvhv_files_task manual__2022-06-13T13:07:17.200607+00:00 [running]> on host 0825143a1170
[2022-06-13 13:07:22,512] {taskinstance.py:1572} INFO - Exporting the following env vars:
AIRFLOW_CTX_DAG_OWNER=***
AIRFLOW_CTX_DAG_ID=gcs_2_bq_dag
AIRFLOW_CTX_TASK_ID=move_fhvhv_files_task
AIRFLOW_CTX_EXECUTION_DATE=2022-06-13T13:07:17.200607+00:00
AIRFLOW_CTX_TRY_NUMBER=1
AIRFLOW_CTX_DAG_RUN_ID=manual__2022-06-13T13:07:17.200607+00:00
[2022-06-13 13:07:22,521] {crypto.py:82} WARNING - empty cryptography key - values will not be stored encrypted.
[2022-06-13 13:07:22,529] {base.py:68} INFO - Using connection ID 'google_cloud_default' for task execution.
[2022-06-13 13:07:22,536] {gcs_to_gcs.py:361} INFO - Delimiter ignored because wildcard is in prefix
[2022-06-13 13:07:22,990] {taskinstance.py:1401} INFO - Marking task as SUCCESS. dag_id=gcs_2_bq_dag, task_id=move_fhvhv_files_task, execution_date=20220613T130717, start_date=20220613T130720, end_date=20220613T130722
[2022-06-13 13:07:23,164] {local_task_job.py:156} INFO - Task exited with return code 0
[2022-06-13 13:07:24,762] {local_task_job.py:273} INFO - 0 downstream tasks scheduled from follow-on schedule check
