[2022-06-13 13:18:19,907] {taskinstance.py:1160} INFO - Dependencies all met for <TaskInstance: green_taxi_ingestion_gcs_dag.download_dataset_task scheduled__2020-12-01T06:00:00+00:00 [queued]>
[2022-06-13 13:18:19,927] {taskinstance.py:1160} INFO - Dependencies all met for <TaskInstance: green_taxi_ingestion_gcs_dag.download_dataset_task scheduled__2020-12-01T06:00:00+00:00 [queued]>
[2022-06-13 13:18:19,930] {taskinstance.py:1357} INFO - 
--------------------------------------------------------------------------------
[2022-06-13 13:18:19,933] {taskinstance.py:1358} INFO - Starting attempt 1 of 1
[2022-06-13 13:18:19,935] {taskinstance.py:1359} INFO - 
--------------------------------------------------------------------------------
[2022-06-13 13:18:19,952] {taskinstance.py:1378} INFO - Executing <Task(BashOperator): download_dataset_task> on 2020-12-01 06:00:00+00:00
[2022-06-13 13:18:19,960] {standard_task_runner.py:52} INFO - Started process 442 to run task
[2022-06-13 13:18:19,964] {standard_task_runner.py:79} INFO - Running: ['***', 'tasks', 'run', 'green_taxi_ingestion_gcs_dag', 'download_dataset_task', 'scheduled__2020-12-01T06:00:00+00:00', '--job-id', '722', '--raw', '--subdir', 'DAGS_FOLDER/green_taxi_ingestion.py', '--cfg-path', '/tmp/tmpvsdg5iuk', '--error-file', '/tmp/tmpzpn5spay']
[2022-06-13 13:18:19,966] {standard_task_runner.py:80} INFO - Job 722: Subtask download_dataset_task
[2022-06-13 13:18:20,062] {task_command.py:370} INFO - Running <TaskInstance: green_taxi_ingestion_gcs_dag.download_dataset_task scheduled__2020-12-01T06:00:00+00:00 [running]> on host 0825143a1170
[2022-06-13 13:18:20,115] {warnings.py:110} WARNING - /home/***/.local/lib/python3.7/site-packages/***/utils/context.py:202: AirflowContextDeprecationWarning: Accessing 'execution_date' from the template is deprecated and will be removed in a future version. Please use 'data_interval_start' or 'logical_date' instead.
  warnings.warn(_create_deprecation_warning(key, self._deprecation_replacements[key]))

[2022-06-13 13:18:20,150] {taskinstance.py:1572} INFO - Exporting the following env vars:
AIRFLOW_CTX_DAG_OWNER=***
AIRFLOW_CTX_DAG_ID=green_taxi_ingestion_gcs_dag
AIRFLOW_CTX_TASK_ID=download_dataset_task
AIRFLOW_CTX_EXECUTION_DATE=2020-12-01T06:00:00+00:00
AIRFLOW_CTX_TRY_NUMBER=1
AIRFLOW_CTX_DAG_RUN_ID=scheduled__2020-12-01T06:00:00+00:00
[2022-06-13 13:18:20,153] {subprocess.py:62} INFO - Tmp dir root location: 
 /tmp
[2022-06-13 13:18:20,156] {subprocess.py:74} INFO - Running command: ['bash', '-c', 'curl -sSL https://s3.amazonaws.com/nyc-tlc/trip+data/green_tripdata_2020-12.parquet > /opt/***/output_green_taxi_2020-12.parquet']
[2022-06-13 13:18:20,182] {subprocess.py:85} INFO - Output:
[2022-06-13 13:18:21,782] {subprocess.py:96} INFO - Command exited with return code 0
[2022-06-13 13:18:21,840] {taskinstance.py:1401} INFO - Marking task as SUCCESS. dag_id=green_taxi_ingestion_gcs_dag, task_id=download_dataset_task, execution_date=20201201T060000, start_date=20220613T131819, end_date=20220613T131821
[2022-06-13 13:18:21,895] {local_task_job.py:156} INFO - Task exited with return code 0
[2022-06-13 13:18:21,983] {local_task_job.py:273} INFO - 1 downstream tasks scheduled from follow-on schedule check
[2022-06-13 13:30:09,985] {taskinstance.py:1160} INFO - Dependencies all met for <TaskInstance: green_taxi_ingestion_gcs_dag.download_dataset_task scheduled__2020-12-01T06:00:00+00:00 [queued]>
[2022-06-13 13:30:09,991] {taskinstance.py:1160} INFO - Dependencies all met for <TaskInstance: green_taxi_ingestion_gcs_dag.download_dataset_task scheduled__2020-12-01T06:00:00+00:00 [queued]>
[2022-06-13 13:30:09,992] {taskinstance.py:1357} INFO - 
--------------------------------------------------------------------------------
[2022-06-13 13:30:09,993] {taskinstance.py:1358} INFO - Starting attempt 1 of 1
[2022-06-13 13:30:09,994] {taskinstance.py:1359} INFO - 
--------------------------------------------------------------------------------
[2022-06-13 13:30:10,014] {taskinstance.py:1378} INFO - Executing <Task(BashOperator): download_dataset_task> on 2020-12-01 06:00:00+00:00
[2022-06-13 13:30:10,048] {standard_task_runner.py:52} INFO - Started process 1501 to run task
[2022-06-13 13:30:10,063] {standard_task_runner.py:79} INFO - Running: ['***', 'tasks', 'run', 'green_taxi_ingestion_gcs_dag', 'download_dataset_task', 'scheduled__2020-12-01T06:00:00+00:00', '--job-id', '819', '--raw', '--subdir', 'DAGS_FOLDER/green_taxi_ingestion.py', '--cfg-path', '/tmp/tmprvgga_ug', '--error-file', '/tmp/tmp19lqelos']
[2022-06-13 13:30:10,076] {standard_task_runner.py:80} INFO - Job 819: Subtask download_dataset_task
[2022-06-13 13:30:10,197] {task_command.py:370} INFO - Running <TaskInstance: green_taxi_ingestion_gcs_dag.download_dataset_task scheduled__2020-12-01T06:00:00+00:00 [running]> on host 0825143a1170
[2022-06-13 13:30:10,273] {warnings.py:110} WARNING - /home/***/.local/lib/python3.7/site-packages/***/utils/context.py:202: AirflowContextDeprecationWarning: Accessing 'execution_date' from the template is deprecated and will be removed in a future version. Please use 'data_interval_start' or 'logical_date' instead.
  warnings.warn(_create_deprecation_warning(key, self._deprecation_replacements[key]))

[2022-06-13 13:30:10,331] {taskinstance.py:1572} INFO - Exporting the following env vars:
AIRFLOW_CTX_DAG_OWNER=***
AIRFLOW_CTX_DAG_ID=green_taxi_ingestion_gcs_dag
AIRFLOW_CTX_TASK_ID=download_dataset_task
AIRFLOW_CTX_EXECUTION_DATE=2020-12-01T06:00:00+00:00
AIRFLOW_CTX_TRY_NUMBER=1
AIRFLOW_CTX_DAG_RUN_ID=scheduled__2020-12-01T06:00:00+00:00
[2022-06-13 13:30:10,335] {subprocess.py:62} INFO - Tmp dir root location: 
 /tmp
[2022-06-13 13:30:10,338] {subprocess.py:74} INFO - Running command: ['bash', '-c', 'curl -sSL https://s3.amazonaws.com/nyc-tlc/trip+data/green_tripdata_2020-12.parquet > /opt/***/output_green_taxi_2020-12.parquet']
[2022-06-13 13:30:10,398] {subprocess.py:85} INFO - Output:
[2022-06-13 13:30:12,083] {subprocess.py:96} INFO - Command exited with return code 0
[2022-06-13 13:30:12,264] {taskinstance.py:1401} INFO - Marking task as SUCCESS. dag_id=green_taxi_ingestion_gcs_dag, task_id=download_dataset_task, execution_date=20201201T060000, start_date=20220613T133009, end_date=20220613T133012
[2022-06-13 13:30:12,356] {local_task_job.py:156} INFO - Task exited with return code 0
[2022-06-13 13:30:12,414] {local_task_job.py:273} INFO - 1 downstream tasks scheduled from follow-on schedule check
