[2022-06-13 13:18:16,882] {taskinstance.py:1160} INFO - Dependencies all met for <TaskInstance: green_taxi_ingestion_gcs_dag.local_to_gcs_task scheduled__2020-09-01T06:00:00+00:00 [queued]>
[2022-06-13 13:18:16,900] {taskinstance.py:1160} INFO - Dependencies all met for <TaskInstance: green_taxi_ingestion_gcs_dag.local_to_gcs_task scheduled__2020-09-01T06:00:00+00:00 [queued]>
[2022-06-13 13:18:16,901] {taskinstance.py:1357} INFO - 
--------------------------------------------------------------------------------
[2022-06-13 13:18:16,902] {taskinstance.py:1358} INFO - Starting attempt 1 of 1
[2022-06-13 13:18:16,904] {taskinstance.py:1359} INFO - 
--------------------------------------------------------------------------------
[2022-06-13 13:18:16,922] {taskinstance.py:1378} INFO - Executing <Task(PythonOperator): local_to_gcs_task> on 2020-09-01 06:00:00+00:00
[2022-06-13 13:18:16,929] {standard_task_runner.py:52} INFO - Started process 435 to run task
[2022-06-13 13:18:16,941] {standard_task_runner.py:79} INFO - Running: ['***', 'tasks', 'run', 'green_taxi_ingestion_gcs_dag', 'local_to_gcs_task', 'scheduled__2020-09-01T06:00:00+00:00', '--job-id', '720', '--raw', '--subdir', 'DAGS_FOLDER/green_taxi_ingestion.py', '--cfg-path', '/tmp/tmptxza0hk7', '--error-file', '/tmp/tmpc1449gml']
[2022-06-13 13:18:16,943] {standard_task_runner.py:80} INFO - Job 720: Subtask local_to_gcs_task
[2022-06-13 13:18:16,993] {task_command.py:370} INFO - Running <TaskInstance: green_taxi_ingestion_gcs_dag.local_to_gcs_task scheduled__2020-09-01T06:00:00+00:00 [running]> on host 0825143a1170
[2022-06-13 13:18:17,043] {warnings.py:110} WARNING - /home/***/.local/lib/python3.7/site-packages/***/utils/context.py:202: AirflowContextDeprecationWarning: Accessing 'execution_date' from the template is deprecated and will be removed in a future version. Please use 'data_interval_start' or 'logical_date' instead.
  warnings.warn(_create_deprecation_warning(key, self._deprecation_replacements[key]))

[2022-06-13 13:18:17,147] {taskinstance.py:1572} INFO - Exporting the following env vars:
AIRFLOW_CTX_DAG_OWNER=***
AIRFLOW_CTX_DAG_ID=green_taxi_ingestion_gcs_dag
AIRFLOW_CTX_TASK_ID=local_to_gcs_task
AIRFLOW_CTX_EXECUTION_DATE=2020-09-01T06:00:00+00:00
AIRFLOW_CTX_TRY_NUMBER=1
AIRFLOW_CTX_DAG_RUN_ID=scheduled__2020-09-01T06:00:00+00:00
[2022-06-13 13:18:17,764] {python.py:173} INFO - Done. Returned value was: None
[2022-06-13 13:18:17,801] {taskinstance.py:1401} INFO - Marking task as SUCCESS. dag_id=green_taxi_ingestion_gcs_dag, task_id=local_to_gcs_task, execution_date=20200901T060000, start_date=20220613T131816, end_date=20220613T131817
[2022-06-13 13:18:17,894] {local_task_job.py:156} INFO - Task exited with return code 0
[2022-06-13 13:18:18,009] {local_task_job.py:273} INFO - 0 downstream tasks scheduled from follow-on schedule check
[2022-06-13 13:30:06,441] {taskinstance.py:1160} INFO - Dependencies all met for <TaskInstance: green_taxi_ingestion_gcs_dag.local_to_gcs_task scheduled__2020-09-01T06:00:00+00:00 [queued]>
[2022-06-13 13:30:06,452] {taskinstance.py:1160} INFO - Dependencies all met for <TaskInstance: green_taxi_ingestion_gcs_dag.local_to_gcs_task scheduled__2020-09-01T06:00:00+00:00 [queued]>
[2022-06-13 13:30:06,455] {taskinstance.py:1357} INFO - 
--------------------------------------------------------------------------------
[2022-06-13 13:30:06,456] {taskinstance.py:1358} INFO - Starting attempt 1 of 1
[2022-06-13 13:30:06,457] {taskinstance.py:1359} INFO - 
--------------------------------------------------------------------------------
[2022-06-13 13:30:06,473] {taskinstance.py:1378} INFO - Executing <Task(PythonOperator): local_to_gcs_task> on 2020-09-01 06:00:00+00:00
[2022-06-13 13:30:06,481] {standard_task_runner.py:52} INFO - Started process 1487 to run task
[2022-06-13 13:30:06,486] {standard_task_runner.py:79} INFO - Running: ['***', 'tasks', 'run', 'green_taxi_ingestion_gcs_dag', 'local_to_gcs_task', 'scheduled__2020-09-01T06:00:00+00:00', '--job-id', '816', '--raw', '--subdir', 'DAGS_FOLDER/green_taxi_ingestion.py', '--cfg-path', '/tmp/tmpkmsh7sry', '--error-file', '/tmp/tmp2225_u93']
[2022-06-13 13:30:06,492] {standard_task_runner.py:80} INFO - Job 816: Subtask local_to_gcs_task
[2022-06-13 13:30:06,567] {task_command.py:370} INFO - Running <TaskInstance: green_taxi_ingestion_gcs_dag.local_to_gcs_task scheduled__2020-09-01T06:00:00+00:00 [running]> on host 0825143a1170
[2022-06-13 13:30:06,598] {warnings.py:110} WARNING - /home/***/.local/lib/python3.7/site-packages/***/utils/context.py:202: AirflowContextDeprecationWarning: Accessing 'execution_date' from the template is deprecated and will be removed in a future version. Please use 'data_interval_start' or 'logical_date' instead.
  warnings.warn(_create_deprecation_warning(key, self._deprecation_replacements[key]))

[2022-06-13 13:30:06,630] {taskinstance.py:1572} INFO - Exporting the following env vars:
AIRFLOW_CTX_DAG_OWNER=***
AIRFLOW_CTX_DAG_ID=green_taxi_ingestion_gcs_dag
AIRFLOW_CTX_TASK_ID=local_to_gcs_task
AIRFLOW_CTX_EXECUTION_DATE=2020-09-01T06:00:00+00:00
AIRFLOW_CTX_TRY_NUMBER=1
AIRFLOW_CTX_DAG_RUN_ID=scheduled__2020-09-01T06:00:00+00:00
[2022-06-13 13:30:07,061] {python.py:173} INFO - Done. Returned value was: None
[2022-06-13 13:30:07,077] {taskinstance.py:1401} INFO - Marking task as SUCCESS. dag_id=green_taxi_ingestion_gcs_dag, task_id=local_to_gcs_task, execution_date=20200901T060000, start_date=20220613T133006, end_date=20220613T133007
[2022-06-13 13:30:07,136] {local_task_job.py:156} INFO - Task exited with return code 0
[2022-06-13 13:30:07,171] {local_task_job.py:273} INFO - 0 downstream tasks scheduled from follow-on schedule check
