[2022-06-13 13:18:25,040] {taskinstance.py:1160} INFO - Dependencies all met for <TaskInstance: green_taxi_ingestion_gcs_dag.download_dataset_task scheduled__2021-03-01T06:00:00+00:00 [queued]>
[2022-06-13 13:18:25,057] {taskinstance.py:1160} INFO - Dependencies all met for <TaskInstance: green_taxi_ingestion_gcs_dag.download_dataset_task scheduled__2021-03-01T06:00:00+00:00 [queued]>
[2022-06-13 13:18:25,061] {taskinstance.py:1357} INFO - 
--------------------------------------------------------------------------------
[2022-06-13 13:18:25,062] {taskinstance.py:1358} INFO - Starting attempt 1 of 1
[2022-06-13 13:18:25,065] {taskinstance.py:1359} INFO - 
--------------------------------------------------------------------------------
[2022-06-13 13:18:25,078] {taskinstance.py:1378} INFO - Executing <Task(BashOperator): download_dataset_task> on 2021-03-01 06:00:00+00:00
[2022-06-13 13:18:25,086] {standard_task_runner.py:52} INFO - Started process 479 to run task
[2022-06-13 13:18:25,090] {standard_task_runner.py:79} INFO - Running: ['***', 'tasks', 'run', 'green_taxi_ingestion_gcs_dag', 'download_dataset_task', 'scheduled__2021-03-01T06:00:00+00:00', '--job-id', '728', '--raw', '--subdir', 'DAGS_FOLDER/green_taxi_ingestion.py', '--cfg-path', '/tmp/tmps6ht46zr', '--error-file', '/tmp/tmptuiuhc1f']
[2022-06-13 13:18:25,093] {standard_task_runner.py:80} INFO - Job 728: Subtask download_dataset_task
[2022-06-13 13:18:25,156] {task_command.py:370} INFO - Running <TaskInstance: green_taxi_ingestion_gcs_dag.download_dataset_task scheduled__2021-03-01T06:00:00+00:00 [running]> on host 0825143a1170
[2022-06-13 13:18:25,192] {warnings.py:110} WARNING - /home/***/.local/lib/python3.7/site-packages/***/utils/context.py:202: AirflowContextDeprecationWarning: Accessing 'execution_date' from the template is deprecated and will be removed in a future version. Please use 'data_interval_start' or 'logical_date' instead.
  warnings.warn(_create_deprecation_warning(key, self._deprecation_replacements[key]))

[2022-06-13 13:18:25,228] {taskinstance.py:1572} INFO - Exporting the following env vars:
AIRFLOW_CTX_DAG_OWNER=***
AIRFLOW_CTX_DAG_ID=green_taxi_ingestion_gcs_dag
AIRFLOW_CTX_TASK_ID=download_dataset_task
AIRFLOW_CTX_EXECUTION_DATE=2021-03-01T06:00:00+00:00
AIRFLOW_CTX_TRY_NUMBER=1
AIRFLOW_CTX_DAG_RUN_ID=scheduled__2021-03-01T06:00:00+00:00
[2022-06-13 13:18:25,230] {subprocess.py:62} INFO - Tmp dir root location: 
 /tmp
[2022-06-13 13:18:25,233] {subprocess.py:74} INFO - Running command: ['bash', '-c', 'curl -sSL https://s3.amazonaws.com/nyc-tlc/trip+data/green_tripdata_2021-03.parquet > /opt/***/output_green_taxi_2021-03.parquet']
[2022-06-13 13:18:25,264] {subprocess.py:85} INFO - Output:
[2022-06-13 13:18:26,852] {subprocess.py:96} INFO - Command exited with return code 0
[2022-06-13 13:18:26,972] {taskinstance.py:1401} INFO - Marking task as SUCCESS. dag_id=green_taxi_ingestion_gcs_dag, task_id=download_dataset_task, execution_date=20210301T060000, start_date=20220613T131825, end_date=20220613T131826
[2022-06-13 13:18:27,050] {local_task_job.py:156} INFO - Task exited with return code 0
[2022-06-13 13:18:27,157] {local_task_job.py:273} INFO - 1 downstream tasks scheduled from follow-on schedule check
[2022-06-13 13:30:16,531] {taskinstance.py:1160} INFO - Dependencies all met for <TaskInstance: green_taxi_ingestion_gcs_dag.download_dataset_task scheduled__2021-03-01T06:00:00+00:00 [queued]>
[2022-06-13 13:30:16,543] {taskinstance.py:1160} INFO - Dependencies all met for <TaskInstance: green_taxi_ingestion_gcs_dag.download_dataset_task scheduled__2021-03-01T06:00:00+00:00 [queued]>
[2022-06-13 13:30:16,544] {taskinstance.py:1357} INFO - 
--------------------------------------------------------------------------------
[2022-06-13 13:30:16,546] {taskinstance.py:1358} INFO - Starting attempt 1 of 1
[2022-06-13 13:30:16,547] {taskinstance.py:1359} INFO - 
--------------------------------------------------------------------------------
[2022-06-13 13:30:16,559] {taskinstance.py:1378} INFO - Executing <Task(BashOperator): download_dataset_task> on 2021-03-01 06:00:00+00:00
[2022-06-13 13:30:16,568] {standard_task_runner.py:52} INFO - Started process 1541 to run task
[2022-06-13 13:30:16,576] {standard_task_runner.py:79} INFO - Running: ['***', 'tasks', 'run', 'green_taxi_ingestion_gcs_dag', 'download_dataset_task', 'scheduled__2021-03-01T06:00:00+00:00', '--job-id', '825', '--raw', '--subdir', 'DAGS_FOLDER/green_taxi_ingestion.py', '--cfg-path', '/tmp/tmpjbhcm1wi', '--error-file', '/tmp/tmpmmpad3k_']
[2022-06-13 13:30:16,579] {standard_task_runner.py:80} INFO - Job 825: Subtask download_dataset_task
[2022-06-13 13:30:16,650] {task_command.py:370} INFO - Running <TaskInstance: green_taxi_ingestion_gcs_dag.download_dataset_task scheduled__2021-03-01T06:00:00+00:00 [running]> on host 0825143a1170
[2022-06-13 13:30:16,682] {warnings.py:110} WARNING - /home/***/.local/lib/python3.7/site-packages/***/utils/context.py:202: AirflowContextDeprecationWarning: Accessing 'execution_date' from the template is deprecated and will be removed in a future version. Please use 'data_interval_start' or 'logical_date' instead.
  warnings.warn(_create_deprecation_warning(key, self._deprecation_replacements[key]))

[2022-06-13 13:30:16,712] {taskinstance.py:1572} INFO - Exporting the following env vars:
AIRFLOW_CTX_DAG_OWNER=***
AIRFLOW_CTX_DAG_ID=green_taxi_ingestion_gcs_dag
AIRFLOW_CTX_TASK_ID=download_dataset_task
AIRFLOW_CTX_EXECUTION_DATE=2021-03-01T06:00:00+00:00
AIRFLOW_CTX_TRY_NUMBER=1
AIRFLOW_CTX_DAG_RUN_ID=scheduled__2021-03-01T06:00:00+00:00
[2022-06-13 13:30:16,715] {subprocess.py:62} INFO - Tmp dir root location: 
 /tmp
[2022-06-13 13:30:16,717] {subprocess.py:74} INFO - Running command: ['bash', '-c', 'curl -sSL https://s3.amazonaws.com/nyc-tlc/trip+data/green_tripdata_2021-03.parquet > /opt/***/output_green_taxi_2021-03.parquet']
[2022-06-13 13:30:16,733] {subprocess.py:85} INFO - Output:
[2022-06-13 13:30:18,371] {subprocess.py:96} INFO - Command exited with return code 0
[2022-06-13 13:30:18,444] {taskinstance.py:1401} INFO - Marking task as SUCCESS. dag_id=green_taxi_ingestion_gcs_dag, task_id=download_dataset_task, execution_date=20210301T060000, start_date=20220613T133016, end_date=20220613T133018
[2022-06-13 13:30:18,490] {local_task_job.py:156} INFO - Task exited with return code 0
[2022-06-13 13:30:18,536] {local_task_job.py:273} INFO - 1 downstream tasks scheduled from follow-on schedule check
