[2022-06-13 13:18:40,445] {taskinstance.py:1160} INFO - Dependencies all met for <TaskInstance: green_taxi_ingestion_gcs_dag.download_dataset_task scheduled__2021-11-01T06:00:00+00:00 [queued]>
[2022-06-13 13:18:40,460] {taskinstance.py:1160} INFO - Dependencies all met for <TaskInstance: green_taxi_ingestion_gcs_dag.download_dataset_task scheduled__2021-11-01T06:00:00+00:00 [queued]>
[2022-06-13 13:18:40,462] {taskinstance.py:1357} INFO - 
--------------------------------------------------------------------------------
[2022-06-13 13:18:40,464] {taskinstance.py:1358} INFO - Starting attempt 1 of 1
[2022-06-13 13:18:40,465] {taskinstance.py:1359} INFO - 
--------------------------------------------------------------------------------
[2022-06-13 13:18:40,485] {taskinstance.py:1378} INFO - Executing <Task(BashOperator): download_dataset_task> on 2021-11-01 06:00:00+00:00
[2022-06-13 13:18:40,494] {standard_task_runner.py:52} INFO - Started process 556 to run task
[2022-06-13 13:18:40,506] {standard_task_runner.py:79} INFO - Running: ['***', 'tasks', 'run', 'green_taxi_ingestion_gcs_dag', 'download_dataset_task', 'scheduled__2021-11-01T06:00:00+00:00', '--job-id', '743', '--raw', '--subdir', 'DAGS_FOLDER/green_taxi_ingestion.py', '--cfg-path', '/tmp/tmp4oxyzd89', '--error-file', '/tmp/tmp3nlh_i8h']
[2022-06-13 13:18:40,509] {standard_task_runner.py:80} INFO - Job 743: Subtask download_dataset_task
[2022-06-13 13:18:40,584] {task_command.py:370} INFO - Running <TaskInstance: green_taxi_ingestion_gcs_dag.download_dataset_task scheduled__2021-11-01T06:00:00+00:00 [running]> on host 0825143a1170
[2022-06-13 13:18:40,637] {warnings.py:110} WARNING - /home/***/.local/lib/python3.7/site-packages/***/utils/context.py:202: AirflowContextDeprecationWarning: Accessing 'execution_date' from the template is deprecated and will be removed in a future version. Please use 'data_interval_start' or 'logical_date' instead.
  warnings.warn(_create_deprecation_warning(key, self._deprecation_replacements[key]))

[2022-06-13 13:18:40,709] {taskinstance.py:1572} INFO - Exporting the following env vars:
AIRFLOW_CTX_DAG_OWNER=***
AIRFLOW_CTX_DAG_ID=green_taxi_ingestion_gcs_dag
AIRFLOW_CTX_TASK_ID=download_dataset_task
AIRFLOW_CTX_EXECUTION_DATE=2021-11-01T06:00:00+00:00
AIRFLOW_CTX_TRY_NUMBER=1
AIRFLOW_CTX_DAG_RUN_ID=scheduled__2021-11-01T06:00:00+00:00
[2022-06-13 13:18:40,711] {subprocess.py:62} INFO - Tmp dir root location: 
 /tmp
[2022-06-13 13:18:40,716] {subprocess.py:74} INFO - Running command: ['bash', '-c', 'curl -sSL https://s3.amazonaws.com/nyc-tlc/trip+data/green_tripdata_2021-11.parquet > /opt/***/output_green_taxi_2021-11.parquet']
[2022-06-13 13:18:40,751] {subprocess.py:85} INFO - Output:
[2022-06-13 13:18:49,481] {subprocess.py:96} INFO - Command exited with return code 0
[2022-06-13 13:18:49,548] {taskinstance.py:1401} INFO - Marking task as SUCCESS. dag_id=green_taxi_ingestion_gcs_dag, task_id=download_dataset_task, execution_date=20211101T060000, start_date=20220613T131840, end_date=20220613T131849
[2022-06-13 13:18:49,595] {local_task_job.py:156} INFO - Task exited with return code 0
[2022-06-13 13:18:49,627] {local_task_job.py:273} INFO - 1 downstream tasks scheduled from follow-on schedule check
[2022-06-13 13:30:34,891] {taskinstance.py:1160} INFO - Dependencies all met for <TaskInstance: green_taxi_ingestion_gcs_dag.download_dataset_task scheduled__2021-11-01T06:00:00+00:00 [queued]>
[2022-06-13 13:30:34,940] {taskinstance.py:1160} INFO - Dependencies all met for <TaskInstance: green_taxi_ingestion_gcs_dag.download_dataset_task scheduled__2021-11-01T06:00:00+00:00 [queued]>
[2022-06-13 13:30:34,950] {taskinstance.py:1357} INFO - 
--------------------------------------------------------------------------------
[2022-06-13 13:30:34,956] {taskinstance.py:1358} INFO - Starting attempt 1 of 1
[2022-06-13 13:30:34,961] {taskinstance.py:1359} INFO - 
--------------------------------------------------------------------------------
[2022-06-13 13:30:35,015] {taskinstance.py:1378} INFO - Executing <Task(BashOperator): download_dataset_task> on 2021-11-01 06:00:00+00:00
[2022-06-13 13:30:35,046] {standard_task_runner.py:52} INFO - Started process 1617 to run task
[2022-06-13 13:30:35,058] {standard_task_runner.py:79} INFO - Running: ['***', 'tasks', 'run', 'green_taxi_ingestion_gcs_dag', 'download_dataset_task', 'scheduled__2021-11-01T06:00:00+00:00', '--job-id', '840', '--raw', '--subdir', 'DAGS_FOLDER/green_taxi_ingestion.py', '--cfg-path', '/tmp/tmpl3uc4k7y', '--error-file', '/tmp/tmp5nft45q6']
[2022-06-13 13:30:35,062] {standard_task_runner.py:80} INFO - Job 840: Subtask download_dataset_task
[2022-06-13 13:30:35,293] {task_command.py:370} INFO - Running <TaskInstance: green_taxi_ingestion_gcs_dag.download_dataset_task scheduled__2021-11-01T06:00:00+00:00 [running]> on host 0825143a1170
[2022-06-13 13:30:35,445] {warnings.py:110} WARNING - /home/***/.local/lib/python3.7/site-packages/***/utils/context.py:202: AirflowContextDeprecationWarning: Accessing 'execution_date' from the template is deprecated and will be removed in a future version. Please use 'data_interval_start' or 'logical_date' instead.
  warnings.warn(_create_deprecation_warning(key, self._deprecation_replacements[key]))

[2022-06-13 13:30:35,516] {taskinstance.py:1572} INFO - Exporting the following env vars:
AIRFLOW_CTX_DAG_OWNER=***
AIRFLOW_CTX_DAG_ID=green_taxi_ingestion_gcs_dag
AIRFLOW_CTX_TASK_ID=download_dataset_task
AIRFLOW_CTX_EXECUTION_DATE=2021-11-01T06:00:00+00:00
AIRFLOW_CTX_TRY_NUMBER=1
AIRFLOW_CTX_DAG_RUN_ID=scheduled__2021-11-01T06:00:00+00:00
[2022-06-13 13:30:35,521] {subprocess.py:62} INFO - Tmp dir root location: 
 /tmp
[2022-06-13 13:30:35,523] {subprocess.py:74} INFO - Running command: ['bash', '-c', 'curl -sSL https://s3.amazonaws.com/nyc-tlc/trip+data/green_tripdata_2021-11.parquet > /opt/***/output_green_taxi_2021-11.parquet']
[2022-06-13 13:30:35,548] {subprocess.py:85} INFO - Output:
[2022-06-13 13:30:37,099] {subprocess.py:96} INFO - Command exited with return code 0
[2022-06-13 13:30:37,180] {taskinstance.py:1401} INFO - Marking task as SUCCESS. dag_id=green_taxi_ingestion_gcs_dag, task_id=download_dataset_task, execution_date=20211101T060000, start_date=20220613T133034, end_date=20220613T133037
[2022-06-13 13:30:37,231] {local_task_job.py:156} INFO - Task exited with return code 0
[2022-06-13 13:30:37,284] {local_task_job.py:273} INFO - 1 downstream tasks scheduled from follow-on schedule check
