[2022-06-13 13:17:29,748] {taskinstance.py:1160} INFO - Dependencies all met for <TaskInstance: green_taxi_ingestion_gcs_dag.local_to_gcs_task scheduled__2019-03-01T06:00:00+00:00 [queued]>
[2022-06-13 13:17:29,764] {taskinstance.py:1160} INFO - Dependencies all met for <TaskInstance: green_taxi_ingestion_gcs_dag.local_to_gcs_task scheduled__2019-03-01T06:00:00+00:00 [queued]>
[2022-06-13 13:17:29,765] {taskinstance.py:1357} INFO - 
--------------------------------------------------------------------------------
[2022-06-13 13:17:29,766] {taskinstance.py:1358} INFO - Starting attempt 1 of 1
[2022-06-13 13:17:29,767] {taskinstance.py:1359} INFO - 
--------------------------------------------------------------------------------
[2022-06-13 13:17:29,783] {taskinstance.py:1378} INFO - Executing <Task(PythonOperator): local_to_gcs_task> on 2019-03-01 06:00:00+00:00
[2022-06-13 13:17:29,801] {standard_task_runner.py:52} INFO - Started process 233 to run task
[2022-06-13 13:17:29,812] {standard_task_runner.py:79} INFO - Running: ['***', 'tasks', 'run', 'green_taxi_ingestion_gcs_dag', 'local_to_gcs_task', 'scheduled__2019-03-01T06:00:00+00:00', '--job-id', '684', '--raw', '--subdir', 'DAGS_FOLDER/green_taxi_ingestion.py', '--cfg-path', '/tmp/tmp8xklhuy2', '--error-file', '/tmp/tmpziaymdo7']
[2022-06-13 13:17:29,814] {standard_task_runner.py:80} INFO - Job 684: Subtask local_to_gcs_task
[2022-06-13 13:17:29,897] {task_command.py:370} INFO - Running <TaskInstance: green_taxi_ingestion_gcs_dag.local_to_gcs_task scheduled__2019-03-01T06:00:00+00:00 [running]> on host 0825143a1170
[2022-06-13 13:17:29,935] {warnings.py:110} WARNING - /home/***/.local/lib/python3.7/site-packages/***/utils/context.py:202: AirflowContextDeprecationWarning: Accessing 'execution_date' from the template is deprecated and will be removed in a future version. Please use 'data_interval_start' or 'logical_date' instead.
  warnings.warn(_create_deprecation_warning(key, self._deprecation_replacements[key]))

[2022-06-13 13:17:29,967] {taskinstance.py:1572} INFO - Exporting the following env vars:
AIRFLOW_CTX_DAG_OWNER=***
AIRFLOW_CTX_DAG_ID=green_taxi_ingestion_gcs_dag
AIRFLOW_CTX_TASK_ID=local_to_gcs_task
AIRFLOW_CTX_EXECUTION_DATE=2019-03-01T06:00:00+00:00
AIRFLOW_CTX_TRY_NUMBER=1
AIRFLOW_CTX_DAG_RUN_ID=scheduled__2019-03-01T06:00:00+00:00
[2022-06-13 13:17:32,013] {python.py:173} INFO - Done. Returned value was: None
[2022-06-13 13:17:32,111] {taskinstance.py:1401} INFO - Marking task as SUCCESS. dag_id=green_taxi_ingestion_gcs_dag, task_id=local_to_gcs_task, execution_date=20190301T060000, start_date=20220613T131729, end_date=20220613T131732
[2022-06-13 13:17:32,244] {local_task_job.py:156} INFO - Task exited with return code 0
[2022-06-13 13:17:32,344] {local_task_job.py:273} INFO - 0 downstream tasks scheduled from follow-on schedule check
[2022-06-13 13:29:20,373] {taskinstance.py:1160} INFO - Dependencies all met for <TaskInstance: green_taxi_ingestion_gcs_dag.local_to_gcs_task scheduled__2019-03-01T06:00:00+00:00 [queued]>
[2022-06-13 13:29:20,420] {taskinstance.py:1160} INFO - Dependencies all met for <TaskInstance: green_taxi_ingestion_gcs_dag.local_to_gcs_task scheduled__2019-03-01T06:00:00+00:00 [queued]>
[2022-06-13 13:29:20,424] {taskinstance.py:1357} INFO - 
--------------------------------------------------------------------------------
[2022-06-13 13:29:20,427] {taskinstance.py:1358} INFO - Starting attempt 1 of 1
[2022-06-13 13:29:20,431] {taskinstance.py:1359} INFO - 
--------------------------------------------------------------------------------
[2022-06-13 13:29:20,475] {taskinstance.py:1378} INFO - Executing <Task(PythonOperator): local_to_gcs_task> on 2019-03-01 06:00:00+00:00
[2022-06-13 13:29:20,600] {standard_task_runner.py:52} INFO - Started process 1284 to run task
[2022-06-13 13:29:20,617] {standard_task_runner.py:79} INFO - Running: ['***', 'tasks', 'run', 'green_taxi_ingestion_gcs_dag', 'local_to_gcs_task', 'scheduled__2019-03-01T06:00:00+00:00', '--job-id', '780', '--raw', '--subdir', 'DAGS_FOLDER/green_taxi_ingestion.py', '--cfg-path', '/tmp/tmpabe374vi', '--error-file', '/tmp/tmplsnoot84']
[2022-06-13 13:29:20,669] {standard_task_runner.py:80} INFO - Job 780: Subtask local_to_gcs_task
[2022-06-13 13:29:21,228] {task_command.py:370} INFO - Running <TaskInstance: green_taxi_ingestion_gcs_dag.local_to_gcs_task scheduled__2019-03-01T06:00:00+00:00 [running]> on host 0825143a1170
[2022-06-13 13:29:21,737] {warnings.py:110} WARNING - /home/***/.local/lib/python3.7/site-packages/***/utils/context.py:202: AirflowContextDeprecationWarning: Accessing 'execution_date' from the template is deprecated and will be removed in a future version. Please use 'data_interval_start' or 'logical_date' instead.
  warnings.warn(_create_deprecation_warning(key, self._deprecation_replacements[key]))

[2022-06-13 13:29:21,872] {taskinstance.py:1572} INFO - Exporting the following env vars:
AIRFLOW_CTX_DAG_OWNER=***
AIRFLOW_CTX_DAG_ID=green_taxi_ingestion_gcs_dag
AIRFLOW_CTX_TASK_ID=local_to_gcs_task
AIRFLOW_CTX_EXECUTION_DATE=2019-03-01T06:00:00+00:00
AIRFLOW_CTX_TRY_NUMBER=1
AIRFLOW_CTX_DAG_RUN_ID=scheduled__2019-03-01T06:00:00+00:00
[2022-06-13 13:29:24,277] {python.py:173} INFO - Done. Returned value was: None
[2022-06-13 13:29:24,313] {taskinstance.py:1401} INFO - Marking task as SUCCESS. dag_id=green_taxi_ingestion_gcs_dag, task_id=local_to_gcs_task, execution_date=20190301T060000, start_date=20220613T132920, end_date=20220613T132924
[2022-06-13 13:29:24,418] {local_task_job.py:156} INFO - Task exited with return code 0
[2022-06-13 13:29:24,491] {local_task_job.py:273} INFO - 0 downstream tasks scheduled from follow-on schedule check
