[2022-06-13 13:18:09,648] {taskinstance.py:1160} INFO - Dependencies all met for <TaskInstance: green_taxi_ingestion_gcs_dag.local_to_gcs_task scheduled__2020-03-01T06:00:00+00:00 [queued]>
[2022-06-13 13:18:09,660] {taskinstance.py:1160} INFO - Dependencies all met for <TaskInstance: green_taxi_ingestion_gcs_dag.local_to_gcs_task scheduled__2020-03-01T06:00:00+00:00 [queued]>
[2022-06-13 13:18:09,662] {taskinstance.py:1357} INFO - 
--------------------------------------------------------------------------------
[2022-06-13 13:18:09,663] {taskinstance.py:1358} INFO - Starting attempt 1 of 1
[2022-06-13 13:18:09,665] {taskinstance.py:1359} INFO - 
--------------------------------------------------------------------------------
[2022-06-13 13:18:09,681] {taskinstance.py:1378} INFO - Executing <Task(PythonOperator): local_to_gcs_task> on 2020-03-01 06:00:00+00:00
[2022-06-13 13:18:09,690] {standard_task_runner.py:52} INFO - Started process 402 to run task
[2022-06-13 13:18:09,695] {standard_task_runner.py:79} INFO - Running: ['***', 'tasks', 'run', 'green_taxi_ingestion_gcs_dag', 'local_to_gcs_task', 'scheduled__2020-03-01T06:00:00+00:00', '--job-id', '713', '--raw', '--subdir', 'DAGS_FOLDER/green_taxi_ingestion.py', '--cfg-path', '/tmp/tmpw78jyztf', '--error-file', '/tmp/tmp14lg0vul']
[2022-06-13 13:18:09,699] {standard_task_runner.py:80} INFO - Job 713: Subtask local_to_gcs_task
[2022-06-13 13:18:09,851] {task_command.py:370} INFO - Running <TaskInstance: green_taxi_ingestion_gcs_dag.local_to_gcs_task scheduled__2020-03-01T06:00:00+00:00 [running]> on host 0825143a1170
[2022-06-13 13:18:09,911] {warnings.py:110} WARNING - /home/***/.local/lib/python3.7/site-packages/***/utils/context.py:202: AirflowContextDeprecationWarning: Accessing 'execution_date' from the template is deprecated and will be removed in a future version. Please use 'data_interval_start' or 'logical_date' instead.
  warnings.warn(_create_deprecation_warning(key, self._deprecation_replacements[key]))

[2022-06-13 13:18:09,945] {taskinstance.py:1572} INFO - Exporting the following env vars:
AIRFLOW_CTX_DAG_OWNER=***
AIRFLOW_CTX_DAG_ID=green_taxi_ingestion_gcs_dag
AIRFLOW_CTX_TASK_ID=local_to_gcs_task
AIRFLOW_CTX_EXECUTION_DATE=2020-03-01T06:00:00+00:00
AIRFLOW_CTX_TRY_NUMBER=1
AIRFLOW_CTX_DAG_RUN_ID=scheduled__2020-03-01T06:00:00+00:00
[2022-06-13 13:18:10,597] {python.py:173} INFO - Done. Returned value was: None
[2022-06-13 13:18:10,657] {taskinstance.py:1401} INFO - Marking task as SUCCESS. dag_id=green_taxi_ingestion_gcs_dag, task_id=local_to_gcs_task, execution_date=20200301T060000, start_date=20220613T131809, end_date=20220613T131810
[2022-06-13 13:18:10,868] {local_task_job.py:156} INFO - Task exited with return code 0
[2022-06-13 13:18:10,947] {local_task_job.py:273} INFO - 0 downstream tasks scheduled from follow-on schedule check
[2022-06-13 13:29:54,307] {taskinstance.py:1160} INFO - Dependencies all met for <TaskInstance: green_taxi_ingestion_gcs_dag.local_to_gcs_task scheduled__2020-03-01T06:00:00+00:00 [queued]>
[2022-06-13 13:29:54,322] {taskinstance.py:1160} INFO - Dependencies all met for <TaskInstance: green_taxi_ingestion_gcs_dag.local_to_gcs_task scheduled__2020-03-01T06:00:00+00:00 [queued]>
[2022-06-13 13:29:54,331] {taskinstance.py:1357} INFO - 
--------------------------------------------------------------------------------
[2022-06-13 13:29:54,334] {taskinstance.py:1358} INFO - Starting attempt 1 of 1
[2022-06-13 13:29:54,339] {taskinstance.py:1359} INFO - 
--------------------------------------------------------------------------------
[2022-06-13 13:29:54,364] {taskinstance.py:1378} INFO - Executing <Task(PythonOperator): local_to_gcs_task> on 2020-03-01 06:00:00+00:00
[2022-06-13 13:29:54,372] {standard_task_runner.py:52} INFO - Started process 1429 to run task
[2022-06-13 13:29:54,377] {standard_task_runner.py:79} INFO - Running: ['***', 'tasks', 'run', 'green_taxi_ingestion_gcs_dag', 'local_to_gcs_task', 'scheduled__2020-03-01T06:00:00+00:00', '--job-id', '806', '--raw', '--subdir', 'DAGS_FOLDER/green_taxi_ingestion.py', '--cfg-path', '/tmp/tmpq931acet', '--error-file', '/tmp/tmpio_52r7w']
[2022-06-13 13:29:54,383] {standard_task_runner.py:80} INFO - Job 806: Subtask local_to_gcs_task
[2022-06-13 13:29:54,495] {task_command.py:370} INFO - Running <TaskInstance: green_taxi_ingestion_gcs_dag.local_to_gcs_task scheduled__2020-03-01T06:00:00+00:00 [running]> on host 0825143a1170
[2022-06-13 13:29:54,548] {warnings.py:110} WARNING - /home/***/.local/lib/python3.7/site-packages/***/utils/context.py:202: AirflowContextDeprecationWarning: Accessing 'execution_date' from the template is deprecated and will be removed in a future version. Please use 'data_interval_start' or 'logical_date' instead.
  warnings.warn(_create_deprecation_warning(key, self._deprecation_replacements[key]))

[2022-06-13 13:29:54,584] {taskinstance.py:1572} INFO - Exporting the following env vars:
AIRFLOW_CTX_DAG_OWNER=***
AIRFLOW_CTX_DAG_ID=green_taxi_ingestion_gcs_dag
AIRFLOW_CTX_TASK_ID=local_to_gcs_task
AIRFLOW_CTX_EXECUTION_DATE=2020-03-01T06:00:00+00:00
AIRFLOW_CTX_TRY_NUMBER=1
AIRFLOW_CTX_DAG_RUN_ID=scheduled__2020-03-01T06:00:00+00:00
[2022-06-13 13:29:55,233] {python.py:173} INFO - Done. Returned value was: None
[2022-06-13 13:29:55,292] {taskinstance.py:1401} INFO - Marking task as SUCCESS. dag_id=green_taxi_ingestion_gcs_dag, task_id=local_to_gcs_task, execution_date=20200301T060000, start_date=20220613T132954, end_date=20220613T132955
[2022-06-13 13:29:55,336] {local_task_job.py:156} INFO - Task exited with return code 0
[2022-06-13 13:29:55,400] {local_task_job.py:273} INFO - 0 downstream tasks scheduled from follow-on schedule check
