[2022-07-18 23:27:03,678] {taskinstance.py:1160} INFO - Dependencies all met for <TaskInstance: local_to_gcs.format_to_parquet_task scheduled__2010-01-10T06:00:00+00:00 [queued]>
[2022-07-18 23:27:03,688] {taskinstance.py:1160} INFO - Dependencies all met for <TaskInstance: local_to_gcs.format_to_parquet_task scheduled__2010-01-10T06:00:00+00:00 [queued]>
[2022-07-18 23:27:03,690] {taskinstance.py:1357} INFO - 
--------------------------------------------------------------------------------
[2022-07-18 23:27:03,691] {taskinstance.py:1358} INFO - Starting attempt 1 of 1
[2022-07-18 23:27:03,693] {taskinstance.py:1359} INFO - 
--------------------------------------------------------------------------------
[2022-07-18 23:27:03,705] {taskinstance.py:1378} INFO - Executing <Task(PythonOperator): format_to_parquet_task> on 2010-01-10 06:00:00+00:00
[2022-07-18 23:27:03,712] {standard_task_runner.py:52} INFO - Started process 39304 to run task
[2022-07-18 23:27:03,718] {standard_task_runner.py:79} INFO - Running: ['***', 'tasks', 'run', 'local_to_gcs', 'format_to_parquet_task', 'scheduled__2010-01-10T06:00:00+00:00', '--job-id', '54', '--raw', '--subdir', 'DAGS_FOLDER/local_to_gcs.py', '--cfg-path', '/tmp/tmpbyvy4tjm', '--error-file', '/tmp/tmpivq5wl8o']
[2022-07-18 23:27:03,720] {standard_task_runner.py:80} INFO - Job 54: Subtask format_to_parquet_task
[2022-07-18 23:27:03,786] {task_command.py:370} INFO - Running <TaskInstance: local_to_gcs.format_to_parquet_task scheduled__2010-01-10T06:00:00+00:00 [running]> on host 32d1f26135d5
[2022-07-18 23:27:03,864] {taskinstance.py:1572} INFO - Exporting the following env vars:
AIRFLOW_CTX_DAG_OWNER=***
AIRFLOW_CTX_DAG_ID=local_to_gcs
AIRFLOW_CTX_TASK_ID=format_to_parquet_task
AIRFLOW_CTX_EXECUTION_DATE=2010-01-10T06:00:00+00:00
AIRFLOW_CTX_TRY_NUMBER=1
AIRFLOW_CTX_DAG_RUN_ID=scheduled__2010-01-10T06:00:00+00:00
[2022-07-18 23:27:25,958] {python.py:173} INFO - Done. Returned value was: None
[2022-07-18 23:27:26,032] {taskinstance.py:1401} INFO - Marking task as SUCCESS. dag_id=local_to_gcs, task_id=format_to_parquet_task, execution_date=20100110T060000, start_date=20220718T232703, end_date=20220718T232726
[2022-07-18 23:27:27,313] {local_task_job.py:156} INFO - Task exited with return code 0
[2022-07-18 23:27:27,382] {local_task_job.py:273} INFO - 0 downstream tasks scheduled from follow-on schedule check
