[2022-06-13 13:17:54,208] {taskinstance.py:1160} INFO - Dependencies all met for <TaskInstance: green_taxi_ingestion_gcs_dag.download_dataset_task scheduled__2020-02-01T06:00:00+00:00 [queued]>
[2022-06-13 13:17:54,246] {taskinstance.py:1160} INFO - Dependencies all met for <TaskInstance: green_taxi_ingestion_gcs_dag.download_dataset_task scheduled__2020-02-01T06:00:00+00:00 [queued]>
[2022-06-13 13:17:54,248] {taskinstance.py:1357} INFO - 
--------------------------------------------------------------------------------
[2022-06-13 13:17:54,250] {taskinstance.py:1358} INFO - Starting attempt 1 of 1
[2022-06-13 13:17:54,252] {taskinstance.py:1359} INFO - 
--------------------------------------------------------------------------------
[2022-06-13 13:17:54,269] {taskinstance.py:1378} INFO - Executing <Task(BashOperator): download_dataset_task> on 2020-02-01 06:00:00+00:00
[2022-06-13 13:17:54,280] {standard_task_runner.py:52} INFO - Started process 328 to run task
[2022-06-13 13:17:54,284] {standard_task_runner.py:79} INFO - Running: ['***', 'tasks', 'run', 'green_taxi_ingestion_gcs_dag', 'download_dataset_task', 'scheduled__2020-02-01T06:00:00+00:00', '--job-id', '702', '--raw', '--subdir', 'DAGS_FOLDER/green_taxi_ingestion.py', '--cfg-path', '/tmp/tmp4accd8cu', '--error-file', '/tmp/tmppfcqm9q_']
[2022-06-13 13:17:54,286] {standard_task_runner.py:80} INFO - Job 702: Subtask download_dataset_task
[2022-06-13 13:17:54,344] {task_command.py:370} INFO - Running <TaskInstance: green_taxi_ingestion_gcs_dag.download_dataset_task scheduled__2020-02-01T06:00:00+00:00 [running]> on host 0825143a1170
[2022-06-13 13:17:54,386] {warnings.py:110} WARNING - /home/***/.local/lib/python3.7/site-packages/***/utils/context.py:202: AirflowContextDeprecationWarning: Accessing 'execution_date' from the template is deprecated and will be removed in a future version. Please use 'data_interval_start' or 'logical_date' instead.
  warnings.warn(_create_deprecation_warning(key, self._deprecation_replacements[key]))

[2022-06-13 13:17:54,415] {taskinstance.py:1572} INFO - Exporting the following env vars:
AIRFLOW_CTX_DAG_OWNER=***
AIRFLOW_CTX_DAG_ID=green_taxi_ingestion_gcs_dag
AIRFLOW_CTX_TASK_ID=download_dataset_task
AIRFLOW_CTX_EXECUTION_DATE=2020-02-01T06:00:00+00:00
AIRFLOW_CTX_TRY_NUMBER=1
AIRFLOW_CTX_DAG_RUN_ID=scheduled__2020-02-01T06:00:00+00:00
[2022-06-13 13:17:54,416] {subprocess.py:62} INFO - Tmp dir root location: 
 /tmp
[2022-06-13 13:17:54,418] {subprocess.py:74} INFO - Running command: ['bash', '-c', 'curl -sSL https://s3.amazonaws.com/nyc-tlc/trip+data/green_tripdata_2020-02.parquet > /opt/***/output_green_taxi_2020-02.parquet']
[2022-06-13 13:17:54,438] {subprocess.py:85} INFO - Output:
[2022-06-13 13:17:56,392] {subprocess.py:96} INFO - Command exited with return code 0
[2022-06-13 13:17:56,446] {taskinstance.py:1401} INFO - Marking task as SUCCESS. dag_id=green_taxi_ingestion_gcs_dag, task_id=download_dataset_task, execution_date=20200201T060000, start_date=20220613T131754, end_date=20220613T131756
[2022-06-13 13:17:56,491] {local_task_job.py:156} INFO - Task exited with return code 0
[2022-06-13 13:17:56,535] {local_task_job.py:273} INFO - 1 downstream tasks scheduled from follow-on schedule check
[2022-06-13 13:29:43,994] {taskinstance.py:1160} INFO - Dependencies all met for <TaskInstance: green_taxi_ingestion_gcs_dag.download_dataset_task scheduled__2020-02-01T06:00:00+00:00 [queued]>
[2022-06-13 13:29:44,005] {taskinstance.py:1160} INFO - Dependencies all met for <TaskInstance: green_taxi_ingestion_gcs_dag.download_dataset_task scheduled__2020-02-01T06:00:00+00:00 [queued]>
[2022-06-13 13:29:44,007] {taskinstance.py:1357} INFO - 
--------------------------------------------------------------------------------
[2022-06-13 13:29:44,009] {taskinstance.py:1358} INFO - Starting attempt 1 of 1
[2022-06-13 13:29:44,010] {taskinstance.py:1359} INFO - 
--------------------------------------------------------------------------------
[2022-06-13 13:29:44,023] {taskinstance.py:1378} INFO - Executing <Task(BashOperator): download_dataset_task> on 2020-02-01 06:00:00+00:00
[2022-06-13 13:29:44,037] {standard_task_runner.py:52} INFO - Started process 1374 to run task
[2022-06-13 13:29:44,046] {standard_task_runner.py:79} INFO - Running: ['***', 'tasks', 'run', 'green_taxi_ingestion_gcs_dag', 'download_dataset_task', 'scheduled__2020-02-01T06:00:00+00:00', '--job-id', '797', '--raw', '--subdir', 'DAGS_FOLDER/green_taxi_ingestion.py', '--cfg-path', '/tmp/tmp1to4ik1a', '--error-file', '/tmp/tmpy43sjhil']
[2022-06-13 13:29:44,052] {standard_task_runner.py:80} INFO - Job 797: Subtask download_dataset_task
[2022-06-13 13:29:44,121] {task_command.py:370} INFO - Running <TaskInstance: green_taxi_ingestion_gcs_dag.download_dataset_task scheduled__2020-02-01T06:00:00+00:00 [running]> on host 0825143a1170
[2022-06-13 13:29:44,168] {warnings.py:110} WARNING - /home/***/.local/lib/python3.7/site-packages/***/utils/context.py:202: AirflowContextDeprecationWarning: Accessing 'execution_date' from the template is deprecated and will be removed in a future version. Please use 'data_interval_start' or 'logical_date' instead.
  warnings.warn(_create_deprecation_warning(key, self._deprecation_replacements[key]))

[2022-06-13 13:29:44,214] {taskinstance.py:1572} INFO - Exporting the following env vars:
AIRFLOW_CTX_DAG_OWNER=***
AIRFLOW_CTX_DAG_ID=green_taxi_ingestion_gcs_dag
AIRFLOW_CTX_TASK_ID=download_dataset_task
AIRFLOW_CTX_EXECUTION_DATE=2020-02-01T06:00:00+00:00
AIRFLOW_CTX_TRY_NUMBER=1
AIRFLOW_CTX_DAG_RUN_ID=scheduled__2020-02-01T06:00:00+00:00
[2022-06-13 13:29:44,217] {subprocess.py:62} INFO - Tmp dir root location: 
 /tmp
[2022-06-13 13:29:44,218] {subprocess.py:74} INFO - Running command: ['bash', '-c', 'curl -sSL https://s3.amazonaws.com/nyc-tlc/trip+data/green_tripdata_2020-02.parquet > /opt/***/output_green_taxi_2020-02.parquet']
[2022-06-13 13:29:44,238] {subprocess.py:85} INFO - Output:
[2022-06-13 13:29:46,284] {subprocess.py:96} INFO - Command exited with return code 0
[2022-06-13 13:29:46,388] {taskinstance.py:1401} INFO - Marking task as SUCCESS. dag_id=green_taxi_ingestion_gcs_dag, task_id=download_dataset_task, execution_date=20200201T060000, start_date=20220613T132943, end_date=20220613T132946
[2022-06-13 13:29:46,456] {local_task_job.py:156} INFO - Task exited with return code 0
[2022-06-13 13:29:46,527] {local_task_job.py:273} INFO - 1 downstream tasks scheduled from follow-on schedule check
