[2022-06-06 00:46:01,650] {taskinstance.py:1160} INFO - Dependencies all met for <TaskInstance: gcs_2_bq_dag.bq_create_yellow_taxi_tripdata_partitioned_table_task scheduled__2022-06-05T00:00:00+00:00 [queued]>
[2022-06-06 00:46:01,742] {taskinstance.py:1160} INFO - Dependencies all met for <TaskInstance: gcs_2_bq_dag.bq_create_yellow_taxi_tripdata_partitioned_table_task scheduled__2022-06-05T00:00:00+00:00 [queued]>
[2022-06-06 00:46:01,749] {taskinstance.py:1357} INFO - 
--------------------------------------------------------------------------------
[2022-06-06 00:46:01,755] {taskinstance.py:1358} INFO - Starting attempt 1 of 2
[2022-06-06 00:46:01,767] {taskinstance.py:1359} INFO - 
--------------------------------------------------------------------------------
[2022-06-06 00:46:01,934] {taskinstance.py:1378} INFO - Executing <Task(BigQueryInsertJobOperator): bq_create_yellow_taxi_tripdata_partitioned_table_task> on 2022-06-05 00:00:00+00:00
[2022-06-06 00:46:02,212] {standard_task_runner.py:52} INFO - Started process 22797 to run task
[2022-06-06 00:46:02,337] {standard_task_runner.py:79} INFO - Running: ['***', 'tasks', 'run', 'gcs_2_bq_dag', 'bq_create_yellow_taxi_tripdata_partitioned_table_task', 'scheduled__2022-06-05T00:00:00+00:00', '--job-id', '563', '--raw', '--subdir', 'DAGS_FOLDER/gcs_to_bq_dag.py', '--cfg-path', '/tmp/tmp37vcluds', '--error-file', '/tmp/tmppmknegkl']
[2022-06-06 00:46:02,354] {standard_task_runner.py:80} INFO - Job 563: Subtask bq_create_yellow_taxi_tripdata_partitioned_table_task
[2022-06-06 00:46:02,890] {task_command.py:370} INFO - Running <TaskInstance: gcs_2_bq_dag.bq_create_yellow_taxi_tripdata_partitioned_table_task scheduled__2022-06-05T00:00:00+00:00 [running]> on host 80b81dda36ea
[2022-06-06 00:46:03,872] {taskinstance.py:1572} INFO - Exporting the following env vars:
AIRFLOW_CTX_DAG_OWNER=***
AIRFLOW_CTX_DAG_ID=gcs_2_bq_dag
AIRFLOW_CTX_TASK_ID=bq_create_yellow_taxi_tripdata_partitioned_table_task
AIRFLOW_CTX_EXECUTION_DATE=2022-06-05T00:00:00+00:00
AIRFLOW_CTX_TRY_NUMBER=1
AIRFLOW_CTX_DAG_RUN_ID=scheduled__2022-06-05T00:00:00+00:00
[2022-06-06 00:46:03,916] {crypto.py:82} WARNING - empty cryptography key - values will not be stored encrypted.
[2022-06-06 00:46:03,919] {base.py:68} INFO - Using connection ID 'google_cloud_default' for task execution.
[2022-06-06 00:46:03,961] {warnings.py:110} WARNING - /home/***/.local/lib/python3.7/site-packages/***/utils/context.py:202: AirflowContextDeprecationWarning: Accessing 'execution_date' from the template is deprecated and will be removed in a future version. Please use 'data_interval_start' or 'logical_date' instead.
  warnings.warn(_create_deprecation_warning(key, self._deprecation_replacements[key]))

[2022-06-06 00:46:03,992] {bigquery.py:2148} INFO - Executing: {'query': {'query': 'CREATE OR REPLACE TABLE trips_data_all.yellow_taxi_tripdata                 PARTITION BY DATETIME_TRUNC(tpep_pickup_datetime, MONTH)                     AS                     SELECT *                     REPLACE(NULL AS airport_fee)                FROM trips_data_all.yellow_taxi_tripdata_external_table;', 'useLegacySql': False}}
[2022-06-06 00:46:04,054] {bigquery.py:1538} INFO - Inserting job ***_gcs_2_bq_dag_bq_create_yellow_taxi_tripdata_partitioned_table_task_2022_06_05T00_00_00_00_00_854e1425f7002bf4a81b2a4257718b87
[2022-06-06 01:24:27,884] {taskinstance.py:1401} INFO - Marking task as SUCCESS. dag_id=gcs_2_bq_dag, task_id=bq_create_yellow_taxi_tripdata_partitioned_table_task, execution_date=20220605T000000, start_date=20220606T004601, end_date=20220606T012427
[2022-06-06 01:24:28,266] {local_task_job.py:156} INFO - Task exited with return code 0
[2022-06-06 01:24:28,574] {local_task_job.py:273} INFO - 0 downstream tasks scheduled from follow-on schedule check
